ARM GAS  /tmp/ccO2f9d5.s 			page 1


   1              		.syntax unified
   2              		.cpu cortex-m4
   3              		.eabi_attribute 27, 1
   4              		.eabi_attribute 28, 1
   5              		.fpu fpv4-sp-d16
   6              		.eabi_attribute 20, 1
   7              		.eabi_attribute 21, 1
   8              		.eabi_attribute 23, 3
   9              		.eabi_attribute 24, 1
  10              		.eabi_attribute 25, 1
  11              		.eabi_attribute 26, 1
  12              		.eabi_attribute 30, 2
  13              		.eabi_attribute 34, 1
  14              		.eabi_attribute 18, 4
  15              		.thumb
  16              		.file	"board.c"
  17              		.text
  18              	.Ltext0:
  19              		.section	.gnu.lto_.profile.26a09c90cdce6940,"",%progbits
  20 0000 789C6366 		.ascii	"x\234cf```a\200\000F\006>f\000\000\223\000\032"
  20      60606061 
  20      80004606 
  20      3E660000 
  20      93001A
  21              		.text
  22              		.section	.gnu.lto_.jmpfuncs.26a09c90cdce6940,"",%progbits
  23 0000 789C6366 		.ascii	"x\234cf\300\0168\2414\023\210`\004b\000\001S\000\020"
  23      C00E38A1 
  23      34138860 
  23      04620001 
  23      530010
  24              		.text
  25              		.section	.gnu.lto_.inline.26a09c90cdce6940,"",%progbits
  26 0000 789C6366 		.ascii	"x\234cf\300\016\264\2414\023\003\003\013\017#\210b`"
  26      C00EB4A1 
  26      34130303 
  26      0B0F2388 
  26      6260
  27 0012 5B200FA2 		.ascii	"[ \017\242\030\030\271@\004\0033\023\2520\003\000,\231"
  27      1818B940 
  27      04033313 
  27      AA300300 
  27      2C99
  28 0024 01E6     		.ascii	"\001\346"
  29              		.text
  30              		.section	.gnu.lto_.pureconst.26a09c90cdce6940,"",%progbits
  31 0000 789C6366 		.ascii	"x\234cf```e\200\000&\006\011F\006\000\000\331\000$"
  31      60606065 
  31      80002606 
  31      09460600 
  31      00D90024 
  32              		.text
  33              		.section	.gnu.lto___early_init.26a09c90cdce6940,"",%progbits
  34 0000 789C6366 		.ascii	"x\234cf\300\004R@\274\010\210m\200\230\221\231\201\221"
  34      C0045240 
  34      BC08886D 
  34      80989199 
ARM GAS  /tmp/ccO2f9d5.s 			page 2


  34      8191
  35 0012 69C23906 		.ascii	"i\3029\006\206F\016&FF\020\203\201\221\241\236\211\261"
  35      86460E26 
  35      46461083 
  35      8191A19E 
  35      89B1
  36 0024 9EF125D3 		.ascii	"\236\361%\323G&\306\011\007V\317\340V_\332\320\320\360"
  36      4726C609 
  36      0756CFE0 
  36      565FDAD0 
  36      D0F0
  37 0036 61D36689 		.ascii	"a\323f\211V\211\237L\014\014\237\231 \3060.gTg\000\252"
  37      56899F4C 
  37      0C0C9F99 
  37      20C6302E 
  37      67546700 
  38 004b F9D8F2F7 		.ascii	"\371\330\362\367:7[\013P\215\000D\216q\005#\033#\220"
  38      3A375B0B 
  38      508D0044 
  38      8E710523 
  38      1B2390
  39 005e 5E2F74A0 		.ascii	"^/t\240\341\377\377\307s\336lfaf`x\002\224\002\231\377"
  39      E1FFFFC7 
  39      73DE6C66 
  39      61666078 
  39      02940299 
  40 0073 94890944 		.ascii	"\224\211\011D3\337al>\260\373\030#H1\310\224y\227\373"
  40      33DF616C 
  40      3EB0FB18 
  40      234831C8 
  40      947997FB 
  41 0087 D631D5FE 		.ascii	"\3261\325\376n\350h\340\370\311\304\370\231\011h\000"
  41      6EE868E0 
  41      F8C9C4F8 
  41      99096800 
  42 0097 E34AC65A 		.ascii	"\343J\306Z\206\237@\345\367\030\033\017\354u\003\253"
  42      869F40E5 
  42      F7181B0F 
  42      EC7503AB 
  43 00a7 640019C4 		.ascii	"d\000\031\304\0102\000h\234\225sFfR\246\177p\274\241"
  43      08320068 
  43      9C957346 
  43      6652A67F 
  43      70BCA1
  44 00ba B99E999E 		.ascii	"\271\236\231\236\201~~\261~Fb\216~R~bQJ\261~pH|p\210"
  44      817E7EB1 
  44      7E46628E 
  44      7E527E62 
  44      514AB17E 
  45 00d3 AFB1919B 		.ascii	"\257\261\221\233I\274\213g\260\263\177\230kP$DN/\231"
  45      49BC8B67 
  45      B0B37F98 
  45      6B502444 
  45      4E2F99
  46 00e6 0100A225 		.ascii	"\001\000\242%M\024"
  46      4D14
  47              		.text
ARM GAS  /tmp/ccO2f9d5.s 			page 3


  48              		.section	.gnu.lto_boardInit.26a09c90cdce6940,"",%progbits
  49 0000 789C6366 		.ascii	"x\234cf\300\004R@\\\002\3046@\314\310\314\300\3104\341"
  49      C0045240 
  49      5C02C436 
  49      40CCC8CC 
  49      C0C834E1 
  50 0014 1C034323 		.ascii	"\034\003C#\007\023##\210\301\300\310P\317\304X\317\370"
  50      07132323 
  50      88C1C0C8 
  50      50CFC458 
  50      CFF8
  51 0026 92E92313 		.ascii	"\222\351#\023\343\204\003\253gp\253/mhh\370\320tQ\242"
  51      E38403AB 
  51      6770AB2F 
  51      6D6868F8 
  51      D07451A2 
  52 003a 55E22713 		.ascii	"U\342'\023\003\303g&\2101\214\313\031\325\031\200j>"
  52      03C36726 
  52      88318CCB 
  52      19D51980 
  52      6A3E
  53 004c B6FCBDCE 		.ascii	"\266\374\275\316\315\326\002T#\000\221c\\\301\310\306"
  53      CDD60254 
  53      23009163 
  53      5CC1C8C6 
  54 005c 08A4D70B 		.ascii	"\010\244\327\013\035h\370\377\177\361\3649\027Y\200"
  54      1D68F8FF 
  54      7FF1F439 
  54      175980
  55 006b C24F8018 		.ascii	"\302O\200\030d\376S&&\020\315|\217\221\021\244\020d"
  55      64FE5326 
  55      2610CD7C 
  55      8F9111A4 
  55      1064
  56 007d D2132646 		.ascii	"\322\023&F\220\020P\201\225sFfR\246\177p\274\241\271"
  56      90105081 
  56      95734666 
  56      52A67F70 
  56      BCA1B9
  57 0090 9E999E81 		.ascii	"\236\231\236\201~~\261~Fb\216~R~bQJ\261~pH|p\210\257"
  57      7E7EB17E 
  57      46628E7E 
  57      527E6251 
  57      4AB17E70 
  58 00a9 B1919B49 		.ascii	"\261\221\233I\274\213g\260\263\177\230kP$DN/\231\001"
  58      BC8B67B0 
  58      B37F986B 
  58      5024444E 
  58      2F9901
  59 00bc 006A573B 		.ascii	"\000jW;\005"
  59      05
  60              		.text
  61              		.section	.gnu.lto_.symbol_nodes.26a09c90cdce6940,"",%progbits
  62 0000 789C6366 		.ascii	"x\234cf``pa\200\002\246iL\365\014\014\023\31610\324"
  62      60607061 
  62      8002A669 
  62      4CF50C0C 
ARM GAS  /tmp/ccO2f9d5.s 			page 4


  62      13CE3130 
  63 0015 D733CC5B 		.ascii	"\3273\314[\300\301\3004\235\251\236\021Y\200u*\023\303"
  63      C0C1C034 
  63      9DA99E11 
  63      5980752A 
  63      13C3
  64 0027 42A022C6 		.ascii	"B\240\"\306\031L\365L\020\011\206\206\006\016\006f "
  64      194CF54C 
  64      10098686 
  64      060E0666 
  64      20
  65 0038 5CF2E01F 		.ascii	"\\\362\340\037#\003\000v-\022\010"
  65      23030076 
  65      2D1208
  66              		.text
  67              		.section	.gnu.lto_.refs.26a09c90cdce6940,"",%progbits
  68 0000 789C6366 		.ascii	"x\234cf```d\200\002\000\000=\000\005"
  68      60606064 
  68      80020000 
  68      3D0005
  69              		.text
  70              		.section	.gnu.lto_.decls.26a09c90cdce6940,"",%progbits
  71 0000 789CED57 		.ascii	"x\234\355W}PTU\024\177\367\335\375\200e%\223\231r\234"
  71      7D505455 
  71      147FF7DD 
  71      FD806525 
  71      9399729C 
  72 0014 26CD6698 		.ascii	"&\315f\230j\2125m\250\251\231\262\260\214\031K\312>"
  72      6A8A356D 
  72      A8A999B2 
  72      B08C194B 
  72      CA3E
  73 0026 A6E98F6D 		.ascii	"\246\351\217meW\331\011\331\235\335\245\311\377.\037"
  73      6557D909 
  73      D99DDDA5 
  73      C9FF2E1F 
  74 0036 E58AA850 		.ascii	"\345\212\250Pi\242$[\240\013\270\" !\010\361\245\350"
  74      69A2245B 
  74      A00BB822 
  74      202108F1 
  74      A5E8
  75 0048 8A601F82 		.ascii	"\212`\037\202ZQ\022\232\250I!\241\201\002\333\271\367"
  75      5A51129A 
  75      A84921A1 
  75      8102DBB9 
  75      F7
  76 0059 BEB70BAF 		.ascii	"\276\267\013\257\355\363\357\356\314\335\373\316=\277"
  76      EDF3EFEE 
  76      CCDDFBCE 
  76      3DBF
  77 0067 F3BBE79D 		.ascii	"\363\273\347\235{\356\271o\261 \010y\320\003\320\326"
  77      7BEEB96F 
  77      B1200879 
  77      D003D0D6 
  78 0077 CD100495 		.ascii	"\315\020\004\225(\010\030\344$!\324\250\354\203^\001"
  78      280818E4 
  78      2421D4A8 
ARM GAS  /tmp/ccO2f9d5.s 			page 5


  78      EC835E01 
  79 0087 BD123A82 		.ascii	"\275\022:\202>\023\011\323\232O\010\331\335\012\272"
  79      3E1309D3 
  79      9A4F08D9 
  79      DD0ABA
  80 0096 32695E94 		.ascii	"2i^\224t\225\302\037[\205\304%\257\205\2449e\273*\242"
  80      7495C21F 
  80      5B85C425 
  80      AF85A439 
  80      65BB2AA2 
  81 00aa FA8A91AE 		.ascii	"\372\212\221\256\250\213\"\212\326\315\243\342\301\367"
  81      A88B228A 
  81      D6CDA3E2 
  81      C1F7
  82 00b8 FCDB3420 		.ascii	"\374\3334 \352u**6\334\354\357V\335\276\205@\313\313"
  82      EA752A2A 
  82      36DCECEF 
  82      56DDBE85 
  82      40CBCB
  83 00cb 22335528 		.ascii	"\"3U(\3516\344EsP)\232\003\254e\350v\370}]\305\231\332"
  83      E936E445 
  83      7350299A 
  83      03AC65E8 
  83      76F87D5D 
  84 00e2 F2870711 		.ascii	"\362\207\007\021\026\021}.\336\366C\267\356\376r0s\223"
  84      16117D2E 
  84      DEF643B7 
  84      EEFE7230 
  84      7393
  85 00f4 9651145A 		.ascii	"\226Q\024Z.\347\224\367\361y;\211\247r\250\242\366]"
  85      2EE794F7 
  85      F1793B89 
  85      A772A8A2 
  85      F65D
  86 0106 5C403C99 		.ascii	"\\@<\231d2\020@\214\013\225#\214\366\240\373\231\307"
  86      64321040 
  86      8C0B9523 
  86      8CF6A0FB 
  86      99C7
  87 0118 F0CC5DF7 		.ascii	"\360\314]\367\241y`W^\264\271G\213_`\344\276\221\246"
  87      A1796057 
  87      5EB4B947 
  87      8B5F60E4 
  87      BE91A6
  88 012b 7A2D9054 		.ascii	"z-\220TVz\334\2734~\322\022\010<\301\354\367N\261\337"
  88      567ADCBB 
  88      347ED212 
  88      083CC1EC 
  88      F74EB1DF 
  89 013f 2BDB5730 		.ascii	"+\333W0{\257\367\324^5~\235\331_\312\352\033\322\200"
  89      7BAFF7D4 
  89      5E357E9D 
  89      D95FCAEA 
  89      1BD280
  90 0152 7D1F19EA 		.ascii	"}\037\031\352-\276<w[5i\313&\343\340\005b,\373\246\260"
  90      2DBE3C77 
  90      5B3569CB 
ARM GAS  /tmp/ccO2f9d5.s 			page 6


  90      26E3E005 
  90      622CFBA6 
  91 0167 EC93592A 		.ascii	"\354\223Y*\031K\343WU\227\325,X}\267P\246\321\366\235"
  91      194BE357 
  91      5597D52C 
  91      587DB750 
  91      A6D1F69D 
  92 017b 9B78B4C6 		.ascii	"\233x\264\306\031s\303h\2557\232\353\231\\\335x\361"
  92      1973C368 
  92      AD379AEB 
  92      995CDD78 
  92      F1
  93 018c DA2D4C7F 		.ascii	"\332-L\177\007\025\31765\\\320\340b\304t\315M\243Gt"
  93      0715CF36 
  93      355CD0E0 
  93      62C474CD 
  93      4DA34774 
  94 01a0 B8960BB9 		.ascii	"\270\226\013\271\356\276c:\334\314\205\214\335\015\271"
  94      EEBE633A 
  94      DCCC858C 
  94      DD0DB9
  95 01af 5AB0BA4B 		.ascii	"Z\260\272K\307Bvv\307XI$\023i*\321uE\377\005R\034\215"
  95      C7427676 
  95      C7584924 
  95      13692AD1 
  95      7545FF05 
  96 01c6 62752510 		.ascii	"bu%\020\340\241\355\336\376g\263\310b\324\200t\350@"
  96      E0A1EDDE 
  96      FE67B3C8 
  96      62D48074 
  96      E840
  97 01d8 D077664D 		.ascii	"\320wfM\233\233\220L\272y\221\376h!\270w\350 \212\005"
  97      9B9B904C 
  97      BA7991FE 
  97      6821B877 
  97      E8208A05 
  98 01ec 04C3A23A 		.ascii	"\004\303\242:\230\254\207I n\037o\312V#]lx\243\317\302"
  98      98AC8749 
  98      206E1F6F 
  98      CA56235D 
  98      6C78A3CF 
  99 0201 18311702 		.ascii	"\0301\027\002\353\336\273\215\020\025j\004\027jC.\200"
  99      EBDEBB8D 
  99      10156A04 
  99      176A432E 
  99      80
 100 0212 47C18D1F 		.ascii	"G\301\215\037\357\330^\257\307e<=\212\362\012\257\251"
 100      EFD85EAF 
 100      C7653C3D 
 100      8AF20AAF 
 100      A9
 101 0223 F13E2957 		.ascii	"\361>)WF\276\270\032\201k\271P\262e\253O\315\"\026A"
 101      46BEB81A 
 101      816BB950 
 101      B265AB4F 
 101      CD221641 
 102 0237 C54FF6D5 		.ascii	"\305O\366\325\277\212\233\270\252\306\343;\212\361a"
ARM GAS  /tmp/ccO2f9d5.s 			page 7


 102      BF8A9BB8 
 102      AAC6E33B 
 102      8AF161
 103 0246 2E1CEF1F 		.ascii	".\034\357\037\375U\317p3Y\356\015\356\331\020\215\375"
 103      FD55CF70 
 103      3359EE0D 
 103      EED9108D 
 103      FD
 104 0257 5C57BA6B 		.ascii	"\\W\272k\343\000\306]\\(\370\255\363\010\337\202\331"
 104      E300C65D 
 104      5C28F8AD 
 104      F308DF82 
 104      D9
 105 0268 2046AE6F 		.ascii	" F\256o\315\276\240G\363y\213\211\365\300{\016\225\357"
 105      CDBEA047 
 105      F3798B89 
 105      F5C07B0E 
 105      95EF
 106 027a 994C7C3F 		.ascii	"\231L|?\213\224\314f\3767\203\377\237\243\230\320[\337"
 106      8B94CC66 
 106      FE3783FF 
 106      9FA398D0 
 106      5BDF
 107 028c 4353DD4B 		.ascii	"CS\335K\023^\240pO\300\253\361/`\320CJ\350av,\356\013"
 107      135EA070 
 107      4FC0ABF1 
 107      2F60D043 
 107      4AE86176 
 108 02a3 427F0942 		.ascii	"B\177\011B\233\302\262\206\220\023Ad\233\022\331\212"
 108      9BC2B286 
 108      90134164 
 108      9B12D98A 
 109 02b3 140EAC2F 		.ascii	"\024\016\254/\223\261\355\341\035\230\202\275\031\344"
 109      93B1EDE1 
 109      1D9882BD 
 109      19E4
 110 02c1 6D09CF1B 		.ascii	"m\011\317\033raC\220\366\210\022z4\004\315g\265\200"
 110      72614390 
 110      F688127A 
 110      3404CD67 
 110      B580
 111 02d3 90C52E01 		.ascii	"\220\305.\001\355\007}\015SQ4l:\372\0022\244\003\315"
 111      ED077D0D 
 111      5351346C 
 111      3AFA0232 
 111      A403CD
 112 02e6 477EE85D 		.ascii	"G~\350]\320\217C?\006\275\023\372\0114\237%\003\315"
 112      D08F433F 
 112      06BD13FA 
 112      09349F25 
 112      03CD
 113 02f8 98BE41AF 		.ascii	"\230\276A\257\206 j&\310gM\316\0241\267kk\356\014\024"
 113      86206A26 
 113      C8674DCE 
 113      1431B76B 
 113      6BEE0C14 
 114 030c 131B6E25 		.ascii	"\023\033n%\364\025,\360\257\027\313\265F\240/\301\350"
ARM GAS  /tmp/ccO2f9d5.s 			page 8


 114      F4152CF0 
 114      AF17CBB5 
 114      46A02FC1 
 114      E8
 115 031d D3506AD2 		.ascii	"\323Pj\322\225\345\324\354\231\350\272\023o\302,]\372"
 115      95E5D4EC 
 115      99E8BA13 
 115      6FC22C5D 
 115      FA
 116 032e 26F26AD4 		.ascii	"&\362j\324x\013\027>\350\310\177\003\027\362\347\214"
 116      780B173E 
 116      E8C87F03 
 116      17F2E78C 
 117 033e 96BD27B5 		.ascii	"\226\275'\265,\217\036a5\310\227\267U\213\213\271n\240"
 117      2C8F1E61 
 117      35C897B7 
 117      558B8BB9 
 117      6EA0
 118 0350 E90A1199 		.ascii	"\351\012\021\231.\211\325\227\346K\215Q\270\234\353"
 118      2E89D597 
 118      E64B8D51 
 118      B89CEB
 119 035f 8A36558F 		.ascii	"\2126U\217\361\022a\247\342`\333u\267\026Wq]M\363\376"
 119      F11261A7 
 119      E260DB75 
 119      B7165771 
 119      5D4DF3FE 
 120 0373 619EC46E 		.ascii	"a\236\304n&\267\023\342\027q\035W\226\034\317+@LY\312"
 120      26B713E2 
 120      17711D57 
 120      961CCF2B 
 120      404C59CA 
 121 0387 E4ED67DC 		.ascii	"\344\355g\334\321\270\231\353:7\024\025\360\005[\230"
 121      D1B899EB 
 121      3A371415 
 121      F0055B98 
 122 0397 5C75B8B5 		.ascii	"\\u\270\265\020\341#xZ\021\322\363\"\024\225sm\307;"
 122      10E12378 
 122      5A11D2F3 
 122      22149573 
 122      6DC73B
 123 03aa 6A14335F 		.ascii	"j\0243_n\323\002[\005\201\255f[xN\212\352 D\365\002"
 123      6ED3025B 
 123      0581AD66 
 123      5B784E8A 
 123      EA2044F5 
 124 03bf 44F012F4 		.ascii	"D\360\022\364\001\350W\240_\204~\031\372y\350?A\377"
 124      01E857A0 
 124      5F847E19 
 124      FA79E83F 
 124      41FF
 125 03d1 518AAE87 		.ascii	"Q\212\256\207F\367L\331\363\004\022\207\006\370;\010"
 125      46F74CD9 
 125      F3041287 
 125      06F83B08 
 126 03e1 30E5096E 		.ascii	"0\345\011n\327\367\323r\214x.\336+!\177P\"\373\025\310"
 126      D7F7D372 
ARM GAS  /tmp/ccO2f9d5.s 			page 9


 126      8C782EDE 
 126      2B217F50 
 126      22FB15C8 
 127 03f5 52197952 		.ascii	"R\031yR\211\274g:\260N\006\366(\201\247\024\224~\031"
 127      89BC673A 
 127      B04E06F6 
 127      2881A714 
 127      947E19
 128 0408 F9B512F9 		.ascii	"\371\265\022\371\215\002\351\223\221\335J\344\321\351"
 128      8D02E993 
 128      91DD4AE4 
 128      D1E9
 129 0416 078C783A 		.ascii	"\007\214x:e\350\267Jh\257\022\332+C\317*\241}Jh\243"
 129      65E8B74A 
 129      68AF12DA 
 129      2B43CF2A 
 129      A17D4A68 
 130 042b 0C3DAD84 		.ascii	"\014=\255\204\236\231\002e\311\375Q\031=I\347\302\234"
 130      9E990265 
 130      C9FD5119 
 130      3D49E7C2 
 130      9C
 131 043c 24F4F188 		.ascii	"$\364\361\210\357\200\026w\261\264\020\017l\356\313"
 131      EF801677 
 131      B1B4100F 
 131      6CEECB
 132 044b 8B501C2B 		.ascii	"\213P\034+y\367\321\020l\372\177I\000\346\301\0158^"
 132      79F7D110 
 132      6CFA7F49 
 132      00E6C10D 
 132      385E
 133 045d BF80F1CF 		.ascii	"\277\200\361\317\241\343un\312\361\032\036\013\344D"
 133      A1E3756E 
 133      CAF11A1E 
 133      0BE444
 134 046c C648CB7A 		.ascii	"\306H\313z\376lY\341\037\257\011\224\247\007\316\027"
 134      FE6C59E1 
 134      1FAF0994 
 134      A707CE17 
 135 047c 617C9AE7 		.ascii	"a|\232\347\373\321\361\301B\325\334\313\370#\022\301"
 135      FBD1F1C1 
 135      42D5DCCB 
 135      F82312C1 
 136 048c BF437667 		.ascii	"\277Cvg\365D\263\373\222tg\366\210t\252\377\304\271"
 136      F544B3FB 
 136      927467F6 
 136      8874AAFF 
 136      C4B9
 137 049e DE287E85 		.ascii	"\336(~\205\236\236dW(\332\341\277\321\301\247\272I6"
 137      9E9E6457 
 137      28DAE1BF 
 137      D1C1A7BA 
 137      4936
 138 04b0 611F3B1F 		.ascii	"a\037;\037\3764Z\023!]\264\230N\374X\221q\014s&r\246"
 138      FE345A13 
 138      215DB498 
 138      4EFC5891 
ARM GAS  /tmp/ccO2f9d5.s 			page 10


 138      710C7326 
 139 04c6 5C4DA74E 		.ascii	"\\M\247N\325\034\312\327I\344\367\321\211\311\236\342"
 139      D51CCAD7 
 139      49E4F7D1 
 139      89C99EE2 
 140 04d6 D2A8F81A 		.ascii	"\322\250\370\032\342\366<\3026\214\026\244\021x?Z\224"
 140      E2F63CC2 
 140      368C16A4 
 140      11783F5A 
 140      94
 141 04e7 E81D490B 		.ascii	"\350\035I\013\3235\030iq\272\016#-P\277\301H\213\324"
 141      D3351869 
 141      71BA0E23 
 141      2D50BFC1 
 141      488BD4
 142 04fa 288C50A8 		.ascii	"(\214P\250\320\030\273|\221\247\262\361\004\277\367"
 142      D018BB7C 
 142      91A7B2F1 
 142      04BFF7
 143 0509 492BFB18 		.ascii	"I+\373\030\313\256\037,\325\263\211\026\346\340\227"
 143      CBAE1F2C 
 143      D5B38916 
 143      E6E097
 144 0518 87AA5A67 		.ascii	"\207\252Zg0yKN;\367gb\240\244d\206\344\"aF\325\305\273"
 144      30794B4E 
 144      3BF76762 
 144      A0A46486 
 144      E4226146 
 145 052f 6AF9E7C2 		.ascii	"j\371\347\302b\026\252\316\372\375\321\012\377nJ\376"
 145      6216AACE 
 145      FAFDD10A 
 145      FF6E4AFE 
 146 053f 8D4BFED5 		.ascii	"\215K\376\325K\376M(\374\233\224\374\013p\377F\363k"
 146      4BFE4D28 
 146      FC9B94FC 
 146      0B70FF46 
 146      F36B
 147 0551 AFF0C066 		.ascii	"\257\360\300f\220\314[\351L\376\311\272\353<b\335\345"
 147      90CC5BE9 
 147      4CFEC9BA 
 147      EB3C62DD 
 147      E5
 148 0562 1F7CC21C 		.ascii	"\037|\302\034\032k\033\373T\224\035\"\032:\325\233\323"
 148      1A6B1BFB 
 148      54941D22 
 148      1A3AD59B 
 148      D3
 149 0573 34CE5124 		.ascii	"4\316Q$w6\273\240'\273\213\260\302\247\014qz\314d\237"
 149      7736BBA0 
 149      27BB8BB0 
 149      C2A70C71 
 149      7ACC649F 
 150 0587 32C5E93E 		.ascii	"2\305\351>e\211\334\247l\221\371\264\363\352\015?\017"
 150      6589DCA7 
 150      6C91F9B4 
 150      F3EA0D3F 
 150      0F
ARM GAS  /tmp/ccO2f9d5.s 			page 11


 151 0598 117CB094 		.ascii	"\021|\260\2242\017\276o9>\202\330T\217\207o\377w\265"
 151      320FBE6F 
 151      393E82D8 
 151      548F876F 
 151      FF77B5
 152 05ab 9E110DDF 		.ascii	"\236\021\015\337\330\271,hc\223\005Z\305\372\357\376"
 152      D8B92C68 
 152      6393055A 
 152      C5FAEFFE 
 153 05bb C9FAEBA4 		.ascii	"\311\372\353\244\365\335\"_\277N\212I\035\217\311\306"
 153      F5DD225F 
 153      BF4E8A49 
 153      1D8FC9C6 
 154 05cb AE0FCFEB 		.ascii	"\256\017\317\353\024T\001\024\236\252N\021^\005UEa\307"
 154      14540114 
 154      9EAA4E11 
 154      5E055545 
 154      61C7
 155 05dd 01E54ED5 		.ascii	"\001\345N\325\375O\025\226*s\342 \341T~\204\256\002"
 155      FD4F1596 
 155      2A73E220 
 155      E1547E84 
 155      AE02
 156 05ef 172D1E37 		.ascii	"\027-\0367P<+ D\214gE\344\035\030i!Y\017#-&90\322\202"
 156      503C2B20 
 156      448C6745 
 156      E41D1869 
 156      21590F23 
 157 0609 B201465A 		.ascii	"\262\001FZTra\244\205e#\214P\\\320&1\236\035\240\341"
 157      547261A4 
 157      8565238C 
 157      505CD026 
 157      319E1DA0 
 158 061e 75BBC5BB 		.ascii	"u\273\305\273?&\225\236\241\212\361\022\224A\377\243"
 158      3F26959E 
 158      A18AF112 
 158      9441FFA3 
 159 062e 10FA1783 		.ascii	"\020\372\027\203-4\314\213\334\224\213\223\316\374\212"
 159      2D34CC8B 
 159      DC948B93 
 159      CEFC8A
 160 063d E60A6833 		.ascii	"\346\012h3\330\243<\361n\232\203\333ZrT\372\234\320"
 160      D8A33CF1 
 160      6E9A83DB 
 160      5A7254FA 
 160      9CD0
 161 064f 5734FB67 		.ascii	"W4\373g\021\372\347\224/\352\345R\011\217\202\336h\264"
 161      11FAE794 
 161      2FEAE552 
 161      098F82DE 
 161      68B4
 162 0661 981CA96B 		.ascii	"\230\034\251k\215\3264\253K\263\364\371\227\347%\010"
 162      8DD634AB 
 162      4BB3F4F9 
 162      97E72508 
 163 0671 8F26A458 		.ascii	"\217&\244XWZ\227\2570>\370p\\|\334\002\203\315iH1\245"
 163      575A97AF 
ARM GAS  /tmp/ccO2f9d5.s 			page 12


 163      303EF870 
 163      5C7CDC02 
 163      83CD6948 
 164 0687 1A56DA4C 		.ascii	"\032V\332L\016\263\323\260\342%\343\212\227\236[\264"
 164      0EB3D3B0 
 164      E225E38A 
 164      979E5BB4 
 165 0697 F099878C 		.ascii	"\360\231\207\214K\022W$,\177\345\351\027_\343\272\270"
 165      4B125724 
 165      2C7FE5E9 
 165      175FE3BA 
 165      B8
 166 06a8 6421923D 		.ascii	"d!\222=$\002\327L\247k\315\242\205\306\344T[\362\233"
 166      2402D74C 
 166      A76BCDA2 
 166      85C6E454 
 166      5BF29B
 167 06bb 8C3C3E3C 		.ascii	"\214<><\253\335\346pQR`4H\274o\277M5\306\324Ts\\\212"
 167      ABDDE670 
 167      51526034 
 167      48BC6FBF 
 167      4D35C6D4 
 168 06d3 308BF3AC 		.ascii	"0\213\363\254\266[mF\247\305\225n7\272\"\322\255i.\230"
 168      B65B6D46 
 168      A7C5956E 
 168      37BA22D2 
 168      AD692E98 
 169 06e7 73E98C46 		.ascii	"s\351\214F\371\361!C\272\323a09\326<\220fK\263<`1\255"
 169      F9F12143 
 169      BAD36130 
 169      39D63C90 
 169      664BB33C 
 170 06fe B41AAC69 		.ascii	"\264\032\254i\311\251\351f\213a\215)9\305\232f1\030"
 170      C9A9E966 
 170      8B618D29 
 170      39C59A66 
 170      3118
 171 0710 CD9655A6 		.ascii	"\315\226U\246\364T\227\321\265\326nq\002\367\275\177"
 171      F45497D1 
 171      B5D66E71 
 171      02F7BD7F 
 172 0720 61E45CEB 		.ascii	"a\344\\\3534\030\235.3\360\003R\275\306f\266846j\351"
 172      34189D2E 
 172      33F00352 
 172      BDC666B6 
 172      3834366A 
 173 0735 D0DA9C76 		.ascii	"\320\332\234v\213\305\354P\333\323\355f\007\266\231"
 173      8BC5EC50 
 173      DBD3ED66 
 173      07B699
 174 0744 1D2AD32A 		.ascii	"\035*\323*G*\375Iy\354\357\337r\331\262%\206\245I\211"
 174      472AFD49 
 174      79ECEFDF 
 174      72D9B225 
 174      86A54989 
 175 0758 CBDF5AC8 		.ascii	"\313\337Z\310^\323\036|UM\322\223KL.\223&\351)>$\360"
 175      5ED31E7C 
ARM GAS  /tmp/ccO2f9d5.s 			page 13


 175      554DD293 
 175      4B4C2E93 
 175      26E9293E 
 176 076e 61091F9E 		.ascii	"a\011\037\236\346\3033|X\312\207g\371\220H\207\310\244"
 176      E6C3337C 
 176      58CA8767 
 176      F9904887 
 176      C8A4
 177 0780 279725D8 		.ascii	"'\227%\330\322VYW\317\242\234\362\313&\263\2519q\016"
 177      D2565957 
 177      CFA29CF2 
 177      CB26B3A9 
 177      39710E
 178 0793 9B194071 		.ascii	"\233\031@q\177T\375\016\321\357\267\000"
 178      7F54FD0E 
 178      D1EFB700 
 179              		.text
 180              		.section	.gnu.lto_.symtab.26a09c90cdce6940,"",%progbits
 181 0000 5F5F6561 		.ascii	"__early_init\000\000\000\000\000\000\000\000\000\000"
 181      726C795F 
 181      696E6974 
 181      00000000 
 181      00000000 
 182 0016 0000AC00 		.ascii	"\000\000\254\000\000\000boardInit\000\000\000\000\000"
 182      0000626F 
 182      61726449 
 182      6E697400 
 182      00000000 
 183 002a 00000000 		.ascii	"\000\000\000\000\000\000\000\256\000\000\000pal_def"
 183      000000AE 
 183      00000070 
 183      616C5F64 
 183      6566
 184 003c 61756C74 		.ascii	"ault_config\000\000\000\000\000\000\000\000\000\000"
 184      5F636F6E 
 184      66696700 
 184      00000000 
 184      00000000 
 185 0051 00001001 		.ascii	"\000\000\020\001\000\000stm32_clock_init\000\000\002"
 185      00007374 
 185      6D33325F 
 185      636C6F63 
 185      6B5F696E 
 186 006a 00000000 		.ascii	"\000\000\000\000\000\000\000\000\000\260\000\000\000"
 186      00000000 
 186      00B00000 
 186      00
 187              		.text
 188              		.section	.gnu.lto_.opts,"",%progbits
 189 0000 272D666E 		.ascii	"'-fno-trapv' '-mcpu=cortex-m4' '-mfloat-abi=hard' '"
 189      6F2D7472 
 189      61707627 
 189      20272D6D 
 189      6370753D 
 190 0033 2D6D6670 		.ascii	"-mfpu=fpv4-sp-d16' '-mno-thumb-interwork' '-mthumb'"
 190      753D6670 
 190      76342D73 
ARM GAS  /tmp/ccO2f9d5.s 			page 14


 190      702D6431 
 190      36272027 
 191 0066 20272D67 		.ascii	" '-ggdb' '-O2' '-fomit-frame-pointer' '-falign-func"
 191      67646227 
 191      20272D4F 
 191      32272027 
 191      2D666F6D 
 192 0099 74696F6E 		.ascii	"tions=16' '-ffunction-sections' '-fdata-sections' '"
 192      733D3136 
 192      2720272D 
 192      6666756E 
 192      6374696F 
 193 00cc 2D666E6F 		.ascii	"-fno-common' '-flto' '-fsingle-precision-constant'\000"
 193      2D636F6D 
 193      6D6F6E27 
 193      20272D66 
 193      6C746F27 
 194              		.text
 195              		.comm	__gnu_lto_v1,1,1
 196              		.comm	__gnu_lto_slim,1,1
 197              		.ident	"GCC: (GNU Tools for ARM Embedded Processors) 4.9.3 20150529 (release) [ARM/embedded-4_9-br
ARM GAS  /tmp/ccO2f9d5.s 			page 15


DEFINED SYMBOLS
                            *ABS*:0000000000000000 board.c
                            *COM*:0000000000000001 __gnu_lto_v1
                            *COM*:0000000000000001 __gnu_lto_slim

NO UNDEFINED SYMBOLS
