ARM GAS  /tmp/ccxNAtxm.s 			page 1


   1              		.syntax unified
   2              		.cpu cortex-m4
   3              		.eabi_attribute 27, 1
   4              		.eabi_attribute 28, 1
   5              		.fpu fpv4-sp-d16
   6              		.eabi_attribute 20, 1
   7              		.eabi_attribute 21, 1
   8              		.eabi_attribute 23, 3
   9              		.eabi_attribute 24, 1
  10              		.eabi_attribute 25, 1
  11              		.eabi_attribute 26, 1
  12              		.eabi_attribute 30, 2
  13              		.eabi_attribute 34, 1
  14              		.eabi_attribute 18, 4
  15              		.thumb
  16              		.file	"buffer.c"
  17              		.text
  18              	.Ltext0:
  19              		.section	.gnu.lto_.profile.9912955c1f81fb5d,"",%progbits
  20 0000 789C6366 		.ascii	"x\234cf```c\200\000F\206\207\214\033\031\001\005\214"
  20      60606063 
  20      80004686 
  20      878C1B19 
  20      01058C
  21 0013 019F     		.ascii	"\001\237"
  22              		.text
  23              		.section	.gnu.lto_.jmpfuncs.9912955c1f81fb5d,"",%progbits
  24 0000 789C6DCC 		.ascii	"x\234m\314;\016\2000\014\003\3208\006\312O\342\270\035"
  24      3B0E8030 
  24      0C03D038 
  24      06CA4FE2 
  24      B81D
  25 0012 2D717242 		.ascii	"-qrBC6\262\370\015\261i\377w\177y\032\0014I(x\201\205"
  25      4336B2F8 
  25      0DB169FF 
  25      777F791A 
  25      01344928 
  26 0029 690AE00A 		.ascii	"i\012\340\012iN\342\375g7\304\004;a\213\003\224Z\306"
  26      694EE2FD 
  26      6737C404 
  26      3B618B03 
  26      945AC6
  27 003c 9AB165EC 		.ascii	"\232\261e\354\265s\014@\360Qe\367\350?\027\267\022H"
  27      B5730C40 
  27      F05165F7 
  27      E83F17B7 
  27      1248
  28              		.text
  29              		.section	.gnu.lto_.inline.9912955c1f81fb5d,"",%progbits
  30 0000 789C9D90 		.ascii	"x\234\235\220\277n\3020\020\207\177wv\022\014v\023\006"
  30      BF6EC230 
  30      10877F77 
  30      76120C76 
  30      1306
  31 0012 1A014346 		.ascii	"\032\001CF6\324\251l\035;v\313;e\354\3301\003\003R_"
  31      36D4A96C 
  31      1D3B76CB 
ARM GAS  /tmp/ccxNAtxm.s 			page 2


  31      3B65ECD8 
  31      31030352 
  32 0027 80914740 		.ascii	"\200\221G@L<\002c\304\224\021\333i\322\210\226\001\374"
  32      4C3C0263 
  32      C49411DB 
  32      69D28896 
  32      01FC
  33 0039 573A7DDF 		.ascii	"W:}\337\351\356\004\376_+n~\015<\031\022L\020\000\331"
  33      E9EE04FE 
  33      5F2B6E7E 
  33      0D3C1912 
  33      4C1000D9 
  34 004d 636F38AA 		.ascii	"co8\252s\250\343+\203N\221d\210m*\301\373X\273'q\026"
  34      73A8E32B 
  34      834E9164 
  34      886D2AC1 
  34      FB58BB27 
  35 0063 3D223166 		.ascii	"=\"1f\323ki^\037\010\246\316\377Za\265\364\226x\310"
  35      D36B695E 
  35      1F08A6CE 
  35      FF5A61B5 
  35      F49678C8 
  36 0077 92486292 		.ascii	"\222Hb\222\016\266&Dk\377\026iA\355\354\304\333\211"
  36      0EB62644 
  36      6BFF1669 
  36      41EDECC4 
  36      DB89
  37 0089 B35F9C18 		.ascii	"\263_\234\030@\215\211;\321F\3022c\3102\323>\257\261"
  37      408D893B 
  37      D146C232 
  37      63C832D3 
  37      3EAFB1
  38 009c C1CF0FB7 		.ascii	"\301\317\017\267C\030\355\311&u\2406\357\210\212E[S"
  38      4318EDC9 
  38      2675A036 
  38      EF888A45 
  38      5B53
  39 00ae 502C64A7 		.ascii	"P,d\247Ew\260\003\244\317}vR\254\251\017[Wb\260{\363"
  39      4577B003 
  39      A4CF7D76 
  39      52ACA90F 
  39      5B5762B0 
  40 00c4 B0BA071E 		.ascii	"\260\272\007\036\"N\211\273Q\006\346\353L7\313\030A"
  40      224E89BB 
  40      5106E6EB 
  40      4C37CB18 
  40      41
  41 00d5 CD082CAB 		.ascii	"\315\010,\253ojF\360\323=\273\336q\001\001NC\261"
  41      6F6A46F0 
  41      D33DBBDE 
  41      7101014E 
  41      43B1
  42              		.text
  43              		.section	.gnu.lto_.pureconst.9912955c1f81fb5d,"",%progbits
  44 0000 789C6366 		.ascii	"x\234cf``\220d\200\000\036\006)F)&)f)\026)V\0116)v)"
  44      60609064 
  44      80001E06 
ARM GAS  /tmp/ccxNAtxm.s 			page 3


  44      29462926 
  44      29662916 
  45 001b 0E294E29 		.ascii	"\016)N).)n\011\000\025\271\001\237"
  45      2E296E09 
  45      0015B901 
  45      9F
  46              		.text
  47              		.section	.gnu.lto_buffer_append_int16.9912955c1f81fb5d,"",%progbits
  48 0000 789C9553 		.ascii	"x\234\225SMO\023Q\024\275\367\275\231\351L\247\255m"
  48      4D4F1351 
  48      14BDF7BD 
  48      99E94CA7 
  48      AD6D
  49 0012 7561BAD1 		.ascii	"ua\272\321M\303\316\337\300\322%\277\001-\211\013Y\220"
  49      4DC3CEDF 
  49      C0D225BF 
  49      012D890B 
  49      5990
  50 0024 90B8630A 		.ascii	"\220\270c\012\004\242aA\232\210\015\244\260\250\202"
  50      04A26141 
  50      9A880DA4 
  50      B0A882
  51 0033 0A42A9A2 		.ascii	"\012B\251\242\202\030\307\304D\023D\303\252\206E!R\014"
  51      8218C7C4 
  51      441344C3 
  51      AA864521 
  51      520C
  52 0045 C68F8810 		.ascii	"\306\217\210\020KM\032\274\367=0T\302\302&}\357\335"
  52      4B4D1ABC 
  52      F73D3054 
  52      C2C2267D 
  52      EFDD
  53 0057 D773CF39 		.ascii	"\327s\3179\367\314T\302\361O\202\276\343\022\340\034"
  53      F7CC54C2 
  53      F14F82BE 
  53      E312E01C 
  54 0067 ED2801C5 		.ascii	"\355(\001\305\340;\200\264-\020\371\000\010]\002\273"
  54      E03B80B4 
  54      2D10F900 
  54      085D02BB 
  55 0077 F0B3D816 		.ascii	"\360\263\330\0268\350Of\335\246;\236\347\375(\276N\267"
  55      38E84F66 
  55      DDA63B9E 
  55      E7FD28BE 
  55      4EB7
  56 0089 F8581300 		.ascii	"\370X\023\000;B\363\340\0046\021f\343E\341\267+C\010"
  56      3B42F3E0 
  56      04361166 
  56      E345E1B7 
  56      2B4308
  57 009c 749E9FDE 		.ascii	"t\236\237\336]v\267DM\340y.\0272o\262\026\227\302\340"
  57      5D76B744 
  57      4DE0792E 
  57      17326FB2 
  57      1697C2E0 
  58 00b0 B2747D60 		.ascii	"\262t}`+\220\314{^\267\277T\364\232\215\232\220x\027"
  58      2B90CC7B 
ARM GAS  /tmp/ccxNAtxm.s 			page 4


  58      5EB7BF54 
  58      F49A8D9A 
  58      907817
  59 00c3 25F1E13D 		.ascii	"%\361\341=L\340}L\000]\001Nb\222\233\327\026o\231\362"
  59      4CE07D4C 
  59      005D014E 
  59      62929BD7 
  59      166F99F2 
  60 00d7 B4E25DFA 		.ascii	"\264\342]\372\270\267\023R\274Q.\207K\233\273R\361\012"
  60      B8B71352 
  60      BC512E87 
  60      4B9BBB52 
  60      F10A
  61 00e9 2E277223 		.ascii	".'r#\263!\346\365\374/\005\257\231\356\015\234\322\274"
  61      B321E6F5 
  61      FC2F05AF 
  61      99EE0D9C 
  61      D2BC
  62 00fb 0F88775A 		.ascii	"\017\210wZ\361\032\2003\212\367\271\377\263\032\221"
  62      F11A8033 
  62      8AF7B9FF 
  62      B31A91
  63 010a 09C5BB3E 		.ascii	"\011\305\273>4\272\036\322\216\006\362\326\305\2320"
  63      34BA1ED2 
  63      8E06F2D6 
  63      C59A30
  64 0119 B1F0AF21 		.ascii	"\261\360\257!\023p\026\223\214\336\356\255\227\\\253"
  64      13701693 
  64      8CDEEEAD 
  64      975CAB
  65 0128 9774A23A 		.ascii	"\227t\242:\004,\242\205\264\317\304}o\177\177c\371e"
  65      042CA285 
  65      B4CFC47D 
  65      6F7F7F63 
  65      F965
  66 013a DD384331 		.ascii	"\3358C1\022\\R\243e\360b\321\"\002\310C\331<\236\203"
  66      125C52A3 
  66      65F062D1 
  66      2202C843 
  66      D93C9E83 
  67 014e EC2348C7 		.ascii	"\354#H\307\200K\213\035fP\204\227(#c\214\211\363\017"
  67      804B8B1D 
  67      66508497 
  67      2823638C 
  67      89F30F
  68 0161 0015D2E0 		.ascii	"\000\025\322\340G\262Ic\322.W\261\373\327\215Oy\311"
  68      47B24963 
  68      D22E57B1 
  68      FBD78D4F 
  68      79C9
  69 0173 B25521C9 		.ascii	"\262U!\311\321Z\345\375\212\315A\230\300\006\347\366"
  69      D15AE5FD 
  69      8ACD4198 
  69      C006E7F6 
  70 0183 C6BE8573 		.ascii	"\306\276\205s8B\217\311\251\012\201\017i\000\300G\230"
  70      38428FC9 
  70      A90A810F 
ARM GAS  /tmp/ccxNAtxm.s 			page 5


  70      6900C047 
  70      98
  71 0194 4358C59E 		.ascii	"CX\305\236L\337[\241[\015\335\2752<\336s\212\273\035"
  71      4CDF5BA1 
  71      5B0DDDBD 
  71      323CDE73 
  71      8ABB1D
  72 01a7 049C232C 		.ascii	"\004\234#,\011d\220!G\270\322\224j\242\201\3571\361"
  72      09649021 
  72      47B8D294 
  72      6AA281EF 
  72      31F1
  73 01b9 1107A3CB 		.ascii	"\021\007\243\313\375\257PS\262!\026\311Z\272\266\253"
  73      FDAF5053 
  73      B22116C9 
  73      5ABAB6AB 
  74 01c9 2240B77C 		.ascii	"\"@\267|U\356\373z\240\033\254\012\207\250o\337\034"
  74      55EEFB7A 
  74      A01BAC0A 
  74      87A86FDF 
  74      1C
  75 01da 9A325937 		.ascii	"\2322Y7h\003>\321\272\037\002\032\342\022\252\301\307"
  75      68033ED1 
  75      BA1F021A 
  75      E212AAC1 
  75      C7
  76 01eb DF1165C3 		.ascii	"\337\021e\303\210l\353l\215\3416>U\266\346\225-\027"
  76      886CEB6C 
  76      8DE1363E 
  76      55B6E695 
  76      2D17
  77 01fd 544ADF0F 		.ascii	"TJ\337\017S\012\237\030\313\302\261X\"\004\377\217\034"
  77      530A9F18 
  77      CBC2B158 
  77      2204FF8F 
  77      1C
  78 020e 9E29C148 		.ascii	"\236)\301Hc\016Q\3428\232CL\345\020U#\366\037\346\020"
  78      630E51E2 
  78      389A434C 
  78      E5105523 
  78      F61FE610 
  79 0222 A71C4E14 		.ascii	"\247\034N\024\321S\305\016\246ZT\"q(c\332\257\033\014"
  79      D153C50E 
  79      A65A5422 
  79      712863DA 
  79      AF1B0C
  80 0235 E7BF5E45 		.ascii	"\347\277^E \277\021\364~8\255\235mm\251\216\013\227"
  80      20BF11F4 
  80      7E38AD9D 
  80      6D6DA98E 
  80      0B97
  81 0247 C0D227AB 		.ascii	"\300\322'\253\275\363jk\252\303\274\322~9u\355\017L"
  81      BDF36A6B 
  81      AAC3BCD2 
  81      7E3975ED 
  81      0F4C
  82 0259 404566   		.ascii	"@Ef"
ARM GAS  /tmp/ccxNAtxm.s 			page 6


  83              		.text
  84              		.section	.gnu.lto_buffer_append_uint16.9912955c1f81fb5d,"",%progbits
  85 0000 789C9553 		.ascii	"x\234\225SAO\023A\024~ofw\273\355\266\245\255\036L/"
  85      414F1341 
  85      147E6F66 
  85      77BBEDB6 
  85      A5AD1E4C 
  86 0015 7A69B8F9 		.ascii	"zi\270\371\0338z\3647 %\361 \007\022\022ol\013\201h"
  86      1B387AF4 
  86      372025F1 
  86      20071212 
  86      6F6C0B81 
  87 002a 8C214DA4 		.ascii	"\214!M\244\015\006M,\240\010BEQA\214k\342A#\326p\261"
  87      0D064D2C 
  87      A0084245 
  87      51418C6B 
  87      E24123D6 
  88 0040 86432152 		.ascii	"\206C!R\022L$\001!\22651\370\336\014\030*\341`\223\316"
  88      124C2401 
  88      21963531 
  88      F8DE0C18 
  88      2AE16093 
  89 0055 CC9B7EEF 		.ascii	"\314\233~\357\373\276\367\355V\302\361O\222\276c\022"
  89      FBBEF7ED 
  89      56C2F14F 
  89      92BE6312 
  90 0065 E02CED28 		.ascii	"\340,\355(\001\305@\031 c\013D>\000B\267\300n\374&\266"
  90      01C54019 
  90      20630B44 
  90      3E0042B7 
  90      C06EFC26 
  91 007a 050E7813 		.ascii	"\005\016x\023\005\247y\324u\335\255\354\373\314E\017"
  91      05A779D4 
  91      75DDADEC 
  91      FBCC450F 
  92 008a 7D01B023 		.ascii	"}\001\260#4\017\336\307f\302\254\275.\375rd\030\201"
  92      340FDEC7 
  92      66C2ACBD 
  92      2EFD7264 
  92      1881
  93 009c CE7353BB 		.ascii	"\316sS\273\037\235\015\341\013<\307\345|\356]\301\342"
  93      1F9D0DE1 
  93      0B3CC7E5 
  93      7CEE5DC1 
  93      E2
  94 00ad 52185C56 		.ascii	"R\030\\V\256\335\330\010\244\212\256\233\365\026g\334"
  94      AEDDD808 
  94      A48AAE9B 
  94      F51667DC 
  95 00bd 16C31712 		.ascii	"\026\303\027\022\037\240$>\034\307$>\304$\320\025\340"
  95      1FA0243E 
  95      1CC7243E 
  95      C424D015 
  95      E0
  96 00ce 04A6B879 		.ascii	"\004\246\270ye!o\312S\212\367\303\327\275\235\260\342"
  96      65216FCA 
  96      538AF7C3 
ARM GAS  /tmp/ccxNAtxm.s 			page 7


  96      D7BD9DB0 
  96      E2
  97 00df 8D713954 		.ascii	"\215q9TY\337\225\212Wp9~\257\270\325\244y7Kn\013\335"
  97      59DF958A 
  97      5770397E 
  97      AFB8D5A4 
  97      79374B6E 
  98 00f5 1B38A979 		.ascii	"\0338\251y\037\021\357\224\3425\000\247\025\357+\357"
  98      1F11EF94 
  98      E23500A7 
  98      15EF2BEF 
  99 0105 473D2A93 		.ascii	"G=*\223\212wu\360\316jXw\336,Z\027|ab\351_C&\340cL1"
  99      8A7775F0 
  99      CE6A5877 
  99      DE2C5A17 
  99      7C6162E9 
 100 0120 7ABBF777 		.ascii	"z\273\367w\305\261z)\215\230\016\001g\320B\332\247\023"
 100      C5B17A29 
 100      8D980E01 
 100      67D042DA 
 100      A713
 101 0132 9EBBBFBF 		.ascii	"\236\273\277\277V~\2237OS\214\004\227\324h\031\274X"
 101      567E9337 
 101      4F538C04 
 101      97D46819 
 101      BC58
 102 0144 B48800F2 		.ascii	"\264\210\000\362P6\217\027D\366\021\242c\300\241\305"
 102      50368F17 
 102      44F611A2 
 102      63C0A1C5 
 103 0154 8E3028CA 		.ascii	"\2160(\312K\214\221q\306$\370\007\200\032i\360#Y\247"
 103      4B8C9171 
 103      C624F807 
 103      801A69F0 
 103      2359A7
 104 0167 316997CB 		.ascii	"1i\227\313\230\375y\275<\"Y\266.$9Z\251}Z\2629\010\023"
 104      98FD79BD 
 104      3C2259B6 
 104      2E24395A 
 104      A97D5AB2 
 105 017e D8E0ECDE 		.ascii	"\330\340\354\336\335\315\3100\336\246\307\024\254\013"
 105      DDCDC830 
 105      DEA6C714 
 105      AC0B
 106 018c 814F6800 		.ascii	"\201Oh\000\300\2478\214\260\214=\271\276E\241[\015\335"
 106      C0A7388C 
 106      B08C3DB9 
 106      BE45A15B 
 106      0DDD
 107 019e BD3434D6 		.ascii	"\27544\326\323\304\335A\004\234%,\011\344\220!G\270"
 107      D3C4DD41 
 107      049C252C 
 107      09E49021 
 107      47B8
 108 01b0 32AEEB25 		.ascii	"2\256\353%\033\370\236\021\037q0\272\332\377\0265%\033"
 108      1BF89E11 
 108      1F7130BA 
ARM GAS  /tmp/ccxNAtxm.s 			page 8


 108      DAFF1635 
 108      251B
 109 01c2 629182A5 		.ascii	"b\221\202\245k\273.\002t\313W\325\276\357\007\272\241"
 109      6BBB2E02 
 109      74CB57D5 
 109      BEEF07BA 
 109      A1
 110 01d3 BA0812F5 		.ascii	"\272\010\022\365\310\255\301I\223uC6\340s\255\373%\240"
 110      C8ADC149 
 110      93754336 
 110      E073ADFB 
 110      25A0
 111 01e5 210EA11A 		.ascii	"!\016\241\032|\374\035Q6\214\310\266\316\370\014\267"
 111      7CFC1D51 
 111      368CC8B6 
 111      CEF80CB7 
 112 01f5 F185B235 		.ascii	"\361\205\2625\247l9\240R\372|\230R\344\304X\346\217"
 112      A76C39A0 
 112      52FA7C98 
 112      52E4C458 
 112      E68F
 113 0207 C51225F8 		.ascii	"\305\022%\370\177\344\360R\011F\033s\210\021\307\321"
 113      7FE4F052 
 113      09461B73 
 113      8811C7D1 
 114 0217 1CE22A87 		.ascii	"\034\342*\207\230\032\261\3770\207\004\345p\242\210"
 114      981AB1FF 
 114      308704E5 
 114      70A288
 115 0226 9E2A7E30 		.ascii	"\236*~0\325\202\022I@\0253^\336d8\377\365j\002\371\215"
 115      D5821249 
 115      4015335E 
 115      DE6438FF 
 115      F56A02F9 
 116 023b A0F723D8 		.ascii	"\240\367#\330\332\325\336\236\356<\177\011,}\262:\272"
 116      DAD5DE9E 
 116      EE3C7F09 
 116      2C7DB23A 
 116      BA
 117 024c AEB4A63B 		.ascii	"\256\264\246;\315\313\035m\351\253\177\000S\256D\231"
 117      CDCB1D6D 
 117      E9AB7F00 
 117      53AE4499 
 118              		.text
 119              		.section	.gnu.lto_buffer_append_int32.9912955c1f81fb5d,"",%progbits
 120 0000 789C9594 		.ascii	"x\234\225\224\317KTQ\024\307\317\271\357\307\314\370"
 120      CF4B5451 
 120      14C7CFB9 
 120      EFC7CCF8 
 121 0010 741C1D94 		.ascii	"t\034\035\224qD\033%q\327\337\320\262e\177\203\245\320"
 121      71441B25 
 121      71D7DFD0 
 121      B2657F83 
 121      A5D0
 122 0022 221782D0 		.ascii	"\"\027\202\320\3167*J\341B\214\314\012k\241\366KS\263"
 122      CE372A4A 
 122      E1428CCC 
ARM GAS  /tmp/ccxNAtxm.s 			page 9


 122      0A6BA1F6 
 122      4B53B3
 123 0035 A6F2573E 		.ascii	"\246\362W>#\244\360G\330\306p\241\222\006F\005\231\342"
 123      23A4F047 
 123      D8C670A1 
 123      92064605 
 123      99E2
 124 0047 3841D939 		.ascii	"8A\3319\367\2161o\206A\034\230\373\356}\347{\316\371"
 124      F78E316F 
 124      86411C98 
 124      FBEE7DE7 
 124      7BCEF9
 125 005a 7ECE85A7 		.ascii	"~\316\205\247A\346/L\377)\003\340\024=Q\003\024\235"
 125      41E62F4C 
 125      FF2903E0 
 125      143D5103 
 125      149D
 126 006c 4B0051AF 		.ascii	"K\000Q\257@\344\015 4\011l\302\257bG`\2473\330cU\017"
 126      40E40D20 
 126      34096CC2 
 126      AF624760 
 126      A733D863 
 127 0082 D8B6FDF3 		.ascii	"\330\266\375\363\343\373\350y\007\023\002`W\250:\370"
 127      E3FBE879 
 127      07130260 
 127      57A83AF8 
 128 0092 00AB49B3 		.ascii	"\000\253I\26393\372\333\322r\021h?>\274\267hm\213\204"
 128      3933FADB 
 128      D2721168 
 128      3F3EBCB7 
 128      686D8B84 
 129 00a6 C0081F27 		.ascii	"\300\010\037'\272\336\365\230|\024:\037W\256vl{\252"
 129      BADEF598 
 129      7C143A1F 
 129      57AE766C 
 129      7BAA
 130 00b8 FA6CBBD9 		.ascii	"\372l\273\331\231\037\263\317\352\011\241\341C\324\250"
 130      991FB3CF 
 130      EA09A1E1 
 130      43D4A8
 131 00c7 1E3EC230 		.ascii	"\036>\3020>\3060\320+\300A\254\342\344\365\251\233\206"
 131      3EC630D0 
 131      2BC041AC 
 131      E2E4F5A9 
 131      9B86
 132 00d9 16947527 		.ascii	"\026\224u'\023}\327\3639\323v\276\251L\035\207\3223"
 132      137DD7F3 
 132      39D376BE 
 132      A94C1D87 
 132      D233
 133 00eb 75C02732 		.ascii	"u\300'2s\332\371\025\367ka\231\271\321}w#W\365\354\350"
 133      73DAF915 
 133      F76B6199 
 133      B9D17D77 
 133      2357F5EC 
 134 0100 33CF2584 		.ascii	"3\317%\204\201\303\351\211\006\340\010V\261z\247\365"
 134      81C3E989 
ARM GAS  /tmp/ccxNAtxm.s 			page 10


 134      06E00856 
 134      B17AA7F5 
 135 0110 CF8A65B6 		.ascii	"\317\212e\266R\237\200\302\304Q4\221\236#\205\216}x"
 135      529F80C2 
 135      C4513491 
 135      9E23858E 
 135      7D78
 136 0122 B8B9381B 		.ascii	"\270\2718\0333N\323\240H\256Q\242\251\363b\322\"<\310"
 136      334ED3A0 
 136      48AE51A2 
 136      A9F362D2 
 136      223CC8
 137 0135 B6BD0CE0 		.ascii	"\266\275\014\340C\366\221\303!\213\026O\036\357\374"
 137      43F691C3 
 137      218B164F 
 137      1EEFFC
 138 0144 BC045859 		.ascii	"\274\004XY\300\232B>\0069Z\304\273b^B\034-\341(\233"
 138      C09A423E 
 138      06395AC4 
 138      BB625E42 
 138      1C2DE128 
 139 0159 324B395A 		.ascii	"2K9Z\306\273r^\"\034\255\340h%\007\000\266\310\037_"
 139      C6BB725E 
 139      221CADE0 
 139      68250700 
 139      B6C81F5F 
 140 016d D81721F8 		.ascii	"\330\027!\370\251\255b\363\376\265\375~\215-\307\205"
 140      A9AD62F3 
 140      FEB5FD7E 
 140      8D2DC785 
 141 017d 4634EB5B 		.ascii	"F4\353[\037\226\275<~\272l:\306\016\356\375\310\353"
 141      1F96BD3C 
 141      7EBA6C3A 
 141      C60EEEFD 
 141      C8EB
 142 018f C53B7489 		.ascii	"\305;t\211z\\\010|J\360\200c\330\213\260\212-]m\013"
 142      7A5C087C 
 142      4AF08063 
 142      D88BB08A 
 142      2D5D6D0B 
 143 01a3 42A5EA2A 		.ascii	"B\245\352*{\371\366\375\226|\316\326\021\360\031i\251"
 143      7BF9F6FD 
 143      967CCED6 
 143      11F01969 
 143      A9
 144 01b4 4117B224 		.ascii	"A\027\262$\245V\224n$\354\252\367\234\352Q\015V\257"
 144      A556946E 
 144      24ECAAF7 
 144      9CEA510D 
 144      56AF
 145 01c6 B5BF4555 		.ascii	"\265\277EU\222\015q\223\036S\235\275q\341\241\267\374"
 145      920D7193 
 145      1E539DBD 
 145      71E1A1B7 
 145      FC
 146 01d7 6AAD6D2F 		.ascii	"j\255m/i9'.|T\372V|aN\366\365\206\000c\252\357\247\366"
 146      6939272E 
ARM GAS  /tmp/ccxNAtxm.s 			page 11


 146      7C54FA56 
 146      7C614EF6 
 146      F5860063 
 147 01ef EF497316 		.ascii	"\357Is\026\351\\N\376Cj.H6\026J\010\037\365\302\027"
 147      E95C4EFE 
 147      436A2E48 
 147      36164A08 
 147      1FF5C217 
 148 0203 D2D84B69 		.ascii	"\322\330Ki\314\0029\247\277Gs\312\313:\230W\031\203"
 148      CC0239A7 
 148      BF4773CA 
 148      CB3A9857 
 148      1983
 149 0215 F193FC04 		.ascii	"\361\223\374\004\223\030\227\015\375\356I\004\250F\352"
 149      9318970D 
 149      FDEE4904 
 149      A846EA
 150 0224 240AE424 		.ascii	"$\012\344$\002\356I\024\252I\314\177>\330\315\225\223"
 150      02EE4914 
 150      AA49CC7F 
 150      3ED8CD95 
 150      93
 151 0235 08004EA4 		.ascii	"\010\000N\244O\"H\272\254N\024zA\022}R:\011*\364\271"
 151      4F2248BA 
 151      AC4E147A 
 151      41127D52 
 151      3A092AF4 
 152 024a 816497A2 		.ascii	"\201d\227\242\254\350S\031\350\305$?\001\372\264lX\354"
 152      ACE85319 
 152      E8C5243F 
 152      01FAB46C 
 152      58EC
 153 025c 460F518D 		.ascii	"F\017Q\215T\364\022\211\036r\243\207\025z\377\215\356"
 153      54F41289 
 153      1E72A387 
 153      157AFF8D 
 153      EE
 154 026d 2143A27B 		.ascii	"!C\242{\001_\247\243\227\222\356\030\364\222$\372\214"
 154      015FA7A3 
 154      9792EE18 
 154      F49224FA 
 154      8C
 155 027e 7452AAD0 		.ascii	"tR\252\320\227\216\320\313\262\242;\031\350\345$?\001"
 155      978ED0CB 
 155      B2A23B19 
 155      E8E5243F 
 155      01
 156 028f FAAC6C58 		.ascii	"\372\254lX\356F\217P\215T\364\012\211\036qSU\022\372"
 156      EE468F50 
 156      8D54F40A 
 156      891E7153 
 156      5512FA
 157 02a2 31541549 		.ascii	"1T\025I\2527\262I%\254a\324\211\031,\347\017\362\226"
 157      AA37B249 
 157      25AC61D4 
 157      89192CE7 
 157      0FF296
ARM GAS  /tmp/ccxNAtxm.s 			page 12


 158 02b5 40FE12D0 		.ascii	"@\376\022\320w\301W\323XWW\333p\346\002\230jg\3267^"
 158      77C157D3 
 158      585757DB 
 158      70E60298 
 158      6A67D637 
 159 02ca AEA96D30 		.ascii	"\256\251m0.\325_\254\275\362\017\366p\364\225"
 159      2ED55FAC 
 159      BDF20FF6 
 159      70F495
 160              		.text
 161              		.section	.gnu.lto_buffer_append_uint32.9912955c1f81fb5d,"",%progbits
 162 0000 789C9594 		.ascii	"x\234\225\224\337K\024Q\024\307\317\271\2633;\273\243"
 162      DF4B1451 
 162      14C7CFB9 
 162      B3333BBB 
 162      A3
 163 0011 DBEAA2AC 		.ascii	"\333\352\242\254+\332*\211o\375\015=\366\330\337`)\364"
 163      2BDA2A89 
 163      6FFD0D3D 
 163      F6D8DF60 
 163      29F4
 164 0023 900F82D0 		.ascii	"\220\017\202\320\233\263*J\021!\202f\205\365`\332\017"
 164      9BB32A4A 
 164      11218266 
 164      85F560DA 
 164      0F
 165 0034 4DCDB4D2 		.ascii	"M\315\264\3224G\011\0114C|0|PI\003\203\214Lq\335\240"
 165      34470909 
 165      34437C30 
 165      7C504903 
 165      838C4C71 
 166 004a EC9C7BD7 		.ascii	"\354\234{\327\330\331e\021\027\366\316\275s\276\347"
 166      D8D96511 
 166      17F6CEBD 
 166      73BEE7
 167 0059 9CEFE75C 		.ascii	"\234\357\347\\\030\0152\177\021\372O\352\000g\351\211"
 167      180D327F 
 167      11FA4FEA 
 167      0067E989 
 168 0069 1AA0685B 		.ascii	"\032\240h[\004\210\231\002\2217\200\320 \260\001\277"
 168      04889902 
 168      913780D0 
 168      20B001BF 
 169 0079 895D816D 		.ascii	"\211]\201mN\177\227U\331k\333\366\317\331\371\330%\007"
 169      4E7F9755 
 169      D96BDBF6 
 169      CFD9F9D8 
 169      2507
 170 008b 1302604F 		.ascii	"\023\002`O\250:\370\030+I\2639=\374\333\322r\020h?>"
 170      A83AF818 
 170      2B49B339 
 170      3DFCDBD2 
 170      7210683F 
 171 00a0 B8FFD1DA 		.ascii	"\270\377\321\332\026\011\201Q>N\264\177\3502\370(<|"
 171      16098151 
 171      3E4EB47F 
 171      E832F828 
ARM GAS  /tmp/ccxNAtxm.s 			page 13


 171      3C7C
 172 00b2 5CB9716B 		.ascii	"\\\271qk\333[\321c\333\215\316\302\210}\301\223\020"
 172      DB5BD163 
 172      DB8DCEC2 
 172      887DC193 
 172      10
 173 00c3 1A3E418D 		.ascii	"\032>A\215\352\341S\214\3403\214\000\275\002\354\307"
 173      EAE1538C 
 173      E0338C00 
 173      BD02ECC7 
 174 00d3 0A4E5E9F 		.ascii	"\012N^\237\274\243k!Yw\271ct\311\2572wT\246\007\007"
 174      BCA36B21 
 174      5977B963 
 174      74C9AF32 
 174      7754A607 
 175 00e8 D2333D80 		.ascii	"\3223=\200\317e\346\224\363+\036\320\"2s\243\363\301"
 175      CF65E694 
 175      F32B1ED0 
 175      223273A3 
 175      F3C1
 176 00fa 468ECABC 		.ascii	"F\216\312\274\335c\\L\010\035\007\323\023u\300!\254"
 176      DD635C4C 
 176      081D07D3 
 176      1375C021 
 176      AC
 177 010b 60F56EF3 		.ascii	"`\365n\363\237\025\313h&\336\240\302\304a4\220\236C"
 177      9F15CB68 
 177      26DEA0C2 
 177      C4613490 
 177      9E43
 178 011d F98E7D74 		.ascii	"\371\216}t\264\2718\263\254\237\243A\221\\\243D\303"
 178      B4B938B3 
 178      AC9FA341 
 178      915CA344 
 178      C3
 179 012e C38B418B 		.ascii	"\303\213A\213\360\"\3336\031\300\207\354\303O[\257E"
 179      F022DB36 
 179      19C087EC 
 179      C34F5BAF 
 179      45
 180 013f 8B99CBA2 		.ascii	"\213\231\313\242\000/AV\346\261&\237\243!\216\026p\240"
 180      002F4156 
 180      E6B1269F 
 180      A3218E16 
 180      70A0
 181 0151 90973047 		.ascii	"\220\2270G\2138\312\246\274\305\034-\341@)/Q\216\226"
 181      8B38CAA6 
 181      BCC51C2D 
 181      E140292F 
 181      518E96
 182 0164 71B49C03 		.ascii	"q\264\234\003\000[\344\217/\354\253\020\374\324V\261"
 182      005BE48F 
 182      2FECAB10 
 182      FCD456B1 
 183 0174 F1E0E68F 		.ascii	"\361\340\346\217^\215-\307\205F4\353[\237\226L\036?"
 183      5E8D2DC7 
 183      854634EB 
ARM GAS  /tmp/ccxNAtxm.s 			page 14


 183      5B9F964C 
 183      1E3F
 184 0186 5D361DC7 		.ascii	"]6\035\307\016\037\356\344v\343}\272D_\\\010|A\360\200"
 184      0E1FEEE4 
 184      76E37DBA 
 184      445F5C08 
 184      7C41F080 
 185 019a 23D88DB0 		.ascii	"#\330\215\260\212M\355-\013B\245zT\366\322\275\276\246"
 185      8A4DED2D 
 185      0B42A57A 
 185      54F6D2BD 
 185      BEA6
 186 01ac 339CED43 		.ascii	"3\234\355C\300\227\244\245\006\355\310\222\224Z1\333"
 186      C097A4A5 
 186      06EDC892 
 186      945A31DB 
 187 01bc 7622AE7A 		.ascii	"v\"\256z\243T\217j\260z\255\365=\252\222l\210\233t\031"
 187      A3548F6A 
 187      B07AADF5 
 187      3DAA926C 
 187      889B7419 
 188 01d0 EA6CC685 		.ascii	"\352l\306\205\227\336\362\253\265\226\375\244e\177\\"
 188      97DEF2AB 
 188      B596FDA4 
 188      657F5C
 189 01df F8A8F4DD 		.ascii	"\370\250\364\335\370\302\234\354\353\017\003\216\251"
 189      F8C29CEC 
 189      EB0F038E 
 189      A9
 190 01ec BE9F5BBF 		.ascii	"\276\237[\277'\315Y\244s9\371\017\251\271 \331X8\301"
 190      27CD59A4 
 190      7339F90F 
 190      A9B920D9 
 190      5838C1
 191 01ff 72135F49 		.ascii	"r\023_Ic\257\2451\013\344\234\016\216\347\224\233u0"
 191      63AFA531 
 191      0BE49C0E 
 191      8EE7949B 
 191      7530
 192 0211 6F320613 		.ascii	"o2\006\023 \371)&1.\033\006\334\223\010R\215\324I\344"
 192      20F92926 
 192      312E1B06 
 192      DC930852 
 192      8DD449E4 
 193 0225 C94904DD 		.ascii	"\311I\004\335\223\310W\223\230\377r\270\227#'\021\004"
 193      93C85793 
 193      98FF72B8 
 193      97232711 
 193      04
 194 0236 9C489F44 		.ascii	"\234H\237D\210tY\235(\364\274$\372[\351$\244\320\377"
 194      8874599D 
 194      28F4BC24 
 194      FA5BE924 
 194      A4D0FF
 195 0249 1EA31764 		.ascii	"\036\243\027dE\237\314@/$\371)\320\247d\303B7z\230j"
 195      459FCC40 
 195      2F24F929 
ARM GAS  /tmp/ccxNAtxm.s 			page 15


 195      D0A764C3 
 195      42377A98 
 196 025e A4A21749 		.ascii	"\244\242\027I\364\260\033=\242\320\037ut\016\350\022"
 196      F4B01B3D 
 196      A2D01F75 
 196      740EE812 
 197 026e DD047C97 		.ascii	"\335\004|\227\216^L\272\023\320\213\222\350\323\322"
 197      8E5E4CBA 
 197      13D08B92 
 197      E8D3D2
 198 027d 49B1429F 		.ascii	"I\261B\237\353Kv)\311\212\356d\240\227\222\374\024\350"
 198      EB4B7629 
 198      C98AEE64 
 198      A09792FC 
 198      14E8
 199 028f 33B261A9 		.ascii	"3\262a\251\033=J5R\321\313$z\324MUN\350'P\225%\251f"
 199      1B3D4A35 
 199      52D1CB24 
 199      7AD44D55 
 199      4EE82750 
 200 02a7 65937258 		.ascii	"e\223rX\303\230\263\254\263\234?\310[\002\371K@\337"
 200      C398B3AC 
 200      B39C3FC8 
 200      5B02F94B 
 200      40DF
 201 02b9 055F557D 		.ascii	"\005_U}MMu\335\371\313`\250\235Q[\177\255\252\272N\277"
 201      4D4D75DD 
 201      F9CB60A8 
 201      9D515B7F 
 201      ADAABA4E 
 202 02ce 5A7BA5FA 		.ascii	"Z{\245\372\372?91\365."
 202      FA3F3931 
 202      F52E
 203              		.text
 204              		.section	.gnu.lto_buffer_append_float16.9912955c1f81fb5d,"",%progbits
 205 0000 789C8D53 		.ascii	"x\234\215SKO\023Q\024\276\347\336\231\351kJK\033c\354"
 205      4B4F1351 
 205      14BEE7DE 
 205      99E96B4A 
 205      4B1B63EC 
 206 0014 4612D2B0 		.ascii	"F\022\322\2601\376\006\227.\375\013\202%1Q\026\030\022"
 206      31FE0697 
 206      2EFD0B82 
 206      25315116 
 206      1812
 207 0026 774C8194 		.ascii	"wL\201\224`0!\030\221@\300\230*\202T@\020\221\227\014"
 207      60302118 
 207      9140C098 
 207      2A825440 
 207      1091970C 
 208 003a E802A3A8 		.ascii	"\350\002\243\250\270\020\005\003\215@\203A\215<\264"
 208      B8100503 
 208      8D408341 
 208      8D3CB4
 209 0049 D484D473 		.ascii	"\324\204\324s\346\026\264\200\304&\2753\347\361}\337"
 209      E616B480 
 209      C426BD33 
ARM GAS  /tmp/ccxNAtxm.s 			page 16


 209      E7F17DDF 
 210 0059 79DC116C 		.ascii	"y\334\021l\377/\200\377c*cA|\202`\300\353^1\026\266"
 210      FF2F80FF 
 210      632A6341 
 210      7C8260C0 
 210      EB5E3116 
 211 006e 73007A61 		.ascii	"s\000za\300\3129\224\303g\276\306\241\316\354lt\025"
 211      C0CA3994 
 211      C367BEC6 
 211      A1CEEC6C 
 211      7415
 212 0080 DC310CE3 		.ascii	"\3341\014\343{\357T\370\214\011)\316\330\006\227<p\027"
 212      7BEF54F8 
 212      8C0929CE 
 212      D806973C 
 212      7017
 213 0092 0A306771 		.ascii	"\0120gq\254\347\227K\350\300\360}\260ks\312\265\302"
 213      ACE7974B 
 213      E8C0F07D 
 213      B06B73CA 
 213      B5C2
 214 00a4 531CF2C8 		.ascii	"S\034\362\310\034\252\237l\324\310\344\012\23135\265"
 214      1CAA9F6C 
 214      D4C8E40A 
 214      993335B5 
 215 00b4 2BB660D4 		.ascii	"+\266`\3240*\314\251^\343\224\222\342\002\332A \037"
 215      302ACCA9 
 215      5EE39492 
 215      E202DA41 
 215      201F
 216 00c6 744000EE 		.ascii	"t@\000\356A\200\241\213A'\004\011\2740rC\025~\213\327"
 216      4180A18B 
 216      41270409 
 216      BC307243 
 216      157E8BD7 
 217 00da 586F6ED5 		.ascii	"Xon\325\010i\230\253\011\013\251@l/Rap\337B\246\253"
 217      086998AB 
 217      090BA940 
 217      6C2F5261 
 217      70DF42A6 
 218 00ef 077F7844 		.ascii	"\007\177xD@\"kWb\016\211\254Y\324O\023\260\353\000`"
 218      40226B57 
 218      620E89AC 
 218      59D44F13 
 218      B0EB0060 
 219 0103 B7051C35 		.ascii	"\267\005\0345\327\2239\"\317\002\306\033Z\343\272,\266"
 219      D7933922 
 219      CF02C61B 
 219      5AE3BA2C 
 219      B6
 220 0114 23AA2150 		.ascii	"#\252!P\205\236\275@\225\301\003\010R\366Z\325\366\214"
 220      859EBD40 
 220      95C10308 
 220      52F65AD5 
 220      F68C
 221 0126 4BAB4219 		.ascii	"K\253B\031\257\234\017\364\202\006\370\354\366\231F"
 221      AF9C0FF4 
ARM GAS  /tmp/ccxNAtxm.s 			page 17


 221      8206F8EC 
 221      F69946
 222 0135 3A1DFD38 		.ascii	":\035\3758>\247\036\005\240\002q\316\250&HW\301C\323"
 222      3EA71E05 
 222      A00271CE 
 222      A8264857 
 222      C143D3
 223 0148 801AB601 		.ascii	"\200\032\266\001Q9\320as\322\341\302\203\3534\0177%"
 223      5139D061 
 223      73D2E1C2 
 223      83EB340F 
 223      3725
 224 015a E5E061F7 		.ascii	"\345\340a\367P\300KG.E}\024\365S\200\261%\324\244\355"
 224      50C04B47 
 224      2E457D14 
 224      F55380B1 
 224      25D4A4ED 
 225 016e 2D734E4F 		.ascii	"-sNO1\013\225\015\221D\233\233\312Hr\221\344\220\304"
 225      310B950D 
 225      91449B9B 
 225      CA487291 
 225      E490C4
 226 0181 C82C54BC 		.ascii	"\310,T\274\211\234\220>\005\335\354\035p\262\260\201"
 226      899C903E 
 226      05DDEC1D 
 226      70B2B081 
 227 0191 AB1D7DC3 		.ascii	"\253\035}\303J\376-l7\276\032\323&\215\252x:}\374\200"
 227      4AFE2D6C 
 227      37BE1AD3 
 227      268DAA78 
 227      3A7DFC80 
 228 01a5 056556DF 		.ascii	"\005eV\337\007\371I\256!\276\302\374p$C\361\342\323"
 228      07F949AE 
 228      21BEC2FC 
 228      702443F1 
 228      E2D3
 229 01b7 D6866E2D 		.ascii	"\326\206n-\337K#i\232Y\336\024\326\3629\231\267'\214"
 229      DF4B2369 
 229      9A59DE14 
 229      D6F23999 
 229      B7278C
 230 01ca 01410246 		.ascii	"\001A\002F|\265Vk\337\021p\354\354\361!\012\364\377"
 230      7CB5566B 
 230      DF1170EC 
 230      ECF1210A 
 230      F4FF
 231 01dc 11784402 		.ascii	"\021xD\002J\266\300\333\345\355\347\372\376\032\367"
 231      4AB6C0DB 
 231      E5EDE7FA 
 231      FE1AF7
 232 01eb 2D264331 		.ascii	"-&C1@\0246j\372\347\225DTdm\211H1N2\324\213\265\256"
 232      4014366A 
 232      FAE79544 
 232      54646D89 
 232      48314E32 
 233 0203 0D0E7B57 		.ascii	"\015\016{W\011\217AC\246A\032\230\003c\013K\257\247"
 233      098F4143 
ARM GAS  /tmp/ccxNAtxm.s 			page 18


 233      A6411A98 
 233      03630B4B 
 233      AFA7
 234 0215 EDD4137E 		.ascii	"\355\324\023~>h\366o\335\374\352n\201\346\260a\330S"
 234      3E68F66F 
 234      DDFCEA6E 
 234      81E6B061 
 234      D853
 235 0227 DC896A30 		.ascii	"\334\211j0D\3720\014-\200\302\225\365\221\3045U\302"
 235      44FA300C 
 235      2D80C295 
 235      F591C435 
 235      55C2
 236 0239 9D9261BA 		.ascii	"\235\222a\272\251\255\322C\014N`0\202\311X^=P\312a|"
 236      A9ADD243 
 236      0C4E6030 
 236      82C9585E 
 236      3D50CA61 
 237 024e A3C88714 		.ascii	"\243\310\207\024\224<_\375\014$\243\013\031I\244Q\223"
 237      943C5FFD 
 237      0C24A30B 
 237      1949A451 
 237      93
 238 025f B68E1B41 		.ascii	"\266\216\033A/\271\346#_\270t\272q\2124\375\353\015"
 238      2FB9E623 
 238      5FB874BA 
 238      718A34FD 
 238      EB0D
 239 0271 3195645D 		.ascii	"1\225d]v\006O\244\354{\233L\311\301\254\2542v\273\024"
 239      76064FA4 
 239      EC7B9B4C 
 239      C9C1ACAC 
 239      3276BB14 
 240 0285 0774892A 		.ascii	"\007t\211*:\214YU\231VU9r\302\337\242B\322y\016kd|w"
 240      3A8C5955 
 240      99565539 
 240      72C2DFA2 
 240      42D2790E 
 241 029d 302F3305 		.ascii	"0/3\005z\021\361\377\203\230\260$\275\331\203\310E\212"
 241      7A11F1FF 
 241      8398B024 
 241      BDD983C8 
 241      458A
 242 02af BF07E1B3 		.ascii	"\277\007\341\263\006\221k\365X\2753\010?]\247\177k`"
 242      06916BF5 
 242      58BD3308 
 242      3F5DA77F 
 242      6B60
 243 02c1 5BBE4C5B 		.ascii	"[\276L[O-\015?\233\207\2609\247\322\315\240\353\264"
 243      4F2D0D3F 
 243      9B87B039 
 243      A7D2CDA0 
 243      EBB4
 244 02d3 84B703BF 		.ascii	"\204\267\003\277,\374\316\034\205e\305\305\241\322\223"
 244      2CFCCE1C 
 244      8565C5C5 
 244      A1D293
ARM GAS  /tmp/ccxNAtxm.s 			page 19


 245 02e2 454C936F 		.ascii	"EL\223oZI\331\305\302P\251z\251\350\354\205\220z\276"
 245      5A49D9C5 
 245      C250A97A 
 245      A9E8EC85 
 245      907ABE
 246 02f5 E45CE8F2 		.ascii	"\344\\\350\362o\006|\302a"
 246      6F067CC2 
 246      61
 247              		.text
 248              		.section	.gnu.lto_buffer_append_float32.9912955c1f81fb5d,"",%progbits
 249 0000 789C6D91 		.ascii	"x\234m\221OK\033a\020\306\347\231w\367MBb+z\313\311"
 249      4F4B1B61 
 249      10C6E799 
 249      77F74D42 
 249      622B7ACB 
 250 0015 4BF022FD 		.ascii	"K\360\"\375\014\036=\372\025\252\215 T\017\026\241\027"
 250      0C1E3DFA 
 250      15AA8D20 
 250      540F16A1 
 250      17
 251 0026 F18D15AB 		.ascii	"\361\215\025\253 \"\036\254P\310%\024k\265\361\337I"
 251      20221EAC 
 251      50C82514 
 251      6BB5F1DF 
 251      49
 252 0037 69E9F652 		.ascii	"i\351\366RzI)x\020D\254\240-)\275h\242,\253H:\263{\263"
 252      7A492978 
 252      1044ACA0 
 252      2D29BD68 
 252      A22CAB48 
 253 004f 5DD87D67 		.ascii	"]\330}gf\347\367<\263\263\206\376\275\362r_\203\250"
 253      66E7F73C 
 253      B3B386FE 
 253      BDF2725F 
 253      83A8
 254 0061 20270C81 		.ascii	" '\014\201\027\277\021\225\322\014h@\240I\306$~\363"
 254      17BF1195 
 254      D20C6840 
 254      A049C624 
 254      7EF3
 255 0073 25633158 		.ascii	"%c1X_\311v\277q\316]4j\245\376\000\021\02359\321\301"
 255      5FC976BF 
 255      71CE5D34 
 255      6AA5FE00 
 255      11133539 
 256 0089 2ABAA5E7 		.ascii	"*\272\245\347\354\323\326M\326\344@\022\357U\257j\331"
 256      ECD3D64D 
 256      D6E44012 
 256      EF55AF6A 
 256      D9
 257 009a 3A478C2E 		.ascii	":G\214.M\367\227\276\256XM\331\323\364pn\276\236*T\234"
 257      4DF797BE 
 257      AE584DD9 
 257      D3F4706E 
 257      BE9E2A54 
 258 00af 9B0A6A3B 		.ascii	"\233\012j;\256\327\213\330\340-\214\350a\015y\274C\236"
 258      AED78BD8 
ARM GAS  /tmp/ccxNAtxm.s 			page 20


 258      E02D8CE8 
 258      610D79BC 
 258      439E
 259 00c1 A4445847 		.ascii	"\244DXGA\341\037\037^\371\2463\326u\215\327e\253\244"
 259      41E11F1F 
 259      5EF9A633 
 259      D6758DD7 
 259      65ABA4
 260 00d4 0BFEFC8A 		.ascii	"\013\376\374\212I\017\033\367I\217\360>&[/\367\256\037"
 260      490F1BF7 
 260      498FF03E 
 260      265B2FF7 
 260      AE1F
 261 00e6 9A7C42CE 		.ascii	"\232|B\316\32772\0119w\226\353S\260\372\037p3\006?\006"
 261      D7373209 
 261      397796EB 
 261      53B0FA1F 
 261      7033063F 
 262 00fb 8DF081E9 		.ascii	"\215\360\201\351\212\301\323\345\362i.\031v\255b\005"
 262      8AC1D3E5 
 262      F2692E19 
 262      76AD6205 
 263 010b F4B1751F 		.ascii	"\364\261u\037\364\011\333(h\367\345\364\335a\326N\213"
 263      F409DB28 
 263      68F7E5F4 
 263      DD61D64E 
 263      8B
 264 011c 4D7BB21F 		.ascii	"M{\262\037\354\300\312\216i\263#p\255V\345\370s\323"
 264      ECC0CA8E 
 264      69B32370 
 264      AD56E5F8 
 264      73D3
 265 012e CF003AA0 		.ascii	"\317\000:\240\354Y\334\214\372z\362\260\026\372\301"
 265      EC59DC8C 
 265      FA7AF2B0 
 265      16FAC1
 266 013d 29C45274 		.ascii	")\304Rt.\260\376\206\237\314z\232#\274X\236\371\262"
 266      2EB0FE86 
 266      9FCC7A9A 
 266      23BC589E 
 266      F9B2
 267 014f DAA67A21 		.ascii	"\332\246z!\233\220\021\312\233#L}\237\351Ij\236\224"
 267      9B9011CA 
 267      9B234C7D 
 267      9FE9496A 
 267      9E94
 268 0161 E958DC24 		.ascii	"\351X\334$\323Q\312\007\013U\236\270u\263.\035q\252"
 268      D351CA07 
 268      0B559EB8 
 268      75B32E1D 
 268      71AA
 269 0173 C9320576 		.ascii	"\3112\005v1A!'\315\251\210\323t\202R\320\364c\204\324"
 269      31412127 
 269      CDA988D3 
 269      748252D0 
 269      F46384D4 
 270 0187 146A26D6 		.ascii	"\024j&\326\231\201\361\241\241\342\330\243A\262IdG\307"
ARM GAS  /tmp/ccxNAtxm.s 			page 21


 270      9981F1A1 
 270      A1E2D8A3 
 270      41B24964 
 270      47C7
 271 0199 47068A63 		.ascii	"G\006\212c\376\263\301\307O\213\376\360\350\223\342"
 271      FEB3C1C7 
 271      4F8BFEF0 
 271      E893E2
 272 01a8 F3BF2F02 		.ascii	"\363\277/\002\264\020"
 272      B410
 273              		.text
 274              		.section	.gnu.lto_buffer_get_int16.9912955c1f81fb5d,"",%progbits
 275 0000 789C7553 		.ascii	"x\234uSKk\023Q\024>\347\336y%3yPW\006\027B\010\325\215"
 275      4B6B1351 
 275      143EE7DE 
 275      79253379 
 275      50570617 
 276 0018 BFC19F22 		.ascii	"\277\301\237\"j\012n\\T\004w\231\246\265\241\342B\202"
 276      6A0A6E5C 
 276      54047799 
 276      A6B5A1E2 
 276      4282
 277 002a D6A0B42A 		.ascii	"\326\240\264*\266\324Gmjl\255-D\263p!\212/\010\306\212"
 277      B6D4476D 
 277      6A6CAD2D 
 277      44B37021 
 277      8A2F08C6 
 278 003f D4A069A8 		.ascii	"\324\240i\250\013\305\232\2204E\215\347\314\0151\264"
 278      0BC59A90 
 278      34458DE7 
 278      CC0D31B4 
 279 004f 38CCDC3B 		.ascii	"8\314\334;\347\314\371\276\373}\347$\022v_\021z\022"
 279      E7CCF9BE 
 279      FB7DE724 
 279      12765F11 
 279      7A12
 280 0061 12601FED 		.ascii	"\022`\037\355(\001\305\205W\000C\226@\344\027@H\010"
 280      2801C585 
 280      57004396 
 280      40E41740 
 280      4808
 281 0073 4CE057B1 		.ascii	"L\340W\261)\360\305\347\255\232\263!Z\002\302@\341\225"
 281      29F0C5E7 
 281      AD9AB321 
 281      5A02C240 
 281      E195
 282 0085 D27A5D72 		.ascii	"\322z]r\210\202\303\213o\246\363N\377\264\353\272?r"
 282      8882C38B 
 282      6FA6F34E 
 282      FFB4EBBA 
 282      3F72
 283 0097 D951E7EC 		.ascii	"\331Q\347\354\201\226\020P\023\2003\030\301[\310\347"
 283      81961050 
 283      13803318 
 283      C15BC8E7 
 284 00a7 E06DECA7 		.ascii	"\340m\354\247\312/O\346\267m\351 \243\226\347\352/m"
 284      CA2F4FE6 
ARM GAS  /tmp/ccxNAtxm.s 			page 22


 284      B76DE920 
 284      A396E7EA 
 284      2F6D
 285 00b9 8F733F87 		.ascii	"\217s?\207+\351g\031\303\343\3248,\215\235\3370c7]7"
 285      2BE96719 
 285      C3E3D438 
 285      2C8D9DDF 
 285      3063375D 
 286 00ce 5958CDB9 		.ascii	"YX\315\271\207\265\226\220x\007%\263\336%\326Yb\245"
 286      87B59690 
 286      780725B3 
 286      DE25D659 
 286      62A5
 287 00e0 14E03D8C 		.ascii	"\024\340=\214Qu\276\360\263\031\224{<\336\362\370d\331"
 287      5175BEF0 
 287      B319947B 
 287      3CDEF2F8 
 287      64D9
 288 00f2 51C86D85 		.ascii	"Q\310m\205\324pn'R\003\314b\214\313k\325\342\224%\367"
 288      D4706E27 
 288      5203CC62 
 288      8CCB6BD5 
 288      E29425F7 
 289 0106 7AD0A7CF 		.ascii	"z\320\247\317W\037c\364\006\031)\377Z8RH^w\377\264\333"
 289      571F63F4 
 289      061929FF 
 289      5A385248 
 289      5E77FFB4 
 290 011b 486E705E 		.ascii	"Hnp^\021\3743\304\027!6G~\227lc\204\020a\274\217QvM"
 290      11FC33C4 
 290      17213647 
 290      7E976C63 
 290      841061BC 
 291 0133 66736820 		.ascii	"fsh m\234\311\366\025\334v\273\226\037\033\216fD\037"
 291      6D9CC9F6 
 291      15DC76BB 
 291      961F1B8E 
 291      66441F
 292 0146 F5968E95 		.ascii	"\365\226\216\225$@\327hA\035\331\200\301VLZ\014\213"
 292      2440D768 
 292      411DD980 
 292      C1564C5A 
 292      0C8B
 293 0158 16D3C78B 		.ascii	"\026\323\307\213\237\026\313\346\032\207\277\006\370"
 293      9F16CBE6 
 293      1A87BF06 
 293      F8
 294 0165 6B907321 		.ascii	"k\220s!`\3320S\000T\3508\036\326:5\234v\371\001\223"
 294      60DA3053 
 294      0054E838 
 294      1ED63A35 
 294      9C76F901 
 295 017a 8D73D525 		.ascii	"\215s\325%\037+h\012I\002?U^\277\265\270\255\232\247"
 295      1F2B680A 
 295      49023F55 
 295      5EBFB5B8 
 295      AD9AA7
ARM GAS  /tmp/ccxNAtxm.s 			page 23


 296 018d 7771EBDA 		.ascii	"wq\353\332\267\300\004^%S\276&\371z\300fp\001'\020\010"
 296      B7C0045E 
 296      2553BE26 
 296      F97AC066 
 296      70012710 
 297 01a2 BB962A6A 		.ascii	"\273\226*j\012\252\021\2322\303\031C\305t\353\224\345"
 297      0AAA119A 
 297      32C31943 
 297      C574EB94 
 297      E5
 298 01b3 A2865FA5 		.ascii	"\242\206_\245\314^v\271\223\335O\030\\\364\330\037v"
 298      CC5E76B9 
 298      93DD4F18 
 298      5CF4D81F 
 298      76
 299 01c4 D92BBA82 		.ascii	"\331+\272\202Z\204f\366\217\035v\222b\021|\352\322\370"
 299      5A8466F6 
 299      8F1D7692 
 299      62117CEA 
 299      D2F8
 300 01d6 ACCE6CA6 		.ascii	"\254\316l\246\005\270DX\002\275O\025Q\025\021\243\217"
 300      05B84458 
 300      02BD4F15 
 300      511511A3 
 300      8F
 301 01e7 41E9D1EF 		.ascii	"A\351\321\357)S\245l\222\204\007#\275B\035O\250\335"
 301      2953A56C 
 301      92840723 
 301      BD421D4F 
 301      A8DD
 302 01f9 2B34B04B 		.ascii	"+4\260K\231\323Q\366\250\253\254:#Uq\220\352\231\257"
 302      99D351F6 
 302      A8ABAC3A 
 302      23557190 
 302      EA99AF
 303 020c DEE10B79 		.ascii	"\336\341\013y\007\007\341\035\012o\254\324{J*\035\215"
 303      0707E11D 
 303      0A6FACD4 
 303      7B4A2A1D 
 303      8D
 304 021d CB1D5058 		.ascii	"\313\035PX\365\272\373\267\320\351\247\262\254\364\247"
 304      F5BAFBB7 
 304      D0E9A7B2 
 304      ACF4A7
 305 022c 3DF5FFED 		.ascii	"=\365\377\355\374\012) <\254\341P\241\335\031[\010x"
 305      FC0A2920 
 305      3CACE150 
 305      A1DD195B 
 305      0878
 306 023e B0C803A5 		.ascii	"\260\310\003\245\361\372\216\236\036\030\210\017\036"
 306      F1FA8E9E 
 306      1E18880F 
 306      1E
 307 024b 3A06867A 		.ascii	":\006\206z\323O\234<\036?#\007\343\247\376\002\011\263"
 307      D34F9C3C 
 307      1E3F2307 
 307      E3A7FE02 
ARM GAS  /tmp/ccxNAtxm.s 			page 24


 307      09B3
 308 025d 346F     		.ascii	"4o"
 309              		.text
 310              		.section	.gnu.lto_buffer_get_uint16.9912955c1f81fb5d,"",%progbits
 311 0000 789C7553 		.ascii	"x\234uS\337K\024Q\024\276\347\336\371\265;\263\353\232"
 311      DF4B1451 
 311      14BEE7DE 
 311      F9B53BB3 
 311      EB9A
 312 0012 4F2D4181 		.ascii	"O-A\201\210\364\022\321C\317\375-\225R/\021F\320\233"
 312      88F412D1 
 312      43CFFD2D 
 312      95522F11 
 312      46D09B
 313 0025 A389D20F 		.ascii	"\243\211\322\017(\226\224\301\330~ide\352jV\032\325"
 313      289694C1 
 313      D87E6964 
 313      65EA6A56 
 313      1AD5
 314 0037 BE044164 		.ascii	"\276\004Ad\004\221Q\262-\272\212=\024\331.\256\033\305"
 314      049151B2 
 314      2DBA8A3D 
 314      14D92EAE 
 314      1BC5
 315 0049 F69DB9CB 		.ascii	"\366\235\271\313&J\303\314\271s\316\234\357\273\337"
 315      264AC3CC 
 315      B973CE9C 
 315      EFBBDF
 316 0058 77CFAE12 		.ascii	"w\317\256\022\333\257$\236@\011\261\013+)A\362\362\234"
 316      DBAF249E 
 316      4009B10B 
 316      2B2941F2 
 316      F29C
 317 006a 105D8E24 		.ascii	"\020]\216$\342\027A\242SR'}\225k\222^/n\024\275UY\221"
 317      E21741A2 
 317      5352277D 
 317      956B925E 
 317      2F6E14BD 
 318 0081 2221900E 		.ascii	"\"!\220\016\316/\227\024\247$9}Z\234[\264Zo\373~\367"
 318      CE2F9714 
 318      A724397D 
 318      5A9C5BB4 
 318      5A6FFB7E 
 319 0096 8F5B9963 		.ascii	"\217[\231c\301\225\033T\221R\024\245\240;\224\244\021"
 319      C1951B54 
 319      915214A5 
 319      A03B94A4 
 319      11
 320 00a7 E28DE82E 		.ascii	"\342\215\350.\265\242u\351\305\304/Wy\304\260\231\261"
 320      B5A275E9 
 320      C5C42F57 
 320      79C4B099 
 320      B1
 321 00b8 D21B3724 		.ascii	"\322\0337$\335\303\351l\352U`\205\244\006\247\363\347"
 321      DDC3E96C 
 321      EA556085 
 321      A406A7F3 
ARM GAS  /tmp/ccxNAtxm.s 			page 25


 321      E7
 322 00c9 2EAEDA2D 		.ascii	".\256\332-C \315~\236\364\017\031\025\251\350\036)f"
 322      4320CD7E 
 322      9EF40F19 
 322      15A9E81E 
 322      2966
 323 00db BD0FD651 		.ascii	"\275\017\326Q\260\242$\350\001\265\240\373Y\366g9\256"
 323      B0A224E8 
 323      01B5A0FB 
 323      59F66739 
 323      AE
 324 00ec 9A42DEFC 		.ascii	"\232B\336\374\300\265\274\247\221\2775\322\240\261\255"
 324      C0B5BCA7 
 324      91BF35D2 
 324      A0B1AD
 325 00fb 4843D038 		.ascii	"HC\3208\265p{q\345\375\260\243v\206\320\347\305\276"
 325      B5707B71 
 325      E5FDB0A3 
 325      7686D0E7 
 325      C5BE
 326 010d 21AFF926 		.ascii	"!\257\371&\240\371\013K\275\236?\342\367\344\253\325"
 326      A0F90B4B 
 326      BD9E3FE2 
 326      F7E4ABD5 
 327 011d DDB04313 		.ascii	"\335\260C\023\232\341\237#\276\000Y\353\3713\357Z=\276"
 327      9AE19F23 
 327      BE0059EB 
 327      F933EF5A 
 327      3DBE
 328 012f EF272843 		.ascii	"\357'(C\315l\033n'\311\",\\\031\337\221\365\253\325"
 328      CD6C1B6E 
 328      27C9222C 
 328      5C19DF91 
 328      F5ABD5
 329 0142 A99799CC 		.ascii	"\251\227\231\314\376K\315M8]\354\253\240\3004\020\310"
 329      FE4BCD4D 
 329      385DECAB 
 329      A0C03410 
 329      C8
 330 0153 247660B1 		.ascii	"$v`\261\027\033\301r\020\354\010\207(\202\343r\217\307"
 330      171BC172 
 330      10EC0887 
 330      2882E372 
 330      8FC7
 331 0165 5F63FC35 		.ascii	"_c\3745\316\265\006\016\011\301\334\215\314#D\001{\362"
 331      CEB5060E 
 331      09C1DC8D 
 331      CC234401 
 331      7BF2
 332 0177 CC9671EC 		.ascii	"\314\226q\354X\325'\352^?\237\013\006\211u\224\245\202"
 332      58D527EA 
 332      5E3F9F0B 
 332      06897594 
 332      A582
 333 0189 CC2F85B7 		.ascii	"\314/\205\267\357\034>]#T=\275q\375[,MW1\251H\031\356"
 333      EF1C3E5D 
 333      23543DBD 
ARM GAS  /tmp/ccxNAtxm.s 			page 26


 333      71FD5B2C 
 333      4D5731A9 
 334 01a0 A6D8123D 		.ascii	"\246\330\022=\2444\011\200s}\005CC\015\240Q9\033X:\307"
 334      A4340980 
 334      737D0543 
 334      430DA051 
 334      391B583A 
 335 01b5 6DA2CA4D 		.ascii	"m\242\312M\353Q]\2627\263\253\255\354Q`h:d\177Tg/\231"
 335      EB515DB2 
 335      37B3ABAD 
 335      EC516068 
 335      3A647F54 
 336 01cc 1AEA00CD 		.ascii	"\032\352\000\315\354\0135vHq\000\037\356\037\0305\231"
 336      EC0B3576 
 336      4871001F 
 336      EE1F1835 
 336      99
 337 01dd CD76043D 		.ascii	"\315v\004=\006\026\240\217}\01357`\2140(\325\273\022"
 337      0616A08F 
 337      7D0B3537 
 337      608C3028 
 337      D5BB12
 338 01f0 9CD42517 		.ascii	"\234\324%\027\222hor\263P/\024\352n\026\032\333\246"
 338      92686F72 
 338      B3502F14 
 338      EA6E161A 
 338      DBA6
 339 0202 CCAB297B 		.ascii	"\314\253){RW\226\013\016\352\3468\372\231\257T\343k"
 339      5257960B 
 339      0EEAE638 
 339      FA99AF54 
 339      E36B
 340 0214 08378E87 		.ascii	"\0107\216\207]\266.%P\025\037H\206\303\3060P\321\272"
 340      5DB62E25 
 340      50151F48 
 340      86C3C630 
 340      50D1BA
 341 0227 BE070774 		.ascii	"\276\007\007tG\243>\373\372\337\305\304\017hF\373I\205"
 341      47A33EFB 
 341      FADFC5C4 
 341      0F6846FB 
 341      4985
 342 0239 6EFE3B89 		.ascii	"n\376;\211Y(\002^\344\250+\233\356\2559O\010\0365\361"
 342      5928025E 
 342      E4A82B9B 
 342      EEAD394F 
 342      081E35F1 
 343 024d 8831F0C8 		.ascii	"\2101\360\310\341\323\355\355m\035\373\216\010K\277"
 343      E1D3EDED 
 343      6D1DFB8E 
 343      084BBF
 344 025c 99C74F1C 		.ascii	"\231\307O\034m;\243:\332N\375\005Zo=S"
 344      6D3BA33A 
 344      DA4EFD05 
 344      5A6F3D53 
 345              		.text
 346              		.section	.gnu.lto_buffer_get_int32.9912955c1f81fb5d,"",%progbits
ARM GAS  /tmp/ccxNAtxm.s 			page 27


 347 0000 789C7594 		.ascii	"x\234u\224\373K\024Q\024\307\357\231;3\373t]_\253\273"
 347      FB4B1451 
 347      14C7EF99 
 347      3B33FB74 
 347      5D5FABBB 
 348 0014 2E158848 		.ascii	".\025\210H\277DD?\366C\177K\251\320/\021F\320o\216&"
 348      BF44443F 
 348      F6437F4B 
 348      A9D02F11 
 348      46D06F8E 
 349 0029 1B45842D 		.ascii	"\033E\204-\2658\206=\310\310\312|\246\251e.\004\"dI"
 349      B538863D 
 349      C8C8CA7C 
 349      A6A9652E 
 349      04226449 
 350 003d B0ACF460 		.ascii	"\260\254\364`[J7\013\212l\227]\025b;\347\336Q\366A\303"
 350      5B4A370B 
 350      8A6C975D 
 350      15623BE7 
 350      DE51F641 
 351 0052 EE99B9E7 		.ascii	"\356\231\271\347\234\357\231\317\271\217\341\254\374"
 351      9CEF99CF 
 351      B98FE1AC 
 351      FC
 352 005f 0AE05FD7 		.ascii	"\012\340_\327\030\013\342\0358\003\245\367-c]v\005\200"
 352      180BE21D 
 352      3803A5F7 
 352      2D635D76 
 352      0580
 353 0071 1E18B04E 		.ascii	"\036\030\260N\005:\341\273\262\251\300\354H\346\215"
 353      053AE1BB 
 353      B2A9C0EC 
 353      48E68D
 354 0080 6B43D956 		.ascii	"kC\331V\330\001\206\303\271\360R\237NCPi\370\2617\377"
 354      D80186C3 
 354      B9F0529F 
 354      4E435069 
 354      F8B137FF 
 355 0094 C3D372DF 		.ascii	"\303\323r\3370\214\337\341\311V\363\372\035\214(,\255"
 355      308CDFE1 
 355      C956F3FA 
 355      1D8C282C 
 355      AD
 356 00a5 30780001 		.ascii	"0x\000\001\030\002z\021<\204\026L\375\2720\266\343\342"
 356      18027A11 
 356      3C84164C 
 356      FDBA30B6 
 356      E3E2
 357 00b7 6E20D9EA 		.ascii	"n \331\352\245+\033\266\346{\206\321\035}?a\034W\267"
 357      A52B1BB6 
 357      E67B86D1 
 357      1D7D3F61 
 357      1C57B7
 358 00ca 150E8F80 		.ascii	"\025\016\217\200\027\352\320\305\34014c\366|\364O\316"
 358      17EAD0C5 
 358      E0313463 
 358      F67CF44F 
ARM GAS  /tmp/ccxNAtxm.s 			page 28


 358      CE
 359 00db C36B8432 		.ascii	"\303k\2042\031\271\225tK\345\216T\2520\\\252T\031<\201"
 359      19B99574 
 359      4BE58E54 
 359      AA305CAA 
 359      54193C81 
 360 00ef 664A4FA7 		.ascii	"fJO\247b\203v\356\027\322\341o+\206\326t\027Y\223\375"
 360      628376EE 
 360      17D2E16F 
 360      2B86D674 
 360      175993FD 
 361 0103 AF16DDC6 		.ascii	"\257\026\335\306\222\321\223\314\347\367#0\214\024W"
 361      92D193CC 
 361      E7F72330 
 361      8C1457
 362 0112 90174A36 		.ascii	"\220\027J6{\376\256\272\364\036\224xa\024\232\2501\354"
 362      7BFEAEBA 
 362      F41E9478 
 362      61149AA8 
 362      31EC
 363 0124 670C74C0 		.ascii	"g\014t\300\033yF\253\243F>\237^\2766~x\250i\037\316"
 363      1B7946AB 
 363      A3463E9F 
 363      5EBE367E 
 363      78A8691F 
 364 0139 1FBE9723 		.ascii	"\037\276\227#\201\246\242\001\015\250\003\235z\261\241"
 364      81A6A201 
 364      0DA8039D 
 364      7AB1A1
 365 0148 D1ED686C 		.ascii	"\321\355hl\0162N\012\273(\340\246@\005\371<d*\311x)"
 365      0E324E0A 
 365      BB28E0A6 
 365      4005F93C 
 365      642AC978 
 366 015d 5A45D16A 		.ascii	"ZE\321j\212\326\220\257\226L\035\031\037E\353)\332@"
 366      8AD690AF 
 366      964C1D19 
 366      1F45EB29 
 366      DA40
 367 016f 513FF9A8 		.ascii	"Q?\371\250k[##\244 \275\236\2615D\245\305\\\307\365"
 367      6B5B2323 
 367      A420BD9E 
 367      B13544A5 
 367      C55CC7F5 
 368 0183 C03BFF00 		.ascii	"\300;\377\000\335\331\313q3\002\204\237S8v\367ym\345"
 368      DDD9CB71 
 368      3302849F 
 368      533876F7 
 368      796DE5
 369 0196 9D9DD652 		.ascii	"\235\235\326R\025\315Nm\335\376Y1\0007\001g$\207\223"
 369      15CD4E6D 
 369      DDFE5931 
 369      00370167 
 369      248793
 370 01a9 324E3301 		.ascii	"2N3\001\0230\000\014\305\211\2131UJUT\243\347B\237."
 370      1330000C 
 370      C5898B31 
ARM GAS  /tmp/ccxNAtxm.s 			page 29


 370      554A5554 
 370      A3E7429F 
 371 01be C7F8D3D0 		.ascii	"\307\370\323\320KIY\247t\331\012\253\363\322\352v\324"
 371      4B4959A7 
 371      74D90AAB 
 371      F3D2EA76 
 371      D4
 372 01cf C0A4A8FE 		.ascii	"\300\244\250\376t\257\372\262\"\245\030\264Q\365O\241"
 372      74AFFAB2 
 372      22A518B4 
 372      51F54FA1 
 373 01df 354D7A1C 		.ascii	"5Mz\034\350\304\002fny\261\222\3529\032\030L\241\032"
 373      E8C40266 
 373      6E79B192 
 373      EA391A18 
 373      4CA11A
 374 01f2 93C2A184 		.ascii	"\223\302\241\204yFf9\021\001\016\006\012\301\\\002\314"
 374      79466639 
 374      11010E06 
 374      0AC15C02 
 374      CC
 375 0203 5908E62E 		.ascii	"Y\010\346.#qY$\323{$\307dj\005fK\220\214\325\270\007"
 375      23715924 
 375      D37B24C7 
 375      646A0566 
 375      4B908CD5 
 376 0219 9DA87FFD 		.ascii	"\235\250\177\375e+\355\026 ^\006\317$H&\0247c\326\324"
 376      652BED16 
 376      205E06CF 
 376      24482614 
 376      3763D6D4 
 377 022d 560A648F 		.ascii	"V\012d\217\344K\355\362y\221\017\305\375\253\353\031"
 377      E44BEDF2 
 377      79910FC5 
 377      FDABEB19 
 378 023d 2ECE0FEE 		.ascii	".\316\017\356\267\031(\342\255\022\274\336B\336\352"
 378      B71928E2 
 378      AD12BCDE 
 378      42DEEA
 379 024c 32DE2A8B 		.ascii	"2\336*\213w\266\224\267\006\263\213yk\321\211\372\301"
 379      77B694B7 
 379      06B38B79 
 379      6BD189FA 
 379      C1
 380 025d 1B91614D 		.ascii	"\033\221aM\360\332\031\314\355\362&\314\031\213\267"
 380      F0DA19CC 
 380      EDF226CC 
 380      198BB7
 381 026c 4E20D74A 		.ascii	"N \327J\336_\273\274>\311{ud0-f\235>\023\317\213y\353"
 381      DE5FBBBC 
 381      3EC97B75 
 381      64302D66 
 381      9D3E13CF 
 382 0283 05AFAF90 		.ascii	"\005\257\257\220\267\241\214\267\336\342}Q\312\353\307"
 382      B7A18CB7 
 382      DEE27D51 
 382      CAEBC7
ARM GAS  /tmp/ccxNAtxm.s 			page 30


 383 0292 6C899232 		.ascii	"l\211\2222\247-\224\200\240\361\313\274\270yTz\0331"
 383      A72D9480 
 383      A0F1CBBC 
 383      B879547A 
 383      1B31
 384 02a4 C0E22036 		.ascii	"\300\342 6\010\355p\364H\330\254yDf\004\345\206\336"
 384      08ED70F4 
 384      48D8AC79 
 384      446604E5 
 384      86DE
 385 02b6 FB38E1F1 		.ascii	"\3738\341\361\203y\001\333\035\026\245\377\273\275_"
 385      837901DB 
 385      1D16A5FF 
 385      BBBD5F
 386 02c5 2216EA59 		.ascii	"\"\026\352Y\002\272\242\013!\013\243\221\321\371\001"
 386      02BAA20B 
 386      210BA391 
 386      D1F901
 387 02d4 3A37788A 		.ascii	":7x\212\034'\316\265\267\267u\034:\311t\371\244\235"
 387      1C27CEB5 
 387      B7B7751C 
 387      3AC974F9 
 387      A49D
 388 02e6 3ADDDA76 		.ascii	":\335\332v\236w\264\235\375\007\230\017\266@"
 388      9E77B49D 
 388      FD07980F 
 388      B640
 389              		.text
 390              		.section	.gnu.lto_buffer_get_uint32.9912955c1f81fb5d,"",%progbits
 391 0000 789C7594 		.ascii	"x\234u\224\333O\023A\024\207\347\314l\267\333\013\245"
 391      DB4F1341 
 391      1487E7CC 
 391      6CB7DB0B 
 391      A5
 392 0011 E5DEA2D1 		.ascii	"\345\336\242\321\204\020\342\2131>\370\344\203\257\376"
 392      8410E28B 
 392      313EF8E4 
 392      83AFFE
 393 0020 1B2A445F 		.ascii	"\033*D_\214\301\230\370\306\202\244Fc\214!JJ\015^k\274"
 393      8CC198F8 
 393      C682A446 
 393      638C214A 
 393      4A0D5E6B 
 394 0035 80DC5140 		.ascii	"\200\334Q@\321>\021\022o1A\232()\215@\203\011\032\241"
 394      D13E1112 
 394      6F31419A 
 394      28298D40 
 394      83091AA1 
 395 0049 0D05A3D6 		.ascii	"\015\005\243\326sf\266\244\227\270i\317\356\234s~g\276"
 395      7366B6A4 
 395      97B869CF 
 395      EE9C737E 
 395      67BE
 396 005b 333BB382 		.ascii	"3;\263\202\225^\001\374\257i\214\355\302;\010\006\374"
 396      955E01FC 
 396      AF698CED 
 396      C23B0806 
ARM GAS  /tmp/ccxNAtxm.s 			page 31


 396      FC
 397 006c DA7BC6DA 		.ascii	"\332{\306\332\015\016@\017\014X\033\2076\370\306\327"
 397      0D0E400F 
 397      0C581B87 
 397      36F8C6D7 
 398 007c 394C0EA4 		.ascii	"9L\016\244\337\271V\3716g{\031\016\247\272fC:\015A\243"
 398      DFB956F9 
 398      36677B19 
 398      0EA7BA66 
 398      433A0D41 
 399 0091 616C3E14 		.ascii	"al>\024s4=0\315\216\237\367\306O\366\\\277\203\021\316"
 399      73343D30 
 399      CD8E9FF7 
 399      C64FF65C 
 399      BF8311CE 
 400 00a5 529CC143 		.ascii	"R\234\301C\010\300#\240\211\34014a\352\322\353\241_"
 400      08C023A0 
 400      89E03134 
 400      61EAD2EB 
 400      A15F
 401 00b7 2EE10629 		.ascii	".\341\006)\273te\325\336x\037e\321/#\346\021m\233\013"
 401      BB7465D5 
 401      DE781F65 
 401      D12F23E6 
 401      116D9B0B 
 402 00cb 7802225F 		.ascii	"x\002\"_\207.\006}\320\210\331\323\321\215\214GTJe\242"
 402      872E067D 
 402      D088D9D3 
 402      D18D8C47 
 402      544A65A2 
 403 00df FB56C2AD 		.ascii	"\373V\302\255\224\277\225R\203\376b\245\306\340)4Rz"
 403      94BF9552 
 403      83FE62A5 
 403      C6E02934 
 403      527A
 404 00f1 2A391731 		.ascii	"*9\0271\204_J\3076\222G\033\356\2422\321\2674\3436g"
 404      845F4AC7 
 404      3692471B 
 404      EEA232D1 
 404      B734E336 
 405 0106 CDCE4436 		.ascii	"\315\316D6\273\007ya\240\260\200\272P\261\336\371'\346"
 405      BB077961 
 405      A0B080BA 
 405      50B1DEF9 
 405      27E6
 406 0118 D23B4DD3 		.ascii	"\322;M\323\364\302 4P_\330\316\020\350\2007\362\014"
 406      F4C22034 
 406      505FD8CE 
 406      10E88037 
 406      F20C
 407 012a 5644CD6C 		.ascii	"VD\315lv\364\323\360\360\201\311\206\335\270|8\255@"
 407      76F4D3F0 
 407      F081C986 
 407      DDB87C38 
 407      AD40
 408 013c 009B8606 		.ascii	"\000\233\206\006l@\015\350\324\212\035\215n\240\261"
 408      6C400DE8 
ARM GAS  /tmp/ccxNAtxm.s 			page 32


 408      D48A1D8D 
 408      6EA0B1
 409 014b 3BC83829 		.ascii	";\3108)\354\242\200\233\002e\344\363\220)'\343\245\250"
 409      ECA2809B 
 409      0265E4F3 
 409      902927E3 
 409      A5A8
 410 015d 8FA21514 		.ascii	"\217\242\025\024\255$_\025\231j25\024\255\245h\035E"
 410      AD245F15 
 410      996A3235 
 410      14ADA568 
 410      1D45
 411 016f FDE40B30 		.ascii	"\375\344\0130\242\251\247\231\031[FJz\215+\370&\360"
 411      A2A9A799 
 411      195B464A 
 411      7A8D2BF8 
 411      26F0
 412 0181 2E3E43C7 		.ascii	".>C\307\346\345x8\004D\236\341\002\033[\\\376\360\321"
 412      E6E57838 
 412      04449EE1 
 412      021B5B5C 
 412      FEF0D1
 413 0194 A0B7A8C9 		.ascii	"\240\267\250\311>\307\267n\177/\353\205\233\260\315"
 413      3EC7B76E 
 413      7F2FEB85 
 413      9BB0CD
 414 01a3 8D0CAEC7 		.ascii	"\215\014\256\3070-\002\214@/0\024\307/.hJ\252\241\032"
 414      302D028C 
 414      402F3014 
 414      C72F2E68 
 414      4AAAA11A 
 415 01b7 3D1742BA 		.ascii	"=\027B\272\032\343\317\206^J\332t*\227=\277\272(\256"
 415      1AE3CF86 
 415      5E4ADA74 
 415      2A973DBF 
 415      BA28AE
 416 01ca EE400D8C 		.ascii	"\356@\015\214\312\352c;\325\347\270\222\342\324v\252"
 416      CAEA633B 
 416      D5E7B892 
 416      E2D476AA 
 417 01da BE105CB3 		.ascii	"\276\020\\\263)\017\246\033X\240'\363v\246\234\3529"
 417      290FA61B 
 417      58A027F3 
 417      76A69CEA 
 417      39
 418 01eb EB188CA3 		.ascii	"\353\030\214\243\032\223\272\202\311\360\031\225\345"
 418      1A93BA82 
 418      C9F01995 
 418      E5
 419 01f8 4404D817 		.ascii	"D\004\330\027\310\007sI0g>\230\273\204\304e\221<\333"
 419      C8077349 
 419      30673E98 
 419      BB84C465 
 419      913CDB
 420 020b 2139AC52 		.ascii	"!9\254R\3130[\201\244\255\306=\350D\375\233\257[)\267"
 420      CB305B81 
 420      A4ADC63D 
ARM GAS  /tmp/ccxNAtxm.s 			page 33


 420      E844FD9B 
 420      AF5B29B7 
 421 021f 04F13278 		.ascii	"\004\3612x\256@\322\301xx\336Z\332r\211\354Q|?r|^\344"
 421      AE40D2C1 
 421      7878DE5A 
 421      DA7289EC 
 421      517C3F72 
 422 0236 437138B6 		.ascii	"Cq8\266\222\026\362\344\340V\233\200\002^\237\344\365"
 422      9216F2E4 
 422      E0569B80 
 422      025E9FE4 
 422      F5
 423 0247 E6F35694 		.ascii	"\346\363V\224\360\372,\336\311b\336J\314.\344\255B'"
 423      F0FA2CDE 
 423      C962DE4A 
 423      CC2EE4AD 
 423      4227
 424 0259 EA2337BA 		.ascii	"\352#7\272\373m\222\327`0\225\343M\206',\336j\211\\"
 424      FB6D92D7 
 424      603095E3 
 424      4D86272C 
 424      DE6A895C 
 425 026d A5783773 		.ascii	"\245x7s\2745\212\367\352@$%W\235>\020/\012yk%oM>o]\011"
 425      BC358AF7 
 425      EA402425 
 425      579D3E10 
 425      2F0A796B 
 426 0288 6FADC5FB 		.ascii	"o\255\305\373\262\230\327\217\331\271\245;\244\\\001"
 426      B298D78F 
 426      D9B9A53B 
 426      A45C01
 427 0297 09E367F3 		.ascii	"\011\343g\363 7\003\355ft*\260\277\341\203*\251^m\336"
 427      203703ED 
 427      66742AB0 
 427      BFE1832A 
 427      A95E6DDE 
 428 02ab 9D4F109E 		.ascii	"\235O\020\2362\230\226`\035]\262\243\377n\345W\210\200"
 428      32989660 
 428      1D5DB2A3 
 428      FF6EE557 
 428      8880
 429 02bd 7A1687F6 		.ascii	"z\026\207\366\350z\320\352\236\016\3722\007:#xb\034"
 429      E87AD0EA 
 429      9E0EFA32 
 429      073A2378 
 429      621C
 430 02cf C7CEB5B4 		.ascii	"\307\316\265\2644\267\356?\316t\365d;u\372D\363y\321"
 430      34B7EE3F 
 430      CE74F564 
 430      3B75FA44 
 430      F379D1
 431 02e2 DA7CF61F 		.ascii	"\332|\366\0370!\256\320"
 431      3021AED0 
 432              		.text
 433              		.section	.gnu.lto_buffer_get_float16.9912955c1f81fb5d,"",%progbits
 434 0000 789C7D52 		.ascii	"x\234}R\335O\023A\020\337\331\355]\357hKK\201\007x\321"
 434      DD4F1341 
ARM GAS  /tmp/ccxNAtxm.s 			page 34


 434      10DFD9ED 
 434      5DEF684B 
 434      4B810778 
 435 0015 D8106262 		.ascii	"\330\020bb\214\217\276\351\243\177\206\212%11>@L|\343"
 435      8C8FBEE9 
 435      A37F868A 
 435      2531313E 
 435      404C7CE3 
 436 0029 2848D560 		.ascii	"(H\325`4$\"JP\010\030D+ \037\"\337\367`\214\037Q#!\""
 436      3424224A 
 436      50081844 
 436      2B201F22 
 436      DFF7608C 
 437 0042 06B10A34 		.ascii	"\006\261\0124\370\340\007\026)5\3029\263w\220\012\304"
 437      F8E00716 
 437      2935C239 
 437      B377900A 
 437      C4
 438 0053 4B6E7767 		.ascii	"Knwgv~\363\373\315\314\012\266\375+\304?\346bl\017\356"
 438      767EF3FB 
 438      CDCC0AB6 
 438      FD2BC43F 
 438      E6626C0F 
 439 0068 2018F02B 		.ascii	" \030\360+\257\030\253\3248\000\035\030\260\012\016"
 439      AF18ABD4 
 439      38001D18 
 439      B00A0E
 440 0077 15F0852F 		.ascii	"\025\360\205/q\030\354\\~\351Y\344i\316v34\207\352\236"
 440      7118EC5C 
 440      7EE959E4 
 440      69CE7633 
 440      3487EA9E 
 441 008b 36A86482 		.ascii	"6\250d\202\213\314\365\252\226Jw\361m\3030~\364\014"
 441      8BCCF5AA 
 441      964A77F1 
 441      6DC3307E 
 441      F40C
 442 009d CC149C3B 		.ascii	"\314\024\234;\222\346\234%9\203v(\204;@<\320\001\305"
 442      92E69C25 
 442      39837628 
 442      843B403C 
 442      D001C5
 443 00b0 183937DE 		.ascii	"\03097\336\375\333#\274@\250\251\013\265\213\356\242"
 443      FDDB23BC 
 443      40A8A90B 
 443      B58BEEA2 
 444 00c0 56C38898 		.ascii	"V\303\210\230\323=\306aW\232\013\270\013\"\023\207."
 444      D33DC661 
 444      579A0BB8 
 444      0B221387 
 444      2E
 445 00d1 06F7A008 		.ascii	"\006\367\240\010\243\255\350\340/\277\310\225H\243v"
 445      A3ADE8E0 
 445      2FBFC895 
 445      48A376
 446 00e0 31A613D2 		.ascii	"1\246\023\3220\277'$\222Cl+\022\215\373\0229j\376Le"
 446      30BF2724 
ARM GAS  /tmp/ccxNAtxm.s 			page 35


 446      92436C2B 
 446      128DFB12 
 446      396AFE4C 
 447 00f5 8B02898C 		.ascii	"\213\002\211\214\327\337\214{m\316\313\255*\352tA\347"
 447      D7DF8C7B 
 447      6DCECBAD 
 447      2AEA7441 
 447      E7
 448 0106 56A08B41 		.ascii	"V\240\213A\027\024Q\364R\365\332\224G\255F\236\000\225"
 448      171451F4 
 448      52F5DA94 
 448      47AD469E 
 448      0095
 449 0118 83557483 		.ascii	"\203Ut\203\012\270\341]21\331\246\211]2\353\213\317"
 449      0AB8E15D 
 449      3231D9A6 
 449      895D32EB 
 449      8BCF
 450 012a AB49AFEC 		.ascii	"\253I\257\354N\200\314\033S\013\313Bv\207\223\371\370"
 450      4E80CC1B 
 450      530BCB42 
 450      768793F9 
 450      F8
 451 013b F9F41884 		.ascii	"\371\364\030\204Z0K\374O\337Q3\322l\254[\026\244\271"
 451      5A304BFC 
 451      4FDF5133 
 451      D26CAC5B 
 451      16A4B9
 452 014e 020F6CEA 		.ascii	"\002\017l\352\036\244\356\225]\242\017\372 \324\025"
 452      1EA4EE95 
 452      5DA20FFA 
 452      20D415
 453 015d 340DCB4A 		.ascii	"4\015\313J~\370\324{`4\224\217\003\301\036\010 Y\012"
 453      7EF8D47B 
 453      6034948F 
 453      03C11E08 
 453      20590A
 454 0170 55A60295 		.ascii	"U\246\002\225\346\246\243\206\213\252\343\002Y\324-"
 454      E6A6A386 
 454      8BAAE302 
 454      59D42D
 455 017f 0F2E6E2F 		.ascii	"\017.n/.\232\217\226l\\t?\335\006\3506\207n\203\344"
 455      2E9A8F96 
 455      6C5C743F 
 455      DD06E836 
 455      876E83E4 
 456 0193 CB953479 		.ascii	"\313\2254y\004fl\036K\243\211/`\317p\027o!\"\353\270"
 456      04666C1E 
 456      4BA3892F 
 456      60CF7017 
 456      6F2122EB 
 457 01a8 D4D13BEC 		.ascii	"\324\321;\354\"\341\221\370\360\\\330\254\336\020\276"
 457      22E191F8 
 457      F05CD8AC 
 457      DE10BE
 458 01b7 6D4C8EF0 		.ascii	"mL\216\360~\010\2450\305\006|ba\355\231W\302\215\353"
 458      7E08A530 
ARM GAS  /tmp/ccxNAtxm.s 			page 36


 458      C5067C62 
 458      61ED9957 
 458      C28DEB
 459 01ca 46333F6F 		.ascii	"F3?oZ\326\241\035\032\356\200\037\022X\260\367\020Y"
 459      5AD6A11D 
 459      1AEE801F 
 459      1258B0F7 
 459      1059
 460 01dc B99818D0 		.ascii	"\271\230\030\320\377\351\276\231~\222O\001\304 g\220"
 460      FFE9BE99 
 460      7E924F01 
 460      C4206790 
 461 01ec E4B0653E 		.ascii	"\344\260e>T\016\203\001\300r\340\021\250)\256\341\375"
 461      540E8301 
 461      C072E011 
 461      A829AEE1 
 461      FD
 462 01fd C7F9D76F 		.ascii	"\307\371\327o4\032\004>r4\373Wo}\3655Ac\245ahi\236\205"
 462      341A043E 
 462      7234FB57 
 462      6F7DF535 
 462      4163A561 
 463 0215 74304802 		.ascii	"t0H\002`\010\232\200\230g\243\211v\335\206\353\230\001"
 463      60089A80 
 463      9867A389 
 463      76DD86EB 
 463      9801
 464 0227 5D550DAA 		.ascii	"]U\015\252mc4G\257\324\227e\273<\231\014b\007\006\017"
 464      6D633447 
 464      AFD49765 
 464      BB3C990C 
 464      6207060F 
 465 023b C2605832 		.ascii	"\302`X2\214l2\314+6\332\213\011\210`\306!\360\241\013"
 465      8C6C32CC 
 465      2B36DA8B 
 465      098860C6 
 465      21F0A10B 
 466 024f 33B45DAD 		.ascii	"3\264]\255\217)\224P\323\030\214\"\026A\357\242\223"
 466      8F299450 
 466      D3188C22 
 466      1641EFA2 
 466      93
 467 0260 60076563 		.ascii	"`\007ec\034\201\352j\276E\335\266\313\217\252`oa\246"
 467      1C81EA6A 
 467      BE45DDB6 
 467      CB8FAA60 
 467      6F61A6
 468 0273 D680D4EA 		.ascii	"\326\200\324\352\317\324\232\263\223\270\200#n,\243"
 468      CFD49AB3 
 468      93B88023 
 468      6E2CA3
 469 0282 7C61C707 		.ascii	"|a\307\007\021B)\227\235\224\271\222;\210\263\345\344"
 469      11422997 
 469      9D94B992 
 469      3B88B3E5 
 469      E4
 470 0293 A06EA3D3 		.ascii	"\240n\243\323\226\262r\315\001\345\331]\337|\376*Ny"
ARM GAS  /tmp/ccxNAtxm.s 			page 37


 470      96B272CD 
 470      01E5D95D 
 470      DF7CFE2A 
 470      4E79
 471 02a5 DC2EA14E 		.ascii	"\334.\241N\026\360\277\031\230(\002SP\360DM\242\361"
 471      16F0BF19 
 471      98280253 
 471      50F0444D 
 471      A2F1
 472 02b7 208D39C5 		.ascii	" \2159\305\025\207e\244f\237\355pK\237\312f\001\034"
 472      158765A4 
 472      669FED70 
 472      4B9FCA66 
 472      011C
 473 02c9 07A3070C 		.ascii	"\007\243\007\014\364p\361\031\353\307\317\224\226\206"
 473      F470F119 
 473      EBC7CF94 
 473      9686
 474 02d7 CBF69730 		.ascii	"\313\366\2270\325>)\345%\307N\205\225\223\247O\204\317"
 474      D53E29E5 
 474      25C74E85 
 474      9593A74F 
 474      84CF
 475 02e9 8AB270F9 		.ascii	"\212\262p\371_\243\210\236\024"
 475      5FA3889E 
 475      14
 476              		.text
 477              		.section	.gnu.lto_buffer_get_float32.9912955c1f81fb5d,"",%progbits
 478 0000 789C6590 		.ascii	"x\234e\220MkSA\024\206\317{&\367#$XQ\272H\026\322M\310"
 478      4D6B5341 
 478      1486CF7B 
 478      26F72324 
 478      5851BA48 
 479 0018 46FC0D2E 		.ascii	"F\374\015.\3737jL@\020\027\212\320M\3504i\242B\360\243"
 479      FB376A4C 
 479      4010178A 
 479      D04DE834 
 479      69A242F0 
 480 002d 85E22A20 		.ascii	"\205\342* \241\324\217\230\266n$\242\364\212\013\273"
 480      A1D48F98 
 480      B66E24A2 
 480      F48A0BBB 
 481 003d 690B7551 		.ascii	"i\013uQ\224 \201\246\222\256j\022\345r+\232\236\271"
 481      942081A6 
 481      92AE6A12 
 481      E5722B9A 
 481      9EB9
 482 004f 71217160 		.ascii	"q!q`\2309\207\363\314s\346(\372\177%e\177\000\321\005"
 482      983987F3 
 482      CC73E628 
 482      FA7F2565 
 482      7F00D105 
 483 0063 39A108FC 		.ascii	"9\241\010\374p\207h\336e\300\\\0104\307\230\303\021"
 483      708768DE 
 483      65C05C08 
 483      34C798C3 
 483      11
ARM GAS  /tmp/ccxNAtxm.s 			page 38


 484 0074 F718CDC6 		.ascii	"\367\030\315\306\217\355X\227\003\246)\222\360\315\342"
 484      8FED5897 
 484      03A62992 
 484      F0CDE2
 485 0083 D663DB84 		.ascii	"\326c\333\204\210\230\360O\361\311\274\223^\321Z\177"
 485      8898F04F 
 485      F1C9BC93 
 485      5ED15A7F 
 486 0093 EFBF6E25 		.ascii	"\357\277n%J\323\0013\015\230\260\212$\236\302x\360\014"
 486      4AD30133 
 486      0D98B08A 
 486      249EC278 
 486      F00C
 487 00a5 69A93CD8 		.ascii	"i\251<\330\\?\211\2518\014\265\177\257\322uR5\255\013"
 487      5C3F89A9 
 487      380CB57F 
 487      AFD27552 
 487      35AD0B
 488 00b8 DEE757FA 		.ascii	"\336\347W\372r$`\205\347P\377r\222\"\274@J\252\207w"
 488      72246085 
 488      E750FF72 
 488      9222BC40 
 488      4AAA8777 
 489 00cc 9A3F27D4 		.ascii	"\232?'\324\371\220\324\225n=jH\355\035\177\013IF}\234"
 489      F990D495 
 489      6E3D6A48 
 489      ED1D7F0B 
 489      49467D9C 
 490 00e0 94E06548 		.ascii	"\224\340eH\276\363\372\376\031\225\010\311\366r\265"
 490      BEF3FAFE 
 490      199508C9 
 490      F672B5
 491 00ef 1D1F391F 		.ascii	"\035\0379\037\324l\3513\202\3068\030!\254!e\252{\013"
 491      D46CE933 
 491      82C63818 
 491      21AC2165 
 491      AA7B0B
 492 0102 BFF763F6 		.ascii	"\277\367c\366\202x\316\232\357\310/\326a\313\300h\355"
 492      8278CE9A 
 492      EFC82FD6 
 492      61CBC068 
 492      ED
 493 0113 9CA787C3 		.ascii	"\234\247\207\303\332\356\373%\007Q\231\227\264\250`"
 493      DAEEFB25 
 493      07519997 
 493      B4A860
 494 0122 284B78CB 		.ascii	"(Kx\3136v\007F\357\206\215PG\266\231\351\241\004r\252"
 494      36760746 
 494      EF868D50 
 494      47B699E9 
 494      A10472AA 
 495 0136 164ADEA3 		.ascii	"\026J\336\243\217\223\3469\237-1U?\335op\376\227\276"
 495      8F93E639 
 495      9F2D3155 
 495      3FDD6F70 
 495      FE97BE
 496 0149 ABDD80ED 		.ascii	"\253\335\200\355\001\213\004\033\310\223\317\354\263"
ARM GAS  /tmp/ccxNAtxm.s 			page 39


 496      018B041B 
 496      C893CFEC 
 496      B3
 497 0156 0AD8A12F 		.ascii	"\012\330\241/(\354\225;\030!\206\222L\361m\371\342("
 497      28EC953B 
 497      18218692 
 497      4CF16DF9 
 497      E228
 498 0168 E1863987 		.ascii	"\341\2069\207\276\342o\205K\306\012c\023w\364\312\355"
 498      BEE26F85 
 498      4BC60A63 
 498      1377F4CA 
 498      ED
 499 0179 5C2E7BF3 		.ascii	"\\.{\363R\206\354\321\315\272\225\231\271\236\265\256"
 499      5286ECD1 
 499      CDBA9599 
 499      B99EB5AE 
 500 0189 DDB89A9D 		.ascii	"\335\270\232\235=\005p\000\241 "
 500      3D057000 
 500      A120
 501              		.text
 502              		.section	.gnu.lto_.symbol_nodes.9912955c1f81fb5d,"",%progbits
 503 0000 789C55C7 		.ascii	"x\234U\307\261\015\2000\020\004\301\363\277\215\337"
 503      B10D8030 
 503      1004C1F3 
 503      BF8DDF
 504 000f 76D1D702 		.ascii	"v\321\327\002\025 DA\004T\200(\004A@\300m\262\032\007"
 504      15204441 
 504      04548028 
 504      044140C0 
 504      6DB21A07 
 505 0023 70E0CB40 		.ascii	"p\340\313@`\336\001\022\313\032\260\304$6\232\330\351"
 505      60DE0112 
 505      CB1AB0C4 
 505      24369AD8 
 505      E9
 506 0034 E2CC2C2E 		.ascii	"\342\314,.,\342\211\223\270\262\212\203!nl\342\316."
 506      2CE28993 
 506      B8B28A83 
 506      216E6CE2 
 506      CE2E
 507 0046 1E1C7F7B 		.ascii	"\036\034\177{1\\\347\235|\004\266\367x\000\355\"8`"
 507      315CE79D 
 507      7C04B6F7 
 507      7800ED22 
 507      3860
 508              		.text
 509              		.section	.gnu.lto_.refs.9912955c1f81fb5d,"",%progbits
 510 0000 789C6366 		.ascii	"x\234cf```d\200\002\000\000=\000\005"
 510      60606064 
 510      80020000 
 510      3D0005
 511              		.text
 512              		.section	.gnu.lto_.decls.9912955c1f81fb5d,"",%progbits
 513 0000 789C8D57 		.ascii	"x\234\215W]P\024W\026\356\333\227\231\201f\230\030\242"
 513      5D501457 
 513      16EEDB97 
ARM GAS  /tmp/ccxNAtxm.s 			page 40


 513      99816698 
 513      18A2
 514 0012 989DDA87 		.ascii	"\230\235\332\207\341\305\252T\231P\013[\251<X\225T\345"
 514      E1C5AA54 
 514      99500B5B 
 514      A93C5895 
 514      54E5
 515 0024 2155A9CA 		.ascii	"!U\251\312V\366a\237\362@\021\031\023\253\014\261\004"
 515      56F6619F 
 515      F2401119 
 515      13AB0CB1 
 515      04
 516 0035 2A9BDD87 		.ascii	"*\233\335\207t\006b\010 \340\010\013h\222RH\014\376"
 516      74066208 
 516      20E0080B 
 516      68925248 
 516      0CFE
 517 0047 04758000 		.ascii	"\004u\200\000\016\277\362\263\010\362\243C\324\021\011"
 517      0EBFF2B3 
 517      08F2A343 
 517      D41109
 518 0056 20018988 		.ascii	" \001\211\210BD\034\005\231=\367\336\356\351\333N\017"
 518      42441C05 
 518      993DF7DE 
 518      EEE9DB4E 
 518      0F
 519 0067 9BAE3ACC 		.ascii	"\233\256:\314\275\247\357\371\356\367\235snw\203\005"
 519      BDA7EFF9 
 519      EEF79D73 
 519      6E778305 
 520 0077 41704409 		.ascii	"ApD\011B\020\256\177\307\011B3\022\004\370\021\336\025"
 520      4210AE7F 
 520      C7094233 
 520      1204F811 
 520      DE15
 521 0089 B4CB0A36 		.ascii	"\264\313\0126\000\346\007\233\000[\000[\006[\001{\012"
 521      00E6079B 
 521      005B005B 
 521      065B017B 
 521      0A
 522 009a 26428C05 		.ascii	"&B\214\005\314\012\026\017\266\031\011a\327\200\202"
 522      CC0A160F 
 522      B6190961 
 522      D78082
 523 00a9 43706DCA 		.ascii	"Cpm\312\330\003\326\002\326\003f\006\213\007K\000\353"
 523      D803D602 
 523      D6036606 
 523      8B074B00 
 523      EB
 524 00ba 067B1BEC 		.ascii	"\006{\033\354\254\022\213\224\370g/\177\004L\037\207"
 524      AC128B94 
 524      F8672F7F 
 524      044C1F87 
 525 00ca E9D800D3 		.ascii	"\351\330\000\323o\200I\364I\006\230\335\034f\202\001"
 525      6F8049F4 
 525      490698DD 
 525      1C668201 
ARM GAS  /tmp/ccxNAtxm.s 			page 41


 526 00da D68401D6 		.ascii	"\326\204\001\326B\004~\263\034V\342\006\374\026\014"
 526      42047EB3 
 526      1C56E206 
 526      FC160C
 527 00e9 3049DED5 		.ascii	"0I\336\325\372\360\230;\024\314x\216c\213\001\256\250"
 527      FAF0983B 
 527      14CC788E 
 527      638B01AE 
 527      A8
 528 00fa 6018E593 		.ascii	"`\030\345\223\3243f\003l\202\273\005\210\215sX+\021"
 528      D4336603 
 528      6C82BB05 
 528      888D7358 
 528      2B11
 529 010c B493BE88 		.ascii	"\264\223\276\210\345p\010\227\200\020\236\303x\205\343"
 529      E5700897 
 529      80109EC3 
 529      7885E3
 530 011b 234EF753 		.ascii	"#N\367S\003<\322c<\236/\002\336\213(\034O4\350G\322"
 530      033CD263 
 530      3C9E2F02 
 530      DE8B281C 
 530      4F34E847 
 531 0130 AF1287D7 		.ascii	"\257\022\207\327m\200\227\250\340\274\315aY\014\260"
 531      6D8097A8 
 531      E0BCCD61 
 531      590CB0
 532 013f ACCF709B 		.ascii	"\254\317p\233\215\200\245\362\342\361\254\006x\344\014"
 532      8D80A5F2 
 532      E2F1AC06 
 532      78E40C
 533 014e 5939BC1D 		.ascii	"Y9\274\035\034^\213\260q\376D%\336(\207\344\\FG\300"
 533      1C5E8BB0 
 533      71FE4425 
 533      DE2887E4 
 533      5C4647C0 
 534 0162 25987F82 		.ascii	"%\230\177\202\373&\244\341lF\306z\227D\324\\\273<\030"
 534      FB26A4E1 
 534      6C46C67A 
 534      9744D45C 
 534      BB3C18
 535 0175 3B27229B 		.ascii	";'\"\233\344 \323\363\356\276\0123L\255R\024\231\226"
 535      E420D3F3 
 535      EEBE0A33 
 535      4CAD5214 
 535      9996
 536 0187 5FBEDE18 		.ascii	"_\276\336\030\205!\3550\256\256\230\032\225\266\237"
 536      8521ED30 
 536      AEAE981A 
 536      95B69F
 537 0196 9465394F 		.ascii	"\224e9O\356\030A\032D\376\330\211K\026\374<]\364\371"
 537      EE18411A 
 537      44FED889 
 537      4B16FC3C 
 537      5DF4F9
 538 01a9 716FA105 		.ascii	"qo\241\005\342\023$z\253h\340p'\246\323 \271-\272\247"
 538      E213247A 
ARM GAS  /tmp/ccxNAtxm.s 			page 42


 538      AB68E070 
 538      27A6D320 
 538      B92DBAA7 
 539 01bd 97BF4748 		.ascii	"\227\277GH\332\226'\313.y\321-\343\027\005\264\335\216"
 539      DA9627CB 
 539      2E79D12D 
 539      E31705B4 
 539      DD8E
 540 01cf 5EB20BE8 		.ascii	"^\262\013\350\014\332\006\313\320I\264]@\247\221\035"
 540      0CDA06CB 
 540      D049B45D 
 540      40A7911D 
 541 01df FD88ECC2 		.ascii	"\375\210\354\302w\260\331\242\367\311$\222\345(T\213"
 541      77B0D9A2 
 541      F7C92492 
 541      E528548B 
 542 01ef 24740A61 		.ascii	"$t\012a\272\002RNv`\004\304\311k\337\377\335\030\364"
 542      BA02524E 
 542      766004C4 
 542      C96BDFFF 
 542      DD18F4
 543 0202 5C24D09A 		.ascii	"\\$\320\232\234\201-\004\364,\200\236\320@a\217\220"
 543      9C812D04 
 543      F42C809E 
 543      D040618F 
 543      90
 544 0213 ACB19B85 		.ascii	"\254\261\233\205\245\310\232O@Kr\344\230>\033]\374\003"
 544      A5C89A4F 
 544      404B72E4 
 544      983E1B5D 
 544      FC03
 545 0225 A0D4008A 		.ascii	"\240\324\000\212\200<\310\252\254\034\270\025x`\245"
 545      803CC8AA 
 545      AC1CB815 
 545      7860A5
 546 0234 39DC44A6 		.ascii	"9\334D\246\207\257\315,c\232C\221L\207\226j\274\321"
 546      87AFCD2C 
 546      639A4391 
 546      4C87966A 
 546      BCD1
 547 0246 F85F343D 		.ascii	"\370_4=\323\307Z\363\255\330\205\350d\371\301\350\250"
 547      D3C75AF3 
 547      ADD885E8 
 547      64F9C1E8 
 547      A8
 548 0257 04EBE225 		.ascii	"\004\353\342%Y^\017\322\013}\006\376\316\306\334S\230"
 548      595E0FD2 
 548      0B7D06FE 
 548      CEC6DC53 
 548      98
 549 0268 FA832C6B 		.ascii	"\372\203,kG\326zoX\230@\270rdS\215M@u@\244\036\210\240"
 549      47D67A6F 
 549      589840B8 
 549      7264538D 
 549      4D407540 
 550 0280 F3A0315E 		.ascii	"\363\2401^\321\330\010\316\246P\342<S4q\315@\373'Mc"
 550      D1D808CE 
ARM GAS  /tmp/ccxNAtxm.s 			page 43


 550      A650E23C 
 550      533471CD 
 550      40FB274D 
 551 0295 BC96B863 		.ascii	"\274\226\270c\236`\223\031m\223XJ\252\207hJZ`y\203\266"
 551      9E609319 
 551      6D93584A 
 551      AA87684A 
 551      5A607983 
 552 02aa BC594D89 		.ascii	"\274YM\211\361\356^\203\335A\203\367\266\313o\301\205"
 552      F1EE5E83 
 552      DD4183F7 
 552      B6CB6FC1 
 552      85
 553 02bb 4C68E0CE 		.ascii	"Lh\340\316\355\273\010\227\262I\355x\327' \316,\021"
 553      EDBB0897 
 553      B249ED78 
 553      D72720CE 
 553      2C11
 554 02cd B44048F4 		.ascii	"\264@H\364E\337\360\210\211\372\211\313B\330=\356n:"
 554      45DFF088 
 554      89FA89CB 
 554      42D83DEE 
 554      6E3A
 555 02df 635665B3 		.ascii	"cVe\263\022\010\241\374\243\013\260\261Y\331\270\035"
 555      1208A1FC 
 555      A30BB0B1 
 555      59D9B81D 
 556 02ef 9C1D21D9 		.ascii	"\234\035!\331\353Lv'\350h\323t\2305\331\376\206c\347"
 556      EB4C7627 
 556      E868D374 
 556      9835D9FE 
 556      8663E7
 557 0302 6D21D9D3 		.ascii	"m!\331\323\303Tv7,o\325\226w\352d\207\355\336e\260;"
 557      C3547637 
 557      2C6FD596 
 557      77EA6487 
 557      EDDE65B0 
 558 0317 A8F8F9D7 		.ascii	"\250\370\371\3273\001\223\256g\272u=\323\023\352\231"
 558      330193AE 
 558      67BA753D 
 558      D313EA99 
 559 0327 CAD52FC7 		.ascii	"\312\325/\307\342\242D\346C\357\321\323\326z\241!\030"
 559      E2A244E6 
 559      43EFD1D3 
 559      D67AA121 
 559      18
 560 0338 4D7DA406 		.ascii	"M}\244\006\275\210:K\274\007\274l!4\034\372/s\256\236"
 560      BD883A4B 
 560      BC07BC6C 
 560      21341CFA 
 560      2F73AE9E 
 561 034c 681C8ADB 		.ascii	"h\034\212\333Z\246P\333\024\205\336M\340v\271\210\266"
 561      5AA650DB 
 561      1485DE4D 
 561      E076B988 
 561      B6
 562 035d C2DF3E58 		.ascii	"\302\337>XJ\267\252X9s\020\343oY\372\253Vs\252,\216"
ARM GAS  /tmp/ccxNAtxm.s 			page 44


 562      4AB7AA58 
 562      397310E3 
 562      6F59FAAB 
 562      5673AA2C 
 563 0372 6FE5C9B3 		.ascii	"o\345\311\263\213wf\212p\245|\324E\232\017\211$\012"
 563      8B77668A 
 563      70A57CD4 
 563      459A0F89 
 563      240A
 564 0384 F5871220 		.ascii	"\365\207\022 \2201{\270\015 \007\004\226\365\037)6\341"
 564      90317BB8 
 564      0D200704 
 564      96F51F29 
 564      36E1
 565 0396 16865232 		.ascii	"\026\206R2\345\366E\341\036\244;\363\016v\346\313\347"
 565      E5F645E1 
 565      1EA43BF3 
 565      0E76E6CB 
 565      E7
 566 03a7 03F5D174 		.ascii	"\003\365\321t\032\014b\222\356\252\361\221\251\0305"
 566      1A0C6292 
 566      EEAAF191 
 566      A91835
 567 03b6 DDDE9F66 		.ascii	"\335\336\237fhu.\203\302A-\335\016-\333\256\360&\033"
 567      68752E83 
 567      C2412DDD 
 567      0E2DDBAE 
 567      F0261B
 568 03c9 816C3B94 		.ascii	"\201l;\224l\017\201s\230f[\254\273u\257@\012\325\261"
 568      6C0F8173 
 568      98665BAC 
 568      BB75AF40 
 568      0AD5B1
 569 03dc AB288100 		.ascii	"\253(\201\000\373\000\370\222\006|\031m\210|\305\020"
 569      FB00F892 
 569      067C196D 
 569      887CC510 
 570 03ec D9B03A55 		.ascii	"\331\260:UM]\215\022\365\221-FY!\246\316\215]\222B\325"
 570      4D5D8D12 
 570      F5912D46 
 570      5921A6CE 
 570      8D5D9242 
 571 0401 F999391F 		.ascii	"\371\2319\037\271\352r-\021\253s\215V\347\252Z\235\303"
 571      B9EA722D 
 571      11AB738D 
 571      56E7AA5A 
 571      9DC3
 572 0413 BE653B1E 		.ascii	"\276e;\036a\231\034\357\274_\033\013\3059\012\305\371"
 572      61991CEF 
 572      BC5F1B0B 
 572      C5390AC5 
 572      F9
 573 0424 C2AD1587 		.ascii	"\302\255\025\207\006\241\353\\q\256\253\305\361\323"
 573      06A1EB5C 
 573      71AEABC5 
 573      F1D3
 574 0432 E218F12D 		.ascii	"\342\030\361-h\031<i\243>\322\2037\024jU\353\201\230"
ARM GAS  /tmp/ccxNAtxm.s 			page 45


 574      68193C69 
 574      A33ED283 
 574      37146A55 
 574      EB8198
 575 0445 10DF31E6 		.ascii	"\020\3371\346\354?\235\263\030\033\221\3578\345{S\345"
 575      EC3F9DB3 
 575      181B91EF 
 575      38E57B53 
 575      E5
 576 0456 5BE36DBB 		.ascii	"[\343m\273\207\360\014#\274\352\231\273a\245\335tt\320"
 576      87F00C23 
 576      BCEA99BB 
 576      61A5DD74 
 576      74D0
 577 0468 23BF912B 		.ascii	"#\277\221+\257A\315I\004\372\205#\373\213Jv\202\222"
 577      AF41CD49 
 577      04FA8523 
 577      FB8B4A76 
 577      8292
 578 047a 6D6F0BF4 		.ascii	"mo\013\364J\3701C(\314\233\274(a\227\250\353\244D\326"
 578      4AF83143 
 578      28CC9BBC 
 578      286197A8 
 578      EBA444D6 
 579 048e 4913471E 		.ascii	"I\023G\036\177\027C\247\344\231\360\034)y\337\254\\"
 579      7F1743A7 
 579      E499F01C 
 579      2979DFAC 
 579      5C
 580 049f 1D3ABA5E 		.ascii	"\035:\272^w\357\237I\311g@\337\224V\362D\276\342a'\367"
 580      77EF9F49 
 580      C96740DF 
 580      9456F244 
 580      BEE26127 
 581 04b4 57A878A2 		.ascii	"W\250x\242R\361[\340\234f\275\324\263\326\226kR_\"a"
 581      52F15BE0 
 581      9C66BDD4 
 581      B3D6966B 
 581      525F2261 
 582 04c8 41B70D82 		.ascii	"A\267\015\202\224\367\210\233v\335,P\230\324(\314p\357"
 582      94F7889B 
 582      76DD2C50 
 582      98D428CC 
 582      70EF
 583 04da 11A3DAB8 		.ascii	"\021\243\332\270\213\353\3630\365\221\3009\245\227n"
 583      8BEBF330 
 583      F591C039 
 583      A5976E
 584 04e9 2ED46BBD 		.ascii	".\324k\275\364\033s\366]\377\372\224\030\2616\363\264"
 584      F41B73F6 
 584      5DFFFA94 
 584      18B136F3 
 584      B4
 585 04fa 3677D4DA 		.ascii	"6w\324\332\\9^;\217\361\001\226\314\371SW\207\261\332"
 585      5C395E3B 
 585      8FF10196 
 585      CCF95357 
ARM GAS  /tmp/ccxNAtxm.s 			page 46


 585      87B1DA
 586 050d 4CE57C33 		.ascii	"L\345|3A\024\272\313\325\347\256Z\237\205\210\315\324"
 586      4114BACB 
 586      D5E7AE5A 
 586      9F8588CD 
 586      D4
 587 051e F4A4ED89 		.ascii	"\364\244\355\211H};b\321=F-X61eV}\367\231\257\376\370"
 587      487D3B62 
 587      D13D462D 
 587      58363165 
 587      567DF799 
 588 0535 BD0614D2 		.ascii	"\275\006\024\322\260\310\234\347\232\232\327\244\210"
 588      B0C89CE7 
 588      9A9AD7A4 
 588      88
 589 0542 1A7EA71A 		.ascii	"\032~\247\032\226T\015\035Oo\217`\\\3054|\263V\363O"
 589      96540D1D 
 589      4F6F8F60 
 589      5CC5347C 
 589      B356F34F 
 590 0556 2AE1E8BC 		.ascii	"*\341\350\274\326^\020\200\036p\364\037\250\364\227"
 590      D65E1080 
 590      1E70F41F 
 590      A8F497
 591 0565 29FDAFFD 		.ascii	")\375\257\375\005m\022nb\000e\277u,[\030\302}=\302C"
 591      056D126E 
 591      620065BF 
 591      752C5B18 
 591      C27D3DC2 
 592 057a 0EE1A18A 		.ascii	"\016\341\241\212\260B\021\212}}\315&I\371\234\310\373"
 592      B042118A 
 592      7D7DCD26 
 592      49F99CC8 
 592      FB
 593 058b 3F9F13E4 		.ascii	"?\237\023\344\255\336P}\302\246{\352?\322=\365\003\033"
 593      ADDE507D 
 593      C2A67BEA 
 593      3FD23DF5 
 593      031B
 594 059d 3EF57D95 		.ascii	">\365}\225KE&\352\203u\3501KY\245\247\265\337\304\247"
 594      4B4526EA 
 594      8375E831 
 594      4B59A5A7 
 594      B5DFC4A7 
 595 05b1 AC4587B8 		.ascii	"\254E\207\270Js\366D\315\231g<\260\025\0171\305\301"
 595      4A73F644 
 595      CD99673C 
 595      B0150F31 
 595      C5C1
 596 05c3 C5893A33 		.ascii	"\305\211:3=\222\223\253\236\364\016\2528'\232\206\240"
 596      3D9293AB 
 596      9EF40EAA 
 596      38279A86 
 596      A0
 597 05d4 354EF39A 		.ascii	"5N\363\232\252\371i\304\242\353\231\2553fW\217\367\254"
 597      AAF969C4 
 597      A2EB99AD 
ARM GAS  /tmp/ccxNAtxm.s 			page 47


 597      3366578F 
 597      F7AC
 598 05e6 609E994F 		.ascii	"`\236\231O\307L\026\011\263\240\312\254\177n\377,\306"
 598      C74C1609 
 598      B3A0CAAC 
 598      7F6EFF2C 
 598      C6
 599 05f7 138C5AEE 		.ascii	"\023\214Z\356\243\301wh-&\363\273z\255r\237\334\021"
 599      A3C17768 
 599      2D26F3BB 
 599      7AAD729F 
 599      DC11
 600 0609 0CBE4E43 		.ascii	"\014\276NC\320\347\242\306\014\306\214\231K\374c\314"
 600      D0E7A2C6 
 600      0CC68C99 
 600      4BFC63CC 
 601 0619 7244EA1C 		.ascii	"rD\352\0349r\377\226\216\231\376\335\373\005e\226+*"
 601      3972FF96 
 601      8E99FEDD 
 601      FB056596 
 601      2B2A
 602 062b CCE61F8E 		.ascii	"\314\346\037\216\024\332\360\022cVwl|NIZe5G\015b\320"
 602      14DAF012 
 602      6356776C 
 602      7C4E495A 
 602      6535470D 
 603 0641 7E8EDA7E 		.ascii	"~\216\332~\225\332\227\177\220Z\036\243Vre\241R\367"
 603      95DA977F 
 603      905A1EA3 
 603      567265A1 
 603      52F7
 604 0653 849DD551 		.ascii	"\204\235\325Q\313\247\324\276R\251\015\370G\313\341"
 604      CBA7D4BE 
 604      52A90DF8 
 604      47CBE1
 605 0662 998829B5 		.ascii	"\231\210)\265\034_}\020\261\254\235\344\263\0061\250"
 605      1C5F7D10 
 605      B1AC9DE4 
 605      B30631A8 
 606 0672 80A356A0 		.ascii	"\200\243V\240R+\214HMw\210\0170f\243\207sK\236\013\321"
 606      522B8C48 
 606      4D77880F 
 606      3066A387 
 606      734B9E0B 
 607 0687 2D62CE96 		.ascii	"-b\316\226\313\303\327\242x\272\260^c[B\331\026\253"
 607      CBC3D7A2 
 607      78BAB05E 
 607      635B42D9 
 607      16AB
 608 0699 6C3B0F15 		.ascii	"l;\017\025\334\215\303\245\214\355\245\306\365\323\354"
 608      DC8DC3A5 
 608      8CEDA5C6 
 608      F5D3EC
 609 06a8 BC4D7AA7 		.ascii	"\274Mz\247\235\254\3730\015A\0079\262\007U\262nJv\255"
 609      9DACFB30 
 609      0D410739 
 609      B20755B2 
ARM GAS  /tmp/ccxNAtxm.s 			page 48


 609      6E4A76AD 
 610 06bc BEBDDD86 		.ascii	"\276\275\335\206\177P\004\227^8\027\307\216l{\265\231"
 610      7F500497 
 610      5E3817C7 
 610      8E6C7BB5 
 610      99
 611 06cd C9A50087 		.ascii	"\311\245\000\2078\200C*@)S;\336\352\325\177w\221w\220"
 611      3880432A 
 611      4029533B 
 611      DEEAD57F 
 611      77917790 
 612 06e1 46B94CA4 		.ascii	"F\271L\244'\220\374.\211\270\324\357uY\220\335.U\220"
 612      2790FC2E 
 612      89B8D4EF 
 612      755990DD 
 612      2E5590
 613 06f4 7F65F20E 		.ascii	"\177e\362\016\256\177\306\276\276\203\305\026T!J\002"
 613      AE7FC6BE 
 613      BE83C516 
 613      54214A02 
 614 0704 71C39729 		.ascii	"q\303\227)\242\023\303\317^\201\336\022\320\177D;*\027"
 614      A213C3CF 
 614      5E81DE12 
 614      D07F443B 
 614      2A17
 615 0716 ED744A92 		.ascii	"\355tJ\222YsqZ\377/\003i \215F\245B\203\374Z\262wgd"
 615      5973715A 
 615      FF2F0369 
 615      208D46A5 
 615      4283FC5A 
 616 072e BD969A65 		.ascii	"\275\226\232e~\353o\377p\274)\304\244\246*\216\277&"
 616      7EEB6FFF 
 616      70BC29C4 
 616      A4A62A8E 
 616      BF26
 617 0740 6567EE4B 		.ascii	"eg\356KJ\333\367\321\313\031\037g8_v\246\275\277;iw"
 617      4ADBF7D1 
 617      CB191F67 
 617      385F76A6 
 617      BDBF3B69 
 618 0755 C6CE3DD9 		.ascii	"\306\316=\331\351\316\244\217\322v~\270;\303\231\224"
 618      E9CEA48F 
 618      D2767EB8 
 618      3BC39994 
 619 0765 9AEEDC95 		.ascii	"\232\356\334\225\226\275'+5\353\323\275\316\314W>\024"
 619      96BD272B 
 619      35EBD3BD 
 619      CECC573E 
 619      14
 620 0776 5EDA2028 		.ascii	"^\332 (\363\323\314\244\324\314\254t\200\207\225\026"
 620      F3D3CCA4 
 620      D4CCAC74 
 620      80879516 
 621 0786 F8F9CBAB 		.ascii	"\370\371\313\253\251Y\260\2412\"\236\224d\325CF/\274"
 621      A959B0A1 
 621      32229E94 
 621      64D54346 
ARM GAS  /tmp/ccxNAtxm.s 			page 49


 621      2FBC
 622 0798 9FBD6B97 		.ascii	"\237\275k\227s_j\332\336\275\316\214t\266.\206\371^"
 622      735F6ADA 
 622      DEBDCE8C 
 622      74B62E86 
 622      F95E
 623 07aa D9294467 		.ascii	"\331)Dg+\201\022\343L\206\233\365\021\314\035\016\223"
 623      2B8112E3 
 623      4C869BF5 
 623      11CC1D0E 
 623      93
 624 07bb 924C83C9 		.ascii	"\222L\203\311\036J0\031\032\004\247$o\321;w\355\371"
 624      1E4A3019 
 624      1A04A724 
 624      6FD13B77 
 624      EDF9
 625 07cd 380D20   		.ascii	"8\015 "
 626 07d0 8DBC29C9 		.ascii	"\215\274)\311\233\024\357\007\316,F\366y\316\301\270"
 626      9B14EF07 
 626      CE2C46F6 
 626      79CEC1B8 
 627 07e0 3CB32425 		.ascii	"<\263$%\371\331%)\311\361\234G\331.\314\225\222\374"
 627      F9D92529 
 627      C9F19C47 
 627      D92ECC95 
 627      92FC
 628 07f2 3F9251FD 		.ascii	"?\222Q\375c"
 628      63
 629              		.text
 630              		.section	.gnu.lto_.symtab.9912955c1f81fb5d,"",%progbits
 631 0000 62756666 		.ascii	"buffer_append_int16\000\000\000\000\000\000\000\000"
 631      65725F61 
 631      7070656E 
 631      645F696E 
 631      74313600 
 632 001b 00000000 		.ascii	"\000\000\000\000\313\000\000\000buffer_append_uint1"
 632      CB000000 
 632      62756666 
 632      65725F61 
 632      7070656E 
 633 0036 36000000 		.ascii	"6\000\000\000\000\000\000\000\000\000\000\000\000\331"
 633      00000000 
 633      00000000 
 633      00D9
 634 0044 00000062 		.ascii	"\000\000\000buffer_append_int32\000\000\000\000\000"
 634      75666665 
 634      725F6170 
 634      70656E64 
 634      5F696E74 
 635 005f 00000000 		.ascii	"\000\000\000\000\000\000\000\337\000\000\000buffer_"
 635      000000DF 
 635      00000062 
 635      75666665 
 635      725F
 636 0071 61707065 		.ascii	"append_uint32\000\000\000\000\000\000\000\000\000\000"
 636      6E645F75 
 636      696E7433 
ARM GAS  /tmp/ccxNAtxm.s 			page 50


 636      32000000 
 636      00000000 
 637 0088 0000ED00 		.ascii	"\000\000\355\000\000\000buffer_append_float16\000\000"
 637      00006275 
 637      66666572 
 637      5F617070 
 637      656E645F 
 638 00a5 00000000 		.ascii	"\000\000\000\000\000\000\000\000\000\000\364\000\000"
 638      00000000 
 638      0000F400 
 638      00
 639 00b2 00627566 		.ascii	"\000buffer_append_float32\000\000\000\000\000\000\000"
 639      6665725F 
 639      61707065 
 639      6E645F66 
 639      6C6F6174 
 640 00cf 00000000 		.ascii	"\000\000\000\000\000\366\000\000\000buffer_get_int1"
 640      00F60000 
 640      00627566 
 640      6665725F 
 640      6765745F 
 641 00e7 36000000 		.ascii	"6\000\000\000\000\000\000\000\000\000\000\000\000\375"
 641      00000000 
 641      00000000 
 641      00FD
 642 00f5 00000062 		.ascii	"\000\000\000buffer_get_uint16\000\000\000\000\000\000"
 642      75666665 
 642      725F6765 
 642      745F7569 
 642      6E743136 
 643 010f 00000000 		.ascii	"\000\000\000\000\000\000\002\001\000\000buffer_get_"
 643      00000201 
 643      00006275 
 643      66666572 
 643      5F676574 
 644 0124 696E7433 		.ascii	"int32\000\000\000\000\000\000\000\000\000\000\000\000"
 644      32000000 
 644      00000000 
 644      00000000 
 644      00
 645 0135 07010000 		.ascii	"\007\001\000\000buffer_get_uint32\000\000\000\000\000"
 645      62756666 
 645      65725F67 
 645      65745F75 
 645      696E7433 
 646 014f 00000000 		.ascii	"\000\000\000\000\000\000\000\014\001\000\000buffer_"
 646      0000000C 
 646      01000062 
 646      75666665 
 646      725F
 647 0161 6765745F 		.ascii	"get_float16\000\000\000\000\000\000\000\000\000\000"
 647      666C6F61 
 647      74313600 
 647      00000000 
 647      00000000 
 648 0176 00001201 		.ascii	"\000\000\022\001\000\000buffer_get_float32\000\000\000"
 648      00006275 
ARM GAS  /tmp/ccxNAtxm.s 			page 51


 648      66666572 
 648      5F676574 
 648      5F666C6F 
 649 0191 00000000 		.ascii	"\000\000\000\000\000\000\000\000\000\024\001\000\000"
 649      00000000 
 649      00140100 
 649      00
 650              		.text
 651              		.section	.gnu.lto_.opts,"",%progbits
 652 0000 272D666E 		.ascii	"'-fno-trapv' '-mcpu=cortex-m4' '-mfloat-abi=hard' '"
 652      6F2D7472 
 652      61707627 
 652      20272D6D 
 652      6370753D 
 653 0033 2D6D6670 		.ascii	"-mfpu=fpv4-sp-d16' '-mno-thumb-interwork' '-mthumb'"
 653      753D6670 
 653      76342D73 
 653      702D6431 
 653      36272027 
 654 0066 20272D67 		.ascii	" '-ggdb' '-O2' '-fomit-frame-pointer' '-falign-func"
 654      67646227 
 654      20272D4F 
 654      32272027 
 654      2D666F6D 
 655 0099 74696F6E 		.ascii	"tions=16' '-ffunction-sections' '-fdata-sections' '"
 655      733D3136 
 655      2720272D 
 655      6666756E 
 655      6374696F 
 656 00cc 2D666E6F 		.ascii	"-fno-common' '-flto' '-fsingle-precision-constant'\000"
 656      2D636F6D 
 656      6D6F6E27 
 656      20272D66 
 656      6C746F27 
 657              		.text
 658              		.comm	__gnu_lto_v1,1,1
 659              		.comm	__gnu_lto_slim,1,1
 660              		.ident	"GCC: (GNU Tools for ARM Embedded Processors) 4.9.3 20150529 (release) [ARM/embedded-4_9-br
ARM GAS  /tmp/ccxNAtxm.s 			page 52


DEFINED SYMBOLS
                            *ABS*:0000000000000000 buffer.c
                            *COM*:0000000000000001 __gnu_lto_v1
                            *COM*:0000000000000001 __gnu_lto_slim

NO UNDEFINED SYMBOLS
