ARM GAS  /tmp/ccnP8DiZ.s 			page 1


   1              		.syntax unified
   2              		.cpu cortex-m4
   3              		.eabi_attribute 27, 1
   4              		.eabi_attribute 28, 1
   5              		.fpu fpv4-sp-d16
   6              		.eabi_attribute 20, 1
   7              		.eabi_attribute 21, 1
   8              		.eabi_attribute 23, 3
   9              		.eabi_attribute 24, 1
  10              		.eabi_attribute 25, 1
  11              		.eabi_attribute 26, 1
  12              		.eabi_attribute 30, 2
  13              		.eabi_attribute 34, 1
  14              		.eabi_attribute 18, 4
  15              		.thumb
  16              		.file	"chcore_v7m.c"
  17              		.text
  18              	.Ltext0:
  19              		.section	.gnu.lto_.profile.98e976703046b725,"",%progbits
  20 0000 789C6366 		.ascii	"x\234cf```a\200\000F\006s%\000\001\004\000b"
  20      60606061 
  20      80004606 
  20      73250001 
  20      040062
  21              		.text
  22              		.section	.gnu.lto_.jmpfuncs.98e976703046b725,"",%progbits
  23 0000 789C6366 		.ascii	"x\234cf\300\016x\24143\214`\001b\000\002\024\000\033"
  23      C00E78A1 
  23      34338C60 
  23      01620002 
  23      14001B
  24              		.text
  25              		.section	.gnu.lto_.inline.98e976703046b725,"",%progbits
  26 0000 789C6366 		.ascii	"x\234cf\300\016\334\24143\003\203\220$#\003\223\324"
  26      C00EDCA1 
  26      34330383 
  26      90242303 
  26      93D4
  27 0012 81DD8C0C 		.ascii	"\201\335\214\014l\013\344\231@\202L\334`\031.n\240\004"
  27      6C0BE499 
  27      40824CDC 
  27      60192E6E 
  27      A004
  28 0024 CF9C48B8 		.ascii	"\317\234H\2708#\027\220`a\340\001\211\013]\350Ah`\000"
  28      38231790 
  28      6061E001 
  28      890B5DE8 
  28      41686000 
  29 0038 00133F07 		.ascii	"\000\023?\007("
  29      28
  30              		.text
  31              		.section	.gnu.lto_.pureconst.98e976703046b725,"",%progbits
  32 0000 789C6366 		.ascii	"x\234cf```g\200\000f\006+f+\026+\000\002\350\000\303"
  32      60606067 
  32      80006606 
  32      2B662B16 
  32      2B0002E8 
ARM GAS  /tmp/ccnP8DiZ.s 			page 2


  33              		.text
  34              		.section	.gnu.lto__port_irq_epilogue.part.0.98e976703046b725,"",%progbits
  35 0000 789C9D54 		.ascii	"x\234\235TmL\233U\024\276\347\276o?V\012Ec\2269\177"
  35      6D4C9B55 
  35      14BEE7BE 
  35      6F3F560A 
  35      45639639 
  36 0015 404216B2 		.ascii	"@B\026\262d\320\251\311\210\211\306\030\342\017\177"
  36      64D0A9C9 
  36      8889C618 
  36      E20F7F
  37 0024 902D34F1 		.ascii	"\220-4\361/q\225\011q\254M[\0141.{[\272\301p\002\203"
  37      2F719509 
  37      71AC4D5B 
  37      0C312E7B 
  37      5BBAC170 
  38 003a 312086B9 		.ascii	"1 \206\271\217\240\3621\006S\247l\023:>\034\362Q\206"
  38      8FA0F231 
  38      0653A76C 
  38      133A3E1C 
  38      F25186
  39 004d 0CC600A1 		.ascii	"\014\306\000\241 \370\225\031a([\327\260z\316m\001A"
  39      20F89519 
  39      61285BD7 
  39      B07ACE6D 
  39      0141
  40 005f CCB235E9 		.ascii	"\314\2625\351\275\367=\367\234\363<\367\234\347^\211"
  40      BDF73DF7 
  40      9CF33CF7 
  40      9CE75E89 
  41 006f FDF7F73A 		.ascii	"\375\367\367:\376\267k\030\273\2063h\030\250\213\275"
  41      FEB76B18 
  41      BB863368 
  41      18A88BBD 
  42 007f B8500317 		.ascii	"\270P\003\0273\347R~<St2\215z\011Tduj\345\345\205\012"
  42      33E7527E 
  42      3C537432 
  42      8D7A0954 
  42      64756AE5 
  43 0096 80160CD8 		.ascii	"\200\026\014\330!5\227d\025\034\202\337\370<\207bO]"
  43      21359764 
  43      151C82DF 
  43      F83C8762 
  43      4F5D
  44 00a8 45447CB5 		.ascii	"ED|\265\242(sg[\267\034\336\342\347\214-\360\020\"|"
  44      A2287367 
  44      5BB71CDE 
  44      E2E78C2D 
  44      F010227C 
  45 00bc 06F10C7D 		.ascii	"\006\361\014}\346\335K\267\"\324n\364\211\016\355\301"
  45      E6DD4BB7 
  45      22D46EF4 
  45      890EEDC1 
  46 00cc E788CB98 		.ascii	"\347\210\313\230\012\367j\306\377\366DI\273\200\374"
  46      0AF76AC6 
  46      FFF64449 
  46      BB80FC
ARM GAS  /tmp/ccnP8DiZ.s 			page 3


  47 00db 9A1BFEEA 		.ascii	"\232\033\376\352\213\370\225\3739\304\322\347\345\222"
  47      8BF895FB 
  47      39C4D2E7 
  47      E592
  48 00e9 AE0A357D 		.ascii	"\256\0125}r\231>\247\356\376\371\007\304\235Q\024\327"
  48      72993EA7 
  48      EEFEF907 
  48      C49D5114 
  48      D7
  49 00fa DCD278F7 		.ascii	"\334\322x\367\346J\345\264\353\270\022\014\276\012~"
  49      E64AE5B4 
  49      EBB8120C 
  49      BE0A7E
  50 0109 2E410D48 		.ascii	".A\015H\230\031ja+\324\301\326\360\211\241\036\3420"
  50      98196A61 
  50      2BD4C1D6 
  50      F089A11E 
  50      E230
  51 011b F0E7BA13 		.ascii	"\360\347\272\023y*\012,@\212#\372\303]\212\333\027\014"
  51      792A0A2C 
  51      408A23FA 
  51      C35D8ADB 
  51      170C
  52 012d C66018DB 		.ascii	"\306`\030\333 \346\274\210\251\\:R\240\017\203=(\215"
  52      20E6BC88 
  52      A95C3A52 
  52      A00F833D 
  52      288D
  53 013f 22B0E247 		.ascii	"\"\260\342G\2005<\001\330\005\021sr\250O+e\213\022|"
  53      80353C01 
  53      D8051173 
  53      72A84F2B 
  53      658B127C 
  54 0153 746BDA67 		.ascii	"tk\332g\020\270\276\207\347\274ze%\\\206\306\015Q\233"
  54      10B8BE87 
  54      E7BC7A65 
  54      255C86C6 
  54      0D519B
  55 0166 20EEC2D3 		.ascii	" \356\302\323\012R\373\305\273-\032\004\013.\016.\211"
  55      0A52FBC5 
  55      BB2D1A04 
  55      0B2E0E2E 
  55      89
  56 0177 3D598C2A 		.ascii	"=Y\214*\346\347*5\016j\015\255\2648\240\020f\260\025"
  56      E6E72A35 
  56      0E6A0DAD 
  56      B438A010 
  56      66B015
  57 018a D4D319AE 		.ascii	"\324\323\031\256\246Y\232\345\\\314c\240\374\0248S/"
  57      A6599AE5 
  57      5CCC63A0 
  57      FC143853 
  57      2F
  58 019b ADED1CE5 		.ascii	"\255\355\034\345\021\215ck[\352\353<\373\022\203\213"
  58      118D636B 
  58      5BEAEB3C 
  58      FB12838B 
ARM GAS  /tmp/ccnP8DiZ.s 			page 4


  59 01ab A05EE0B0 		.ascii	"\240^\340\260\256\331D\206\301\027\024\002_\322\310"
  59      AED94486 
  59      C1171402 
  59      5FD2C8
  60 01ba D8FB6C0C 		.ascii	"\330\373l\014\234\323\201\352zIXP\004\037`L\351\325"
  60      9CD381EA 
  60      7A495850 
  60      041F604C 
  60      E9D5
  61 01cc A25643CC 		.ascii	"\242VC\3141\250R*b\375\\Ki\356\334\037\354\320\310\310"
  61      31A8522A 
  61      62FD5C4B 
  61      69EEDC1F 
  61      ECD0C8C8 
  62 01e0 10BE8218 		.ascii	"\020\276\202\030\001\371I\243\342\217@\013\\\002\371"
  62      01F949A3 
  62      E28F400B 
  62      5C02F9
  63 01ef 1E6231F8 		.ascii	"\036b1\370\032d6\014\2342\021\024\031\221{\373\211\315"
  63      1A64360C 
  63      9C321114 
  63      19917BFB 
  63      89CD
  64 0201 6BD0DAE6 		.ascii	"k\320\332\346t\353\010\237\033\220\303\214\371z\306"
  64      74EB089F 
  64      1B90C38C 
  64      F97AC6
  65 0210 F5C4F81B 		.ascii	"\365\304\370\033\301\2709\304\257\030\036E\360\362z"
  65      C1B839C4 
  65      AF181E45 
  65      F0F27A
  66 021f 82578820 		.ascii	"\202W\210 \355\\\025\004]\276\300T\231D\371(=\355\214"
  66      ED5C1504 
  66      5DBEC054 
  66      9944F928 
  66      3DED8C
  67 0232 826B24AF 		.ascii	"\202k$\257\274\260SM,\356q\211lt\020\374\2422\243\005"
  67      BCB0534D 
  67      2CEE7189 
  67      6C7410FC 
  67      A232A305 
  68 0246 5D722B8E 		.ascii	"]r+\216\014\327\274\020\362\300|\324\216\312\372\236"
  68      0CD7BC10 
  68      F2C07CD4 
  68      8ECAFA9E 
  69 0256 1683B811 		.ascii	"\026\203\270\021\025\301`\320\300\340[\024\302\232@"
  69      15C160D0 
  69      C0E05B14 
  69      C29A40
  70 0265 9972CFCD 		.ascii	"\231r\317\315y]*\262aHC\301`\267\236B\344P\010\232~"
  70      795D2AB2 
  70      614843C1 
  70      60B79E42 
  70      E450089A 
  71 027a F77F5AA6 		.ascii	"\367\177Z\246\257\202\217\235\212\242\365\363M\230\032"
  71      AF828F9D 
  71      8AA2F5F3 
ARM GAS  /tmp/ccnP8DiZ.s 			page 5


  71      4D981A
  72 0289 5A4850B8 		.ascii	"ZHP\270u\263\254\362C9\241\016K\341y\326\317u\320\012"
  72      75B3ACF2 
  72      4339A10E 
  72      4BE179D6 
  72      CF75D00A 
  73 029d 557057DC 		.ascii	"UpW\334f\360@\002:\2244\337>\246\243tj\364\3212\270"
  73      66F04002 
  73      3A9434DF 
  73      3EA6A374 
  73      6AF4D132 
  74 02b2 8681A3D0 		.ascii	"\206\201\243\320vi\276\337\265)D\225.\365P\321\350\254"
  74      7669BEDF 
  74      B5294495 
  74      2EF550D1 
  74      E8AC
  75 02c4 445E118D 		.ascii	"D^\021\215\023\271J\024e\236\234\351\037\320\012\223"
  75      13B94A14 
  75      659E9CE9 
  75      1FD00A93 
  76 02d4 005A2CEF 		.ascii	"\000Z,\357-\324\022\207b\342\240\2076Tu{\230\304\361"
  76      2DD41287 
  76      62E2A087 
  76      3654757B 
  76      98C4F1
  77 02e7 A2A3B906 		.ascii	"\242\243\271\006$\341\306\313\026\011\035\202\002\020"
  77      24E1C6CB 
  77      16091D82 
  77      0210
  78 02f5 854E4808 		.ascii	"\205NH\010\225n\234\207\260\010\216,%S\317\204\217\373"
  78      956E9C87 
  78      B0088E2C 
  78      2553CF84 
  78      8FFB
  79 0307 1867FB4E 		.ascii	"\030g\373N$\026\317\321uH\300d\224i\"o\242V\027J\256"
  79      2416CFD1 
  79      7548C064 
  79      9469226F 
  79      A256174A 
  80 031c A16A868B 		.ascii	"\241j\206\213\213\341\205\327\235\335\262t\012\204\310"
  80      8BE185D7 
  80      9DDDB274 
  80      0A84C8
  81 032b 7FEC7567 		.ascii	"\177\354ug\206n\351\203\366t\217\373\264\3620\030\024"
  81      866EE983 
  81      F6748FFB 
  81      B4F23018 
  81      14
  82 033c 4F43D786 		.ascii	"OC\327\206\227\364{j\215\006\305\350\232\0164\235\\"
  82      97F47B6A 
  82      8D06C5E8 
  82      9A0E349D 
  82      5C
  83 034d 7BB17CB3 		.ascii	"{\261|\263\265\333\311!\254Hi\375\203\011\335B\215="
  83      B5DBC921 
  83      AC4869FD 
  83      8309DD42 
ARM GAS  /tmp/ccnP8DiZ.s 			page 6


  83      8D3D
  84 035f F462023B 		.ascii	"\364b\002;Oj\234\274s\277T\212\271\022V\243(o\331X\300"
  84      4F6A9CBC 
  84      73BF548A 
  84      B91256A3 
  84      286FD958 
  85 0374 A9136AEC 		.ascii	"\251\023j\354]V\343\215\306\243*Rc\037\251\021\257;"
  85      5D56E38D 
  85      C6A32A52 
  85      631FA911 
  85      AF3B
  86 0386 784146BB 		.ascii	"xAF\273\267\251\343\242&\246\345\337R\3665Vw\202\010"
  86      B7A9E3A2 
  86      26A6E5DF 
  86      52F63556 
  86      778208
  87 0399 EEA760B8 		.ascii	"\356\247`\270\201\262\035\207\\\317d\267>T\012-:\235"
  87      81B21D87 
  87      5CCF64B7 
  87      3E540A2D 
  87      3A9D
  88 03ab 1A2C6CE0 		.ascii	"\032,l\340\007\003J>\025\326\260\200\265a0\000\007\361"
  88      07034A3E 
  88      15D6B080 
  88      B5613000 
  88      07F1
  89 03bd 29896643 		.ascii	")\211fC\340\276\235\273w\325w\245\331\004\373C\270\016"
  89      E0BE9DBB 
  89      77D577A5 
  89      D904FB43 
  89      B80E
  90 03cf B378B6FC 		.ascii	"\263x\266\374x\011\213\274\230\347\255\333\363X\015"
  90      78098BBC 
  90      98E7ADDB 
  90      F3580D
  91 03de 7B8E1A36 		.ascii	"{\216\0326(\032&QAo\0121\256R\362\274\354\347O-\240"
  91      281A2651 
  91      416F0A31 
  91      AE52F2BC 
  91      ECE74F2D 
  92 03f3 18180C21 		.ascii	"\030\030\014!'\002\223W\300\026\237\004lx\025\354\326"
  92      27029357 
  92      C0169F04 
  92      6C7815EC 
  92      D6
  93 0404 C660D495 		.ascii	"\306`\324\225\2210\230J<\234\023\340\364\224\367\010"
  93      9130984A 
  93      3C9C13E0 
  93      F494F708 
  94 0414 C1D08167 		.ascii	"\301\320\201gP\265h\306\272\276\230\234\221\2717s\267"
  94      50B568C6 
  94      BABE989C 
  94      91B93773 
  94      B7
  95 0425 29EDF9A4 		.ascii	")\355\371\244\304]\211;\215\026\273\321l\311\312\262"
  95      C45D893B 
  95      8D16BBD1 
ARM GAS  /tmp/ccnP8DiZ.s 			page 7


  95      6CC9CAB2 
  96 0435 1C305A2D 		.ascii	"\0340Z-6\207\335\370ZjJrJ\216\321\234a\266\330\322\323"
  96      3687DDF8 
  96      5A6A4A72 
  96      4A8ED19C 
  96      61B6D8D2 
  97 044a DE4BCA4A 		.ascii	"\336K\312J43\265-\335\236\275\337\221\364\277\241\351"
  97      3433B52D 
  97      DD9EBDDF 
  97      91F4BFA1 
  97      E9
  98 045b 390E6372 		.ascii	"9\016cr\212\351\015\2231\363\200y\177\366\333\351Fs"
  98      8AE90D93 
  98      31F38079 
  98      7FF6DBE9 
  98      4673
  99 046d 963DD39E 		.ascii	"\226=\323\236\366\216\331\234\230\301d\263#\307\012"
  99      F68ED99C 
  99      98C164B3 
  99      23C70A
 100 047c CCF0664A 		.ascii	"\314\360fJ\252)v\333\316\035\261\373\254v\263\215I\257"
 100      AA2976DB 
 100      CE1DB1FB 
 100      AC76B38D 
 100      49AF
 101 048e D858E4B2 		.ascii	"\330X\344\262\311j\267\352X\224\303b\335\275o\217\315"
 101      C96AB7EA 
 101      5894C362 
 101      DDBD6F8F 
 101      CD
 102 049f 623639DE 		.ascii	"b69\3362\277\033\231bJ\245\215\035\350\241c\034#\354"
 102      32BF1B99 
 102      624AA58D 
 102      1DE8A163 
 102      1C23EC
 103 04b2 56F60F5F 		.ascii	"V\366\017_U\270\245"
 103      55B8A5
 104              		.text
 105              		.section	.gnu.lto__port_irq_epilogue.98e976703046b725,"",%progbits
 106 0000 789C9553 		.ascii	"x\234\225S\355K\223Q\024\277\347>\317\346\234\243\244"
 106      ED4B9351 
 106      14BFE73E 
 106      CFE69CA3 
 106      A4
 107 0011 0F117E71 		.ascii	"\017\021~q aA9\243p_\202\010?\365A\002\375\003\314\236"
 107      20614139 
 107      A3705F82 
 107      083FF541 
 107      02FD03CC 
 108 0026 960E9A93 		.ascii	"\226\016\232\223M\303>\210wne\037R\244W+\314,-\313\262"
 108      4DC33E88 
 108      776E651F 
 108      52A4572B 
 108      CC2C2DCB 
 109 003b D2B25C96 		.ascii	"\322\262\\\226foC|I\232E/\344*\255$\003m\2758\254\326"
 109      666F437C 
 109      499A452F 
ARM GAS  /tmp/ccnP8DiZ.s 			page 8


 109      E42AAD24 
 109      036DBD38 
 110 0051 39CF56A8 		.ascii	"9\317V\250\031\324`\317\275\317\375\235s~\347\376\316"
 110      19D460CF 
 110      BDCFFD9D 
 110      737EE7FE 
 110      CE
 111 0062 EF91D89F 		.ascii	"\357\221\330\237\277\265\370_&3\346\303\025\264\014"
 111      BFB5F85F 
 111      2633E6C3 
 111      15B40C
 112 0071 78553F63 		.ascii	"xU?c.\035\347\222\1771\023z\271\303\314\204A\002\015"
 112      2E1DE792 
 112      7F31137A 
 112      B9C3CC84 
 112      41020D
 113 0084 1D831C59 		.ascii	"\035\203\034Y]:\015\000m\030\260R.\311\032(\2051>\311"
 113      5D3A0D00 
 113      6D18B052 
 113      2EC91A28 
 113      85313EC9 
 114 0098 A1AAABA9 		.ascii	"\241\252\253\251:.\271A\0101q\242s\311\316%!\316X\220"
 114      3A2EB941 
 114      083171A2 
 114      73C9CE25 
 114      21CE5890 
 115 00ac 4788E034 		.ascii	"G\210\3404$3\214\231\364|\177\034\247\365`L|\004\203"
 115      24338C99 
 115      F47C7F1C 
 115      A7F5604C 
 115      7C0483
 116 00bf 46D002AE 		.ascii	"F\320\002\256\027\026u\211p\370u\355\370\023Y'\261\020"
 116      17167589 
 116      70F875ED 
 116      F8135927 
 116      B110
 117 00d1 07991E8C 		.ascii	"\007\231\036\214\215`\020\221\215rN\253\364\010\312"
 117      8D601091 
 117      8D724EAB 
 117      F408CA
 118 00e0 E2A950B0 		.ascii	"\342\251P\260I\354\227\2444\240}{\363\247\276\270w<"
 118      49EC97A4 
 118      34A07D7B 
 118      F3A7BEB8 
 118      773C
 119 00f2 C4B9915E 		.ascii	"\304\271\221^\275{}\325Zz\225dz}\357\257k\320'\325\011"
 119      BD7B7DD5 
 119      5A7A9564 
 119      7A7DEFAF 
 119      6BD027D5 
 120 0107 5136F1CD 		.ascii	"Q6\361\315\377f\323^\267\250\307mx]b\210\313p\006$l"
 120      FF66D35E 
 120      B7A8C76D 
 120      785D6288 
 120      CB700624 
 121 011c 03CE4202 		.ascii	"\003\316B\0024ABT\0258\007I\230\370\262\342s+P\035\331"
 121      34414254 
ARM GAS  /tmp/ccnP8DiZ.s 			page 9


 121      15380749 
 121      98F8B2E2 
 121      732B501D 
 122 0131 C8E03CA2 		.ascii	"\310\340<\242\317\240\354\325`y\357\232Y\367\010xJ\325"
 122      CFA0ECD5 
 122      6079EF9A 
 122      59F70878 
 122      4AD5
 123 0143 4B0439CC 		.ascii	"K\0049\314\276``\352\303\0000h&\210\317\206\272>m%\016"
 123      BE6060EA 
 123      C3003068 
 123      2688CF86 
 123      BA3E6D25 
 124 0158 06170894 		.ascii	"\006\027\010\224\346\012\003\027q\026\014.\2212\300"
 124      E60A0317 
 124      71160C2E 
 124      9132C0
 125 0167 1A01E1E1 		.ascii	"\032\001\341\341\361\251}Rb;\324\210jc\210k(\343\300"
 125      F1A97D52 
 125      623BD488 
 125      6A63886B 
 125      28E3C0
 126 017a B369975E 		.ascii	"\263i\227^Fy\240\005\022\031\235\034\331y\350\260\001"
 126      4679A005 
 126      12199D1C 
 126      D979E8B0 
 126      01
 127 018b 4FA01567 		.ascii	"O\240\025gE\0153\270\0142\002=\345\307\277\310\211\035"
 127      450D33B8 
 127      0C32023D 
 127      E5C7BFC8 
 127      891D
 128 019d D16C2DC5 		.ascii	"\321l-\305>\030\277\347\215U\263\257P6\264\241\340O"
 128      3E18BFE7 
 128      8D55B3AF 
 128      5036B4A1 
 128      E04F
 129 01af A1BBAD7D 		.ascii	"\241\273\255}\2546\215\256\363\225K\244\335\307\312"
 129      AC368DAE 
 129      F3954BA4 
 129      DDC7CA
 130 01be 613D4910 		.ascii	"a=I\020#\236\272\305\002J\034\036\031\030\324\251G*"
 130      239EBAC5 
 130      024A1C1E 
 130      1918D4A9 
 130      472A
 131 01d0 E7A59E70 		.ascii	"\347\245\236p\217\241\006\216B\210\353\340*\312x\215"
 131      8FA1068E 
 131      4288EBE0 
 131      2ACA788D 
 132 01e0 7811A80C 		.ascii	"x\021\250\014\372^\306\256l\022\036Db\001;\207\217\252"
 132      FA5EC6AE 
 132      6C121E44 
 132      62013B87 
 132      8FAA
 133 01f2 17C00B2B 		.ascii	"\027\300\013+\221\311=\265\313\317#Dr\204+\340\355\255"
 133      91C93DB5 
ARM GAS  /tmp/ccnP8DiZ.s 			page 10


 133      CBCF2344 
 133      72842BE0 
 133      EDAD
 134 0204 550B0349 		.ascii	"U\013\003Ip\035\313\014\201\347\211;!\032\204\021\256"
 134      701DCB0C 
 134      81E7893B 
 134      211A8411 
 134      AE
 135 0215 53D7F7C4 		.ascii	"S\327\367\304\250\021X\246#:\256Q\324\317\277Xz\016"
 135      A81158A6 
 135      233AAE51 
 135      D4CFBF58 
 135      7A0E
 136 0227 EE788A24 		.ascii	"\356x\212$\352c\017+\233y\311\264\330-t!\256\017r48"
 136      EA630F2B 
 136      9B79C9B4 
 136      D82D7421 
 136      AE0F7234 
 137 023c DC801234 		.ascii	"\334\200\0224T\234\232 \263\016\363o#\315\264\307\345"
 137      549C9A20 
 137      B30EF36F 
 137      23CDB4C7 
 137      E5
 138 024d B7FF648F 		.ascii	"\267\377d\217\233\252=~\013A\345;\377j\217\372V\210"
 138      9BAA3D7E 
 138      0B41E53B 
 138      FF6A8FFA 
 138      5688
 139 025f FA4333D7 		.ascii	"\372C3\327\037\355~\204\272\010\322\316\361\2077\227"
 139      1FED7E84 
 139      BA08D2CE 
 139      F1873797 
 140 026f 4818DC9A 		.ascii	"H\030\334\232\337\037\335\252?n\317\360G\375\207\200"
 140      DF1FDDAA 
 140      3F6ECFF0 
 140      47FD8780 
 141 027f 57FB6BF4 		.ascii	"W\373k\364\235\352\350\357\250\243\237;\347\2738g\322"
 141      9DEAE8EF 
 141      A8A39F3B 
 141      E7BB3867 
 141      D2
 142 0290 40A37E4D 		.ascii	"@\243~M/\300\025\030mY\216q\007\207\372t\322\035P=\\"
 142      2FC01518 
 142      6D598E71 
 142      0787FA74 
 142      D21D503D 
 143 02a5 F1F85560 		.ascii	"\361\370U`\241*I\340\307\311~\203\360\011O \034FA\014"
 143      A12A49E0 
 143      C7C97E83 
 143      F0094F20 
 143      1C46410C 
 144 02b9 706F3E41 		.ascii	"po>Af\267\007\367\251\363F\265E\037=\351#\006\242\303"
 144      66B707F7 
 144      A9F346B5 
 144      451F3DE9 
 144      2306A2C3 
 145 02cd 2E56A7E7 		.ascii	".V\247\347Y7[7fe\2572\247\244\245\244\232\354N\223b"
ARM GAS  /tmp/ccnP8DiZ.s 			page 11


 145      59375B37 
 145      6665AF32 
 145      A7A4A5A4 
 145      9AEC4E93 
 146 02e2 B7D9ECF9 		.ascii	"\267\331\354\371\246\002\273\243\320iZ\237\231\221\236"
 146      A602BBA3 
 146      D0695A9F 
 146      99919E
 147 02f1 516C52F2 		.ascii	"QlR\362\024\273\303\222\275\335lKQ\230f{\316\266\"\313"
 147      14BBC392 
 147      BDDD6C4B 
 147      5198667B 
 147      CEB622CB 
 148 0305 FF67E631 		.ascii	"\377g\3461\363_s,\305\205\246\364\214\254\015Y&k\276"
 148      F35F732C 
 148      C585A6F4 
 148      8CAC0D59 
 148      266BBE
 149 0318 B2AD688B 		.ascii	"\262\255h\213\305\244\330\234Vgv\256\242`^|FV\246qs"
 149      C5A4D89C 
 149      566776AE 
 149      A2605E7C 
 149      4656A671 
 150 032d 8ED352E0 		.ascii	"\216\323R\340\260\2560.Me\334\301bl\026\233\335\261"
 150      B0AE302E 
 150      4D65DCC1 
 150      626C169B 
 150      DDB1
 151 033f 83C94A61 		.ascii	"\203\311Jaq\301O\372:\2726"
 151      71C14FFA 
 151      3ABA36
 152              		.text
 153              		.section	.gnu.lto_SVC_Handler.98e976703046b725,"",%progbits
 154 0000 789C9594 		.ascii	"x\234\225\224]L[e\030\307\337\347}OOK\313\200\354\222"
 154      5D4C5B65 
 154      18C7DFE7 
 154      7D4F4F4B 
 154      CB80EC92 
 155 0014 9B9210B3 		.ascii	"\233\222\020\263\233A\347G\306\205Y\026\303\225\027"
 155      9B41E747 
 155      C6855916 
 155      C39517
 156 0023 CD169A78 		.ascii	"\315\026\232xK\330\261\322*]\233\266,l7;-u\235:\035"
 156      4BD8B1D2 
 156      2A5D9BB6 
 156      2C6C373B 
 156      2D759D3A 
 157 0038 61CE1509 		.ascii	"a\316\025\011q$\020\305\342VP\247\353\246\324\215/\031"
 157      712410C5 
 157      E25650A7 
 157      EBA6D48D 
 157      2F19
 158 004a 5F7E6C53 		.ascii	"_~lS\206x\306\200\314\311\024\206n4\213t\357\363\236"
 158      8678C680 
 158      CCC91486 
 158      6E348B74 
 158      EFF39E
ARM GAS  /tmp/ccnP8DiZ.s 			page 12


 159 005d 3A2DC398 		.ascii	":-\303\2305\351\3519\317\347\377\371\275\317)#\217~"
 159      35E9E939 
 159      CFE7FFF9 
 159      BDCF2923 
 159      8F7E
 160 006f 8AF9F705 		.ascii	"\212\371\367\005\003!\024\010\001F\2006\215\023\022"
 160      03211408 
 160      01468036 
 160      8D1312
 161 007e 325100BC 		.ascii	"2Q\000\274!@\016R8\010\277\320e\012M\251x\314\262\245"
 161      21400E52 
 161      3808BFD0 
 161      650A4DA9 
 161      78CCB2A5 
 162 0092 5355D5A5 		.ascii	"SU\325\245\331\211\320\356\024\244)!+T\257\003\357\303"
 162      D989D0EE 
 162      14A42921 
 162      2B54AF03 
 162      EFC3
 163 00a4 16C283DE 		.ascii	"\026\302\203\336\271<fb\333\001o\317\236\372c\314r\223"
 163      B93C6662 
 163      DB016FCF 
 163      9EFA63CC 
 163      7293
 164 00b6 A62994E0 		.ascii	"\246)\224\340c\262y8&\343#\225\360\361\315\253\263Z"
 164      63B27938 
 164      26E32395 
 164      F0F1CDAB 
 164      B35A
 165 00c8 6169BBAA 		.ascii	"ai\273\252\206\265\3037.\345\253\303jD\313d\254i\312"
 165      86B5C337 
 165      2EE5ABC3 
 165      6A44CB64 
 165      AC69CA
 166 00db E00360BC 		.ascii	"\340\003`\274,tA1|\010\305Y\241<e9\362\327U\213\034"
 166      2C744131 
 166      7C08C559 
 166      A13C6539 
 166      F2D7558B 
 167 00f0 E1028A20 		.ascii	"\341\002\212 \016\245zo\350\006\031P?\267\360\230\256"
 167      0EA57A6F 
 167      E8061950 
 167      3FB7F098 
 167      AE
 168 0101 E93F5305 		.ascii	"\351?S\005\354Y!\340\372\235\337o\203h\261\364\372\305"
 168      EC5921E0 
 168      FA9DDF6F 
 168      8368B1F4 
 168      FAC5
 169 0113 B8BBB951 		.ascii	"\270\273\271Q\355h\012/ev\362&\022|\264Q\0238\005\245"
 169      ED680A2F 
 169      6576F226 
 169      127CB451 
 169      133805A5 
 170 0127 A737A7D4 		.ascii	"\2477\247\324L\346\334r4j{\227\232)IS\003\303\213\201"
 170      4CE6DC72 
 170      346A7B97 
ARM GAS  /tmp/ccnP8DiZ.s 			page 13


 170      9A294953 
 170      03C38B81 
 171 013b 600B595C 		.ascii	"`\013Y\\\215h\310\023\341\204\314q\031\010k\236R\374"
 171      8D68C813 
 171      E184CC71 
 171      19086B9E 
 171      52FC
 172 014d 655370E1 		.ascii	"eSp\341L\317\340u\206\312\356Q$w\371\350\324<\303\321"
 172      4CCFE075 
 172      86CAEE51 
 172      2477F9E8 
 172      D43CC3D1 
 173 0161 E5C44CA3 		.ascii	"\345\304L\243Z\200\332~\236\233\370\306$Lb\264\216\233"
 173      5A80DA7E 
 173      9E9BF8C6 
 173      244C62B4 
 173      8E9B
 174 0173 ED47CC6D 		.ascii	"\355G\314m\320\312\231\032\3414\327\224@M\010\375\307"
 174      D0CA991A 
 174      E134D794 
 174      404D08FD 
 174      C7
 175 0184 E8B25C16 		.ascii	"\350\262\\\026W#!S\232\232\240\007\332\340\216@\016"
 175      57232153 
 175      9A9AA007 
 175      DAE08E40 
 175      0E
 176 0195 BD5046A6 		.ascii	"\275PF\246\240qU\326\3730\275\325\215>-m\306\272\206"
 176      A07155D6 
 176      FB30BDD5 
 176      8D3E2D6D 
 176      C6BA86
 177 01a8 B54C2653 		.ascii	"\265L&SH\340c^\210+j\006\014{\214N\237\374\323\351S"
 177      48E0635E 
 177      882B6A06 
 177      0C7B8C4E 
 177      9FFCD3E9 
 178 01bd 28E3F5C9 		.ascii	"(\343\365\3115\010\315\036?4\375T\316Ih\257.\244$q\010"
 178      3508CD1E 
 178      3F34FD54 
 178      CE4968AF 
 178      2EA42471 
 179 01d2 2B14D61F 		.ascii	"+\024\326\037\022\342\2013\300G\204\317\370\225\037"
 179      12E28133 
 179      C04784CF 
 179      F8951F
 180 01e1 D3011E71 		.ascii	"\323\001\036q\354\374\321\276B\353ahSc%i\232\207I\213"
 180      ECFCD1BE 
 180      42EB6168 
 180      53632569 
 180      9A87498B 
 181 01f5 ABDFF51B 		.ascii	"\253\337\365\033%\336\015>\007\253P\363^BM[\270\005"
 181      25DE0D3E 
 181      07AB50F3 
 181      5E424D5B 
 181      B805
 182 0207 CE82748F 		.ascii	"\316\202t\217\007\021H\202D\256@XC\011X\016\253\243"
ARM GAS  /tmp/ccnP8DiZ.s 			page 14


 182      07114882 
 182      44AE4058 
 182      4309580E 
 182      ABA3
 183 0219 670AC23F 		.ascii	"g\012\302?DO\304\032\263\034\014h\273\002T\354E\034"
 183      444FC41A 
 183      B31C0C68 
 183      BB0254EC 
 183      451C
 184 022b 430C8829 		.ascii	"C\014\210)vh\241\245@\217\300 \336\241\265\351\333\226"
 184      7668A1A5 
 184      408FC020 
 184      DEA1B5E9 
 184      DB96
 185 023d 7CB18F2E 		.ascii	"|\261\217.\002\3478\204\234$\031\353\316D\327Z\262e"
 185      02E73884 
 185      9C2419EB 
 185      CE44D75A 
 185      B265
 186 024f 8D68CA46 		.ascii	"\215h\312F\360\344\267\206B#\022;\002b\344\237F#n}\223"
 186      F0E4B786 
 186      4223123B 
 186      0262E49F 
 186      46236E7D 
 187 0264 D7BAE587 		.ascii	"\327\272\345\207{,\301\371\015W\354\013,o\3444\303\234"
 187      7B2CC1F9 
 187      0D57EC0B 
 187      2C6FE434 
 187      C39C
 188 0276 E6C23A9A 		.ascii	"\346\302:\232s\265\350\317\362\244\353x\022\370R\260"
 188      73B5E8CF 
 188      F2A4EB78 
 188      12F852B0 
 189 0286 ECC38D07 		.ascii	"\354\303\215\007\322\012\270G\213\253\307\230\265+\013"
 189      D20AB847 
 189      8BABC798 
 189      B52B0B
 190 0295 D38C19C7 		.ascii	"\323\214\031\307\257\335\017\231\005\314\324\3370'\023"
 190      AFDD0F99 
 190      05CCD4DF 
 190      302713
 191 02a4 AF1910E6 		.ascii	"\257\031\020\346W\010\323\310=\027@\342\366\361\236"
 191      5708D3C8 
 191      3D1740E2 
 191      F6F19E
 192 02b3 FE5EA3B5 		.ascii	"\376^\243\265\373\337'\241%:\007@$_\304d\350\327\251"
 192      FBDF27A1 
 192      253A0740 
 192      245FC464 
 192      E8D7A9
 193 02c6 17A16F25 		.ascii	"\027\241o%\256\276\315XB\037\372\327\357\333;\315\372"
 193      AEBECD58 
 193      421FFAD7 
 193      EFDB3BCD 
 193      FA
 194 02d7 CBF5DBC0 		.ascii	"\313\365\333\300\335\374\356^5\0259\251\256\355\314"
 194      DDFCEE5E 
ARM GAS  /tmp/ccnP8DiZ.s 			page 15


 194      351539A9 
 194      AEEDCC
 195 02e6 301C7D60 		.ascii	"0\034}`\303\321\007\305+\372p\365%n\032\342^\035\305"
 195      C3D107C5 
 195      2BFA70F5 
 195      256E1AE2 
 195      5E1DC5
 196 02f9 E833B928 		.ascii	"\3503\271(\372_\316b`\271\030\264\3517\206\212\011\014"
 196      FA5FCE62 
 196      60B918B4 
 196      E937868A 
 196      090C
 197 030b A34BCA75 		.ascii	"\243K\312u\245\222\265\330\203\300\327\3504<\202oD\340"
 197      A592B5D8 
 197      83C0D7E8 
 197      343C826F 
 197      44E0
 198 031d BBA4E3BB 		.ascii	"\273\244\343\273\365\277\370F\263\370:nkI\031\361\215"
 198      F5BFF846 
 198      B3F83A6E 
 198      6B4919F1 
 198      8D
 199 032e 81240413 		.ascii	"\201$\004\023\030\027\374F\242'\357J\326\373\331l\013"
 199      1817FC46 
 199      A227EF4A 
 199      D6FBD96C 
 199      0B
 200 033f C64E2E0E 		.ascii	"\306N.\016&\363D\366\204\3407\311\371\315@H\233\277"
 200      26F344F6 
 200      84E037C9 
 200      F9CD4048 
 200      9BBF
 201 0351 65C26910 		.ascii	"e\302i\020\303\034\177Q\370\377\004\217y\272\322\345"
 201      C31C7F51 
 201      F8FF048F 
 201      79BAD2E5 
 202 0361 DEE3DEE5 		.ascii	"\336\343\336\345\250~\262\242|{\3716\2337`S\274\036"
 202      A87EB2A2 
 202      7C7BF936 
 202      9B376053 
 202      BC1E
 203 0373 8F77AFCD 		.ascii	"\217w\257\315\347\365\007\003\266\347\252\354\225\366"
 203      E7F50703 
 203      B6E7AAEC 
 203      95F6
 204 0381 069BE252 		.ascii	"\006\233\342R\274~g\365\276\012O\271B$%\330\340\223"
 204      BC7E67F5 
 204      BE0A4FB9 
 204      422425D8 
 204      E093
 205 0393 FDCE407D 		.ascii	"\375\316@}]\260\342?\363\235\015A[\245\335\361\274\303"
 205      5DB0E23F 
 205      F39D0D41 
 205      5BA5DDF1 
 205      BCC3
 206 03a5 E6DEABD4 		.ascii	"\346\336\253\324\325\277\350\264)\236\200;P]\253(\345"
 206      D5BFE8B4 
ARM GAS  /tmp/ccnP8DiZ.s 			page 16


 206      299E803B 
 206      505DAB28 
 206      E5
 207 03b6 2EB2C95E 		.ascii	".\262\311^\345(yb\333\326\022_\300g&l\207\237\024\004"
 207      E5287962 
 207      DBD6125F 
 207      C067266C 
 207      879F1404 
 208 03ca BDBE5D2F 		.ascii	"\275\276]/\355\366{\025G\260Fye\223\335Q\205\316\255"
 208      EDF67B15 
 208      47B04679 
 208      6593DD51 
 208      85CEAD
 209 03dd 3CCA4CA8 		.ascii	"<\312L\250\237\260\200\217\030\366\325\324\325;\037"
 209      9FB0808F 
 209      18F6D5D4 
 209      D53B1F
 210 03ec 5FB38B14 		.ascii	"_\263\213\024a\271=5\001\247\317\357\306\222\304\350"
 210      61B93D35 
 210      01A7CFEF 
 210      C692C4E8 
 211 03fc 717ABCFE 		.ascii	"qz\274\376\375\344\001~\336&C"
 211      FDE4017E 
 211      DE2643
 212              		.text
 213              		.section	.gnu.lto_.symbol_nodes.98e976703046b725,"",%progbits
 214 0000 789C4D8B 		.ascii	"x\234M\2131\016\202@\024\005\347\355\227doa\347\011"
 214      310E8240 
 214      1405E7ED 
 214      97646F61 
 214      E709
 215 0012 E91F25A1 		.ascii	"\351\037%\241\362\002\030c\3475\210\265'\261\006\244"
 215      F2021863 
 215      E73588B5 
 215      27B106A4 
 216 0022 41129784 		.ascii	"A\022\227\204\351f\222\011\240\246\220V\031\256o\260"
 216      E9669209 
 216      A0A69056 
 216      19AE6FB0 
 217 0032 D53F32FA 		.ascii	"\325?2\372\312\372\007\232v\363EN\007O\223\034e\340"
 217      CAFA079A 
 217      76F3454E 
 217      074F931C 
 217      65E0
 218 0044 76DFC228 		.ascii	"v\337\302(\237\216A\263\\\355G\223\011*^\335\347\034"
 218      9F8E41B3 
 218      5CED4793 
 218      092A5EDD 
 218      E71C
 219 0056 01C3F3C2 		.ascii	"\001\303\363\302\017\315\204!\006"
 219      0FCD8421 
 219      06
 220              		.text
 221              		.section	.gnu.lto_.refs.98e976703046b725,"",%progbits
 222 0000 789C6366 		.ascii	"x\234cf``\340d\200\000&\006&F\021&&Q\006\000\001\257"
 222      6060E064 
 222      80002606 
ARM GAS  /tmp/ccnP8DiZ.s 			page 17


 222      26461126 
 222      26510600 
 223 0016 003F     		.ascii	"\000?"
 224              		.text
 225              		.section	.gnu.lto_.decls.98e976703046b725,"",%progbits
 226 0000 789CBD59 		.ascii	"x\234\275YiP\024Y\266\256\233\267(\252\212\002:t\306"
 226      69501459 
 226      B6AE9BB7 
 226      28AA8A02 
 226      3A74C6
 227 0013 76888979 		.ascii	"v\210\211yjL0\366D\267\3402\335=\021\0233Mc\373t&|\362"
 227      6A4C30F6 
 227      44B7E032 
 227      DD3D1113 
 227      334D63FB 
 228 002b 60BA6722 		.ascii	"`\272g\"\336\217\032\247\250n\210\247`W\2253\366\277"
 228      DE8F1AA7 
 228      A86E88A7 
 228      60579533 
 228      F6BF
 229 003d C4A21550 		.ascii	"\304\242\025P\020\021\220M,\004\224\035dQq\001\0327"
 229      1011904D 
 229      2C04941D 
 229      64517101 
 229      1A37
 230 004f 14DC7141 		.ascii	"\024\334qAdqG\021\005\305\005E\352\235{ofVVR\364\362"
 230      64714711 
 230      05C50545 
 230      EA9D7B6F 
 230      66565652 
 231 0065 E765702A 		.ascii	"\347ep*\363\344\375\356w\316\271\353\271\011V\251T5"
 231      F3E4FDEE 
 231      77CEB9EB 
 231      B90956A9 
 231      5435
 232 0077 48A572C2 		.ascii	"H\245r\302e\376\225J\325\211U*5\274\013S\271.\015H\005"
 232      65FE954A 
 232      D589552A 
 232      35BC0B53 
 232      B92E0D48 
 233 008c 4835C85E 		.ascii	"H5\310^\220:\220\006\220#\252\311\027\301M\023\352\373"
 233      903A9006 
 233      9023AAC9 
 233      17C14D13 
 233      EAFB
 234 009e 8118408E 		.ascii	"\201\030@\216\221g\2601\033\356+@\016\200\314\004\375"
 234      9167B031 
 234      1BEE2B40 
 234      0E80CC04 
 234      FD
 235 00af 2DDCDB41 		.ascii	"-\334\333A\202\340\371\003\220_\201,\000Y\010r\010\336"
 235      82E0F903 
 235      905F812C 
 235      00590872 
 235      08DE
 236 00c1 2F42CC17 		.ascii	"/B\314\027=\334\177\013\362\006\236\235 \336\202\235"
 236      3DDC7F0B 
ARM GAS  /tmp/ccnP8DiZ.s 			page 18


 236      F2069E9D 
 236      20DE829D 
 237 00d1 DFC3BB3F 		.ascii	"\337\303\273?\200\204 \346\213\350\237\362\"\376\372"
 237      808420E6 
 237      8BE89FF2 
 237      22FEFA
 238 00e0 0A3ECD56 		.ascii	"\012>\315V\370E\354-\001I\007\331&\370\220\001R*\370"
 238      F845EC2D 
 238      014907D9 
 238      26F89001 
 238      522AF8
 239 00f3 0C7FAA0D 		.ascii	"\014\177\252\015\210\331$<\333\3419\033$\0171\037\362"
 239      88D9243C 
 239      DBE1391B 
 239      240F311F 
 239      F2
 240 0104 E1EE4093 		.ascii	"\341\356@\223m6\0106\344\355@\370\216\011>\310c\236"
 240      6D360836 
 240      E4ED40F8 
 240      8E093EC8 
 240      639E
 241 0116 895C7E10 		.ascii	"\211\\~\020\252\337 \326\346\204C\214O\264\223\347\301"
 241      AADF20D6 
 241      E684438C 
 241      4FB493E7 
 241      C1
 242 0127 D608871A 		.ascii	"\326\010\207\032\253F\317\370\014p\310O?\213\250\007"
 242      AB46CFF8 
 242      0C70C84F 
 242      3F8BA807 
 243 0137 D3DAB234 		.ascii	"\323\332\2624\240\032\364j\242\036zs\253S\375n\006\017"
 243      A01AF46A 
 243      A21E7A73 
 243      AB53FD6E 
 243      060F
 244 0149 57AA9D7F 		.ascii	"W\252\235\177G\215\302f\240=(\000\225\240\000\260X\212"
 244      478DC266 
 244      A03D2800 
 244      95A000B0 
 244      588A
 245 015b DE85DFFF 		.ascii	"\336\205\337\377Q3\246\332\232\370\033:\314!\362\\\230"
 245      5133A6DA 
 245      9AF81B3A 
 245      CC21F25C 
 245      98
 246 016c 75B353FF 		.ascii	"u\263S\377~\031TK\340[\372\261\313\\\361\256\232t4+"
 246      7E19544B 
 246      E05BFAB1 
 246      CB5CF1AE 
 246      9A74342B 
 247 0180 9F6FA919 		.ascii	"\237o\251\031n\037\335\210\263S\035\353\371\011\247"
 247      6E1FDD88 
 247      B3531DEB 
 247      F909A7
 248 018f 13F11C61 		.ascii	"\023\361\034aCe\010\243r\364>\001\223gZ\013U\240Y?\350"
 248      436508A3 
 248      72F43E01 
ARM GAS  /tmp/ccnP8DiZ.s 			page 19


 248      93675A0B 
 248      55A0593F 
 249 01a4 4AA59B2B 		.ascii	"J\245\233+\216\232\335\367\265\370o\324\225\375g\353"
 249      8E9ADDF7 
 249      B5F86FD4 
 249      95FD67EB 
 250 01b4 9F138BFD 		.ascii	"\237\023\213\375\374pO\341\313\320\255\366\324\"\276"
 250      FC704FE1 
 250      CBD0ADF6 
 250      D422BE
 251 01c3 DFE9FC0F 		.ascii	"\337\351\374\017Z\007U\311\014V\211\006\253\251\301"
 251      5A0755C9 
 251      0C568906 
 251      ABA9C1
 252 01d2 F69CCCE3 		.ascii	"\366\234\314\343\034.@,\240;C\275\006\312\342\350\255"
 252      1C2E402C 
 252      A03B43BD 
 252      06CAE2E8 
 252      AD
 253 01e3 DE30AB8D 		.ascii	"\3360\253\215oq:\377D\031jd\0145\"\303^\312\260g\360"
 253      6F713AFF 
 253      44196A64 
 253      0C3522C3 
 253      5ECAB067 
 254 01f8 60990E37 		.ascii	"`\231\01670\206\334\344\235m\276\300\340\020\"\347\205"
 254      3086DCE4 
 254      9D6DBEC0 
 254      E01022E7 
 254      85
 255 0209 C839CA52 		.ascii	"\3109\312R+c\251\025Y\352(K\302`\367C=nc,\375\325\245"
 255      2B63A915 
 255      59EA284B 
 255      C260F743 
 255      3D6E632C 
 256 0220 19DE94C5 		.ascii	"\031\336\224\3051Q\313\177\022\317\217;\235\2302\324"
 256      3151CB7F 
 256      12CF8F3B 
 256      9D9832D4 
 257 0230 CB18EA45 		.ascii	"\313\030\352E\206\006\312\260=\263=\317\033wR\006\365"
 257      8606CAB0 
 257      3DB33DCF 
 257      1B775206 
 257      F5
 258 0241 9DB1DE97 		.ascii	"\235\261\336\227\336(@\027\030\220\305k\321\001\244"
 258      DE284017 
 258      1890C56B 
 258      D101A4
 259 0250 536DE4F9 		.ascii	"Sm\344\371\365\374\360\372\324w\276V\241\367\003\320"
 259      F5FCF0FA 
 259      D477BE56 
 259      A1F703D0 
 260 0260 7B012AD4 		.ascii	"{\001*\324\210\002i\221\012\355\207&>\010M\\D\373\362"
 260      88026991 
 260      0AED8726 
 260      3E084D5C 
 260      44FBF2
 261 0273 13F216ED 		.ascii	"\023\362\026\355Cb\217\222+\013\3363\"0u\251%\305\351"
ARM GAS  /tmp/ccnP8DiZ.s 			page 20


 261      43628F92 
 261      2B0BDE33 
 261      223075A9 
 261      25C5E9
 262 0286 25EF2582 		.ascii	"%\357%\202wu\323!\267n:\327\230?\354\203\257\263\310"
 262      7775D321 
 262      B76E3AD7 
 262      983FEC83 
 262      AFB3C8
 263 0299 F65CEDEE 		.ascii	"\366\\\355\356\361g\375\364\350\344Sy?A%tX\026\335a"
 263      F167FDF4 
 263      E8E45379 
 263      3F412574 
 263      5816DD61 
 264 02ad 31BA2334 		.ascii	"1\272#4\272\346\246W'\3648\227\015\274\315\011\375\247"
 264      BAE6A657 
 264      27F43897 
 264      0DBCCD09 
 264      FDA7
 265 02bf F4B88829 		.ascii	"\364\270\210)q\273\017m\366\206\301<[O\315\365\345\216"
 265      71BB0F6D 
 265      F686C13C 
 265      5B4FCDF5 
 265      E58E
 266 02d1 15E9A84A 		.ascii	"\025\351\250J\326,\177x\305\265\335\343\013\375P\240"
 266      D62C7F78 
 266      C5B5DDE3 
 266      0BFD50A0 
 267 02e1 9E4437DC 		.ascii	"\236D7\334Wzk\251\035B<\212\364\250Y\262Gk\223+\201"
 267      577A6BA9 
 267      1D423C8A 
 267      F4A859B2 
 267      476B932B 
 268 02f6 341304A5 		.ascii	"4\023\004\245k\363SI!\241Vh\251\331z\212E-\360\362;"
 268      6BF35349 
 268      21A15668 
 268      A9D97A8A 
 268      452DF0F2 
 269 030b 7809C4C7 		.ascii	"x\011\304\307\307\233\342\275\220>\320s\245\343\036"
 269      C79BE2BD 
 269      903ED073 
 269      A5E31E
 270 031a 2A51173A 		.ascii	"*Q\027:6\245\315\340y5:\006.4\271\\\000\217\230\017"
 270      36A5CDE0 
 270      79353A06 
 270      2E34B95C 
 270      008F980F 
 271 032e A4002249 		.ascii	"\244\000\"IlLN\363\245\223\266EC\307V\352\305l\003\235"
 271      6C4C4EF3 
 271      A593B645 
 271      43C756EA 
 271      C56C039D 
 272 0342 B55144CD 		.ascii	"\265QD\315\314\177}U\203S0m\204\213O\033yo\234C\025"
 272      CC7F7D55 
 272      8353306D 
 272      848B4F1B 
 272      796F9C43 
ARM GAS  /tmp/ccnP8DiZ.s 			page 21


 273 0357 2EF942DF 		.ascii	".\371B\337\204\032\005\032\250\261\366\312g\353\342"
 273      841A051A 
 273      A8B1F6CA 
 273      67EBE2
 274 0366 20DE7664 		.ascii	" \336vd@\247\\\306V\030\230\255$\227\353\362\271\206"
 274      40A75CC6 
 274      561898AD 
 274      2497EBF2 
 274      B986
 275 0378 4E83F32B 		.ascii	"N\203\363+\014\002\032\014\354L+\252\342\360%fm\370"
 275      0C021A0C 
 275      EC4C2BAA 
 275      E2F02566 
 275      6DF8
 276 038a C0C84D3F 		.ascii	"\300\310M?|\205)\275\265\027\216\373\343.\246\024ed"
 276      7C8529BD 
 276      B5178EFB 
 276      E32EA614 
 276      6564
 277 039c 5678511F 		.ascii	"VxQ\037\265t\265h\312\356\366\3017X\331\333\213cN_\334"
 277      B574B568 
 277      CAEEF6C1 
 277      3758D9DB 
 277      8B634E5F 
 278 03b1 C794F65B 		.ascii	"\307\224\366[\257\236\261`\336!jw\301\350\013?|\233"
 278      AF9EB160 
 278      DE216A77 
 278      C1E80B3F 
 278      7C9B
 279 03c3 956D696F 		.ascii	"\225mioh\325\342\207L\311~\331q\302\237\002g\0225\353"
 279      68D5E287 
 279      4CC97ED9 
 279      71C29F02 
 279      671235EB 
 280 03d7 514732C6 		.ascii	"QG2\306C\254,\243>\253W\207\2372E\\\343\014l\215\333"
 280      43AC2CA3 
 280      3EAB5787 
 280      9F32455C 
 280      E30C6C8D 
 281 03ec 9ADD705B 		.ascii	"\232\335p[\213\237\263\262\222\372\347&\374Jx\276u\226"
 281      8B9FB3B2 
 281      92FAE726 
 281      FC4A78BE 
 281      7596
 282 03fe 36AB413F 		.ascii	"6\253A?\227\016\237\355\015\3179\374F0v\267\346\250"
 282      970E9FED 
 282      0DCF39FC 
 282      463076B7 
 282      E6A8
 283 0410 064F30A5 		.ascii	"\006O0\245\357e_\2537\005\006\023\265\364\301p\2337"
 283      EF655FAB 
 283      37050613 
 283      B5F4C170 
 283      9B37
 284 0422 8E53D3B2 		.ascii	"\216S\323\262\326\326\315N\035\216gJ\\K\345%\006\374"
 284      D6D6CD4E 
 284      1D8E674A 
ARM GAS  /tmp/ccnP8DiZ.s 			page 22


 284      5C4BE525 
 284      06FC
 285 0434 98863671 		.ascii	"\230\2066q\345\205\016ode\247n\265&\352p\022Sj\013\213"
 285      E5850E6F 
 285      6465A76E 
 285      B526EA70 
 285      12536A0B 
 286 0449 F7E928F0 		.ascii	"\367\351(\360\023\2426\365\034\315\365\301\311\254\254"
 286      13A236F5 
 286      1CCDF5C1 
 286      C9ACAC
 287 0458 6738EEBA 		.ascii	"g8\356\272\016\2472\245qo\352\230\037\005.%\352\206"
 287      0EA732A5 
 287      716FEA98 
 287      1F052E25 
 287      EA86
 288 046a 9B23B93A 		.ascii	"\233#\271:\234\316\312n\235\030O\362\302YL\271\337\364"
 288      9CCECA6E 
 288      9D184FF2 
 288      C2594CB9 
 288      DFF4
 289 047c 88E72830 		.ascii	"\210\347(0\214\250\267\343\353\217\351q\036+\033yp\240"
 289      8CA8B7E3 
 289      EB8FE971 
 289      1E2B1B79 
 289      70A0
 290 048e D11B3B98 		.ascii	"\321\033;\230\222p8}73\375w\242^\031\270S\0033\210\225"
 290      9270387D 
 290      3733FD77 
 290      A25E19B8 
 290      53033388 
 291 04a3 5DCFEB7B 		.ascii	"]\317\353{\200p\011Sj\232\313\023\031\360\037D\355\334"
 291      80700953 
 291      6A9ACB13 
 291      19F01F44 
 291      EDDC
 292 04b5 3CDEE58F 		.ascii	"<\336\345\217\253h\331/\353\022\317\353\320\034\327"
 292      AB68D92F 
 292      EB12CFEB 
 292      D01CD7
 293 04c4 357D8EDB 		.ascii	"5}\216\333\0258\307\001\243\011\026\340\373\177N\263"
 293      1538C701 
 293      A30916E0 
 293      FB7F4EB3 
 294 04d4 F34533E9 		.ascii	"\363E3\351\230\273\013c\356-\232\356\032Yw\350\032\261"
 294      98BB0B63 
 294      EE2D9AEE 
 294      1A5977E8 
 294      1AB1
 295 04e6 87FCAA08 		.ascii	"\207\374\252\010\336\221[\256i\013\246\330[J\354M%\326"
 295      DE915BAE 
 295      690BA6D8 
 295      5B4AEC4D 
 295      25D6
 296 04f8 592A622F 		.ascii	"Y*b/(\261\027)\366\267\0224_\242\275\247\204\336W@K"
 296      28B11729 
 296      F6B71234 
ARM GAS  /tmp/ccnP8DiZ.s 			page 23


 296      5FA2BDA7 
 296      84DE5740 
 297 050d 24E80325 		.ascii	"$\350\003%\364\241\002\272E\202\336PB\273\225\316n\226"
 297      F4A102BA 
 297      4582DE50 
 297      42BB95CE 
 297      6E96
 298 051f B05795D8 		.ascii	"\260W\225\330k\012\332q)\2563J\350\\\005k\236\304z\333"
 298      6B0ADA71 
 298      29AE334A 
 298      E85C056B 
 298      9EC47ADB 
 299 0533 73D3BA58 		.ascii	"s\323\272X+$\350\023%tX\001M\221\240\327=\307E\241["
 299      2B24E813 
 299      25745801 
 299      4D91A0D7 
 299      3DC745A1 
 300 0548 E992CFF3 		.ascii	"\351\222\317\363\237\330T\350\004\224\237$\345mB\005"
 300      9FD854E8 
 300      04949F24 
 300      E56D4205 
 301 0558 582BD066 		.ascii	"X+\320f.\020%rs\320\030\232\203\342\341\236\0142\012"
 301      2E102572 
 301      73D0189A 
 301      83E2E19E 
 301      0C320A
 302 056b CF76B83B 		.ascii	"\317v\270;\341\236\004\367Wp\237\000\031\007y\011\262"
 302      E19E04F7 
 302      57709F00 
 302      19077909 
 302      B2
 303 057c 11DEF120 		.ascii	"\021\336\361 \337\202<\003\3755\310S\220\347 \011\360"
 303      DF823C03 
 303      FD35C853 
 303      90E72009 
 303      F0
 304 058d EE05DCE3 		.ascii	"\356\005\334\343\340\276\001d\023\310\033\320\327ss"
 304      E0BE0164 
 304      13C81BD0 
 304      D77373
 305 059c E8F2457D 		.ascii	"\350\362E}O\226|\357\362\334\316\262\326K\224\260\235"
 305      4F967CEF 
 305      F2DCCEB2 
 305      D64B94B0 
 305      9D
 306 05ad 4AEC6545 		.ascii	"J\354eE\223dK\320>%\264WI[*a\007=\217 \031\266R\302"
 306      93644BD0 
 306      3E25B457 
 306      495B2A61 
 306      073D8F20 
 307 05c5 8E78EE15 		.ascii	"\216x\356\025\0316A\302^\362<\336e\330\267\322\030:"
 307      193641C2 
 307      5EF23CDE 
 307      65D8B7D2 
 307      183A
 308 05d7 ABC49E53 		.ascii	"\253\304\236S\204\226#\321\366{\236r.h\231\004}\244"
 308      849623D1 
ARM GAS  /tmp/ccnP8DiZ.s 			page 24


 308      F67B9E72 
 308      2E689904 
 308      7DA4
 309 05e9 840E29A0 		.ascii	"\204\016)\240Y\022\264\307s\203\271\240;%\350\200\347"
 309      5912B4C7 
 309      7383B9A0 
 309      3B25E880 
 309      E7
 310 05fa C9298BEB 		.ascii	"\311)\213\353\215\024W\207\307\271\341bM\222X\257x\356"
 310      8D145787 
 310      C7B9E162 
 310      4D9258AF 
 310      78EE
 311 060c 5C196BB9 		.ascii	"\\\031k\271\204}\3549.\206%{h\377\353D\015\217\010F"
 311      847DEC39 
 311      2E86257B 
 311      68FFEB44 
 311      0D8F0846 
 312 0620 25A6272A 		.ascii	"%\246'*i\364\365O\224\2366\360\002\325y\317\015\317"
 312      69F4F54F 
 312      949E36F0 
 312      02D579CF 
 312      0DCF
 313 0632 A860356D 		.ascii	"\250`5m\330T0\2427\310\367\\9Z\205R8\272-\223;\240\333"
 313      D85430A2 
 313      37C8F75C 
 313      395A8552 
 313      38BA2D93 
 314 0649 CA77FC03 		.ascii	"\312w\374\003\357\247K\257\372v^\315>\177\024\030\020"
 314      EFA74BAF 
 314      FA765ECD 
 314      3E7F1418 
 314      10
 315 065a A01773B4 		.ascii	"\240\027s\264m\234\036m\341\2249\332\253?\221\002\025"
 315      6D9C1E6D 
 315      E19439DA 
 315      AB3F9102 
 315      15
 316 066b C9FAC89D 		.ascii	"\311\372\310\235f&\303i<\236)e}\2510EI\221\012\245q"
 316      6626C369 
 316      3C9E2965 
 316      7DA93045 
 316      49910AA5 
 317 0680 01682B17 		.ascii	"\001h+\027 \337e\375\330.\233RU\364\214m\272\230\250"
 317      20DF65FD 
 317      D82E9B52 
 317      55F48C6D 
 317      BA98A8
 318 0693 3957EF8E 		.ascii	"9W\357\216b\252rt\033\273\322\355\257O\020\262?\022"
 318      62AA7274 
 318      1BBBD2ED 
 318      AF4F10B2 
 318      3F12
 319 06a5 84412F8B 		.ascii	"\204A/\213a;\345\236\033\2002\031u\331\351\364\333^"
 319      613BE59E 
 319      1B803219 
 319      75D9E9F4 
ARM GAS  /tmp/ccnP8DiZ.s 			page 25


 319      DB5E
 320 06b7 D3528595 		.ascii	"\323R\205\225c\026\242\216\247\203\351\014\216\300\263"
 320      6316A28E 
 320      A783E90C 
 320      8EC0B3
 321 06c6 B8696225 		.ascii	"\270ib%\252@\215\216M;\2639\226\370\320-\351h\322\330"
 321      AA408D8E 
 321      4D3BB339 
 321      96F8D02D 
 321      E968D2D8 
 322 06da B01E1F66 		.ascii	"\260\036\037f\373S\322\246\275N\357\251\255\347\212"
 322      FB53D2A6 
 322      BD4EEFA9 
 322      ADE78A
 323 06e9 D6E752E3 		.ascii	"\326\347R\343'\307\322\036\033\004\343v~\226\215\346"
 323      27C7D21E 
 323      1B04E376 
 323      7E968DE6 
 324 06f9 5C2E741E 		.ascii	"\\.t\0365N\353\320\354\345\332\226<\214\2173CC\255E"
 324      354EEBD0 
 324      ECE5DA96 
 324      3C8C8F33 
 324      4343AD45 
 325 070d EB881DFB 		.ascii	"\353\210\035\373\217\313\354\310^\271\347r\201\001\237"
 325      8FCBECC8 
 325      5EB9E772 
 325      81019F
 326 071c 63D50BF6 		.ascii	"c\325\013\366O\024j\361e\246\244\224\336\255P\343n!"
 326      4F146AF1 
 326      65A6A494 
 326      DEAD50E3 
 326      6E21
 327 072e 02FBA932 		.ascii	"\002\373\2512\275\310\234\360\243\230/=\250*\320\342"
 327      BDC89CF0 
 327      A3982F3D 
 327      A82AD0E2 
 328 073e 5BACFEE3 		.ascii	"[\254\376\343\206\301!\035\036\240\212\366qZQ\235^\330"
 328      86C1211D 
 328      1EA08AF6 
 328      715A519D 
 328      5ED8
 329 0750 9303A73B 		.ascii	"\223\003\247;\370t\373po]\277yW\361\0062&wAS\027q\030"
 329      F874FB70 
 329      6F5DBF79 
 329      57F10632 
 329      26774153 
 330 0767 5570532E 		.ascii	"UpS.\034\361vGeWdK<F\371\000v(\301n+\007`+\\\330\235"
 330      1CF17647 
 330      6557644B 
 330      3C46F900 
 330      7628C16E 
 331 0782 4AACDB4E 		.ascii	"J\254\333N\225nwT3,q\242\320\263\023\342\324\345\035"
 331      956E7754 
 331      332C71A2 
 331      D0B313E2 
 331      D4E51D
 332 0795 E50C0B1D 		.ascii	"\345\014\013\035\202vx\344u\271P\345r\241\300\263\273"
ARM GAS  /tmp/ccnP8DiZ.s 			page 26


 332      827678E4 
 332      75B950E5 
 332      72A1C0B3 
 332      BB
 333 07a6 B2A95BDA 		.ascii	"\262\251[\332\025IRm\000)\346\256|+\313\206\321\310"
 333      1549526D 
 333      0029E6AE 
 333      7C2BCB86 
 333      D1C8
 334 07b8 16084246 		.ascii	"\026\010BF\366\261r\230$\245\260\327\354\001\331\015"
 334      F6B17298 
 334      24A5B0D7 
 334      EC01D90D 
 335 07c8 52065202 		.ascii	"R\006R\002R,\354;"
 335      522CEC3B 
 336 07d0 9065DF6B 		.ascii	"\220e\337k8\343T\243\351\201\236\210P\025\324\377\261"
 336      38E354A3 
 336      E9819E88 
 336      5015D4FF 
 336      B1
 337 07e1 5CD4CFC6 		.ascii	"\\\324\317\306.\003,1\225P%\207\223\222t\342\265`\016"
 337      2E032C31 
 337      95502587 
 337      939274E2 
 337      B5600E
 338 07f4 BDE87E72 		.ascii	"\275\350~rD\343\266tTr\362\245\243ZX:\252\351\322!\246"
 338      44E3B674 
 338      5472F2A5 
 338      A35A583A 
 338      AAE9D221 
 339 0809 D77E2CBD 		.ascii	"\327~,\275\376\201I\263W\2344\357\321\321\226?\220\231"
 339      FE8149B3 
 339      579C34EF 
 339      D1D1963F 
 339      9099
 340 081b A313268D 		.ascii	"\243\023&\215C\234\2615\034\233\321pr\245\223f/\233"
 340      439CB135 
 340      1C9BD170 
 340      72A59366 
 340      2F9B
 341 082d B1B574C6 		.ascii	"\261\265t\306\266nk(\363qs\216\034\347\\\006\352\004"
 341      B66E6B28 
 341      F371738E 
 341      1CE75C06 
 341      EA04
 342 083f E7EAA873 		.ascii	"\347\352\250s\275Y-Ij\367P\334\320\365\002\272\236\242"
 342      BD592D49 
 342      6AF750DC 
 342      D0F502BA 
 342      9EA2
 343 0851 C706CF0D 		.ascii	"\307\006\317\015\351\345\207M\367)\334\300\311\017\233"
 343      E9E5874D 
 343      F729DCC0 
 343      C90F9B
 344 0860 35CE3B99 		.ascii	"5\316;\231\032\\\354\305\246\340\203\256-z\274\227)"
 344      1A5CECC5 
 344      A6E083AE 
ARM GAS  /tmp/ccnP8DiZ.s 			page 27


 344      2D7ABC97 
 344      29
 345 0871 432727EA 		.ascii	"C''\352\274\324\034\234u\351\232\011o^eo9\203\331W\012"
 345      BCD41C9C 
 345      75E99A09 
 345      6F5E656F 
 345      3983D957 
 346 0886 67C3C06F 		.ascii	"g\303\300o\336\326\362-\364\244\215\342\342g\023Z\264"
 346      DED6F22D 
 346      F4A48DE2 
 346      E267135A 
 346      B4
 347 0897 4FEC0974 		.ascii	"O\354\011t\200S\253\210\312\216g\215\0349\221f\247\214"
 347      8053AB88 
 347      CA8E678D 
 347      1C399166 
 347      A78C
 348 08a9 7778E397 		.ascii	"wx\343\227S\261\037\331]x\305\207\262;*\2125\364SB3"
 348      53B11FD9 
 348      5D78C587 
 348      B23B2A8A 
 348      35F45342 
 349 08be 5FA0A5C4 		.ascii	"_\240\245\304\007%\342C\204\370\240H|\230\022'T\326"
 349      0725E243 
 349      84F8A048 
 349      7C981227 
 349      54D6
 350 08d0 1CD60117 		.ascii	"\034\326\001\027=\007\222\310\310\371\250n\342\261\377"
 350      3D0792C8 
 350      C8F9A86E 
 350      E2B1FF
 351 08df 94DF459A 		.ascii	"\224\337E\232h\033\034\341\204F\330\266\217\337\243"
 351      681B1CE1 
 351      8446D8B6 
 351      8FDFA3
 352 08ee C5719AA9 		.ascii	"\305q\232\251\342N\036\275i\240\236\365\237.\356\205"
 352      E24E1EBD 
 352      69A09EF5 
 352      9F2EEE85 
 353 08fe BD8BF936 		.ascii	"\275\213\3716[MxP\263\344[\013\361\255Y\364\355;\352"
 353      5B4D7850 
 353      B3E45B0B 
 353      F1AD59F4 
 353      ED3BEA
 354 0911 9B78D4F1 		.ascii	"\233x\324\361cG\235\227\205\375\203\210n\014\336DM\373"
 354      63479D97 
 354      85FD8388 
 354      6E0CDE44 
 354      4DFB
 355 0923 F6C00176 		.ascii	"\366\300\001vl\241\007\326\242\242\341L\337\251G\335"
 355      6CA107D6 
 355      A2A2E14C 
 355      DFA947DD 
 356 0933 7171D41D 		.ascii	"qq\324\035c\033\305\220}\260R\243\334(Za\330\035\245"
 356      631BC590 
 356      7DB052A3 
 356      DC285A61 
ARM GAS  /tmp/ccnP8DiZ.s 			page 28


 356      D81DA5
 357 0946 C3EE041D 		.ascii	"\303\356\004\035v\307\331\260;A\207\335\341\336\304"
 357      76C7D9B0 
 357      3B4187DD 
 357      E1DEC4
 358 0955 873AEA4D 		.ascii	"\207:\352M?=n\236vn\213c\247\317\315\354\274u?y\203"
 358      3F3D6E9E 
 358      766E8B63 
 358      A7CFCDEC 
 358      BC753F79 
 359 096a 3FDEC41A 		.ascii	"?\336\304\032\342\310\271\252V\177\234\316\224\366\321"
 359      E2C8B9AA 
 359      567F9CCE 
 359      94F6D1
 360 0979 961A1DCE 		.ascii	"\226\032\035\316a\312\363'\255=Z\274\223)\365\035\366"
 360      61CAF327 
 360      AD3D5ABC 
 360      9329F51D 
 360      F6
 361 098a 260D2E12 		.ascii	"&\015.\022\224\304\2063\032\\\306\224\244\314\364\023"
 361      94C48633 
 361      1A5CC694 
 361      A4CCF413 
 362 099a 085769DC 		.ascii	"\010Wi\334\276:\314`_\035R\332s\276\303Tu\322\342\355"
 362      BE3ACC60 
 362      5F1D52DA 
 362      73BEC354 
 362      75D2E2ED 
 363 09ae 17AEED57 		.ascii	"\027\256\355W\343Z\241bw)\214\224\203T\341\322n\217"
 363      E35AA162 
 363      77298C94 
 363      8354E1D2 
 363      6E8F
 364 09c0 1623F19B 		.ascii	"\026#\361\233\201\373\316|\031\026\212\031\302\342\177"
 364      81FBCE7C 
 364      19168A19 
 364      C2E27F
 365 09cf 1EE2BEC0 		.ascii	"\036\342\276\300\011\037\014\372J\267\374\222\254b\235"
 365      091F0CFA 
 365      4AB7FC92 
 365      AC629D
 366 09de D020975C 		.ascii	"\320 \227\\\313\303\014\275\270:p\375W\213\377\3333"
 366      CBC30CBD 
 366      B83A70FD 
 366      578BFFDB 
 366      33
 367 09ef E9D5A948 		.ascii	"\351\325\251H;6\265\377\234\220^\001\322\213.\322NN"
 367      3B36B5FF 
 367      9C905E01 
 367      D28B2ED2 
 367      4E4E
 368 0a01 62455736 		.ascii	"bEW6\307m\307l\247\372aR\331\331\321\217\235\035_~;"
 368      C76DC76C 
 368      A7FA6152 
 368      D9D9D18F 
 368      9D1D5F7E 
 369 0a16 9CA8A7DD 		.ascii	"\234\250\247\335a\240g\325\324\222jv\344\367!\352\301"
ARM GAS  /tmp/ccnP8DiZ.s 			page 29


 369      61A067D5 
 369      D4926A76 
 369      E4F721EA 
 369      C1
 370 0a27 91FCEF1B 		.ascii	"\221\374\357\033\0357\304\321\321\315\270w\234\277\232"
 370      1D37C4D1 
 370      D1CDB877 
 370      9CBF9A
 371 0a36 EB2B1F1D 		.ascii	"\353+\037\035\304\357.\260}\235\216\216\036::n\210;"
 371      C4EF2EB0 
 371      7D9D8E8E 
 371      1E3A3A6E 
 371      883B
 372 0a48 79D39BDE 		.ascii	"y\323\233\336\213>r\364\265\357C7\217>u\372\340c\254"
 372      8B3E72F4 
 372      B5EF4337 
 372      8F3E75FA 
 372      E063AC
 373 0a5b B7CE9F38 		.ascii	"\267\316\2378\332\355\203\333\230\222\300\333+\365\370"
 373      DAED83DB 
 373      9892C0DB 
 373      2BF5F8
 374 0a6a 2C5386EF 		.ascii	",S\206\357\014\346\372\342KLy\270\253\344\232\001_c"
 374      0CE6FAE2 
 374      4B4C79B8 
 374      ABE49A01 
 374      5F63
 375 0a7c CA77EB77 		.ascii	"\312w\353w\354\363\301=L\271\377(\355\211\032\337f\312"
 375      ECF3C13D 
 375      4CB9FF28 
 375      ED891ADF 
 375      66CA
 376 0a8e CEA7BB36 		.ascii	"\316\247\2736h\361\200\306\355\374\357\307\316\377q"
 376      68F180C6 
 376      EDFCEFC7 
 376      CEFF71
 377 0a9d 3B8AFBB1 		.ascii	";\212\373\261k\235e\311\311}p\222\355b\003\262u\226"
 377      6B9D65C9 
 377      C97D7092 
 377      ED6203B2 
 377      7596
 378 0aaf 7C49D8B6 		.ascii	"|I\330\266\343\276F\216&\373\352\224\350\306\326\253"
 378      E3BE468E 
 378      26FBEA94 
 378      E8C6D6AB 
 379 0abf 133E7888 		.ascii	"\023>x\210\331\035\267\363u:<\302\224\326\004\036\262"
 379      D91DB7F3 
 379      753A3CC2 
 379      94D6041E 
 379      B2
 380 0ad0 94E74CC9 		.ascii	"\224\347L\3118\234\227\306<\342\331\307\221\202\033"
 380      389C97C6 
 380      3CE2D9C7 
 380      91821B
 381 0adf 1D78EA4E 		.ascii	"\035x\352Ny,vJ\206\320)\203\347\313\374]\315\314\"\030"
 381      792C764A 
 381      86D02983 
ARM GAS  /tmp/ccnP8DiZ.s 			page 30


 381      E7CBFC5D 
 381      CDCC2218 
 382 0af3 029FD8F6 		.ascii	"\002\237\330\366\376\204\372\364X\364)ilo3\226\243I"
 382      FE84FAF4 
 382      58F42969 
 382      6C6F3396 
 382      A349
 383 0b05 0453A29F 		.ascii	"\004S\242\237\324\226\344\032\360\030\363\363\330\205"
 383      D496E41A 
 383      F018F3F3 
 383      D885
 384 0b13 EE720DF5 		.ascii	"\356r\015\365\323\301\374n?\320\303\206\326\317h\216"
 384      D3C1FC6E 
 384      3FD0C386 
 384      D6CF688E 
 385 0b23 7967EF80 		.ascii	"yg\357\200vj\267GE\267KX:upW}\244\322\353\247\340\307"
 385      766AB747 
 385      45B74B58 
 385      3A757057 
 385      7DA4D2EB 
 386 0b3a 333A389E 		.ascii	"3:8\236S?FE?^\274)\277?\311\353)\321\217\256\034\335"
 386      533F4645 
 386      3F5EBC29 
 386      BF3FC9EB 
 386      29D18FAE 
 387 0b50 64C01342 		.ascii	"d\300\023B\347\247\324\216\261\357\354k\350g\234\355"
 387      E7A7D48E 
 387      B1EFEC6B 
 387      E8679CED 
 388 0b60 F167D4D8 		.ascii	"\361g\324\330\356\315\226\226\346\272\247l6$\020\375"
 388      EECD9696 
 388      E6BAA76C 
 388      362410FD 
 389 0b70 DDAABE7B 		.ascii	"\335\252\276{\365Z4g\3625\035\022;\222\367@^7\374\307"
 389      F55A3467 
 389      F2351D12 
 389      3B92F740 
 389      5E37FCC7 
 390 0b84 32B249B1 		.ascii	"2\262I\261\334\347\034\314\331\024\374}y]w59\342\020"
 390      DCE71CCC 
 390      D914FC7D 
 390      795D7735 
 390      39E210
 391 0b97 EC59CF58 		.ascii	"\354Y\317XWN\365F\202\216)\241\2579wh\227\004\355PB"
 391      574EF546 
 391      828E29A1 
 391      AF397768 
 391      9704ED50 
 392 0bac DD92C5F4 		.ascii	"\335\222\305\3648\307P\020 \037@J\367P@\212\303\325"
 392      38C75010 
 392      201F404A 
 392      F750408A 
 392      C3D5
 393 0bbe FD4B0590 		.ascii	"\375K\005\220>\222H\357)I\335\277\001AZ\371\204bI/<"
 393      3E9248EF 
 393      2949DDBF 
 393      01415AF9 
ARM GAS  /tmp/ccnP8DiZ.s 			page 31


 393      8462492F 
 394 0bd3 5262DDCF 		.ascii	"Rb\335\317\216\361q\216\236\240\254`\324\013\036\364"
 394      8EF1718E 
 394      9EA0AC60 
 394      D40B1EF4 
 395 0be3 0950710D 		.ascii	"\011Pq\015p?\355\003\3539\211\365\264\222u\256;\362"
 395      703FED03 
 395      EB3989F5 
 395      B49275AE 
 395      3BF2
 396 0bf5 B1841CF4 		.ascii	"\261\204\034\364l\337\025\326\240\024\326]\317a\271"
 396      6CDF15D6 
 396      A014D65D 
 396      CF61B9
 397 0c04 A0D72468 		.ascii	"\240\327$h\273G\373\262~\355\223\2407\225\320n9+\244"
 397      BB47FBB2 
 397      7EED93A0 
 397      3795D06E 
 397      392BA4
 398 0c17 D5AF490F 		.ascii	"\325\257I\017<\027\222j\202\024\007.z\305\2715k\234"
 398      3C17926A 
 398      8214072E 
 398      7AC5B935 
 398      6B9C
 399 0c29 638C405F 		.ascii	"c\214@_\000\364\245\022:\254p\365\272d\377\214\347\021"
 399      00F4A512 
 399      3AAC70F5 
 399      BA64FF8C 
 399      E711
 400 0c3b 20F37540 		.ascii	" \363u@\302\336\362\354\253\014\373P\302\336Qb{\225"
 400      C2DEF2EC 
 400      AB0CFB50 
 400      C2DE5162 
 400      7B95
 401 0c4d D80712F6 		.ascii	"\330\007\022\366\266g\354\244\357U'!\2346\0324A\223"
 401      B667ECA4 
 401      EF552721 
 401      9C361A34 
 401      4193
 402 0c5f C47C2B0E 		.ascii	"\304|+\016Dv<\007m\000\231\200\204<\011\356\343\344"
 402      44763C07 
 402      6D009980 
 402      843C09EE 
 402      E3E4
 403 0c71 0313C87A 		.ascii	"\003\023\310zxN\005\331\010\262\011$\031d3\310\267 "
 403      784E05D9 
 403      08B20924 
 403      196433C8 
 403      B720
 404 0c83 3C881330 		.ascii	"<\210\0230\361p\217\003\331\002\222\010\222\000\362"
 404      F1708F03 
 404      D9029208 
 404      9200F2
 405 0c92 56FA3005 		.ascii	"V\3720\005M\372\2124\35104\351\210\340\243\270\330\271"
 405      4DFA8A34 
 405      E93034E9 
 405      88E0A3B8 
ARM GAS  /tmp/ccnP8DiZ.s 			page 32


 405      D8B9
 406 0ca4 7F568470 		.ascii	"\177V\204pz\245p\372\225\341\310?a\321\243\302\231j"
 406      7AA570FA 
 406      95E1C83F 
 406      61D1A3C2 
 406      996A
 407 0cb6 F2350230 		.ascii	"\3625\0020\212\023\015\244\001\361];\034\032\0248\235"
 407      8A130DA4 
 407      01F15D3B 
 407      1C1A1438 
 407      9D
 408 0cc7 E2C663B5 		.ascii	"\342\306c\265h\0330\235rm\356\244\322\244\323\217\330"
 408      681B309D 
 408      726DEEA4 
 408      D2A4D38F 
 408      D8
 409 0cd8 30280DDA 		.ascii	"0(\015\332\343\377\243m`\365KL\277\\\357~`\330\206\345"
 409      E3FFA36D 
 409      60F54B4C 
 409      BF5CEF7E 
 409      60D886E5 
 410 0cec A79974CC 		.ascii	"\247\231t\314\216\000p\367x`(u;0d\010\350\014\212\276"
 410      8E0070F7 
 410      78602875 
 410      3B306408 
 410      E80C8ABE 
 411 0d00 D979F9BC 		.ascii	"\331y\371\274\036'\262e\266\250\254\254G\317\222\374"
 411      1E27B265 
 411      B6A8ACAC 
 411      47CF92FC 
 412 0d10 9EC20943 		.ascii	"\236\302\011C\205,\311G\364\330\221\211]\377s\202g\226"
 412      852CC947 
 412      F4D89189 
 412      5DFF7382 
 412      6796
 413 0d22 EC6EC724 		.ascii	"\354n\307$\331\275\3239\302\353q\036#\332=tx@\307\362"
 413      D9BDD339 
 413      C2EB711E 
 413      23DA3D74 
 413      7840C7F2 
 414 0d36 F9B2BA48 		.ascii	"\371\262\272HFbO\340\330?\030\263d$Y\"I6%\231\350\337"
 414      46624FE0 
 414      D83F18B3 
 414      64245922 
 414      49362599 
 415 0d4c C2EBF06E 		.ascii	"\302\353\360n\357)\222q\373\266\226Q$\036B\016\374z"
 415      EF299271 
 415      FBB69651 
 415      241E420E 
 415      FC7A
 416 0d5e CCED1042 		.ascii	"\314\355\020B\362\361\034\221\032\345b\310\307sD\366"
 416      F2F11C91 
 416      1AE562C8 
 416      C77344F6 
 417 0d6e 3CCABEFD 		.ascii	"<\312\276\375\334\251i\270\236\221;n\\\374\213\020\251"
 417      DCA969B8 
 417      9E913B6E 
ARM GAS  /tmp/ccnP8DiZ.s 			page 33


 417      5CFC8B10 
 417      A9
 418 0d7f BDD07772 		.ascii	"\275\320wr\244;dN\356\020i\362)M\376\371\236\007j|\212"
 418      A43B644E 
 418      EE1069F2 
 418      294DFEF9 
 418      9E076A7C 
 419 0d94 F14CD8CF 		.ascii	"\361L\330\317\367y\261H\257O\212t\247\214d\247H\342"
 419      F779B148 
 419      AF4F8A74 
 419      A78C64A7 
 419      48E2
 420 0da6 C0B354BF 		.ascii	"\300\263T\2770\256\211\265\330\214\321\226\257\215\346"
 420      30AE89B5 
 420      D88CD196 
 420      AF8DE6
 421 0db5 35D1AB62 		.ascii	"5\321\253b\277Zk\236\267f\245\3056/X\363\237\377\365"
 421      BF5A6B9E 
 421      B766A5C5 
 421      362F58F3 
 421      9FFFF5
 422 0dc8 F9AC50D5 		.ascii	"\371\254P\325\302\320\250\350\177F\257\2100\316\377"
 422      C2D0A8E8 
 422      7F46AF88 
 422      30CEFF
 423 0dd7 68DE87F3 		.ascii	"h\336\207\363\202\203b\255A\246\330\325\253cc\202HE"
 423      828362AD 
 423      41A6D8D5 
 423      AB636382 
 423      4845
 424 0de9 6B5048F8 		.ascii	"kPH\370\362\320\345\353\202LQ\246X\213\331\370\257\217"
 424      F2D0E5EB 
 424      824C51A6 
 424      588BD9F8 
 424      AF8F
 425 0dfb 56CF33A9 		.ascii	"V\3173\251~\316H\255\377\216\266\231\242\214_ZbW\033"
 425      7ECE48AD 
 425      FF8EB699 
 425      A28C5F5A 
 425      62571B
 426 0e0e A3AD969F 		.ascii	"\243\255\226\237\316\024\245\232\316\230\314\353\242"
 426      CE14A59A 
 426      CE98CCEB 
 426      A2
 427 0e1b 6D12CFB4 		.ascii	"m\022\317\264\311.\373D|\021j\\\2722&r\225\331\342e"
 427      C92EFB44 
 427      7C116A5C 
 427      BA322672 
 427      95D9E265 
 428 0e2f FC343676 		.ascii	"\37446v\325/LQ\021\246\250e\3260\213\331\274z\215-:"
 428      D52F4C51 
 428      11A6A865 
 428      D6308BD9 
 428      BC7A8D2D 
 429 0e44 3626DCFC 		.ascii	"6&\334\374\365\332h\21392p\262\033\026[Pt\214i\325\332"
 429      F5DA688B 
 429      393270B2 
ARM GAS  /tmp/ccnP8DiZ.s 			page 34


 429      1B165B50 
 429      748C69D5 
 430 0e59 483358B7 		.ascii	"H3X\267\232\242\"\301\262vmt\214m\341\002\243Mo4\212"
 430      9AA222C1 
 430      B2766D74 
 430      8C6DE102 
 430      A34D6F34 
 431 0e6e 8F8B82D6 		.ascii	"\217\213\202\326Z-A+-\253?\210\211\2151\177`^\371\317"
 431      5A2D412B 
 431      2DAB3F88 
 431      898D317F 
 431      605EF9CF 
 432 0e82 68A9E2EA 		.ascii	"h\251\342\352\225\246\250\350\030s\2201\322\374\345"
 432      95A6A8E8 
 432      18739031 
 432      D2FCE5
 433 0e91 CAB5AB6C 		.ascii	"\312\265\253lF\3337k\314V z\357{*Y\277\261\006\031\255"
 433      46DB376B 
 433      CC56207A 
 433      EF7B2A59 
 433      BFB10619 
 434 0ea6 B648E007 		.ascii	"\266H\340\007\244\217\020\253\315d[\247\265\230\277"
 434      A48F10AB 
 434      CD645BA7 
 434      B598BF
 435 0eb5 823A465B 		.ascii	"\202:F[\320Oi5 \341,\301\234e>gY\300Y\026b\313\374\005"
 435      D04F6935 
 435      20E12CC1 
 435      9C653E67 
 435      59C05916 
 436 0ecd 9A5516A3 		.ascii	"\232U\026\243-*\222[cR\257[c\265p\326`\316:\237\263"
 436      2D2A925B 
 436      6352AF5B 
 436      63B570D6 
 436      60CE3A9F 
 437 0ee2 2EE0AC0B 		.ascii	".\340\254\0139\353\"\316\372;\316\372!g\375\210\263"
 437      39EB22CE 
 437      FA3BCEFA 
 437      2167FD88 
 437      B3
 438 0ef3 7ECC597F 		.ascii	"~\314Y\177\217\255\363\203A\346\203,\000Y\010\262\010"
 438      8FADF383 
 438      41E6832C 
 438      005908B2 
 438      08
 439 0f04 E4775E5F 		.ascii	"\344w^_\256\261\232,\340\223\325l\371\2279Rm\212Zi\321"
 439      AEB19A2C 
 439      E093D56C 
 439      F9973952 
 439      6D8A5A69 
 440 0f19 2E09FBDC 		.ascii	".\011\373\334\370W\010R\027\376Y\304g\341_|\2668\330"
 440      F8570852 
 440      17FE59C4 
 440      67E15F7C 
 440      B638D8
 441 0f2c 6B495868 		.ascii	"kIXhh8\371\015\011\327,\011[\034\001\312\362/\226\204"
 441      6838F90D 
ARM GAS  /tmp/ccnP8DiZ.s 			page 35


 441      09D72C09 
 441      5B1C01CA 
 441      F22F9684 
 442 0f40 07D3DFF9 		.ascii	"\007\323\337\371\037N\031\012\304\034\024\272<bY\204"
 442      1F4E190A 
 442      C41C14BA 
 442      3C625984 
 443 0f50 AB1FC818 		.ascii	"\253\037\310\0300\255^D\232\305h\374\312l3.\011\003"
 443      30AD5E44 
 443      9AC568FC 
 443      CA6C332E 
 443      0903
 444 0f62 3ADF95AB 		.ascii	":\337\225\253\376\275\362\033\2531:f\0254\366G?\205"
 444      FEBDF21B 
 444      AB313A66 
 444      1534F647 
 444      3F85
 445 0f74 70B535DA 		.ascii	"p\2655\332j\374\312d\002F\035c\014\213\010\203'+{\322"
 445      6AFCCA64 
 445      02461D63 
 445      0C8B0883 
 445      272B7BD2 
 446 0f88 46847E4A 		.ascii	"F\204~J\303\361\012\015\373|\331b\365\262\320\210p\365"
 446      C3F10A0D 
 446      FB7CD962 
 446      F5B2D088 
 446      70F5
 447 0f9a 177F5D11 		.ascii	"\027\177]\021\356\025"
 447      EE15
 448 0fa0 B22C3C34 		.ascii	"\262,<4\034\203q\014\301y\223\261\360\261\321\246c\243"
 448      1C83710C 
 448      C17993B1 
 448      F0B1D1A6 
 448      63A3
 449 0fb2 029E70C4 		.ascii	"\002\236p\304\3220\257\210\245\004\036\272\004~\226"
 449      D230AF88 
 449      A5041EBA 
 449      047E96
 450 0fc1 929FC5F0 		.ascii	"\222\237\305\360\343\265|\371\222\220p\365\247\344'"
 450      E3B57CF9 
 450      929070F5 
 450      A7E427
 451 0fd0 04741CB6 		.ascii	"\004t\034\266$\034/\006\011Y\034\256\206\262p\365\262"
 451      241C2F06 
 451      09591CAE 
 451      86B270F5 
 451      B2
 452 0fe1 88907030 		.ascii	"\210\220p0\027\022\032>\215v\375\252X\323\377J\303\\"
 452      17121A3E 
 452      8D76FDAA 
 452      58D3FF4A 
 452      C35C
 453 0ff3 27BDF265 		.ascii	"'\275\362eN~\032\022\361YX\370\262"
 453      4E7E1A12 
 453      F15958F8 
 453      B2
 454 1000 9FD1F76B 		.ascii	"\237\321\367kc\334\300>\262\227\377\007\271\270\024"
ARM GAS  /tmp/ccnP8DiZ.s 			page 36


 454      63DCC03E 
 454      B297FF07 
 454      B9B814
 455 100f BD       		.ascii	"\275"
 456              		.text
 457              		.section	.gnu.lto_.symtab.98e976703046b725,"",%progbits
 458 0000 5F706F72 		.ascii	"_port_irq_epilogue\000\000\000\000\000\000\000\000\000"
 458      745F6972 
 458      715F6570 
 458      696C6F67 
 458      75650000 
 459 001b 000000B3 		.ascii	"\000\000\000\263\000\000\000SVC_Handler\000\000\000"
 459      00000053 
 459      56435F48 
 459      616E646C 
 459      65720000 
 460 0030 00000000 		.ascii	"\000\000\000\000\000\000\000\000\000\265\000\000\000"
 460      00000000 
 460      00B50000 
 460      00
 461 003d 5F706F72 		.ascii	"_port_switch_from_isr\000\000\002\000\000\000\000\000"
 461      745F7377 
 461      69746368 
 461      5F66726F 
 461      6D5F6973 
 462 005a 00000000 		.ascii	"\000\000\000\000\257\000\000\000_port_exit_from_isr"
 462      AF000000 
 462      5F706F72 
 462      745F6578 
 462      69745F66 
 463 0075 00000200 		.ascii	"\000\000\002\000\000\000\000\000\000\000\000\000\261"
 463      00000000 
 463      00000000 
 463      B1
 464 0082 00000063 		.ascii	"\000\000\000chSchIsPreemptionRequired\000\000\002\000"
 464      68536368 
 464      49735072 
 464      65656D70 
 464      74696F6E 
 465 00a2 00000000 		.ascii	"\000\000\000\000\000\000\000\000\275\000\000\000"
 465      00000000 
 465      BD000000 
 466              		.text
 467              		.section	.gnu.lto_.opts,"",%progbits
 468 0000 272D666E 		.ascii	"'-fno-trapv' '-mcpu=cortex-m4' '-mfloat-abi=hard' '"
 468      6F2D7472 
 468      61707627 
 468      20272D6D 
 468      6370753D 
 469 0033 2D6D6670 		.ascii	"-mfpu=fpv4-sp-d16' '-mno-thumb-interwork' '-mthumb'"
 469      753D6670 
 469      76342D73 
 469      702D6431 
 469      36272027 
 470 0066 20272D67 		.ascii	" '-ggdb' '-O2' '-fomit-frame-pointer' '-falign-func"
 470      67646227 
 470      20272D4F 
ARM GAS  /tmp/ccnP8DiZ.s 			page 37


 470      32272027 
 470      2D666F6D 
 471 0099 74696F6E 		.ascii	"tions=16' '-ffunction-sections' '-fdata-sections' '"
 471      733D3136 
 471      2720272D 
 471      6666756E 
 471      6374696F 
 472 00cc 2D666E6F 		.ascii	"-fno-common' '-flto' '-fsingle-precision-constant'\000"
 472      2D636F6D 
 472      6D6F6E27 
 472      20272D66 
 472      6C746F27 
 473              		.text
 474              		.comm	__gnu_lto_v1,1,1
 475              		.comm	__gnu_lto_slim,1,1
 476              		.ident	"GCC: (GNU Tools for ARM Embedded Processors) 4.9.3 20150529 (release) [ARM/embedded-4_9-br
ARM GAS  /tmp/ccnP8DiZ.s 			page 38


DEFINED SYMBOLS
                            *ABS*:0000000000000000 chcore_v7m.c
                            *COM*:0000000000000001 __gnu_lto_v1
                            *COM*:0000000000000001 __gnu_lto_slim

NO UNDEFINED SYMBOLS
