ARM GAS  /tmp/ccstl1DL.s 			page 1


   1              		.syntax unified
   2              		.cpu cortex-m4
   3              		.eabi_attribute 27, 1
   4              		.eabi_attribute 28, 1
   5              		.fpu fpv4-sp-d16
   6              		.eabi_attribute 20, 1
   7              		.eabi_attribute 21, 1
   8              		.eabi_attribute 23, 3
   9              		.eabi_attribute 24, 1
  10              		.eabi_attribute 25, 1
  11              		.eabi_attribute 26, 1
  12              		.eabi_attribute 30, 2
  13              		.eabi_attribute 34, 1
  14              		.eabi_attribute 18, 4
  15              		.thumb
  16              		.file	"crt1.c"
  17              		.text
  18              	.Ltext0:
  19              		.section	.gnu.lto_.profile.9e60dd2249b26dd7,"",%progbits
  20 0000 789C6366 		.ascii	"x\234cf```a\200\000F\006IQ\000\000\273\0007"
  20      60606061 
  20      80004606 
  20      49510000 
  20      BB0037
  21              		.text
  22              		.section	.gnu.lto_.jmpfuncs.9e60dd2249b26dd7,"",%progbits
  23 0000 789C6366 		.ascii	"x\234cf\300\016\004\2414+\020320010030\260\0009\000"
  23      C00E04A1 
  23      342B1033 
  23      32303031 
  23      30303330 
  24 0018 03080024 		.ascii	"\003\010\000$"
  25              		.text
  26              		.section	.gnu.lto_.inline.9e60dd2249b26dd7,"",%progbits
  27 0000 789C6366 		.ascii	"x\234cf\300\016\342\2414+\003\0033\023#\003\023\220"
  27      C00EE2A1 
  27      342B0303 
  27      33132303 
  27      1390
  28 0012 C9B6401E 		.ascii	"\311\266@\036D10b\2100a\2100\003y\020\021\0260\011\244"
  28      44313062 
  28      88306188 
  28      30037910 
  28      11163009 
  29 0027 445E7102 		.ascii	"D^q\002E\224\332\026\315d\204+c\000\000\376\271\006"
  29      4594DA16 
  29      CD64842B 
  29      630000FE 
  29      B906
  30 0039 9F       		.ascii	"\237"
  31              		.text
  32              		.section	.gnu.lto_.pureconst.9e60dd2249b26dd7,"",%progbits
  33 0000 789C6366 		.ascii	"x\234cf``\340f\200\000V\006\011F\011&\011f\023\026)"
  33      6060E066 
  33      80005606 
  33      09460926 
  33      09661316 
ARM GAS  /tmp/ccstl1DL.s 			page 2


  34 0015 00043A00 		.ascii	"\000\004:\000\264"
  34      B4
  35              		.text
  36              		.section	.gnu.lto___core_init.9e60dd2249b26dd7,"",%progbits
  37 0000 789C6366 		.ascii	"x\234cf\300\004R@\\\002\304\366@\314\310\314\300\310"
  37      C0045240 
  37      5C02C4F6 
  37      40CCC8CC 
  37      C0C8
  38 0012 34E11C03 		.ascii	"4\341\034\003C#\007\023##\210\301\300\310P\317\304X"
  38      43230713 
  38      232388C1 
  38      C0C850CF 
  38      C458
  39 0024 CFF892E9 		.ascii	"\317\370\222\351#\023\343\204\003\253gp\253/mhh\370"
  39      2313E384 
  39      03AB6770 
  39      AB2F6D68 
  39      68F8
  40 0036 D07459A2 		.ascii	"\320tY\242U\342'\023\003\303g&\2101\214\313\031\325"
  40      55E22713 
  40      03C36726 
  40      88318CCB 
  40      19D5
  41 0048 19806A3E 		.ascii	"\031\200j>\266\374\275\316\315\326\002T#\000\221c\\"
  41      B6FCBDCE 
  41      CDD60254 
  41      23009163 
  41      5C
  42 0059 C1C8C608 		.ascii	"\301\310\306\010\244\327\013\035h\370\377\177\361\234"
  42      A4D70B1D 
  42      68F8FF7F 
  42      F19C
  43 0067 37975980 		.ascii	"7\227Y\200\302O\200\030d\376S&&\020\315|\217\221\021"
  43      C24F8018 
  43      64FE5326 
  43      2610CD7C 
  43      8F9111
  44 007a A41064D2 		.ascii	"\244\020d\322\023&F\220\020P\201\255sFfR\246\177p\274"
  44      13264690 
  44      105081AD 
  44      73466652 
  44      A67F70BC 
  45 008e A1B99E99 		.ascii	"\241\271\236\231\236\201~~\261~r~nn~\236~qIbQIi\201"
  45      9E817E7E 
  45      B17E727E 
  45      6E6E7E9E 
  45      7E714962 
  46 00a6 BE6390AF 		.ascii	"\276c\220\257\263o\005H\264 3'\265\250X\337\335\331"
  46      B36F0548 
  46      B4203327 
  46      B5A858DF 
  46      DDD9
  47 00b8 593FB9A8 		.ascii	"Y?\271\250\304P/\231\001\000n\033=\263"
  47      C4502F99 
  47      01006E1B 
  47      3DB3
ARM GAS  /tmp/ccstl1DL.s 			page 3


  48              		.text
  49              		.section	.gnu.lto___early_init.9e60dd2249b26dd7,"",%progbits
  50 0000 789C6366 		.ascii	"x\234cf\300\004R@\\\004\304\366@\314\310\314\300\310"
  50      C0045240 
  50      5C04C4F6 
  50      40CCC8CC 
  50      C0C8
  51 0012 34E11C03 		.ascii	"4\341\034\003C#\007\023##\210\301\300\310P\317\304X"
  51      43230713 
  51      232388C1 
  51      C0C850CF 
  51      C458
  52 0024 CFF892E9 		.ascii	"\317\370\222\351#\023\343\204\003\253gp\253/mhh\370"
  52      2313E384 
  52      03AB6770 
  52      AB2F6D68 
  52      68F8
  53 0036 B0E9BA44 		.ascii	"\260\351\272D\253\304O&\006\206\317L\020c\030\2273\252"
  53      ABC44F26 
  53      0686CF4C 
  53      10631897 
  53      33AA
  54 0048 3300D57C 		.ascii	"3\000\325|l\371{\235\233\255\005\250F\000\"\307\270"
  54      6CF97B9D 
  54      9BAD05A8 
  54      460022C7 
  54      B8
  55 0059 82918D11 		.ascii	"\202\221\215\021H\257\027:\320\360\377\377\3439\022"
  55      48AF173A 
  55      D0F0FFFF 
  55      E33912
  56 0068 40C12740 		.ascii	"@\301'@\0142\375)\023\023\210f\276\307\310\010R\006"
  56      0C32FD29 
  56      13138866 
  56      BEC7C808 
  56      5206
  57 007a 32E70913 		.ascii	"2\347\011\023#H\010\250\300\3269#3)\323?8\336\320\\"
  57      234808A8 
  57      C0D63923 
  57      3329D33F 
  57      38DED05C 
  58 008e CF4CCF40 		.ascii	"\317L\317@?\277X?9?77?O\277\270$\261\250\244\264@\337"
  58      3FBF583F 
  58      393F3737 
  58      3F4FBFB8 
  58      24B1A8A4 
  59 00a5 31C8D7D9 		.ascii	"1\310\327\331\267\002$Z\220\231\223ZT\254\357\356\354"
  59      B702245A 
  59      9099935A 
  59      54ACEFEE 
  59      EC
  60 00b6 AC9F5C54 		.ascii	"\254\237\\Tb\250\227\314\000\000\273\004<z"
  60      62A897CC 
  60      0000BB04 
  60      3C7A
  61              		.text
  62              		.section	.gnu.lto___late_init.9e60dd2249b26dd7,"",%progbits
ARM GAS  /tmp/ccstl1DL.s 			page 4


  63 0000 789C6366 		.ascii	"x\234cf\300\004R@\\\004\304\366@\314\310\314\300\310"
  63      C0045240 
  63      5C04C4F6 
  63      40CCC8CC 
  63      C0C8
  64 0012 34E11C03 		.ascii	"4\341\034\003C#\007\023##\210\301\300\310P\317\304X"
  64      43230713 
  64      232388C1 
  64      C0C850CF 
  64      C458
  65 0024 CFF892E9 		.ascii	"\317\370\222\351#\023\343\204\003\253gp\253/mhh\370"
  65      2313E384 
  65      03AB6770 
  65      AB2F6D68 
  65      68F8
  66 0036 30E9B644 		.ascii	"0\351\266D\253\304O&\006\206\317L\020c\030\2273\252"
  66      ABC44F26 
  66      0686CF4C 
  66      10631897 
  66      33AA
  67 0048 3300D57C 		.ascii	"3\000\325|l\371{\235\233\255\005\250F\000\"\307\270"
  67      6CF97B9D 
  67      9BAD05A8 
  67      460022C7 
  67      B8
  68 0059 82918D11 		.ascii	"\202\221\215\021H\257\027:\320\360\377\377\3429\022"
  68      48AF173A 
  68      D0F0FFFF 
  68      E23912
  69 0068 40C12740 		.ascii	"@\301'@\0142\375)\023\023\210f\276\307\310\010R\006"
  69      0C32FD29 
  69      13138866 
  69      BEC7C808 
  69      5206
  70 007a 32E70913 		.ascii	"2\347\011\023#H\010\250\300\3269#3)\323?8\336\320\\"
  70      234808A8 
  70      C0D63923 
  70      3329D33F 
  70      38DED05C 
  71 008e CF4CCF40 		.ascii	"\317L\317@?\277X?9?77?O\277\270$\261\250\244\264@\337"
  71      3FBF583F 
  71      393F3737 
  71      3F4FBFB8 
  71      24B1A8A4 
  72 00a5 31C8D7D9 		.ascii	"1\310\327\331\267\002$Z\220\231\223ZT\254\357\356\354"
  72      B702245A 
  72      9099935A 
  72      54ACEFEE 
  72      EC
  73 00b6 AC9F5C54 		.ascii	"\254\237\\Tb\250\227\314\000\000\217$<\036"
  73      62A897CC 
  73      00008F24 
  73      3C1E
  74              		.text
  75              		.section	.gnu.lto___default_exit.9e60dd2249b26dd7,"",%progbits
  76 0000 789C6366 		.ascii	"x\234cf\300\004&@\\\014\304\366@\314\310\312\300\310"
  76      C0042640 
ARM GAS  /tmp/ccstl1DL.s 			page 5


  76      5C0CC4F6 
  76      40CCC8CA 
  76      C0C8
  77 0012 34E11C03 		.ascii	"4\341\034\003C#\007\023#3\210\301\310\314\310\002\021"
  77      43230713 
  77      233388C1 
  77      C8CCC802 
  77      11
  78 0023 60810838 		.ascii	"`\201\010822\32431\2630\002\011\210\376\227L\037\231"
  78      3232D433 
  78      31B33002 
  78      0988FE97 
  78      4C1F99
  79 0036 18271C58 		.ascii	"\030'\034X=\203[}iCC\303\207Gw%Z%~210|f\202(`\\\316"
  79      3D835B7D 
  79      694343C3 
  79      87477725 
  79      5A257E32 
  80 0053 A8CE0054 		.ascii	"\250\316\000T\363\261\345\357un\266\026\240\032\001"
  80      F3B1E5EF 
  80      756EB616 
  80      A01A01
  81 0062 881CE30A 		.ascii	"\210\034\343\012F6F \275^\350@\303\377\377\217\347\356"
  81      46364620 
  81      BD5EE840 
  81      C3FFFF8F 
  81      E7EE
  82 0074 B9CF02E4 		.ascii	"\271\317\002\344>\001J1\002I&\240\335O\200\226\000-"
  82      3E014A31 
  82      024926A0 
  82      DD4F8096 
  82      002D
  83 0086 657CC2C4 		.ascii	"e|\302\304\002\245\031\301F\332:gd&e\372\007\307\033"
  83      02A519C1 
  83      46DA3A67 
  83      642665FA 
  83      07C71B
  84 0099 9AEB99E9 		.ascii	"\232\353\231\351\031\350\347\027\353'\347\347\346\346"
  84      19E8E717 
  84      EB27E7E7 
  84      E6E6
  85 00a7 E7E91797 		.ascii	"\347\351\027\227$\026\225\224\026\350;\006\371:\373"
  85      24169594 
  85      16E83B06 
  85      F93AFB
  86 00b6 5680440B 		.ascii	"V\200D\0132sR\213\212\365\335\235\235\365\223\213J\014"
  86      3273528B 
  86      8AF5DD9D 
  86      9DF5938B 
  86      4A0C
  87 00c8 F5921900 		.ascii	"\365\222\031\000\237\336@\336"
  87      9FDE40DE 
  88              		.text
  89              		.section	.gnu.lto___init_ram_areas.9e60dd2249b26dd7,"",%progbits
  90 0000 789C8D54 		.ascii	"x\234\215T\377k[U\024\277\347\336\227\367^\362\022\223"
  90      FF6B5B55 
  90      14BFE7DE 
ARM GAS  /tmp/ccstl1DL.s 			page 6


  90      97F75EF2 
  90      1293
  91 0012 AE15C640 		.ascii	"\256\025\306@\024\372\303\374e}\233?\250\014DG\205\355"
  91      14FAC3FC 
  91      657D9B3F 
  91      A80C4447 
  91      85ED
  92 0024 9729E81F 		.ascii	"\227)\350\037\240\263\012\026\334\032\332\012\202\226"
  92      A0B30A16 
  92      DC1ADA0A 
  92      8296
  93 0032 BEB6D1B1 		.ascii	"\276\266\321\261\342\272:\334\010\3106\207_\326\332"
  93      E2BA3ADC 
  93      08C83687 
  93      5FD6DA
  94 0041 76DDACDB 		.ascii	"v\335\254\333\222v_\322u.\235\326\3120\253\2402\313"
  94      92765FD2 
  94      752E9DD6 
  94      CA30ABA0 
  94      32CB
  95 0053 E8AA824A 		.ascii	"\350\252\202Jcti\324\022\31797\3054[\305@\336\275\347"
  95      637469D4 
  95      12CF3937 
  95      C5345BC5 
  95      40DEBDE7 
  96 0067 DC733FE7 		.ascii	"\334s?\347s>\347\275\243\304\355\277\303\370\177\325"
  96      733EE7BD 
  96      A3C4EDBF 
  96      C3F87FD5 
  97 0077 14621BAE 		.ascii	"\024b\033\256\020\024 {\247\205\350\260%(\275Q\340\323"
  97      1014207B 
  97      A785E8B0 
  97      2528BD51 
  97      E0D3
  98 0089 1B436FC6 		.ascii	"\033Co\306m\2374\336L\013\341\005\314\230%\274\240\011"
  98      6D9F34DE 
  98      4C0BE105 
  98      CC9825BC 
  98      A009
  99 009b 36F9C1D2 		.ascii	"6\371\301\322\353\270mKK\237\373\371\334/\035m\006\330"
  99      EBB86D4B 
  99      4B9FFBF9 
  99      DC2F1D6D 
  99      06D8
 100 00ad 7434F096 		.ascii	"t4\360\226\000\000\255\002D\273T\206\317\264l\277\023"
 100      0000AD02 
 100      44BB5486 
 100      CFB46CBF 
 100      13
 101 00be 80764309 		.ascii	"\200vC\011(\026\213\355\314\315\247)\332z\371If%\364"
 101      28168BED 
 101      CCCDA729 
 101      DA7AF949 
 101      6625F4
 102 00d1 A606E2CE 		.ascii	"\246\006\342\316\372\017<\317[\350\314\256}}mA\012\221"
 102      FA0F3CCF 
 102      5BE8CCAE 
ARM GAS  /tmp/ccstl1DL.s 			page 7


 102      7D7D6D41 
 102      0A91
 103 00e3 933A008E 		.ascii	"\223:\000\216\301z\2011\303\003\231\303\240\036\003"
 103      C17A8131 
 103      C30399C3 
 103      A01E03
 104 00f2 DA278FFF 		.ascii	"\332'\217\377\376\205\363\243,H\270\217\314\321\375"
 104      FE85F3A3 
 104      2C48B88F 
 104      CCD1FD
 105 0101 9371934C 		.ascii	"\223q\223Li\220\371\355\207K{d\355Q\317\353\234\355"
 105      6990F9ED 
 105      874B7B64 
 105      ED51CFEB 
 105      9CED
 106 0113 4E4F07BD 		.ascii	"NO\007\275I/6[,\336[\220\012\372@!.\364\303:\370\010"
 106      492F365B 
 106      2CDE5B90 
 106      0AFA4021 
 106      2EF4C33A 
 107 0129 D695C4C2 		.ascii	"\326\225\304\302+\331\330\322\327\216\031C\002\021\030"
 107      2BD9D8D2 
 107      D78E1943 
 107      021118
 108 0138 805A9D1C 		.ascii	"\200Z\235\034\006\301\004!\024y0\246#\2657\023R\217"
 108      06C10421 
 108      147930A6 
 108      23B53713 
 108      528F
 109 014a 3381AE44 		.ascii	"3\201\256D\307\205\240N\261\367\207tY\012\003\206\356"
 109      C785A04E 
 109      B1F78774 
 109      590A0386 
 109      EE
 110 015b 94028E33 		.ascii	"\224\002\2163\304b\337\236sRme\210\364\337\267\256\335"
 110      C462DF9E 
 110      73526D65 
 110      88F4DFB7 
 110      AEDD
 111 016d C510EFF6 		.ascii	"\305\020\357\366\0343\313\000\206\357\010p\002j\207"
 111      1C33CB00 
 111      86EF0870 
 111      026A87
 112 017c D7A4BC62 		.ascii	"\327\244\274bq\344\322W\273k\307\344\335 \210\227dh"
 112      71E4D257 
 112      BB6BC7E4 
 112      DD208897 
 112      6468
 113 018e C5E7063F 		.ascii	"\305\347\006?m~\006\330\357\360>(\0206\204\017_\230"
 113      6D7E06D8 
 113      EFF03E28 
 113      1036840F 
 113      5F98
 114 01a0 ED089F55 		.ascii	"\355\010\237U\221\267\232\0355\014%\304\034V}U\210\233"
 114      91B79A1D 
 114      350C25C4 
 114      1C567D55 
ARM GAS  /tmp/ccstl1DL.s 			page 8


 114      889B
 115 01b2 52E2A266 		.ascii	"R\342\242f\2403u\240\347\036VA+pp_&\241\332\376\362"
 115      A03375A0 
 115      E71E5641 
 115      2B70705F 
 115      26A1DAFE 
 116 01c7 E29E5D90 		.ascii	"\342\236]\220\346\222\324\332}?\367\345U\233\3247\331"
 116      E692D4DA 
 116      7D3FF7E5 
 116      559BD437 
 116      D9
 117 01d8 ECDFF776 		.ascii	"\354\337\367v\002\016\301;\035\275\024e\301Ih\203\217"
 117      020EC13B 
 117      1DBD1465 
 117      C1496883 
 117      8F
 118 01e9 A90E3C3B 		.ascii	"\251\016<;2\327\027w\030 \265\015\343a\004\003\261\266"
 118      32D71777 
 118      1820B50D 
 118      E3610403 
 118      B1B6
 119 01fb 4FA04D50 		.ascii	"O\240MPZ%b\026\245\2150\237\274\004\361\015t\236\316"
 119      5A256216 
 119      A58D309F 
 119      BC04F10D 
 119      749ECE
 120 020e 5ECEA98A 		.ascii	"^\316\251\212\026!}\342\315\035\302\373\247\300\314"
 120      16217DE2 
 120      CD1DC2FB 
 120      A7C0CC
 121 021d CB403915 		.ascii	"\313@9\025\305\351N-\036\371%DT</\345\026\244\215\210"
 121      C5E94E2D 
 121      1EF92544 
 121      543C2FE5 
 121      16A48D88 
 122 0231 70BA44E5 		.ascii	"p\272D\345\327\213=\177\2067\014x\221\202\364\303\031"
 122      D78B3D7F 
 122      86370C78 
 122      9182F4C3 
 122      19
 123 0242 E4F11BBF 		.ascii	"\344\361\033\277o\220\200\015\002)x\217\022*%Bd\246"
 123      6F90800D 
 123      0229788F 
 123      122A2542 
 123      64A6
 124 0254 F1565AE9 		.ascii	"\361VZ\351DN\005r\335\177!'\031\031\010yt\005\362\011"
 124      444E0572 
 124      DD7F2127 
 124      19190879 
 124      7405F209 
 125 0268 42768498 		.ascii	"Bv\204\230\007X\241\354l\367\3565\313\342\302\030\264"
 125      0758A1EC 
 125      6CF7EE35 
 125      CBE2C218 
 125      B4
 126 0279 C93E2B2F 		.ascii	"\311>+/k\234\251?\236E\201\014\201\037\235B6\267\272"
 126      6B9CA93F 
ARM GAS  /tmp/ccstl1DL.s 			page 9


 126      9E45810C 
 126      811F9D42 
 126      36B7BA
 127 028c 67920F6B 		.ascii	"g\222\017k:\241\362\272\215\025uCA\006\362R\302Yb\006"
 127      3AA1F2BA 
 127      8D157543 
 127      4106F252 
 127      C2596206 
 128 02a0 E7486CBC 		.ascii	"\347Hl\274\273\377h\210nVTaq\254*\305\236\307X\204\306"
 128      BBFF6888 
 128      6E565461 
 128      71AC2AC5 
 128      9EC75884 
 129 02b5 F0AEF81B 		.ascii	"\360\256\370\033\327\223\033u\2520\005\320;9\003\362"
 129      D7931B75 
 129      AA3005D0 
 129      3B3903F2 
 130 02c5 DF22C23A 		.ascii	"\337\"\302:j>\371\200\216\212P\312\362(\0261\302\035"
 130      6A3EF980 
 130      8E8A50CA 
 130      F2281631 
 130      C21D
 131 02d7 F6091C0F 		.ascii	"\366\011\034\017\245\026\363e%\264\3011R\367{j\304\247"
 131      A516F365 
 131      25B4C131 
 131      52F77B6A 
 131      C4A7
 132 02e9 91822B6B 		.ascii	"\221\202+kY]\345\013\2542K\226B\225\257Al\272kW\011"
 132      595DE50B 
 132      AC324B96 
 132      4295AF41 
 132      6CBA6B57 
 133 02fe 837208D2 		.ascii	"\203r\010\322Yb'\325w\331\327\220\2131\225{~\036\024"
 133      596227D5 
 133      77D9D790 
 133      8B31957B 
 133      7E1E14
 134 0311 3640FD4C 		.ascii	"6@\375L\216\260q6G\372\232\364\002b(fR>@\207\265,\370"
 134      8EB07136 
 134      47FA9AF4 
 134      02622866 
 134      523E4087 
 135 0328 C242E63D 		.ascii	"\302B\346=\265\252lFI\266q\344Q\336\216\000\372.\342"
 135      B5AA6C46 
 135      49B671E4 
 135      51DE8E00 
 135      FA2EE2
 136 033b 090B3433 		.ascii	"\011\01343Z\222\261\232.\334&c5\013d\223@P&\220\301"
 136      5A92B19A 
 136      2EDC2663 
 136      350B6493 
 136      40502690 
 137 0350 9A9CCC2C 		.ascii	"\232\234\314,kR\365\1775\231`M\250v\270T\241I\025\301"
 137      6B52F57F 
 137      3599604D 
 137      A876B854 
 137      A14915C1 
ARM GAS  /tmp/ccstl1DL.s 			page 10


 138 0364 B226465E 		.ascii	"\262&F^\332&v\272\332\032\344\027\314O\0020\333\033"
 138      DA2676BA 
 138      DA1AE417 
 138      CC4F0230 
 138      DB1B
 139 0376 9B756C0D 		.ascii	"\233ul\015&@\350\317o,\346\202<b\221\330\247e\334\371"
 139      2640E8CF 
 139      6F2CE682 
 139      3C6291D8 
 139      A765DCF9 
 140 038a 43AD21F8 		.ascii	"C\255!\370\251\256\261C\212\276H\264W\035\026\225\323"
 140      A9AEB143 
 140      8ABE48B4 
 140      571D1695 
 140      D3
 141 039b E172D974 		.ascii	"\341r\331tx\377\300\301A\037\345pl2\257L\364\237\011"
 141      78FFC0C1 
 141      411FE570 
 141      6C32AF4C 
 141      F49F09
 142 03ae BB435EAF 		.ascii	"\273C^\257\227\332\214\205B\032\357\301\244\236\210"
 142      97DA8C85 
 142      421AEFC1 
 142      A49E88
 143 03bd 34E52712 		.ascii	"4\345'\022C~=K\356\247\321~\005\\,\3653\036%4\312\034"
 143      437E3D4B 
 143      EEA7D17E 
 143      055C2CF5 
 143      331E2534 
 144 03d3 3162C24D 		.ascii	"1b\302Ml\001\216\262\3538\274\263O\350iAg\200N$\364"
 144      6C018EB2 
 144      EB38BCB3 
 144      4FE86941 
 144      67804E24 
 145 03e8 48FD8B8D 		.ascii	"H\375\213\215\3175>\371\3643\233\036\252{\260n\243\333"
 145      CF353EF9 
 145      F4339B1E 
 145      AA7BB06E 
 145      A3DB
 146 03fa D4E23634 		.ascii	"\324\34264\355\334\331\264\313mi\335\321\334\372r\324"
 146      EDDCD9B4 
 146      CB6D69DD 
 146      D1DCFA72 
 146      D4
 147 040b DDF2D4F6 		.ascii	"\335\362\324\366\372\355\257\2207\332\370\322\013\315"
 147      FAEDAF90 
 147      37DAF8D2 
 147      0BCD
 148 0419 2DEED6FA 		.ascii	"-\356\326\372z\267\241\271uS]\203P\315;\242\2625\012"
 148      7AB7A1B9 
 148      75535D83 
 148      50CD3BA2 
 148      B2350A
 149 042c D17F0084 		.ascii	"\321\177\000\204\273U\333"
 149      BB55DB
 150              		.text
 151              		.section	.gnu.lto_.symbol_nodes.9e60dd2249b26dd7,"",%progbits
ARM GAS  /tmp/ccstl1DL.s 			page 11


 152 0000 789C55CA 		.ascii	"x\234U\312WR\002a\024D\341>\377\314(\212\001\025\023"
 152      57520261 
 152      1444E13E 
 152      FFCC288A 
 152      011513
 153 0013 2AB81397 		.ascii	"*\270\023\227v\315\230E0\007\230\025\261!s\227\017B"
 153      76CD9845 
 153      30079815 
 153      B1217397 
 153      0F42
 154 0025 BF7C55A7 		.ascii	"\277|U\247:\223\264\203\376\226>\024Rg(E\250_V\224>"
 154      3A93B483 
 154      FE963E14 
 154      52672845 
 154      A85F5694 
 155 003a 158C852F 		.ascii	"\025\214\205/E\032\013\337\212\354?\344J\273D>\372("
 155      451A0BDF 
 155      8AEC3FE4 
 155      4ABB443E 
 155      FA28
 156 004c DEA53245 		.ascii	"\336\2452EV\354A-T\354\223\314\001\2319$7G\024\346\230"
 156      56EC412D 
 156      54EC93CC 
 156      01993924 
 156      374714E6 
 157 0061 09D366D2 		.ascii	"\011\323f\322\234P1\247L\2313\246\3159Us\301\214\271"
 157      9C5031A7 
 157      4C9933A6 
 157      CD395573 
 157      C18CB9
 158 0074 64D65C31 		.ascii	"d\326\\1g\256\2317\035j\346\206\005\323e\321\364X2\267"
 158      67AE9937 
 158      1D6AE686 
 158      05D365D1 
 158      F45832B7 
 159 0088 D4CD1DCB 		.ascii	"\324\315\035\313\346\236\025\363\300\252yd\315<\261"
 159      E69E15F3 
 159      C0AA7964 
 159      CD3CB1
 160 0097 6E9E6998 		.ascii	"n\236i\230\0276\314+\233\346\215-\323\247i\006\264L"
 160      1736CC2B 
 160      9BE68D2D 
 160      D3A76906 
 160      B44C
 161 00a9 C9F62FFA 		.ascii	"\311\366/\372\001\034\217BT"
 161      011C8F42 
 161      54
 162              		.text
 163              		.section	.gnu.lto_.refs.9e60dd2249b26dd7,"",%progbits
 164 0000 789C25C1 		.ascii	"x\234%\301[\032\201P\030\000\300\377\233:\024\241(\227"
 164      5B1A8150 
 164      1800C0FF 
 164      9B3A14A1 
 164      2897
 165 0012 90E3B61A 		.ascii	"\220\343\266\032\373\337\217\207f\212\210\370\305L)"
 165      FBDF8F87 
 165      668A88F8 
ARM GAS  /tmp/ccstl1DL.s 			page 12


 165      C54C29
 166 0021 91A69C2C 		.ascii	"\221\246\234,,Uj+k\215\215\255\235Vg\357\24078:9\273"
 166      2C556A2B 
 166      6B8D8DAD 
 166      9D5667EF 
 166      A037383A 
 167 0037 185DDDDC 		.ascii	"\030]\335\334M\036\262\247\227\267\217o\374\001}Z\003"
 167      4D1EB2A7 
 167      97B78F6F 
 167      FC017D5A 
 167      03
 168 0048 98       		.ascii	"\230"
 169              		.text
 170              		.section	.gnu.lto_.decls.9e60dd2249b26dd7,"",%progbits
 171 0000 789C8598 		.ascii	"x\234\205\230{LTW\036\307\347\33433\3008\014F\323G\334"
 171      7B4C5457 
 171      1EC7E7DC 
 171      3333C038 
 171      0C46D347 
 172 0015 A46B3531 		.ascii	"\244k51\333\335V\212\017L6\331\266\273f\323f\267\317"
 172      DBDD568A 
 172      0F4C36D9 
 172      B6BB66D3 
 172      66B7CF
 173 0028 DD6C7693 		.ascii	"\335lv\223\375cBq6%\253\320\2051\333\376\321d\024\305"
 173      FD634271 
 173      3625ABD0 
 173      8531DBFE 
 173      D16414C5 
 174 003c 01151115 		.ascii	"\001\025\021\025\007P\030E*\2257\002:\274\021\205\341"
 174      07501845 
 174      2A953702 
 174      3ABC1185 
 174      E1
 175 004d E50B5428 		.ascii	"\345\013T(0\014\326\027\345)`\001E\331\337=\347w/\316"
 175      300CD617 
 175      E5296001 
 175      45D9DF3D 
 175      E7772FCE 
 176 0061 BDD89DE4 		.ascii	"\275\330\235\344\307\271\347\316\357\367\371}\357\371"
 176      C7B9E7CE 
 176      EFF7F97D 
 176      EFF9
 177 006f 9E7B6706 		.ascii	"\236{g\006\252\321h.\022\215f\036^\357\274\244\321\374"
 177      AAD1682E 
 177      128D661E 
 177      5EEFBCA4 
 177      D1FC
 178 0081 9D6A347A 		.ascii	"\235j4z8\367\251f\341\245\203(\200(\206(\205pATB\274"
 178      38F7A966 
 178      E1A58328 
 178      80288628 
 178      85704154 
 179 0097 0EF121D4 		.ascii	"\016\361!\324z`\034\200\270\003q\037b\010b\024\342!"
 179      7A601C80 
 179      B803711F 
 179      62086214 
ARM GAS  /tmp/ccstl1DL.s 			page 13


 179      E221
 180 00a9 C414C42C 		.ascii	"\304\024\304,\304\034\304<\204\000\371~\020\006\210"
 180      C41CC43C 
 180      8400F97E 
 180      100688
 181 00b8 4088A510 		.ascii	"@\210\245\020/A\274\012\361\013\210\327 VC\254\201x"
 181      2F41BC0A 
 181      F10B88D7 
 181      205643AC 
 181      8178
 182 00ca 03E24D88 		.ascii	"\003\342M\210\020\210\015\020\233 ~\013\361.\304\037"
 182      10880D10 
 182      9B207E0B 
 182      F12EC41F 
 183 00da 20FE08F1 		.ascii	" \376\010\361\001\321\370\274D\235\3449\375\004\317"
 183      01D1F8BC 
 183      449DE439 
 183      FD04CF
 184 00e9 295FC58B 		.ascii	")_\305\213\344\025/\222W\272H^\351\"y\256E\362\\\213"
 184      E4152F92 
 184      57BA485E 
 184      E92279AE 
 184      45F25C8B 
 185 00fd E489EB66 		.ascii	"\344\211\353f\304<\023\036\177\004\311\215\032\276\236"
 185      C43C131E 
 185      7F04C98D 
 185      1ABE9E
 186 010c 1FC3710F 		.ascii	"\037\303q\017\2147 >\201\343\2130\376\011B\013q\031"
 186      8C37203E 
 186      81E38B30 
 186      FE09420B 
 186      7119
 187 011e A20DE22A 		.ascii	"\242\015\342*D;\366\250\304\361C\305:<\024\210\253`"
 187      443BF6A8 
 187      C4F143C5 
 187      3A3C1488 
 187      AB60
 188 0130 AA7DC903 		.ascii	"\252}\311\003\201\230\014+\305iE\262\333\241\207\251"
 188      81980C2B 
 188      C56945B2 
 188      DBA187A9 
 189 0140 D1A015A7 		.ascii	"\321\240\025\247\225Onwj_9b\203WR\254m\251\226|\372"
 189      954F6E77 
 189      6A5F3962 
 189      835752AC 
 189      6DA9967C 
 190 0155 32394D56 		.ascii	"29MV\220\034\262\002\210\337\221W\340\357?\265\234\364"
 190      901CB202 
 190      88DF9157 
 190      E0EF3FB5 
 190      9CF4
 191 0167 7D4647A3 		.ascii	"}FG\243?\005\353\3408\3131\320ix\363\014\224\331mu\343"
 191      3F05EBE0 
 191      38CB31D0 
 191      6978F30C 
 191      94D96D75 
 192 017c 64A1DDF7 		.ascii	"d\241\335\367\261\366\211 \372\022K\332}yh\202j\005"
ARM GAS  /tmp/ccstl1DL.s 			page 14


 192      B1F68920 
 192      FA124BDA 
 192      7D796882 
 192      6A05
 193 018e 0DC92394 		.ascii	"\015\311#\224\277{ \241\246:he\206\315\351\034\257("
 193      BF7B20A1 
 193      A63A6865 
 193      86CDE91C 
 193      AF28
 194 01a0 4AA0A936 		.ascii	"J\240\2516\347\005\333\263\371y\302Z\2213\204\222\\"
 194      E705DBB3 
 194      F979C25A 
 194      91338492 
 194      5C
 195 01b1 F226B4CC 		.ascii	"\362&\264\314'Z\2158\345\213X@VB\355\205\203\023#\204"
 195      275A8D38 
 195      E58B5840 
 195      5642ED85 
 195      83132384 
 196 01c5 FEE305E4 		.ascii	"\376\343\005\344\035\236\246\014\023#;+\263\365\356"
 196      1D9EA60C 
 196      13233B2B 
 196      B3F5EE
 197 01d4 A4BAF9F9 		.ascii	"\244\272\371\371w\031\264P\206\026\211\320B\011Z\314"
 197      7719B450 
 197      861689D0 
 197      42095ACC 
 198 01e4 A029378F 		.ascii	"\240)7\217\337\017\240\226\027@]\275\017\234\204C\273"
 198      DF0FA096 
 198      17405DBD 
 198      0F9C8443 
 198      BB
 199 01f5 7DA02532 		.ascii	"}\240%2\364\254\010-\221\240\245\014Z\344I\234\360\243"
 199      F4AC082D 
 199      91A0A50C 
 199      5AE4499C 
 199      F0A3
 200 0207 FF61D0EE 		.ascii	"\377a\320\356\201\301N?j#l\222\351\310\270e\024;\224"
 200      81C14E3F 
 200      6A236C92 
 200      E9C8B865 
 200      143B94
 201 021a 4B1D3CDD 		.ascii	"K\035<\335\207+\002\244\236\344\034a\2464\034L\036\020"
 201      872B02A4 
 201      9EE41C61 
 201      A6341C4C 
 201      1E10
 202 022c C4B6279C 		.ascii	"\304\266'\234\243>m\313\344\266\347\305\266eR[\027k"
 202      A33E6DCB 
 202      E4B6E7C5 
 202      B665525B 
 202      176B
 203 023e 5B7AF25E 		.ascii	"[z\362^\237\037\215\347\255\356\307]\374LD\0249\355"
 203      9F1F8DE7 
 203      ADEEC75D 
 203      FC4C4414 
 203      39ED
ARM GAS  /tmp/ccstl1DL.s 			page 15


 204 0250 A7F56E9B 		.ascii	"\247\365n\233\214\250\220\020PV!\325W\262\372#U\307"
 204      8CA89010 
 204      505621D5 
 204      57B2FA23 
 204      55C7
 205 0262 9203D84E 		.ascii	"\222\003\330N\2611D\353\355\231I#\333*K\305im\315L\243"
 205      B13144EB 
 205      ED994923 
 205      DB2A4BC5 
 205      696DCD4C 
 206 0277 81A671FC 		.ascii	"\201\246q\374>\273\267\331@\263\370d\307\267\225\373"
 206      3EBBB7D9 
 206      40B3F864 
 206      C7B795FB 
 207 0287 FC20F175 		.ascii	"\374 \361u\003\273\246\376\364\331S\001l*>N\202\340"
 207      03BBA6FE 
 207      F4D95301 
 207      6C2A3E4E 
 207      82E0
 208 0299 94E0BE67 		.ascii	"\224\340\276g\3132\2215\206S\260a\306=\331\267?\210"
 208      CB329135 
 208      8653B061 
 208      C63DD9B7 
 208      3F88
 209 02ab B5BD471A 		.ascii	"\265\275G\032\210\201\324\312rX\265\370\262\333l;\305"
 209      8881D4CA 
 209      7258B5F8 
 209      B2DB6C3B 
 209      C5
 210 02bc CD18E036 		.ascii	"\315\030\3406i\344\275H.\2205\220\301rI\035\234\254"
 210      69E4BD48 
 210      2E903590 
 210      C172491D 
 210      9CAC
 211 02ce 879300BE 		.ascii	"\207\223\000\2764W\263KG\014k\026/\272\264H\021\223"
 211      3457B34B 
 211      470C6B16 
 211      2FBAB448 
 211      1193
 212 02e0 D0BA27F9 		.ascii	"\320\272'\371e\233MK.\202\204\232\005\011\240H\336\310"
 212      659B4D4B 
 212      2E82849A 
 212      0509A048 
 212      DEC8
 213 02f2 63FD71B9 		.ascii	"c\375q\271:c\302\002\227%/\334\033\215\304\210\231\361"
 213      3A63C202 
 213      97252FDC 
 213      1B8DC488 
 213      99F1
 214 0304 971E166A 		.ascii	"\227\036\026j\351~~c\354+\253\277g\242\307\370\244\374"
 214      E97E7E63 
 214      EC2BABBF 
 214      67A2C7F8 
 214      A4FC
 215 0316 6EAA4347 		.ascii	"n\252CG\277\345\223SGR\362tl9\375\305\2513;\177LO\213"
 215      BFE59353 
 215      4752F274 
ARM GAS  /tmp/ccstl1DL.s 			page 16


 215      6C39FDC5 
 215      A9333B7F 
 216 032d D97BFAF2 		.ascii	"\331{\372\362\304giAd\325\252U\313W\255qB\313\361\212"
 216      C4676941 
 216      64D5AA55 
 216      CB57AD71 
 216      42CBF18A 
 217 0341 DE4122DE 		.ascii	"\336A\"\336\035D\354C\334 \361\012Y\276pa\277\022\025"
 217      1D44EC43 
 217      DC20F10A 
 217      59BE7061 
 217      BF1215
 218 0354 9C167568 		.ascii	"\234\026uh\304t\347L\211\355\275]\224\345\266*s[\210"
 218      C474E74C 
 218      89EDBD5D 
 218      94E5B62A 
 218      735B88
 219 0367 22796421 		.ascii	"\"yd!\271iQ\360\257\305\324\203\354\231`\263\275g\325"
 219      B96951F0 
 219      AFC5D483 
 219      EC9960B3 
 219      BD67D5
 220 037a 902A78BB 		.ascii	"\220*x\273\232a\304dX,r\015V\3662YE\332 \256B\264\223"
 220      9A61C464 
 220      582C720D 
 220      56F63259 
 220      45DA20AE 
 221 0391 556CE158 		.ascii	"Ul\341X\203\261\205\006\315\213\253a\035D'\274\303\353"
 221      83B18506 
 221      CD8BAB61 
 221      1D4427BC 
 221      C3EB
 222 03a3 FCC5048D 		.ascii	"\374\305\004\215\264)\345\365\037\237,\035\360\2475"
 222      B429E5F5 
 222      1F9F2C1D 
 222      F0A735
 223 03b2 6C7D84F6 		.ascii	"l}\204\366\244\301C~d\371\232\305D\221N\320\362\377"
 223      A4C1437E 
 223      64F99AC5 
 223      44914ED0 
 223      F2FF
 224 03c4 74B15EB3 		.ascii	"t\261^\263zB: \361\372\202\343bk\251cJY\313\211%\313"
 224      7A423A20 
 224      F1FA82E3 
 224      626BA963 
 224      4A59CB89 
 225 03da B185F345 		.ascii	"\261\205\363E-4\213\362\305\333\2455\357U~\3670\177"
 225      2D348BF2 
 225      C5DBA535 
 225      EF557EF7 
 225      307F
 226 03ec A5BBC988 		.ascii	"\245\273\311\210w\323t\226w\210\260\271\2378\365>K\262"
 226      77D37496 
 226      7788B0B9 
 226      9F38F53E 
 226      4BB2
 227 03fe 0519ECF8 		.ascii	"\005\031\354\370\340\025\267\227\361\371\335\325-\356"
ARM GAS  /tmp/ccstl1DL.s 			page 17


 227      E015B797 
 227      F1F9DDD5 
 227      2DEE
 228 040c 44708374 		.ascii	"Dp\203t\261}N2\223O=\014X\226\204\227\277\322\312\256"
 228      B17D4E32 
 228      934F3D0C 
 228      58968497 
 228      BFD2CAAE 
 229 0420 E326A4DF 		.ascii	"\343&\244\337b\351\337\223eR\221\230}\255\341F\276\356"
 229      62E9DF93 
 229      65529198 
 229      7DADE146 
 229      BEEE
 230 0432 F9EC1B3F 		.ascii	"\371\354\033?\227\035[\324\231\035H/\363]\2322t8\326"
 230      971D5BD4 
 230      991D482F 
 230      F35D9A32 
 230      7438D6
 231 0445 40BBF8A4 		.ascii	"@\273\370\244\2540?\225\254>a\363\356\364\332\263Z\214"
 231      AC303F95 
 231      AC3E61F3 
 231      EEF4DAB3 
 231      5A8C
 232 0457 4E372CE2 		.ascii	"N7,\342\374\374/\331\235\320\307\027\3619\315}\374q"
 232      FCFC2FD9 
 232      9DD0C717 
 232      F139CD7D 
 232      FC71
 233 0469 0275C58E 		.ascii	"\002u\305\216\224\356\240o\236\300g\203\267:\226oa\017"
 233      94EEA06F 
 233      9EC06783 
 233      B73A966F 
 233      610F
 234 047b 59CDDE4A 		.ascii	"Y\315\336J\360\364\355\016\244C\234_\235\326\371\216"
 234      F0F4ED0E 
 234      A4439C5F 
 234      9DD6F98E 
 235 048b 84EFF0C5 		.ascii	"\204\357\360\305{Ux\257\214\237\276\364\370(A<<VD\374"
 235      7B5578AF 
 235      8C9FBEF4 
 235      F828413C 
 235      3C5644FC 
 236 049f 00E25DE7 		.ascii	"\000\342]\347\216O\371\321Y\216\2779\232wW\222\037\333"
 236      8E4FF9D1 
 236      598EBF39 
 236      9A775792 
 236      1FDB
 237 04b1 E3CBFF41 		.ascii	"\343\313\377A\305\377A\346\037\356I\030\366\223\370"
 237      C5FF41E6 
 237      1FEE4918 
 237      F693F8
 238 04c0 2F33FE1D 		.ascii	"/3\376\035\344\307\025eM\033\250\2352\276\343\361`?"
 238      E4C71565 
 238      4D1BA89D 
 238      32BEE3F1 
 238      603F
 239 04d2 95F8E1A9 		.ascii	"\225\370\341\251\266\023;m6\3619\313\032\334S5\270'"
ARM GAS  /tmp/ccstl1DL.s 			page 18


 239      B6133B6D 
 239      36F139CB 
 239      1ADC5335 
 239      B827
 240 04e4 37B8319E 		.ascii	"7\2701\236s\237b\203\206\327X\203\373\330 w:6> \264"
 240      739F6283 
 240      86D75883 
 240      FBD82077 
 240      3A363E20 
 241 04f9 D46677AE 		.ascii	"\324fw\256d\256\211\233\255\237|\3036\334m\030\305M"
 241      64AE899B 
 241      AD9F7CC3 
 241      36DC6D18 
 241      C54D
 242 050b 771746D8 		.ascii	"w\027F\330x\344\001\371F,q7e=\012\242\016\256id\327"
 242      78E401F9 
 242      462C7137 
 242      653D0AA2 
 242      0EAE6964 
 243 0520 708E916B 		.ascii	"p\216\221k\332\253\264\354G\225\244\037eI\327F\356n"
 243      DAABB4EC 
 243      4795A41F 
 243      6549D746 
 243      EE6E
 244 0532 E18A6AD1 		.ascii	"\341\212j\321\261!T\324\330\321u\337\237\346r|\177\377"
 244      B12154D4 
 244      D8D175DF 
 244      9FE6727C 
 244      7FFF
 245 0544 85062AE1 		.ascii	"\205\006*\341\025\226\215\250\360#2\276\306s\247\023"
 245      15968DA8 
 245      F02332BE 
 245      C673A713 
 246 0554 AFB8162D 		.ascii	"\257\270\026-\033E~\217;\366Q\000uq~gOl\266\016\371"
 246      1B457E8F 
 246      3BF65100 
 246      75717E67 
 246      4F6CB60E 
 247 0569 4ACBC655 		.ascii	"J\313\306U\374q\231?\265g\276\227H|n\331C\344\237\364"
 247      FC71993F 
 247      B567BE97 
 247      487C6ED9 
 247      43E49FF4 
 248 057d CC670551 		.ascii	"\314g\005Q7\347\037\336?qF/\361\225\226M\252\032L\312"
 248      37E71FDE 
 248      3F71462F 
 248      F195964D 
 248      AA1A4CCA 
 249 0591 0D2A8A52 		.ascii	"\015*\212R\317\231\260\001Z6\205\015\246\006\232F\374"
 249      CF99B001 
 249      5A36850D 
 249      A6069A46 
 249      FC
 250 05a2 15960DA3 		.ascii	"\025\226\015\243ech\331\004Z\366\210[\226v\353\356\024"
 250      656368D9 
 250      045AF688 
 250      5B9676EB 
ARM GAS  /tmp/ccstl1DL.s 			page 19


 250      EE14
 251 05b4 650F0B81 		.ascii	"e\017\013\201\335g\355'g\265\264\213K\334?w\241\304"
 251      DD67ED27 
 251      67B5B48B 
 251      4BDC3F77 
 251      A1C4
 252 05c6 C025262A 		.ascii	"\300%&*\035\234Q)\234\221\025&\325$\226\030\271\302"
 252      1D9C5129 
 252      9C911526 
 252      D5249618 
 252      B9C2
 253 05d8 16B47016 		.ascii	"\026\264p\026\025Vd\217t\353\350\020\347\227\035\234"
 253      1556648F 
 253      74EBE810 
 253      E7971D9C 
 254 05e8 29D3497C 		.ascii	")\323I|\205\205OT\374'2\177\362\216\343\226\200|\264"
 254      85854F54 
 254      FC27327F 
 254      F28EE396 
 254      807CB4
 255 05fb 700EF9FB 		.ascii	"p\016\371\373/T\235\015\240\263\234\177)\267\355\001"
 255      2F549D0D 
 255      A0B39C7F 
 255      29B7ED01 
 256 060b 2E71A2D2 		.ascii	".q\242\322\302g*\3763\231\337\233\2340/\351G\013\347"
 256      C2672AFE 
 256      3399DF9B 
 256      9C302FE9 
 256      470BE7
 257 061e 919F9757 		.ascii	"\221\237\227W\227%P\273\226\361G\035\256J*\361\225\026"
 257      972550BB 
 257      96F1471D 
 257      AE4A2AF1 
 257      9516
 258 0630 EE10940D 		.ascii	"\356\020\224\015\340\0146\360\034\3139\200\026\266\240"
 258      E00C36F0 
 258      1CCB3980 
 258      16B6A0
 259 063f 853B05DE 		.ascii	"\205;\005\336\340\312\314\343q\255\302\302\307h\341"
 259      E0CACCE3 
 259      71ADC2C2 
 259      C768E1
 260 064e 53B4D026 		.ascii	"S\264\320&p\013c\005fab\301\251\311 f!\025\247}\267"
 260      700B6305 
 260      666162C1 
 260      A9C92066 
 260      2115A77D 
 261 0663 06AFF951 		.ascii	"\006\257\371Q\007\227x\347\321#\\\201T\245\203q*\201"
 261      079778E7 
 261      D1235C81 
 261      54A58371 
 261      2A81
 262 0675 71B2C0B8 		.ascii	"q\262\300\270\353\031\225\270\211\333\321\301=(\260"
 262      EB1995B8 
 262      89DBD1C1 
 262      3D28B0
 263 0684 2F2FB14C 		.ascii	"//\261L\240\271\034_\340\352?\257\223\370\012\007\343"
ARM GAS  /tmp/ccstl1DL.s 			page 20


 263      A0B91C5F 
 263      E0EA3FAF 
 263      93F80A07 
 263      E3
 264 0695 55FC7899 		.ascii	"U\374x\231\177eo\\:>\327\332\321\301\004\344\027z\363"
 264      7F656F5C 
 264      3A3ED7DA 
 264      D1C104E4 
 264      177AF3
 265 06a8 D203A98B 		.ascii	"\322\003\251\213\363\223+w\255F\274\322\300}*\374>\031"
 265      F3932B77 
 265      AD46BCD2 
 265      C07D2AFC 
 265      3E19
 266 06ba DF9875A0 		.ascii	"\337\230u\240C\306s\003\367#~\327\234\267\217R7\307"
 266      43C67303 
 266      F7237ED7 
 266      9CB78F52 
 266      37C7
 267 06cc 0F565CBB 		.ascii	"\017V\\\273-H|\245\201\007T\015\016\310\015\246\007"
 267      2D487CA5 
 267      8107540D 
 267      0EC80DA6 
 267      07
 268 06dd 9F7EE78F 		.ascii	"\237~\347\217\015\320\300$lp\242\263\341\242\322@\273"
 268      0DD0C024 
 268      6C70A2B3 
 268      E1A2D240 
 268      BB
 269 06ee C00DDC2B 		.ascii	"\300\015\334+p\003\023\321\300\203\334@\351\227\220"
 269      700313D1 
 269      C083DC40 
 269      E99790
 270 06fd 89FF126A 		.ascii	"\211\377\022j\254~\324(\320..\261\331\335\235\261\204"
 270      AC7ED428 
 270      D02E2EB1 
 270      D9DD9DB1 
 270      84
 271 070e 4B3CA674 		.ascii	"K<\246t\360\260J\341aYa\341\245a\257\216+\354B\007\217"
 271      F0B04AE1 
 271      615961E1 
 271      A561AF8E 
 271      2BEC4207 
 272 0723 A0C2ECA2 		.ascii	"\240\302\354\242\306:\201\016q~m\312\323\346@\211\257"
 272      C63A810E 
 272      717E6DCA 
 272      D3E64089 
 272      AF
 273 0734 70F0A88A 		.ascii	"p\360\250\212\177T\346\267Vu\246\350\221\217\016:\220"
 273      7F54E6B7 
 273      5675A6E8 
 273      918F0E3A 
 273      90
 274 0745 9F339050 		.ascii	"\2373\220P\245\245\263\234?\266c\342\034>C\216)-LS\361"
 274      A5A5B39C 
 274      3FB663E2 
 274      1C3E438E 
ARM GAS  /tmp/ccstl1DL.s 			page 21


 274      292D4C53 
 275 075a D3647E4D 		.ascii	"\323d~MF\207\264\302]ha:\362O'g\346/\241v\035\343\237"
 275      4687B4C2 
 275      5D68613A 
 275      F24F2767 
 275      E62FA176 
 276 0771 CCAD3844 		.ascii	"\314\2558D$\276\322\302\343\252\006\307\345\006\267"
 276      24BED2C2 
 276      E3AA06C7 
 276      E506B7
 277 0780 67CBAF06 		.ascii	"g\313\257\006b\003\2640\003\033d\355\367\246\011\012"
 277      6203B430 
 277      031B64ED 
 277      F7A6090A 
 278 0790 0B53D0C2 		.ascii	"\013S\320\302T\264\360\030Z\230\311-\034\356H\25702"
 278      54B4F018 
 278      5A98C92D 
 278      1CEE48AF 
 278      3032
 279 07a2 0B75E274 		.ascii	"\013u\342t\257c\250k\011up\211\303\371\015\335~\\b\246"
 279      AF63A86B 
 279      09757089 
 279      C3F90DDD 
 279      7E5C62A6 
 280 07b6 D2C2932A 		.ascii	"\322\302\223*\205'e\205\365\311\005n\374\356\322\203"
 280      85276585 
 280      F5C9056E 
 280      FCEED283 
 281 07c6 1666A1C2 		.ascii	"\026f\241\302\311\336\222!\035\315"
 281      C9DE9221 
 281      1DCD
 282 07d0 E5FC9293 		.ascii	"\345\374\222\223\251cT\342+,\314V\361\263\0276q\313"
 282      A96354E2 
 282      2B2CCC56 
 282      F1B31736 
 282      71CB
 283 07e2 A16CB4B0 		.ascii	"\241l\264\260\007-\374\026\371?\315y\342\341\223\020"
 283      072DFC16 
 283      F93FCD79 
 283      E2E19310 
 284 07f2 F59F691D 		.ascii	"\365\237i\035G\0133\225\026\346\250\37092\277\344v\372"
 284      470B3395 
 284      16E6A8F8 
 284      3932BFE4 
 284      76FA
 285 0804 AC49E273 		.ascii	"\254I\342s\013\277C\376p\353\017\007\003\250\233\363"
 285      0BBF43FE 
 285      70EB0F07 
 285      03A89BF3 
 286 0814 9DD31987 		.ascii	"\235\323\031\207\004\211\257\2640W\325 Wn\320\334\037"
 286      0489AFB4 
 286      3057D520 
 286      576ED0DC 
 286      1F
 287 0825 7F133FCA 		.ascii	"\177\023?\312{\320\302<lPY\3354\255SXx\012-<\215\026"
 287      7BD0C23C 
 287      6C5059DD 
ARM GAS  /tmp/ccstl1DL.s 			page 22


 287      34AD5358 
 287      780A2D3C 
 288 083b 9E410BF3 		.ascii	"\236A\013\363\271\205\311\273\317\23771\013\365\342"
 288      B985C9BB 
 288      CF9F3731 
 288      0BF5E2
 289 084a B42DAD63 		.ascii	"\264-\255c2\220vq\211\007\216\330\223\375\271\3043J"
 289      32907671 
 289      89078ED8 
 289      93FDB9C4 
 289      334A
 290 085c 0B8B540A 		.ascii	"\013\213T\012\213d\205\265mn\027*\364\240\205\305\250"
 290      8B6485B5 
 290      6D6E172A 
 290      F4A085C5 
 290      A8
 291 086d 7067576D 		.ascii	"pgWm,|\022r\376\211\202\352\335\201\022_a\341Y\025\377"
 291      2C7C1272 
 291      FE8982EA 
 291      DD81125F 
 291      61E15915 
 292 0882 ACCC1FCF 		.ascii	"\254\314\037\317l;\214\317i\017ZX\212\374Sg\323\233"
 292      6C3B8CCF 
 292      690F5A58 
 292      8AFC5367 
 292      D39B
 293 0894 F57496F3 		.ascii	"\365t\226\363\357\273r\377\214x\245\203\345*|\271\214"
 293      EFBB72FF 
 293      8C78A583 
 293      E52A7CB9 
 293      8C
 294 08a5 3FDF56DF 		.ascii	"?\337V\337(\343\271\203\347\020?\326~\365\251\037\265"
 294      28E3B983 
 294      E7103FD6 
 294      7EF5A91F 
 294      B5
 295 08b6 EBF9A74C 		.ascii	"\353\371\247L\\Y\253 \361\225\016\272T\015\\r\203\366"
 295      5C59AB20 
 295      F1950EBA 
 295      540D5C72 
 295      83F6
 296 08c8 D1B924DC 		.ascii	"\321\271$\334\342\036t\260\002\0338&\257?3)\034,A\007"
 296      E21E74B0 
 296      021B3826 
 296      AF3F3329 
 296      1C2C4107 
 297 08dc CBD0C1F3 		.ascii	"\313\320\301\363\350`%wP\372ac\342?lr\034\267\012\004"
 297      E8602577 
 297      50FA6163 
 297      E23F6C72 
 297      1CB70A04 
 298 08f0 EAE01273 		.ascii	"\352\340\022s\257_\253\300o\243\371J\007kT\012kd\205"
 298      AF5FABC0 
 298      6FA3F94A 
 298      076B540A 
 298      6B6485
 299 0903 C355D9C3 		.ascii	"\303U\331\303\250p\020\035\254E\205\011WZ+\341\353("
ARM GAS  /tmp/ccstl1DL.s 			page 23


 299      A870101D 
 299      AC458509 
 299      575A2BE1 
 299      EB28
 300 0915 E777254D 		.ascii	"\347w%M\2363I|\205\203\365*~\275\314\237\032\315-\307"
 300      9E33497C 
 300      8583F52A 
 300      7EBDCC9F 
 300      1ACD2DC7 
 301 0929 1D32880E 		.ascii	"\0352\210\016^\220n\362\274\341=\224\2728\277\264\272"
 301      5E906EF2 
 301      BCE13D94 
 301      BA38BFB4 
 301      BA
 302 093a BE4E8B7C 		.ascii	"\276N\213|\245\205\027U\374\2132\377\346\225\222\233"
 302      A5851755 
 302      FC8B32FF 
 302      E695929B 
 303 094a 7A89CF2D 		.ascii	"z\211\317-\274\204|gmu\203\221\2729\177\250a(I/\361"
 303      BC847C67 
 303      6D758391 
 303      BA397FA8 
 303      6128492F 
 304 095f 951636A9 		.ascii	"\225\0266\251\0324\311\015\236\316\364\326J\027\200"
 304      1A34C90D 
 304      9ECEF4D6 
 304      4A1780
 305 096e 16BAB1C1 		.ascii	"\026\272\261\301C\307\321A?\205\205uha\003Z\330\210"
 305      43C7D141 
 305      3F858575 
 305      6861035A 
 305      D888
 306 0980 1636730B 		.ascii	"\0266s\013\335\205\305\215\334\365:Bz\3102\370}N\006"
 306      DD85C58D 
 306      DCF53A42 
 306      7AC832F8 
 306      7D4E06
 307 0993 4928F9CD 		.ascii	"I(\371\315\012\362\023\014\323 `\227\020Jv\013+H2\214"
 307      0AF2130C 
 307      D3206097 
 307      104A760B 
 307      2B48328C 
 308 09a7 876074C2 		.ascii	"\207`t\302x\002\306\002\030\013a\254\202\261\032\306"
 308      7802C602 
 308      180B61AC 
 308      82B11AC6 
 309 09b7 16215424 		.ascii	"\026!T$\332S\355q\342\336\274\352\364V5|b\223\326Md"
 309      DA53ED71 
 309      E2DEBCEA 
 309      F456357C 
 309      6293D64D 
 310 09cc F7E277C0 		.ascii	"\367\342w\300\205\337\243\275\342w@\322\012\225\244"
 310      85DFA3BD 
 310      E27740D2 
 310      0A95A4
 311 09db 4D580DD5 		.ascii	"MX\015\325g[\353\033\364>\377{\271\361\334\377\0204"
 311      675BEB1B 
ARM GAS  /tmp/ccstl1DL.s 			page 24


 311      F43EFF7B 
 311      B9F1DCFF 
 311      1034
 312 09ed A45D60FF 		.ascii	"\244]`\377{\021G\361\303h\344A\275\326'[l\263\220}\031"
 312      7B1147F1 
 312      C368E441 
 312      BDD6275B 
 312      6CB3907D 
 313 0a02 B32FB3EC 		.ascii	"\263/\263\354\001\317\316tA\312\266\277\360\377:\344"
 313      01CFCE74 
 313      41CAB6BF 
 313      F0FF3AE4 
 314 0a12 0A542D31 		.ascii	"\012T-1\233\303\243\242-\346\210\310\010\253\376\375"
 314      9BC3A3A2 
 314      2DE688C8 
 314      08ABFEFD 
 315 0a22 8FFFB672 		.ascii	"\217\377\266r\263F\373_K\330\277\177\267\371\213\210"
 315      B346FB5F 
 315      4BD8BF7F 
 315      B7F98B88 
 316 0a32 CF233EF9 		.ascii	"\317#>\371\2539d\323\332\320\265o\007G\305\004\207G"
 316      AB3964D3 
 316      DAD0B56F 
 316      0747C504 
 316      8747
 317 0a44 6DDB1615 		.ascii	"m\333\026\025\031\034c\015\213\266n\3772\370\367\177"
 317      191C630D 
 317      8BB66EFF 
 317      32F8F77F 
 318 0a54 F968F347 		.ascii	"\371h\363G_\211g\277\214\330j\211\216\011~\177\363\346"
 318      5F8967BF 
 318      8CD86A89 
 318      8E097E7F 
 318      F3E6
 319 0a66 E0F0686B 		.ascii	"\340\360hk\310\332p\215\321l\266\204Eo\375\232a\241"
 319      C8DA708D 
 319      D16CB684 
 319      456FFD9A 
 319      61A1
 320 0a78 C5D6302B 		.ascii	"\305\3260+oa2\233\267X\376\025\266}\253\325l\371*\302"
 320      6F61329B 
 320      B758FE15 
 320      B67DABD5 
 320      6CF92AC2 
 321 0a8c EA1F09BD 		.ascii	"\352\037\011\275\255\333\243#\227\232\331\333\346\350"
 321      ADDBA323 
 321      979AD9DB 
 321      E6E8
 322 0a9a B06DE6B0 		.ascii	"\260m\346\260hKX\214\377\366\210H\353\372uf\253\301"
 322      684B588C 
 322      FFF68848 
 322      EBFA7566 
 322      ABC1
 323 0aac 6C960E37 		.ascii	"l\226\0167\004o\217\211\016\016\213\336\366VdT\244\345"
 323      046F8F89 
 323      0E0E8BDE 
 323      F6566454 
ARM GAS  /tmp/ccstl1DL.s 			page 25


 323      A4E5
 324 0abe 2D4BD8E7 		.ascii	"-K\330\347\021\301\021\221\341[\267o\261\004o\013\013"
 324      11C11191 
 324      E15BB76F 
 324      B1046F0B 
 324      0B
 325 0acf FF2222D2 		.ascii	"\377\"\"\322\022,\343\255_\177i\211Y\373\205\346\215"
 325      122CE3AD 
 325      5F7F6989 
 325      59FB85E6 
 325      8D
 326 0ae0 9F298AF9 		.ascii	"\237)\212\371:&\330\034c\335\002|\31041\005V\313WV&"
 326      3A26D81C 
 326      63DD027C 
 326      C8343105 
 326      56CB5756 
 327 0af5 21804DC5 		.ascii	"!\200M\305#C\370V\270\032vh\214\2142\313\347\203D\265"
 327      2343F856 
 327      B81A7668 
 327      8C8C32CB 
 327      E78344B5 
 328 0b09 F2CC6C0D 		.ascii	"\362\314l\015\220\325/3\213W\362\266y\201h\016|\376"
 328      90D52F33 
 328      8B57F2B6 
 328      7981680E 
 328      7CFE
 329 0b1b 94D98433 		.ascii	"\224\331\2043N6\007\34142\212\277\315\353C\324\365!"
 329      4E3607E1 
 329      34328ABF 
 329      CDEB43D4 
 329      F521
 330 0b2d 3EF521BE 		.ascii	">\365!\276\365!\212\372u\352\372u>\365\353|\353\327"
 330      F5218AFA 
 330      75EAFA75 
 330      3EF5EB7C 
 330      EBD7
 331 0b3f 29EAD7AB 		.ascii	")\352\327\253\353\327\373\324\257\367\255_\257\250\337"
 331      EBD7FBD4 
 331      AFF7AD5F 
 331      AFA8DF
 332 0b4e A0AEDFE0 		.ascii	"\240\256\337\340S\277\301\267~\203\242~\243\272~\243"
 332      53BFC1B7 
 332      7E83A27E 
 332      A3BA7EA3 
 333 0b5e 4FFD46DF 		.ascii	"O\375F\337\372\215\212\372Pu}\250O}\250o}\250\242~\223"
 333      FA8D8AFA 
 333      50757DA8 
 333      4F7DA86F 
 333      7DA8A27E 
 334 0b73 BA7E934F 		.ascii	"\272~\223O\375&\337\372Mr\375\377\000\2704\221K"
 334      FD26DFFA 
 334      4D72FDFF 
 334      00B83491 
 334      4B
 335              		.text
 336              		.section	.gnu.lto_.symtab.9e60dd2249b26dd7,"",%progbits
 337 0000 5F5F636F 		.ascii	"__core_init\000\000\001\000\000\000\000\000\000\000"
ARM GAS  /tmp/ccstl1DL.s 			page 26


 337      72655F69 
 337      6E697400 
 337      00010000 
 337      00000000 
 338 0015 0000AE00 		.ascii	"\000\000\256\000\000\000__early_init\000\000\001\000"
 338      00005F5F 
 338      6561726C 
 338      795F696E 
 338      69740000 
 339 002b 00000000 		.ascii	"\000\000\000\000\000\000\000\000\261\000\000\000__l"
 339      00000000 
 339      B1000000 
 339      5F5F6C
 340 003a 6174655F 		.ascii	"ate_init\000\000\001\000\000\000\000\000\000\000\000"
 340      696E6974 
 340      00000100 
 340      00000000 
 340      000000
 341 004d 00B40000 		.ascii	"\000\264\000\000\000__default_exit\000\000\001\000\000"
 341      005F5F64 
 341      65666175 
 341      6C745F65 
 341      78697400 
 342 0065 00000000 		.ascii	"\000\000\000\000\000\000\000\271\000\000\000__init_"
 342      000000B9 
 342      0000005F 
 342      5F696E69 
 342      745F
 343 0077 72616D5F 		.ascii	"ram_areas\000\000\000\000\000\000\000\000\000\000\000"
 343      61726561 
 343      73000000 
 343      00000000 
 343      00000000 
 344 008b 00BB0000 		.ascii	"\000\273\000\000\000__ram0_init_text__\000\000\002\000"
 344      005F5F72 
 344      616D305F 
 344      696E6974 
 344      5F746578 
 345 00a6 00000000 		.ascii	"\000\000\000\000\000\000\000\000\336\000\000\000__r"
 345      00000000 
 345      DE000000 
 345      5F5F72
 346 00b5 616D305F 		.ascii	"am0_init__\000\000\002\000\000\000\000\000\000\000\000"
 346      696E6974 
 346      5F5F0000 
 346      02000000 
 346      00000000 
 347 00ca 00E10000 		.ascii	"\000\341\000\000\000__ram0_clear__\000\000\002\000\000"
 347      005F5F72 
 347      616D305F 
 347      636C6561 
 347      725F5F00 
 348 00e2 00000000 		.ascii	"\000\000\000\000\000\000\000\344\000\000\000__ram0_"
 348      000000E4 
 348      0000005F 
 348      5F72616D 
 348      305F
ARM GAS  /tmp/ccstl1DL.s 			page 27


 349 00f4 6E6F696E 		.ascii	"noinit__\000\000\002\000\000\000\000\000\000\000\000"
 349      69745F5F 
 349      00000200 
 349      00000000 
 349      000000
 350 0107 00E70000 		.ascii	"\000\347\000\000\000__ram1_init_text__\000\000\002\000"
 350      005F5F72 
 350      616D315F 
 350      696E6974 
 350      5F746578 
 351 0122 00000000 		.ascii	"\000\000\000\000\000\000\000\000\353\000\000\000__r"
 351      00000000 
 351      EB000000 
 351      5F5F72
 352 0131 616D315F 		.ascii	"am1_init__\000\000\002\000\000\000\000\000\000\000\000"
 352      696E6974 
 352      5F5F0000 
 352      02000000 
 352      00000000 
 353 0146 00EE0000 		.ascii	"\000\356\000\000\000__ram1_clear__\000\000\002\000\000"
 353      005F5F72 
 353      616D315F 
 353      636C6561 
 353      725F5F00 
 354 015e 00000000 		.ascii	"\000\000\000\000\000\000\000\361\000\000\000__ram1_"
 354      000000F1 
 354      0000005F 
 354      5F72616D 
 354      315F
 355 0170 6E6F696E 		.ascii	"noinit__\000\000\002\000\000\000\000\000\000\000\000"
 355      69745F5F 
 355      00000200 
 355      00000000 
 355      000000
 356 0183 00F40000 		.ascii	"\000\364\000\000\000__ram2_init_text__\000\000\002\000"
 356      005F5F72 
 356      616D325F 
 356      696E6974 
 356      5F746578 
 357 019e 00000000 		.ascii	"\000\000\000\000\000\000\000\000\371\000\000\000__r"
 357      00000000 
 357      F9000000 
 357      5F5F72
 358 01ad 616D325F 		.ascii	"am2_init__\000\000\002\000\000\000\000\000\000\000\000"
 358      696E6974 
 358      5F5F0000 
 358      02000000 
 358      00000000 
 359 01c2 00FC0000 		.ascii	"\000\374\000\000\000__ram2_clear__\000\000\002\000\000"
 359      005F5F72 
 359      616D325F 
 359      636C6561 
 359      725F5F00 
 360 01da 00000000 		.ascii	"\000\000\000\000\000\000\000\377\000\000\000__ram2_"
 360      000000FF 
 360      0000005F 
 360      5F72616D 
ARM GAS  /tmp/ccstl1DL.s 			page 28


 360      325F
 361 01ec 6E6F696E 		.ascii	"noinit__\000\000\002\000\000\000\000\000\000\000\000"
 361      69745F5F 
 361      00000200 
 361      00000000 
 361      000000
 362 01ff 00020100 		.ascii	"\000\002\001\000\000__ram3_init_text__\000\000\002\000"
 362      005F5F72 
 362      616D335F 
 362      696E6974 
 362      5F746578 
 363 021a 00000000 		.ascii	"\000\000\000\000\000\000\000\000\007\001\000\000__r"
 363      00000000 
 363      07010000 
 363      5F5F72
 364 0229 616D335F 		.ascii	"am3_init__\000\000\002\000\000\000\000\000\000\000\000"
 364      696E6974 
 364      5F5F0000 
 364      02000000 
 364      00000000 
 365 023e 000A0100 		.ascii	"\000\012\001\000\000__ram3_clear__\000\000\002\000\000"
 365      005F5F72 
 365      616D335F 
 365      636C6561 
 365      725F5F00 
 366 0256 00000000 		.ascii	"\000\000\000\000\000\000\000\015\001\000\000__ram3_"
 366      0000000D 
 366      0100005F 
 366      5F72616D 
 366      335F
 367 0268 6E6F696E 		.ascii	"noinit__\000\000\002\000\000\000\000\000\000\000\000"
 367      69745F5F 
 367      00000200 
 367      00000000 
 367      000000
 368 027b 00100100 		.ascii	"\000\020\001\000\000__ram4_init_text__\000\000\002\000"
 368      005F5F72 
 368      616D345F 
 368      696E6974 
 368      5F746578 
 369 0296 00000000 		.ascii	"\000\000\000\000\000\000\000\000\025\001\000\000__r"
 369      00000000 
 369      15010000 
 369      5F5F72
 370 02a5 616D345F 		.ascii	"am4_init__\000\000\002\000\000\000\000\000\000\000\000"
 370      696E6974 
 370      5F5F0000 
 370      02000000 
 370      00000000 
 371 02ba 00180100 		.ascii	"\000\030\001\000\000__ram4_clear__\000\000\002\000\000"
 371      005F5F72 
 371      616D345F 
 371      636C6561 
 371      725F5F00 
 372 02d2 00000000 		.ascii	"\000\000\000\000\000\000\000\033\001\000\000__ram4_"
 372      0000001B 
 372      0100005F 
ARM GAS  /tmp/ccstl1DL.s 			page 29


 372      5F72616D 
 372      345F
 373 02e4 6E6F696E 		.ascii	"noinit__\000\000\002\000\000\000\000\000\000\000\000"
 373      69745F5F 
 373      00000200 
 373      00000000 
 373      000000
 374 02f7 001E0100 		.ascii	"\000\036\001\000\000__ram5_init_text__\000\000\002\000"
 374      005F5F72 
 374      616D355F 
 374      696E6974 
 374      5F746578 
 375 0312 00000000 		.ascii	"\000\000\000\000\000\000\000\000#\001\000\000__ram5"
 375      00000000 
 375      23010000 
 375      5F5F7261 
 375      6D35
 376 0324 5F696E69 		.ascii	"_init__\000\000\002\000\000\000\000\000\000\000\000"
 376      745F5F00 
 376      00020000 
 376      00000000 
 376      0000
 377 0336 00260100 		.ascii	"\000&\001\000\000__ram5_clear__\000\000\002\000\000"
 377      005F5F72 
 377      616D355F 
 377      636C6561 
 377      725F5F00 
 378 034e 00000000 		.ascii	"\000\000\000\000\000\000\000)\001\000\000__ram5_noi"
 378      00000029 
 378      0100005F 
 378      5F72616D 
 378      355F6E6F 
 379 0363 6E69745F 		.ascii	"nit__\000\000\002\000\000\000\000\000\000\000\000\000"
 379      5F000002 
 379      00000000 
 379      00000000 
 379      00
 380 0374 2C010000 		.ascii	",\001\000\000__ram6_init_text__\000\000\002\000\000"
 380      5F5F7261 
 380      6D365F69 
 380      6E69745F 
 380      74657874 
 381 038f 00000000 		.ascii	"\000\000\000\000\000\000\0001\001\000\000__ram6_ini"
 381      00000031 
 381      0100005F 
 381      5F72616D 
 381      365F696E 
 382 03a4 745F5F00 		.ascii	"t__\000\000\002\000\000\000\000\000\000\000\000\000"
 382      00020000 
 382      00000000 
 382      000000
 383 03b3 34010000 		.ascii	"4\001\000\000__ram6_clear__\000\000\002\000\000\000"
 383      5F5F7261 
 383      6D365F63 
 383      6C656172 
 383      5F5F0000 
 384 03cb 00000000 		.ascii	"\000\000\000\000\000\0007\001\000\000__ram6_noinit_"
ARM GAS  /tmp/ccstl1DL.s 			page 30


 384      00003701 
 384      00005F5F 
 384      72616D36 
 384      5F6E6F69 
 385 03e3 5F000002 		.ascii	"_\000\000\002\000\000\000\000\000\000\000\000\000:\001"
 385      00000000 
 385      00000000 
 385      003A01
 386 03f2 00005F5F 		.ascii	"\000\000__ra"
 386      7261
 387 03f8 6D375F69 		.ascii	"m7_init_text__\000\000\002\000\000\000\000\000\000\000"
 387      6E69745F 
 387      74657874 
 387      5F5F0000 
 387      02000000 
 388 0410 00003F01 		.ascii	"\000\000?\001\000\000__ram7_init__\000\000\002\000\000"
 388      00005F5F 
 388      72616D37 
 388      5F696E69 
 388      745F5F00 
 389 0428 00000000 		.ascii	"\000\000\000\000\000\000\000B\001\000\000__ram7_cle"
 389      00000042 
 389      0100005F 
 389      5F72616D 
 389      375F636C 
 390 043d 61725F5F 		.ascii	"ar__\000\000\002\000\000\000\000\000\000\000\000\000"
 390      00000200 
 390      00000000 
 390      00000000 
 391 044d 45010000 		.ascii	"E\001\000\000__ram7_noinit__\000\000\002\000\000\000"
 391      5F5F7261 
 391      6D375F6E 
 391      6F696E69 
 391      745F5F00 
 392 0466 00000000 		.ascii	"\000\000\000\000\000\000H\001\000\000"
 392      00004801 
 392      0000
 393              		.text
 394              		.section	.gnu.lto_.opts,"",%progbits
 395 0000 272D666E 		.ascii	"'-fno-trapv' '-mcpu=cortex-m4' '-mfloat-abi=hard' '"
 395      6F2D7472 
 395      61707627 
 395      20272D6D 
 395      6370753D 
 396 0033 2D6D6670 		.ascii	"-mfpu=fpv4-sp-d16' '-mno-thumb-interwork' '-mthumb'"
 396      753D6670 
 396      76342D73 
 396      702D6431 
 396      36272027 
 397 0066 20272D67 		.ascii	" '-ggdb' '-O2' '-fomit-frame-pointer' '-falign-func"
 397      67646227 
 397      20272D4F 
 397      32272027 
 397      2D666F6D 
 398 0099 74696F6E 		.ascii	"tions=16' '-ffunction-sections' '-fdata-sections' '"
 398      733D3136 
 398      2720272D 
ARM GAS  /tmp/ccstl1DL.s 			page 31


 398      6666756E 
 398      6374696F 
 399 00cc 2D666E6F 		.ascii	"-fno-common' '-flto' '-fsingle-precision-constant'\000"
 399      2D636F6D 
 399      6D6F6E27 
 399      20272D66 
 399      6C746F27 
 400              		.text
 401              		.comm	__gnu_lto_v1,1,1
 402              		.comm	__gnu_lto_slim,1,1
 403              		.ident	"GCC: (GNU Tools for ARM Embedded Processors) 4.9.3 20150529 (release) [ARM/embedded-4_9-br
ARM GAS  /tmp/ccstl1DL.s 			page 32


DEFINED SYMBOLS
                            *ABS*:0000000000000000 crt1.c
                            *COM*:0000000000000001 __gnu_lto_v1
                            *COM*:0000000000000001 __gnu_lto_slim

NO UNDEFINED SYMBOLS
