ARM GAS  /tmp/ccS9mTZZ.s 			page 1


   1              		.syntax unified
   2              		.cpu cortex-m4
   3              		.eabi_attribute 27, 1
   4              		.eabi_attribute 28, 1
   5              		.fpu fpv4-sp-d16
   6              		.eabi_attribute 20, 1
   7              		.eabi_attribute 21, 1
   8              		.eabi_attribute 23, 3
   9              		.eabi_attribute 24, 1
  10              		.eabi_attribute 25, 1
  11              		.eabi_attribute 26, 1
  12              		.eabi_attribute 30, 2
  13              		.eabi_attribute 34, 1
  14              		.eabi_attribute 18, 4
  15              		.thumb
  16              		.file	"hal.c"
  17              		.text
  18              	.Ltext0:
  19              		.section	.gnu.lto_.profile.3a59a72196c611b8,"",%progbits
  20 0000 789C6366 		.ascii	"x\234cf```a\200\000F\206`.\000\001$\000f"
  20      60606061 
  20      80004686 
  20      602E0001 
  20      240066
  21              		.text
  22              		.section	.gnu.lto_.jmpfuncs.3a59a72196c611b8,"",%progbits
  23 0000 789C6366 		.ascii	"x\234cf\300\0164\2414#\\\204\221\351#\023\343\264\376"
  23      C00E34A1 
  23      34235C84 
  23      91E92313 
  23      E3B4FE
  24 0013 2B3B986B 		.ascii	"+;\230k\1777\314h\340\370\311\304\360\227\011$\276\234"
  24      7F37CC68 
  24      E0F8C9C4 
  24      F0970924 
  24      BE9C
  25 0025 B1164801 		.ascii	"\261\026H\001\000\302\232\012\021"
  25      00C29A0A 
  25      11
  26              		.text
  27              		.section	.gnu.lto_.inline.3a59a72196c611b8,"",%progbits
  28 0000 789C6366 		.ascii	"x\234cf\300\016\354\2404#\003\003\317e \311\004d\263"
  28      C00EECA0 
  28      34230303 
  28      CF6520C9 
  28      0464B3
  29 0013 2D906702 		.ascii	"-\220g\002\213q\341#\230\270A\272\300L\006\000t\012"
  29      8B71E123 
  29      98B841BA 
  29      C04C0600 
  29      740A
  30 0025 0247     		.ascii	"\002G"
  31              		.text
  32              		.section	.gnu.lto_.pureconst.3a59a72196c611b8,"",%progbits
  33 0000 789C6366 		.ascii	"x\234cf```f\200\000F\006\011\000\000x\000 "
  33      60606066 
  33      80004606 
ARM GAS  /tmp/ccS9mTZZ.s 			page 2


  33      09000078 
  33      0020
  34              		.text
  35              		.section	.gnu.lto_halInit.3a59a72196c611b8,"",%progbits
  36 0000 789C75D1 		.ascii	"x\234u\321MK\002A\030\007\360\347?\253\253(At\012O\321"
  36      4D4B0241 
  36      1807F0E7 
  36      3FABAB28 
  36      41740A4F 
  37 0015 216F5A97 		.ascii	"!oZ\227\372\000\335\272\024\364\001\242\274(\004A\236"
  37      FA00DDBA 
  37      14F401A2 
  37      BC280441 
  37      9E
  38 0026 1777D343 		.ascii	"\027w\323C\247\224\010\021z;D\244Yj/\204\247\330O\220"
  38      A7940811 
  38      7A3B44A4 
  38      596A2F84 
  38      A7D84F90 
  39 003a 94BD5CC4 		.ascii	"\224\275\\\304.\006uK<I\210=\263F,\324.,\317\354\374"
  39      2E06754B 
  39      3C49883D 
  39      B3462CD4 
  39      2E2CCFEC 
  40 004f 7F33F3B0 		.ascii	"\1773\363\260\243\320\337'\300\357\204 \032\347\012"
  40      A3D0DF27 
  40      C0EF8420 
  40      1AE70A
  41 005e 85203277 		.ascii	"\205 2wD\206W\000r@\240\204@\002\037\242-\2201\2139"
  41      44865700 
  41      7240A084 
  41      40021FA2 
  41      2D90318B 
  42 0073 7FF058D7 		.ascii	"\177\360X\327\365\317\215\232\261`\242\313\353:b\260"
  42      F5CF8D9A 
  42      B160A2CB 
  42      EB3A62B0 
  43 0083 0F4E1024 		.ascii	"\017N\020$F\355T\357\305\257\246\030\015\0172\344\241"
  43      46ED54EF 
  43      C5AFA618 
  43      0D0F32E4 
  43      A1
  44 0094 826B79C4 		.ascii	"\202ky\304\324\373\375\243\354\336\223\313G\324\342"
  44      D4FBFDA3 
  44      ECDE93CB 
  44      47D4E2
  45 00a3 481EF026 		.ascii	"H\036\360&\204\254J\003I\2637$\255\334\344\240\276U"
  45      84AC4A03 
  45      49B33724 
  45      ADDCE4A0 
  45      BE55
  46 00b5 12DA97BE 		.ascii	"\022\332\227\276\251{\273\002\035\301\353Q\200F]\326"
  46      A97BBB02 
  46      1DC1EB51 
  46      80465DD6 
  47 00c5 0DA4CC6D 		.ascii	"\015\244\314m\365_\251t8'\234\262\344(\233~\254*\034"
  47      F55FA974 
ARM GAS  /tmp/ccS9mTZZ.s 			page 3


  47      38279CB2 
  47      E4289B7E 
  47      AC2A1C
  48 00d8 E564E4EA 		.ascii	"\345d\344\352\311^x\366\265U\273\367\276\013\236\261"
  48      C95E78F6 
  48      B555BBF7 
  48      BE0B9EB1 
  49 00e8 3E0BE99D 		.ascii	">\013\351\235*\366\261kd\244r\243\010\015g\010X\331"
  49      2AF6B16B 
  49      64A472A3 
  49      080D6708 
  49      58D9
  50 00fa 612B9FF3 		.ascii	"a+\237\363\363\006\243\214q\316\312:\024%h]\241\222"
  50      F306A38C 
  50      71CECA3A 
  50      1425685D 
  50      A192
  51 010c ECF8F9FF 		.ascii	"\354\370\371\377>\270c\205\373(\377v\2344o<N\222\373"
  51      3EB86385 
  51      FB28FF76 
  51      9C346F3C 
  51      4E92FB
  52 011f 40C5261F 		.ascii	"@\305&\037\034\245\233\345\205M6\035\245\312\362\322"
  52      1CA59BE5 
  52      854D361D 
  52      A5CAF2D2 
  53 012f 262B3E27 		.ascii	"&+>'\351aye\223\267\216\322\313\362\372G6a\230\3659"
  53      E9617965 
  53      93B78ED2 
  53      CBF2FA47 
  53      366198F5 
  54 0144 4B92BC4B 		.ascii	"K\222\274K\310;\344\037<6\033\215\255\304\346\027\227"
  54      C83BE41F 
  54      3C361B8D 
  54      ADC4E617 
  54      97
  55 0155 A66642D3 		.ascii	"\246fB\323\241\311\360Z<\034]^\015\307\327#\262\206"
  55      A1C9F05A 
  55      3C1C5D5E 
  55      0DC7D723 
  55      B286
  56 0167 22F40DA8 		.ascii	"\"\364\015\250%\313C"
  56      25CB43
  57              		.text
  58              		.section	.gnu.lto_.symbol_nodes.3a59a72196c611b8,"",%progbits
  59 0000 789C4DC8 		.ascii	"x\234M\310\273\015\302@\024D\321\273\263^{\311\350\200"
  59      BB0DC240 
  59      1444D1BB 
  59      B35E7BC9 
  59      E880
  60 0012 529F038B 		.ascii	"R\237\003\213\230\204?X\004.\3051\0058\002\311!5 \304"
  60      98843F58 
  60      042EC531 
  60      053802C9 
  60      213520C4 
  61 0026 42F026B9 		.ascii	"B\360&\271:\023\201\211\377\264\225\301\346\016f\364"
  61      3A138189 
ARM GAS  /tmp/ccS9mTZZ.s 			page 4


  61      FFB495C1 
  61      E60E66F4 
  62 0036 B74C3A88 		.ascii	"\267L:\210\245\021zY\370\375\264m&\\e\362\276\310\242"
  62      A5117A59 
  62      F8FDB46D 
  62      265C65F2 
  62      BEC8A2
  63 0049 F7595679 		.ascii	"\367YVy\237d\311\373(\253\275\367\262\306{'\313\316"
  63      9F64C9FB 
  63      28ABBDF7 
  63      B2C67B27 
  63      CBCE
  64 005b 9105C3E3 		.ascii	"\221\005\303\343\035\"\231\261\264a.\255\351\236\337"
  64      1D2299B1 
  64      B4612EAD 
  64      E99EDF
  65 006a 2686D28A 		.ascii	"&\206\322\212\26142\227\212n\375Z\361\001u\264;\206"
  65      B1343297 
  65      8A6EFD5A 
  65      F10175B4 
  65      3B86
  66              		.text
  67              		.section	.gnu.lto_.refs.3a59a72196c611b8,"",%progbits
  68 0000 789C6366 		.ascii	"x\234cf```c\200\000F\006&F&\006\000\000\261\000\020"
  68      60606063 
  68      80004606 
  68      26462606 
  68      0000B100 
  69              		.text
  70              		.section	.gnu.lto_.decls.3a59a72196c611b8,"",%progbits
  71 0000 789C9D56 		.ascii	"x\234\235V{P\223W\026\377\356w\363 !\242Svl\307q\266"
  71      7B509357 
  71      16FFEE77 
  71      F32021A2 
  71      53766CC7 
  72 0016 ACDDA576 		.ascii	"\254\335\245v\2475\255\355\264\235vv\332.\266.3\266"
  72      A735ADED 
  72      B49D7676 
  72      DA2EB62E 
  72      33B6
  73 0028 32B58FD9 		.ascii	"2\265\217\331\331?\262\221\304\222\031$\231$t\332?:"
  73      D93FB291 
  73      C4921924 
  73      992474DA 
  73      3F3A
  74 003a 73059C41 		.ascii	"s\005\234AD\211\272X\251\256\304\032\226G\021QhQ@@Z"
  74      4489BA58 
  74      A9AEC41A 
  74      96471151 
  74      68514040 
  75 004f 94AA74AD 		.ascii	"\224\252t\255\217\212\026k\264\025\360\201\206\227\006"
  75      8F8A166B 
  75      B415F081 
  75      869706
  76 005e 7964CFBD 		.ascii	"yd\317\2757_\362\345\233\270u\367\2339\334\234\357\374"
  76      375FF2E5 
  76      9BB875F7 
ARM GAS  /tmp/ccS9mTZZ.s 			page 5


  76      9B39DC9C 
  76      EFFC
  77 0070 7EBF73EE 		.ascii	"~\277s\356\271\347\206`A\020\032\301B\360|\230(\010"
  77      B9E78660 
  77      41101AC1 
  77      42F07C98 
  77      2808
  78 0082 3A2C0822 		.ascii	":,\010\"\370\031`\010\354\206\300\037\035\330-\260\000"
  78      F8196008 
  78      EC86C01F 
  78      1DD82DB0 
  78      00
  79 0093 D808D818 		.ascii	"\330\010\330\030\330\035\260 \330=\260\031\201\023("
  79      D81DB020 
  79      D83DB019 
  79      811328
  80 00a2 474442CC 		.ascii	"GDB\314Cy\332\260&\206\330MXU\210k_\007\233R\344\240"
  80      4379DAB0 
  80      2686D84D 
  80      5855886B 
  80      5F079B52 
  81 00b8 223361DD 		.ascii	"\"3a\335`8\317X8o@\210\237cXD\255\247\366]W\017\212"
  81      6038CF58 
  81      386F4088 
  81      9F635844 
  81      ADA7F65D 
  82 00cf 2849EF9F 		.ascii	"(I\357\237M\375`\327\316\215\032\360\015\372)D\375\335"
  82      4DFD60D7 
  82      CE8D1AF0 
  82      0DFA2944 
  82      FDDD
  83 00e1 DB2E9FD1 		.ascii	"\333.\237\321?YC\010)$\035s\242\274\226\340W\225I\234"
  83      3F594308 
  83      29241D73 
  83      A2BC96E0 
  83      5795499C 
  84 00f5 C770FB5B 		.ascii	"\307p\373[\007\307g3\336|\352^jk\351\327`\035\013\035"
  84      07C76733 
  84      DE7CEA5E 
  84      6A6BE9D7 
  84      601D0B1D 
  85 0109 AC1BEB49 		.ascii	"\254\033\353Id\320\024\3526o\356\336\3063\250\250\333"
  85      64D014EA 
  85      366FEEDE 
  85      C633A8A8 
  85      DB
  86 011a DE163CA2 		.ascii	"\336\026<\242\307\363\031\262\270\320\377\255\036\377"
  86      C7F319B2 
  86      B8D0FFAD 
  86      1EFF
  87 0128 817D5EF3 		.ascii	"\201}^\363\257\226b-\300~\247g\371.m\237\360\351\230"
  87      AF96622D 
  87      C07EA767 
  87      F92E6D9F 
  87      F0E998
  88 013b 4B9B4E4B 		.ascii	"K\233NK\025\273\373\311\356$\224\252\367Aq\201\301\315"
  88      15BBFBC9 
ARM GAS  /tmp/ccS9mTZZ.s 			page 6


  88      EE2494AA 
  88      F7417181 
  88      C1CD
  89 014d 47E613A2 		.ascii	"G\346\023\242B\215H\217\352\021F\325\350I\272i\312\246"
  89      428D488F 
  89      EA1146D5 
  89      E849BA69 
  89      CAA6
  90 015f 4F212179 		.ascii	"O!!y\304\223Ot\335I\002\332\203\346\241:4O@\015(\025"
  90      C4934F74 
  90      DD4902DA 
  90      83E6A13A 
  90      344F400D 
  91 0175 100C8BF6 		.ascii	"\020\014\213\366\301\313\375\360\022\204\273\246\332"
  91      C1CBFDF0 
  91      1284BBA6 
  91      DA
  92 0182 0AD4489F 		.ascii	"\012\324H\237\032\237\364U\034\022+\241'\177\363\\Z"
  92      1A9FF455 
  92      1C122BA1 
  92      277FF35C 
  92      5A
  93 0193 C29750C2 		.ascii	"\302\227P\302\336h\011PQ\244kS\307>;h\300%\210\355\260"
  93      DE680950 
  93      51A46B53 
  93      C73E3B68 
  93      C02588ED 
  94 01a8 DCB3635C 		.ascii	"\334\263c\\\215K\271\263{\354\344p\002\336\301\035_"
  94      8D4BB9B3 
  94      7BECE470 
  94      02DEC11D 
  94      5F
  95 01b9 E9D65A35 		.ascii	"\351\326Z5kQ\002u?\337{\360}\354\343\241Fo\355Q\214"
  95      6B510275 
  95      3FDF7BF0 
  95      7DECE3A1 
  95      466FED51 
  96 01ce 6BB873FC 		.ascii	"k\270s\374Jp\324\300ps\250\3339\364\305\372$\\\307c"
  96      4A70D4C0 
  96      7073A8DB 
  96      39F4C5FA 
  96      245CC763 
  97 01e2 55151B06 		.ascii	"U\025\033\0060n\340N\331\335\023G\370\351<\002\256n"
  97      306EE04E 
  97      D9DD1347 
  97      F8E93C02 
  97      AE6E
  98 01f4 DDE1827E 		.ascii	"\335\341\202~\003Z\300\237\344T/\3543\020\254\230I\337"
  98      035AC09F 
  98      E4542FEC 
  98      3310AC98 
  98      49DF
  99 0206 924F7C8F 		.ascii	"\222O|\217\260\372\017@\375\335(9\272\353\205\363\004"
  99      B0FA0F40 
  99      FDDD2839 
  99      BAEB85F3 
  99      04
ARM GAS  /tmp/ccS9mTZZ.s 			page 7


 100 0217 D603D807 		.ascii	"\326\003\330\007\205{C\225\232\356\247\031\264U\011"
 100      857B4395 
 100      9AEEA719 
 100      B45509
 101 0226 3D4451E8 		.ascii	"=DQ\350\217\021\350\355\010\264)\256j\0249\035A\266"
 101      8F11E8ED 
 101      08B429AE 
 101      6A14391D 
 101      41B6
 102 0238 2891CD48 		.ascii	"(\221\315HQ\300\272j\011\333\026\277\000\031v2\242{"
 102      51C0BA6A 
 102      09DB16BF 
 102      00197632 
 102      A27B
 103 024a 30BE6EB4 		.ascii	"0\276n\264\204\365\021\331v%\264#\012\335\004\347M<"
 103      84F511D9 
 103      7625B423 
 103      0ADD04E7 
 103      4D3C
 104 025c 84BCEA16 		.ascii	"\204\274\352\026P\015\304\277`!\212\206CG\337\302\204"
 104      500DC4BF 
 104      60218A86 
 104      4347DFC2 
 104      84
 105 026d 7C8D16A0 		.ascii	"|\215\026\240\303`G\300\276\001\353\004\353\002;\212"
 105      C36047C0 
 105      BE01EB04 
 105      EB023B8A 
 106 027d 16B061A0 		.ascii	"\026\260a\240\023\343\037\252\324\020DiBxX\"\367K,\356"
 106      13E31FAA 
 106      D4104469 
 106      42785822 
 106      F74B2CEE 
 107 0291 D95A3C0B 		.ascii	"\331Z<\013%\247\306\313\204\216C\202\3779Y\261-\001"
 107      25A7C6CB 
 107      848E4382 
 107      FF3959B1 
 107      2D01
 108 02a3 1D03526D 		.ascii	"\035\003Rmt4ifi4\317N\367\374\026\217\361q\361O{\032"
 108      74346966 
 108      6934CF4E 
 108      F7FC168F 
 108      F171F14F 
 109 02b9 D578923B 		.ascii	"\325x\222;\3778\266\351\3578O\344\227\262c\317i-\233"
 109      FF38B6E9 
 109      EF384FE4 
 109      97B263CF 
 109      692D9B
 110 02cc A317A95B 		.ascii	"\243\027\251[[\353\331\252\305\353xl\240\355&\021Y,"
 110      5BEBD9AA 
 110      C5EB786C 
 110      A0ED2611 
 110      592C
 111 02de 83BAD7DA 		.ascii	"\203\272\327\332\257\265&b\017\217\225o\334?\301\357"
 111      AFB52662 
 111      0F8F956F 
 111      DC3FC1EF 
ARM GAS  /tmp/ccS9mTZZ.s 			page 8


 112 02ee BC83BA43 		.ascii	"\274\203\272C\235w\012\265\370S\036klo\030\341C\\\310"
 112      9D770AB5 
 112      F8531E6B 
 112      6C6F18E1 
 112      435CC8
 113 0301 FC2E42BA 		.ascii	"\374.B\272E\274\223\007}\307=e\210\005\253\230\377Y"
 113      45BC9307 
 113      7DC73D65 
 113      8805AB98 
 113      FF59
 114 0313 6F6112AE 		.ascii	"oa\022\256\340\261\023\353\313\313x\302\016\346\357"
 114      E0B113EB 
 114      CBCB78C2 
 114      0EE6EF
 115 0322 FBE6F00E 		.ascii	"\373\346\360\016\204kyP\372~2\360\357\247\304\242\361"
 115      846B7950 
 115      FA7E32F0 
 115      EFA7C4A2 
 115      F1
 116 0333 ED6BD528 		.ascii	"\355k\325(y\201\364\3044\266\022\032[\305\216\260/\334"
 116      7981F4C4 
 116      34B6121A 
 116      5BC58EB0 
 116      2FDC
 117 0345 D57EE8EA 		.ascii	"\325~\350\352%\350\340\0250?\330U\260\313`?\203]\004"
 117      25E8E015 
 117      303FD855 
 117      B0CB603F 
 117      835D04
 118 0358 FB05ECA7 		.ascii	"\373\005\354\247pw\275\264\273\275\325o\021\030\034"
 118      7077BDB4 
 118      BBBDD56F 
 118      11181C
 119 0367 DAE01FA0 		.ascii	"\332\340\037\240\301T'r\\\347bf\214x\007\237\010#/("
 119      C1542772 
 119      5CE76266 
 119      8C78079F 
 119      08232F28 
 120 037b 913F2A90 		.ascii	"\221?*\220U\022\362\204\022\2710\026x@\002~\247\004"
 120      5512F284 
 120      12B93016 
 120      7840027E 
 120      A704
 121 038d FE5B21D9 		.ascii	"\376[!\331-!O)\221\247\025\310Z\011\331\243Dv\304^0"
 121      2D214F29 
 121      91A715C8 
 121      5A09D9A3 
 121      4476C45E 
 122 03a2 E23D2141 		.ascii	"\342=!A\317(\241g\225\320>\011\332\253\204\236WB[%\350"
 122      CF28A167 
 122      95D03E09 
 122      DAAB849E 
 122      57425B25 
 123 03b7 4925F47B 		.ascii	"I%\364{\031\224\015\367?\253\351M\352\213s\223\320\256"
 123      19940DF7 
 123      3FABE94D 
 123      EA8B7393 
ARM GAS  /tmp/ccS9mTZZ.s 			page 9


 123      D0AE
 124 03c9 B1DA262D 		.ascii	"\261\332&-n`c!6\225\370=\011\212k%\235>\272\006\207"
 124      6E606321 
 124      3695F83D 
 124      098A6B25 
 124      9D3EBA06 
 125 03de FEFF0C00 		.ascii	"\376\377\014\000\253\340\036\\\257A \017D\257W\237\354"
 125      ABE01E5C 
 125      AF41200F 
 125      44AF579F 
 125      EC
 126 03ef 7A8D4C84 		.ascii	"z\215L\204\212t\311\341\264\336\373\245\025\0368'H~"
 126      8A74C9E1 
 126      B4DEFBA5 
 126      151E3827 
 126      487E
 127 0401 B7B6EB53 		.ascii	"\267\266\353Sd(\212\376\223B\327e_W\002\272\201\014"
 127      64288AFE 
 127      9342D765 
 127      5F5702BA 
 127      810C
 128 0413 EC7701AC 		.ascii	"\354w\001\254\364BL^9\243z\270\224\025\220O\346\250"
 128      F4424C5E 
 128      39A37AB8 
 128      9415904F 
 128      E6A8
 129 0425 50C65C19 		.ascii	"P\306\\\031\366&z\030\376\376M\305\225\257tT\016\314"
 129      F6267A18 
 129      FEFE4DC5 
 129      95AF7454 
 129      0ECC
 130 0437 C687F84D 		.ascii	"\306\207\370M\252\333TV\251M\331I\274\365\201\015\353"
 130      AADB5456 
 130      A94DD949 
 130      BCF5810D 
 130      EB
 131 0448 77E232E2 		.ascii	"w\3422\342\315#3\241\020b$4\024\331\256@?\263\332\320"
 131      CD2333A1 
 131      10622434 
 131      14D9AE40 
 131      3FB3DAD0 
 132 045c 2D940244 		.ascii	"-\224\002DoS\301\210\012\367s\025\177\177k\020\203\212"
 132      6F53C188 
 132      0AF77315 
 132      7F7F6B10 
 132      838A
 133 046e 9F042E1E 		.ascii	"\237\004.\036\277\361\352\246|\217\217\370C\241G\271"
 133      BFF1EAA6 
 133      7C8F8FF8 
 133      43A147B9 
 134 047e CA6D99CA 		.ascii	"\312m\231\312mI%\300Tj\312K\316jq)f*5[\256\216&2\225"
 134      6D4925C0 
 134      546ACA4B 
 134      CE6A7129 
 134      662A355B 
 135 0497 FAF63D6D 		.ascii	"\372\366=ms\313\310.y-\3032\225aIe\204\251L\0264\364"
 135      73CBC82E 
ARM GAS  /tmp/ccS9mTZZ.s 			page 10


 135      792DC332 
 135      95614965 
 135      84A94C16 
 136 04ad CFC217B8 		.ascii	"\317\302\027\270JuM\373\237\270\310\261\222f\244\020"
 136      4A754DFB 
 136      9FB8C8B1 
 136      9266A410 
 137 04bd 1995898C 		.ascii	"\031\225\211\214J\"cL\244\250`\333\311D\274Y\305DF\217"
 137      4A22634C 
 137      A4A860DB 
 137      C944BC59 
 137      C544468F 
 138 04d1 D6D5ABB8 		.ascii	"\326\325\253\270J\363\276\3017\025\033\032\227\251\214"
 138      4AF3BEC1 
 138      37151B1A 
 138      97A98C
 139 04e0 4B2A7798 		.ascii	"K*w\230JUc\2437\021\177\315U\312\232\316\017\317\346"
 139      4A5563A3 
 139      37117FCD 
 139      55CA9ACE 
 139      0FCFE6
 140 04f3 2ADB1B0E 		.ascii	"*\333\033\016\374^Q\313]\231\312]I%\310T:\375\276\336"
 140      FC5E51CB 
 140      5D99CA5D 
 140      4925C854 
 140      3AFDBEDE 
 141 0507 59788CAB 		.ascii	"Yx\214\253L_\352\257\346\315\255\237j\270\371\033\205"
 141      4C5FEAAF 
 141      E6CDAD9F 
 141      6AB8F91B 
 141      85
 142 0518 CA844C65 		.ascii	"\312\204LeBR\271\307Tno\230\0314\250D>$\364\370\341"
 142      4252B9C7 
 142      546E6F98 
 142      1934A844 
 142      3E24F4F8 
 143 052d 5D69456F 		.ascii	"]iEo\225x\337A\231b\2032\211\244I\251:\327\242\305\025"
 143      9578DF41 
 143      99628332 
 143      89A449A9 
 143      3AD7A2C5 
 144 0542 6A56C697 		.ascii	"jV\306\227\325\347z5\274\214\340\325\375\006Y\031\300"
 144      D5E77A35 
 144      BC8CE0D5 
 144      FD065919 
 144      C0
 145 0553 42D3B232 		.ascii	"B\323\2622\246\2452fX\031%\236!\370i\320\300U\372\016"
 145      A6A53266 
 145      5819259E 
 145      21F869D0 
 145      C055FA0E 
 146 0567 5D1E09B7 		.ascii	"]\036\011\267\244\260\311\373\311\226\330\306\206d*"
 146      A4B0C9FB 
 146      C996D8C6 
 146      86642A
 147 0576 21498588 		.ascii	"!I\205\210T\345\334\300/\345\030\337\345*\027\375\315"
 147      54E5DCC0 
ARM GAS  /tmp/ccS9mTZZ.s 			page 11


 147      2FE518DF 
 147      E52A17FD 
 147      CD
 148 0587 15AAC776 		.ascii	"\025\252\307v\221\000\011\004\273\366\032\016\344\221"
 148      91000904 
 148      BBF61A0E 
 148      E491
 149 0595 CE024266 		.ascii	"\316\002Bf^\011avK\326\210LF\366\315\017o\230V\236\370"
 149      5E096176 
 149      4BD6884C 
 149      46F6CD0F 
 149      6F98569E 
 150 05aa 18D07FDA 		.ascii	"\030\320\177\332\326Q\244\212\271[4y\264\015\371\242"
 150      D651A48A 
 150      B95B3479 
 150      B40DF9A2 
 151 05ba 41BAE5F0 		.ascii	"A\272\345\360\021\010\267|\237\027hc\010S1\204\002\221"
 151      1108B77C 
 151      9F176863 
 151      08533184 
 151      0291
 152 05cc 5F46BA6A 		.ascii	"_F\272j\226\276\365nJ\232\360\220\313\275\372\331\305"
 152      96BEF56E 
 152      4A9AF090 
 152      CBBDFAD9 
 152      C5
 153 05dd A60F1C36 		.ascii	"\246\017\0346\273\311eu\347:L\356\204\\[\216\033\336"
 153      BBC96575 
 153      E73A4CEE 
 153      845C5B8E 
 153      1BDE
 154 05ef B9F52693 		.ascii	"\271\365&\223\364\3619c\256\313i4;W?\225c\317\261>e"
 154      F4F13963 
 154      AECB6934 
 154      3B573F95 
 154      63CFB13E 
 155 0604 35AFB419 		.ascii	"5\257\264\031m9\231\331\271\026\253q\26593\313\226c"
 155      6D3999D9 
 155      B916AB71 
 155      B53933CB 
 155      9663
 156 0616 359A2CD6 		.ascii	"5\232,\326U\346\334l\267\311\375\261\303\352Z\224%<"
 156      55E6DC6C 
 156      B7C9FDB1 
 156      C3EA5A94 
 156      253C
 157 0628 F15F48AE 		.ascii	"\361_H\256\217]F\223\313m\001}@\252W\333-V\247\306N"
 157      8F5D4693 
 157      CB6D017D 
 157      40AA57DB 
 157      2D56A7C6 
 158 063d 994EADDD 		.ascii	"\231N\255\335\345\260Z-N\265#\327aqb\273\305\2512\257"
 158      E5B05A2D 
 158      4EB523D7 
 158      617162BB 
 158      C5A932AF 
 159 0651 7266D33F 		.ascii	"rf\323?Y/\247e\331V\332\226\2570=\363\302\242\347\027"
ARM GAS  /tmp/ccS9mTZZ.s 			page 12


 159      592FA765 
 159      D956DA96 
 159      AF303DF3 
 159      C2A2E717 
 160 0665 3D6DB4BB 		.ascii	"=m\264\273\214Y\346l\243\303\356t\273\214+\336y\363"
 160      8C59E66C 
 160      A3C3EE74 
 160      BB8C2BDE 
 160      79F3
 161 0677 D9C5C665 		.ascii	"\331\305\306e\313\226\030\227f\244/\377p1\015\231\034"
 161      CB961897 
 161      66A42FFF 
 161      70310D99 
 161      1C
 162 0688 60D9D916 		.ascii	"`\331\331\026H\242\311xm\211\331m\326d\374\231/i|Y\302"
 162      48A2C978 
 162      6D89D96D 
 162      D664FC99 
 162      2F697C59 
 163 069d 97D7F9F2 		.ascii	"\227\327\371\362\006_\226\362\345/|I\247\213.\343\265"
 163      065F96F2 
 163      E52F7C49 
 163      A78B2EE3 
 163      B5
 164 06ae 6569F69C 		.ascii	"ei\366\234U\266\017\264\240\233\236cs\247\304/\306\345"
 164      55B60FB4 
 164      A09B9E63 
 164      73A7C42F 
 164      C6E5
 165 06c0 CCA4EBA2 		.ascii	"\314\244\353\242LA\343rS\334\343\361qR+h\225.\332\005"
 165      4C41E372 
 165      53DCE3F1 
 165      71522B68 
 165      952EDA05 
 166 06d4 DD4ABBD9 		.ascii	"\335J\273\331i\241\214\227\3423X\234\356\323\304\266"
 166      69A18C97 
 166      E233589C 
 166      EED3C4B6 
 167 06e4 FAC673A6 		.ascii	"\372\306s\246%\351+\322\226\277\367\372\333\177\345"
 167      25E92BD2 
 167      96BFF7FA 
 167      DB7FE5
 168 06f3 3110D1BA 		.ascii	"1\020\321\272,\271T\302\370\000I\255N\033,\271\256\225"
 168      2CB954C2 
 168      F80049AD 
 168      4E1B2CB9 
 168      AE95
 169 0705 94070BE5 		.ascii	"\224\007\013\345-\374u^\230\340r\330\036\220\000HJ\260"
 169      2DFC755E 
 169      98E072D8 
 169      1E900048 
 169      4AB0
 170 0717 2DCE7C40 		.ascii	"-\316|@\002 \2010K:<\223\015h\206,\231\363\374\257\317"
 170      02208130 
 170      4B3A3C93 
 170      0D68862C 
 170      99F3FCAF 
ARM GAS  /tmp/ccS9mTZZ.s 			page 13


 171 072c 41B8451F 		.ascii	"A\270E\037}d\314\212\214\300CTP\032\323Lv\230\377\001"
 171      7D64CC8A 
 171      8CC04354 
 171      501AD34C 
 171      7698FF01 
 172 0740 0048840E 		.ascii	"\000H\204\016"
 173              		.text
 174              		.section	.gnu.lto_.symtab.3a59a72196c611b8,"",%progbits
 175 0000 68616C49 		.ascii	"halInit\000\000\000\000\000\000\000\000\000\000\000"
 175      6E697400 
 175      00000000 
 175      00000000 
 175      0000
 176 0012 00EE0000 		.ascii	"\000\356\000\000\000pal_default_config\000\000\002\000"
 176      0070616C 
 176      5F646566 
 176      61756C74 
 176      5F636F6E 
 177 002d 00000000 		.ascii	"\000\000\000\000\000\000\000\000\002\001\000\000stI"
 177      00000000 
 177      02010000 
 177      737449
 178 003c 6E697400 		.ascii	"nit\000\000\002\000\000\000\000\000\000\000\000\000"
 178      00020000 
 178      00000000 
 178      000000
 179 004b F0000000 		.ascii	"\360\000\000\000boardInit\000\000\002\000\000\000\000"
 179      626F6172 
 179      64496E69 
 179      74000002 
 179      00000000 
 180 005f 00000000 		.ascii	"\000\000\000\000\000\362\000\000\000sduInit\000\000"
 180      00F20000 
 180      00736475 
 180      496E6974 
 180      0000
 181 0071 02000000 		.ascii	"\002\000\000\000\000\000\000\000\000\000\364\000\000"
 181      00000000 
 181      0000F400 
 181      00
 182 007e 00757362 		.ascii	"\000usbInit\000\000\002\000\000\000\000\000\000\000"
 182      496E6974 
 182      00000200 
 182      00000000 
 182      0000
 183 0090 0000F600 		.ascii	"\000\000\366\000\000\000spiInit\000\000\002\000\000"
 183      00007370 
 183      69496E69 
 183      74000002 
 183      0000
 184 00a2 00000000 		.ascii	"\000\000\000\000\000\000\000\370\000\000\000i2cInit"
 184      000000F8 
 184      00000069 
 184      3263496E 
 184      6974
 185 00b4 00000200 		.ascii	"\000\000\002\000\000\000\000\000\000\000\000\000\372"
 185      00000000 
ARM GAS  /tmp/ccS9mTZZ.s 			page 14


 185      00000000 
 185      FA
 186 00c1 0000005F 		.ascii	"\000\000\000_pal_lld_init\000\000\002\000\000\000\000"
 186      70616C5F 
 186      6C6C645F 
 186      696E6974 
 186      00000200 
 187 00d8 00000000 		.ascii	"\000\000\000\000\000\376\000\000\000hal_lld_init\000"
 187      00FE0000 
 187      0068616C 
 187      5F6C6C64 
 187      5F696E69 
 188 00ee 00020000 		.ascii	"\000\002\000\000\000\000\000\000\000\000\000\000\001"
 188      00000000 
 188      00000000 
 188      01
 189 00fb 0000     		.ascii	"\000\000"
 190              		.text
 191              		.section	.gnu.lto_.opts,"",%progbits
 192 0000 272D666E 		.ascii	"'-fno-trapv' '-mcpu=cortex-m4' '-mfloat-abi=hard' '"
 192      6F2D7472 
 192      61707627 
 192      20272D6D 
 192      6370753D 
 193 0033 2D6D6670 		.ascii	"-mfpu=fpv4-sp-d16' '-mno-thumb-interwork' '-mthumb'"
 193      753D6670 
 193      76342D73 
 193      702D6431 
 193      36272027 
 194 0066 20272D67 		.ascii	" '-ggdb' '-O2' '-fomit-frame-pointer' '-falign-func"
 194      67646227 
 194      20272D4F 
 194      32272027 
 194      2D666F6D 
 195 0099 74696F6E 		.ascii	"tions=16' '-ffunction-sections' '-fdata-sections' '"
 195      733D3136 
 195      2720272D 
 195      6666756E 
 195      6374696F 
 196 00cc 2D666E6F 		.ascii	"-fno-common' '-flto' '-fsingle-precision-constant'\000"
 196      2D636F6D 
 196      6D6F6E27 
 196      20272D66 
 196      6C746F27 
 197              		.text
 198              		.comm	__gnu_lto_v1,1,1
 199              		.comm	__gnu_lto_slim,1,1
 200              		.ident	"GCC: (GNU Tools for ARM Embedded Processors) 4.9.3 20150529 (release) [ARM/embedded-4_9-br
ARM GAS  /tmp/ccS9mTZZ.s 			page 15


DEFINED SYMBOLS
                            *ABS*:0000000000000000 hal.c
                            *COM*:0000000000000001 __gnu_lto_v1
                            *COM*:0000000000000001 __gnu_lto_slim

NO UNDEFINED SYMBOLS
