ARM GAS  /tmp/ccJ09VI4.s 			page 1


   1              		.syntax unified
   2              		.cpu cortex-m4
   3              		.eabi_attribute 27, 1
   4              		.eabi_attribute 28, 1
   5              		.fpu fpv4-sp-d16
   6              		.eabi_attribute 20, 1
   7              		.eabi_attribute 21, 1
   8              		.eabi_attribute 23, 3
   9              		.eabi_attribute 24, 1
  10              		.eabi_attribute 25, 1
  11              		.eabi_attribute 26, 1
  12              		.eabi_attribute 30, 2
  13              		.eabi_attribute 34, 1
  14              		.eabi_attribute 18, 4
  15              		.thumb
  16              		.file	"hal_pal.c"
  17              		.text
  18              	.Ltext0:
  19              		.section	.gnu.lto_.profile.190d522a0f2ac165,"",%progbits
  20 0000 789C6366 		.ascii	"x\234cf```a\200\000F\206\010C\000\001U\000\222"
  20      60606061 
  20      80004686 
  20      08430001 
  20      550092
  21              		.text
  22              		.section	.gnu.lto_.jmpfuncs.190d522a0f2ac165,"",%progbits
  23 0000 789C6366 		.ascii	"x\234cf\300\016\312\24043\003##c=#\323G&\306i\375Wv"
  23      C00ECAA0 
  23      34330323 
  23      23633D23 
  23      D34726C6 
  24 0018 30D7FE6E 		.ascii	"0\327\376n\230\321\300\361\223\211\341/\023P\226q9c"
  24      98D1C0F1 
  24      9389E12F 
  24      13509671 
  24      3963
  25 002a 2D031313 		.ascii	"-\003\023\023##s=\0265\214\177\231\030\201jV\000\325"
  25      2323733D 
  25      16358C7F 
  25      9918816A 
  25      5600D5
  26 003d B080D530 		.ascii	"\260\200\32502\203\215,\007\211b\250f\372\313\0044\222"
  26      32838D2C 
  26      078962A8 
  26      66FACB04 
  26      3492
  27 004f 71255035 		.ascii	"q%P5\003\000\360( \301"
  27      0300F028 
  27      20C1
  28              		.text
  29              		.section	.gnu.lto_.inline.190d522a0f2ac165,"",%progbits
  30 0000 789C6366 		.ascii	"x\234cf\300\016L\031!43\003\203\200\010#\033C\306G&"
  30      C00E4C19 
  30      21343303 
  30      83800823 
  30      1B43C647 
  31 0015 C6FB4FCE 		.ascii	"\306\373O\316_\344x\301\364\223\011(\310\270\234Q\212"
ARM GAS  /tmp/ccJ09VI4.s 			page 2


  31      5FE478C1 
  31      F4930928 
  31      C8B89C51 
  31      8A
  32 0026 81211342 		.ascii	"\201!\023B\245\001%\327\037=}\210\015$\311\302\317\300"
  32      A50125D7 
  32      1F3D7D88 
  32      0D24C9C2 
  32      CFC0
  33 0038 B882518A 		.ascii	"\270\202Q\212\331\201!\025J\203\214bd`v`\345\\\341\306"
  33      D9812115 
  33      4A838C62 
  33      64607660 
  33      E55CE1C6 
  34 004c C079C38C 		.ascii	"\300y\303\214\211\201e\201<Px\011{\003#\007\023\003"
  34      89816581 
  34      3C507809 
  34      7B032307 
  34      1303
  35 005e EB161520 		.ascii	"\353\026\025 \015\262\214\211\233A\004\250\222\211A"
  35      0DB28C89 
  35      9B4104A8 
  35      928941
  36 006d 5492919D 		.ascii	"T\222\221\235!\003\325\016\034\2062\002\031l\202/Z\030"
  36      2103D50E 
  36      1C863202 
  36      196C822F 
  36      5A18
  37 007f 719BCC74 		.ascii	"q\233\314t\201\277\201\011\311|\026\006!y\220\227\210"
  37      81BF8109 
  37      C97C1606 
  37      21799097 
  37      88
  38 0090 329F95B5 		.ascii	"2\237\225\265C\035\257\243Yx\201\2414\301\017\004\241"
  38      431DAFA3 
  38      597881A1 
  38      34C10F04 
  38      A1
  39 00a1 E6330000 		.ascii	"\3463\000\000\332\2543R"
  39      DAAC3352 
  40              		.text
  41              		.section	.gnu.lto_.pureconst.190d522a0f2ac165,"",%progbits
  42 0000 789C6366 		.ascii	"x\234cf```g\200\000f\006)&)\026I\000\001\303\000a"
  42      60606067 
  42      80006606 
  42      29262916 
  42      490001C3 
  43              		.text
  44              		.section	.gnu.lto_palReadBus.190d522a0f2ac165,"",%progbits
  45 0000 789C8D52 		.ascii	"x\234\215RQK\024Q\024>\337\2753\263\263;kJO!\021=$B"
  45      514B1451 
  45      143EDFBD 
  45      33B3B33B 
  45      6B4A4F21 
  46 0018 A19B2FF5 		.ascii	"\241\233/\365\032\370\003z\350\007\210\372\242 \024"
  46      1AF8037A 
  46      E80788FA 
ARM GAS  /tmp/ccJ09VI4.s 			page 3


  46      A22014
  47 0027 49D0CBE2 		.ascii	"I\320\313\342\250K\004E\212Il\230iD\245YnZ\232\232\205"
  47      A84B0445 
  47      8A496C98 
  47      6944A559 
  47      6E5A9A9A 
  48 003c 08855019 		.ascii	"\010\205P\031\241i+a\017mPP\240)\344\022b\347\334\331"
  48      A1692B61 
  48      0F6D5050 
  48      A029E412 
  48      62E7DCD9 
  49 0050 74A11707 		.ascii	"t\241\027\007\346\336\371\356\371\316w\316w\356h\372"
  49      E6DEF9EE 
  49      F9CE77CE 
  49      77EE68FA 
  50 0060 FFA9E437 		.ascii	"\377\251\3447\241\211\016\363\016\207\240\332g\211\232"
  50      A1890EF3 
  50      0E87A0DA 
  50      67899A
  51 006f 5DA5AC5E 		.ascii	"]\245\254^\233\374\210^\231!\362\243ZY\3631\206\366"
  51      9BFC885E 
  51      9921F2A3 
  51      5A59F331 
  51      86F6
  52 0081 E4014616 		.ascii	"\344\001F\026\354\200e\003\362A\240&\245-\033M\370\256"
  52      EC806503 
  52      F241A026 
  52      A52D1B4D 
  52      F8AE
  53 0093 5615C607 		.ascii	"V\025\306\007\327\337z\337TV\321Ab8\3211\223t\004\302"
  53      D7DF7ADF 
  53      5456D141 
  53      6238D131 
  53      937404C2 
  54 00a7 12B8B890 		.ascii	"\022\270\270\220\\\014\227\336\361\375\226\225\216\241"
  54      5C0C97DE 
  54      F1FD9695 
  54      8EA1
  55 00b5 F3D73B7B 		.ascii	"\363\327;{9\242hM\021\356\241\030}(\026\301~\2242u\245"
  55      39A2684D 
  55      11EEA118 
  55      7D2816C1 
  55      7E943275 
  56 00ca 399D09E9 		.ascii	"9\235\011\351RH\332B:=\347\224\334\346\264\251\231a"
  56      5248DA42 
  56      3A3DE794 
  56      DCE6B4A9 
  56      9961
  57 00dc FF849555 		.ascii	"\377\204\225U\032\367\241\363\363\370\2100\200\022\241"
  57      1AF7A1F3 
  57      F3F88830 
  57      8012A1
  58 00eb AF263617 		.ascii	"\257&6\027='\341\373~\321\246\"\221g\325\007p\300\033"
  58      3D27E1FB 
  58      7ED1A622 
  58      9167D507 
  58      70C01B
ARM GAS  /tmp/ccJ09VI4.s 			page 4


  59 00fe 1FA4F64E 		.ascii	"\037\244\366N\371[[_\356\376\030\262\012\024$\311\342"
  59      F95B5B5F 
  59      EEFE18B2 
  59      0A1424C9 
  59      E2
  60 010f 74CBE1C5 		.ascii	"t\313\341\305\016\361\342\270\002\303\274\204\"\002"
  60      0EF1E2B8 
  60      02C3BC84 
  60      2202
  61 011d 3D59A224 		.ascii	"=Y\242$\235R\206_\261\375\225\001\357\372\003\022\037"
  61      9D52865F 
  61      B1FD9501 
  61      EFFA0312 
  61      1F
  62 012e 5B5397B5 		.ascii	"[S\227\265\310\377V2\200\317\231w\357]q\314\203\305"
  62      C8FF5632 
  62      80CF9977 
  62      EF5D71CC 
  62      83C5
  63 0140 43E348E8 		.ascii	"C\343H\350\232x\232z\011-\243\010\270\026sG6z~\026t"
  63      9A789A7A 
  63      092DA308 
  63      B8167347 
  63      367A7E16 
  64 0155 A30B59E5 		.ascii	"\243\013Y\345rv@\347\363\033\353W\323\205eG\262*\214"
  64      727640E7 
  64      F31BEB57 
  64      D3856547 
  64      B22A8C
  65 0168 4174E397 		.ascii	"At\343\227\030 \244PF\\oV\357\010\244^\276\2366\343"
  65      1820A450 
  65      465C6F56 
  65      EF08A45E 
  65      BE9E36E3 
  66 017c 0D17121E 		.ascii	"\015\027\022\036m\027\263h\251B\177\202%D\321\2739w"
  66      6D17B368 
  66      A9427F82 
  66      2544D1BB 
  66      3977
  67 018e 6550C5FF 		.ascii	"eP\305\377\370\027}7\253\"kJ\0061\204\270\204\256\265"
  67      F8177D37 
  67      AB226B4A 
  67      063184B8 
  67      84AEB5
  68 01a1 CD8F690E 		.ascii	"\315\217i\016%%\344\311\270(\337\204g`\177[\347\030"
  68      2525E4C9 
  68      B828DF84 
  68      67607F5B 
  68      E718
  69 01b3 F7D1D5DC 		.ascii	"\367\321\325\334.\254(\206\021\307\343\\\257=\231\276"
  69      2EAC2886 
  69      11C7E35C 
  69      AF3D99BE 
  70 01c3 A4C702FB 		.ascii	"\244\307\002\373\230\214'\3142E1\202xV\025\230nl3)\261"
  70      988C27CC 
  70      32453182 
  70      78561598 
ARM GAS  /tmp/ccJ09VI4.s 			page 5


  70      6E6C3329 
  71 01d8 BEFAEA56 		.ascii	"\276\372\352V\256yg7\356\367`\324\270\207\270\177\312"
  71      AE796737 
  71      EEF760D4 
  71      B887B87F 
  71      CA
  72 01e9 EE9730FD 		.ascii	"\356\2270\375o|\241\374.\367\230\274<\275B\256\200\261"
  72      6F7CA1FC 
  72      2EF798BC 
  72      3CBD42AE 
  72      80B1
  73 01fb 9C5EE6CD 		.ascii	"\234^\346\315\245Q\267l\300Op\240\010\343F\322\374\022"
  73      A551B76C 
  73      C04F70A0 
  73      08E346D2 
  73      FC12
  74 020d 134672FB 		.ascii	"\023Fr\373F\334\335\335\310\263\235\033\231\014\004"
  74      46DCDDDD 
  74      C8B39D1B 
  74      990C04
  75 021c 96438140 		.ascii	"\226C\201@\2305\030\267.;\001\216p\233|\232_\303\333"
  75      983518B7 
  75      2E3B018E 
  75      709B7C9A 
  75      5FC3DB
  76 022f 4D0D85E7 		.ascii	"M\015\205\347\246\206\226\032/L\215\326\215\013\373"
  76      A686961A 
  76      2F4C8DD6 
  76      8D0BFB
  77 023e 0385A8D1 		.ascii	"\003\205\250\321\365h\0319\311(\311o\011\0312wu\250"
  77      F5681939 
  77      C928C96F 
  77      09193277 
  77      75A8
  78 0250 B2AEBEA6 		.ascii	"\262\256\276\246\376\344\251\252\212\343\345\307\312"
  78      FEE4A9AA 
  78      8AE3E5C7 
  78      CA
  79 025d 8FC64E37 		.ascii	"\217\306N7\306\352\252\033b\215gke\257:S\335P^K\272"
  79      C6EAAA1B 
  79      628D676B 
  79      65AF3A53 
  79      DD505E4B 
  80 0272 E65CE35F 		.ascii	"\346\\\343_\201\036>\203"
  80      811E3E83 
  81              		.text
  82              		.section	.gnu.lto_palWriteBus.190d522a0f2ac165,"",%progbits
  83 0000 789C8D53 		.ascii	"x\234\215S\315KTQ\024\277\347\336\373\336|\275q>h!."
  83      CD4B5451 
  83      14BFE7DE 
  83      FBDE7CBD 
  83      713E6821 
  84 0015 A245E242 		.ascii	"\242E\342B\306\311Mm#\241m\213\376\000Q7\016\010ES\313"
  84      C6C94D6D 
  84      23A16D8B 
  84      FE005137 
  84      0E084553 
ARM GAS  /tmp/ccJ09VI4.s 			page 6


  85 002a C1376A10 		.ascii	"\3017j\020Di\0261hf\024\221f9e:~d5\011\201`)f_c\242"
  85      44691631 
  85      68661491 
  85      6639653A 
  85      7E643509 
  86 0045 5023D422 		.ascii	"P#\324\"PG\320\251\304\316\271\357\231Cm|0\347\336\363"
  86      5047D0A9 
  86      C4CEB9EF 
  86      99436D7C 
  86      30E7DEF3 
  87 0059 F53BE777 		.ascii	"\365;\347w\316\035\301\376\377\252\360\027\221\214\205"
  87      CE1DC1FE 
  87      FFAAF017 
  87      918C85
  88 0068 F1049D01 		.ascii	"\361\004\235\001o\233f,\356\344\\\336\322\230\351\026"
  88      6F9B662C 
  88      EEE45CDE 
  88      D298E916 
  89 0078 2B938C99 		.ascii	"+\223\214\231\206\340\362]\030Um|?j\0224+J\003\240\013"
  89      86E0F25D 
  89      18556D7C 
  89      3F6A1234 
  89      2B4A03A0 
  90 008d 03D6C885 		.ascii	"\003\326\310\205\324\240\021\276\363U\016m\351\276\204"
  90      D4A011BE 
  90      F3550E6D 
  90      E9BE84
  91 009c A7ECAE69 		.ascii	"\247\354\256i\232+\267\207\213\317\027\3479c9n\325\203"
  91      9A2BB787 
  91      8BCF17E7 
  91      3963396E 
  91      D583
  92 00ae 7B508621 		.ascii	"{P\206!+\361L\326!\312\200\341}\264\177\375\215\347"
  92      2BF14CD6 
  92      21CA80E1 
  92      7DB47FFD 
  92      8DE7
  93 00c0 1BCF7338 		.ascii	"\033\317s8@\352X\373dB'\225KR?d2sz\351\035\323lJ\217"
  93      40EA58FB 
  93      64422795 
  93      4B523F64 
  93      32737AE9 
  94 00d9 0E984765 		.ascii	"\016\230Ge\236\013\350\001\201x\320\013%p\037J\030\232"
  94      9E0BE801 
  94      8178D00B 
  94      25701F4A 
  94      189A
  95 00eb 18F44129 		.ascii	"\030\364A)F'S\263\035^Q\256p\307;;\216Y\211\237\255"
  95      462753B3 
  95      1D5E51AE 
  95      70C73B3B 
  95      8E59899F 
  96 0100 44090FFE 		.ascii	"D\011\017\376M\224\014\036B)E\257\266l}\364\350-\330"
  96      4D940C1E 
  96      422945AF 
  96      B66C7DF4 
  96      E82DD8
ARM GAS  /tmp/ccJ09VI4.s 			page 7


  97 0113 B47F6BA7 		.ascii	"\264\177k\247_\350\007\035\360@C2\2306\267\267\277\016"
  97      5FE8071D 
  97      F0404332 
  97      9836B7B7 
  97      BF0E
  98 0125 FE1E96FB 		.ascii	"\376\036\226\3738P5\211\351\232\216Bw\000\2018\361\352"
  98      38503589 
  98      E99A8E42 
  98      77008138 
  98      F1EA
  99 0137 70917093 		.ascii	"p\221p\223\360\220\333 \341E\341,\"\233\217\204\237"
  99      F090DB20 
  99      E145E12C 
  99      229B8F84 
  99      9F
 100 0148 D400DD82 		.ascii	"\324\000\335\202$\030\313b)\032\3432\347t\212\367\320"
 100      2418CB62 
 100      291AE332 
 100      E7748AF7 
 100      D0
 101 0159 F2A93977 		.ascii	"\362\2519wIP\365\015N\003]\312\316\314:i$\002\233Ib"
 101      4950F50D 
 101      4E035DCA 
 101      CECC3A69 
 101      24029B49 
 102 016e E3F42DA3 		.ascii	"\343\364-\243\206\333\021\363\320\224\002+Vb\354\320"
 102      86DB11F3 
 102      D094022B 
 102      5662ECD0 
 103 017e 66F70F6F 		.ascii	"f\367\017o\027tB\236\2730\333\012G\373\215\365\253\031"
 103      1774429E 
 103      BB30DB0A 
 103      47FB8DF5 
 103      AB19
 104 0190 5FA83CCF 		.ascii	"_\250<\317\335\360\010\272`M\355\003\036C\210a\275i"
 104      DDF008BA 
 104      604DED03 
 104      1E438861 
 104      BD69
 105 01a2 B10B907C 		.ascii	"\261\013\220|55\241\346\357\3661\030\370[L\262\371J"
 105      3535A1E6 
 105      EFF63118 
 105      F85B4CB2 
 105      F94A
 106 01b4 B1009202 		.ascii	"\261\000\222\002\011\357\346\334\345~\036\373e^0\235"
 106      09EFE6DC 
 106      E57E1EFB 
 106      655E309D 
 107 01c4 79EEC971 		.ascii	"y\356\311q\232\323\023\210\221\353z\353\273\021\201"
 107      9AD31388 
 107      91EB7AEB 
 107      BB1181
 108 01d3 AE04B90C 		.ascii	"\256\004\271\014\232&+$a(\265\267\365\332\010\366\321"
 108      9A262B24 
 108      6128B5B7 
 108      F5DA08F6 
 108      D1
ARM GAS  /tmp/ccJ09VI4.s 			page 8


 109 01e4 196FA328 		.ascii	"\031o\243(/\014B\014\206\354^\273\263=\011\017\002\340"
 109      2F0C420C 
 109      86EC5EBB 
 109      B33D090F 
 109      02E0
 110 01f6 CB312085 		.ascii	"\3131 \205Q\252(\014C,\317\213T7\232\232\024Q\277\262"
 110      51AA280C 
 110      432CCF8B 
 110      54379A9A 
 110      1451BFB2 
 111 020a 6493D7F7 		.ascii	"d\223\327\367B\336\007#\212<\020\371Q$\217\020?u\013"
 111      42DE0723 
 111      8A3C10F9 
 111      51248F10 
 111      3F750B
 112 021d C0B981DB 		.ascii	"\300\271\201\333(\230\246k/\200\022\306\024\240z.O\025"
 112      2898A66B 
 112      2F8012C6 
 112      14A07A2E 
 112      4F15
 113 022f 60F3A60D 		.ascii	"`\363\246\015\350V\230\256BL\317\33664\276\273\241g"
 113      E85698AE 
 113      424CCFDE 
 113      3634BEBB 
 113      A167
 114 0241 1666BB8D 		.ascii	"\026f\273\215iX\030S_6s\006\015S\3633x\216\000Xc\321"
 114      69581853 
 114      5F367306 
 114      0D53F333 
 114      788E0058 
 115 0257 61857831 		.ascii	"a\205x1\212R\026\354\224\"\325\211\267\2603\037R\265"
 115      8A5216EC 
 115      9422D589 
 115      B7B0331F 
 115      52B5
 116 0269 3BDBC9F2 		.ascii	";\333\311\362#paV@E\371\311\264n\233\202\012+\200\246"
 116      23706156 
 116      4045F9C9 
 116      B46E9B82 
 116      0A2B80A6 
 117 027d 8976C5A7 		.ascii	"\211v\305\247p\253>\305\241\200\033\002\352\360\302"
 117      70AB3EC5 
 117      A1801B02 
 117      EAF0C2
 118 028c E6967D7D 		.ascii	"\346\226}}1\345\014\365\231-\350\010@Z\321\023\326\273"
 118      31E50CF5 
 118      992DE808 
 118      405AD113 
 118      D6BB
 119 029e 78DB3BD3 		.ascii	"x\333;\323a\330\256 \274\204\320\032\2765$>\001!,\311"
 119      61D8AE20 
 119      BC84D01A 
 119      BE35243E 
 119      01212CC9 
 120 02b2 16219EDE 		.ascii	"\026!\236\336>\256\036\000\243\377\012\320\346q4\007"
 120      3EAE1E00 
 120      A3FF0AD0 
ARM GAS  /tmp/ccJ09VI4.s 			page 9


 120      E6713407 
 121 02c2 ABEA23B5 		.ascii	"\253\352#\265\221\023'\253+\217T\034\2568\024>\025\015"
 121      911327AB 
 121      2B8F541C 
 121      AE38143E 
 121      150D
 122 02d4 D7D73484 		.ascii	"\327\3274\204\243g\352\350\254>]\323PQ\307D\355\271"
 122      A367EAE8 
 122      AC3E5DD3 
 122      5051C744 
 122      EDB9
 123 02e6 A8AC8D9C 		.ascii	"\250\254\215\234\215\376\001\005q\207X"
 123      8DFE0105 
 123      718758
 124              		.text
 125              		.section	.gnu.lto_palSetBusMode.190d522a0f2ac165,"",%progbits
 126 0000 789C8D52 		.ascii	"x\234\215R\317KTQ\024\276\337\275\367\275y\316\233i"
 126      CF4B5451 
 126      14BEDFBD 
 126      F7BD79CE 
 126      9B69
 127 0012 CC95B888 		.ascii	"\314\225\270\210\026\211\013\321\311Mm\003\027-[\364"
 127      16890BD1 
 127      C94D6D03 
 127      172D5BF4 
 128 0022 07885AA0 		.ascii	"\007\210Z\240`\030I\253\030|\243\006\255\232\311\"\006"
 128      601849AB 
 128      187CA306 
 128      AD9AC922 
 128      06
 129 0033 D40C22FC 		.ascii	"\324\014\"\374UNY\232?c\010\002!2D\3731b\266h\244\204"
 129      554E599A 
 129      3F630802 
 129      213244FB 
 129      3162B668 
 130 0049 024DA91E 		.ascii	"\002M\251\036!v\316{\226\366c\341\203w\357\375\356\375"
 130      2176CE7B 
 130      96F663E1 
 130      8377EFFD 
 130      EEFD
 131 005b CE77CEF9 		.ascii	"\316w\316\371\356U\342\337\257\222\376\013J\210(\315"
 131      EE55E2DF 
 131      AF92FE0B 
 131      4A8828CD 
 132 006b 30056472 		.ascii	"0\005drF\210\270%\245\276i\010'\250V\247\205pBJ\352"
 132      4688B825 
 132      A5BE6908 
 132      27A856A7 
 132      8570424A 
 133 0080 F9284163 		.ascii	"\371(Ac\362\000!\015\303g\031\000/\004D\263T\332@3V"
 133      F200210D 
 133      C3671900 
 133      2F0444B3 
 133      54DA4033 
 134 0095 E49A4432 		.ascii	"\344\232D23\220\262Kn;\216\263\332>Ux\261\320\225B\254"
 134      3390B24B 
 134      6E3B8EB3 
ARM GAS  /tmp/ccJ09VI4.s 			page 10


 134      DA3E5578 
 134      B1D09542 
 135 00aa 4B3F1F7A 		.ascii	"K?\037zPB\224\325x6\027P%\020\264\036\033\334xn\177"
 135      504294D5 
 135      78361750 
 135      2510B41E 
 135      1BDC786E 
 136 00bf 94AEC441 		.ascii	"\224\256\304A\206\343\355\323)\223\241\324\014_e\263"
 136      86E3EDD3 
 136      2993A1D4 
 136      0C5F65B3 
 137 00cf 7366F12D 		.ascii	"sf\361-\307i\311L\0149\307\264+\025z\241H\017}(B?\212"
 137      C769C94C 
 137      0C39C7B4 
 137      2B157AA1 
 137      480F7D28 
 138 00e6 046D090C 		.ascii	"\004m\011\014\240\230\330\037\334\225\236\260*\365t"
 138      A098D81F 
 138      DC959EB0 
 138      2AF574
 139 00f5 37FBAF74 		.ascii	"7\373\257t\006\375\310\254\037\251q\347\357H-p\027\305"
 139      06FDC8AC 
 139      1FA971E7 
 139      EF482D70 
 139      17C5
 140 0107 4C5F6BDB 		.ascii	"L_k\333|m\233mTu\376\346\257\2021\010\0234\321F\272"
 140      7C6D9B6D 
 140      5475FEE6 
 140      AF823108 
 140      1334D146 
 141 011c 20E36C6D 		.ascii	" \343lm\275O\177\232\322a\011N\247)\3340i0\0034\004"
 141      BD4F7F9A 
 141      D261094E 
 141      A729DC30 
 141      69300334 
 142 0131 2C867934 		.ascii	",\206y4XA\2066<a\221#\0356iYJ\236\325K\264\275iM'\024"
 142      58418636 
 142      3C619123 
 142      1D366959 
 142      4A9ED54B 
 143 014b 4B7F936C 		.ascii	"K\177\223l\327\273\334\213Y\213\033\246k@\232\252\342"
 143      D7BBDC8B 
 143      598B1BA6 
 143      6B409AAA 
 143      E2
 144 015c 6F991079 		.ascii	"o\231\020y\257\026\3202\002\237\253\211;\374\275\373"
 144      AF16D032 
 144      029FAB89 
 144      3BFCBDFB 
 145 016c 73B80B1D 		.ascii	"s\270\013\035pe\036E\373t\332\357\334\270\232\215\224"
 145      70651E45 
 145      FB74DAEF 
 145      DCB89A8D 
 145      94
 146 017d 95BA3288 		.ascii	"\225\2722\210{\350\302\027\317m\334G\231\240|3jG \375"
 146      7BE8C217 
 146      CF6DDC47 
ARM GAS  /tmp/ccJ09VI4.s 			page 11


 146      99A07C33 
 146      6A4720FD 
 147 0191 F4D913CF 		.ascii	"\364\331\023\317\335`D`\350w2-\026*\324\"4\023Y\357"
 147      DD604460 
 147      E877322D 
 147      162AD422 
 147      341359EF 
 148 01a5 C6DCE541 		.ascii	"\306\334\345A\031\373\341\\r,W\332\353\222Mx\200\030"
 148      19FBE15C 
 148      722C57DA 
 148      EB924D78 
 148      8018
 149 01b7 1F5D4FCC 		.ascii	"\037]O\314\217*:J\361Q\210\255\022\273\233\010y\260"
 149      8F2A3A4A 
 149      F15188AD 
 149      12BB9B08 
 149      79B0
 150 01c9 2F716D94 		.ascii	"/qm\224\352\350\210'\231\025\306C\3040\274]kw\2567e"
 150      EAE88827 
 150      9915C643 
 150      C430BC5D 
 150      6B77AE37 
 151 01de 9300BD8B 		.ascii	"\223\000\275\213\020F\210\345%\305#\304\\\271\317\253"
 151      104688E5 
 151      25C523C4 
 151      5CB9CFAB 
 152 01ee C6F09CE2 		.ascii	"\306\360\234\342\326g\277n7o\356\245\371\010F\275\346"
 152      D667BF6E 
 152      376FEEA5 
 152      F90846BD 
 152      E6
 153 01ff C1CD8F51 		.ascii	"\301\315\217Q\363\273\334\013\354E \037\343\236\200"
 153      F3BBDC0B 
 153      EC45201F 
 153      E39E80
 154 020e 77F7137F 		.ascii	"w\367\023\177\012X{\263\177r\307\376)_`)\340\013P\204"
 154      0A587BB3 
 154      7F72C7FE 
 154      295F6029 
 154      E00B5084 
 155 0222 45B875D1 		.ascii	"E\270u\321\364q\220\212\242]\261\010\363\277\266\357"
 155      F471908A 
 155      A25DB108 
 155      F3BFB6EF 
 156 0232 5FE73AF0 		.ascii	"_\347:\360\230l\247\376=\276\355\312\002\261\204x\346"
 156      986CA7FE 
 156      3DBEEDCA 
 156      02B18478 
 156      E6
 157 0243 ED712F44 		.ascii	"\355q/D\360\373\002\273E\314C\225u\3655\365'NVU\034"
 157      F0FB02BB 
 157      45CC4395 
 157      75F535F5 
 157      274E5655 
 158 0258 2D3F527E 		.ascii	"-?R~8\332\330\024\255\253n\2106\235\253\345\271\352"
 158      38DAD814 
 158      ADAB6E88 
ARM GAS  /tmp/ccJ09VI4.s 			page 12


 158      369DABE5 
 158      B9EA
 159 026a 6C754379 		.ascii	"luCy\255P5\347\233\364\231\306S\247\177\002\251\026"
 159      AD5035E7 
 159      9BF499C6 
 159      53A77F02 
 159      A916
 160 027c 3C76     		.ascii	"<v"
 161              		.text
 162              		.section	.gnu.lto_.symbol_nodes.190d522a0f2ac165,"",%progbits
 163 0000 789C55C9 		.ascii	"x\234U\3111\016\202@\024\204\341\377\315\"r\013\216"
 163      310E8240 
 163      1484E1FF 
 163      CD22720B 
 163      8E
 164 0011 FAB62076 		.ascii	"\372\266 v$4* !{\030k\275\010\0157\020\004\023\231b"
 164      24342A20 
 164      217B186B 
 164      BD080D37 
 164      10041399 
 165 0026 26932F00 		.ascii	"&\223/\0005{t\225C\363\002w\306Tp\352D\222\007\335\344"
 165      357B7495 
 165      43F30277 
 165      C65470EA 
 165      449207DD 
 166 003b 76805EF6 		.ascii	"v\200^\366\205\273\\\007xH+X\273\324\006\304X`\203<"
 166      85BB5C07 
 166      78482B58 
 166      BBD406C4 
 166      5860833C 
 167 004f FBFB819C 		.ascii	"\373\373\201\234j~[\320\276\331o\317</S\311\007[H%s"
 167      6A7E5BD0 
 167      BED96FCF 
 167      3C2F53C9 
 167      075B4825 
 168              		.text
 169              		.section	.gnu.lto_.refs.190d522a0f2ac165,"",%progbits
 170 0000 789C6366 		.ascii	"x\234cf``\020`\200\000F\006&F\026F&&f\026F\026&V\026"
 170      60601060 
 170      80004606 
 170      26461646 
 170      26266616 
 171 0019 060002F7 		.ascii	"\006\000\002\367\0008"
 171      0038
 172              		.text
 173              		.section	.gnu.lto_.decls.190d522a0f2ac165,"",%progbits
 174 0000 789CA558 		.ascii	"x\234\245X}PSW\026\177\367\275$\206\227\000\335b[\227"
 174      7D505357 
 174      167FF7BD 
 174      24869700 
 174      DD625B97 
 175 0014 E98E48BB 		.ascii	"\351\216H\273\254\355X\321v\247\266\263\263S\267j\213"
 175      ACED58D1 
 175      76A7B6B3 
 175      B353B76A 
 175      8B
 176 0025 BBB630D8 		.ascii	"\273\2660\330Nwg\377H)\304\302,\012C\302\316\366\277"
ARM GAS  /tmp/ccJ09VI4.s 			page 13


 176      4E7767FF 
 176      4829C4C2 
 176      2C0A43C2 
 176      CEF6BF
 177 0038 C7878080 		.ascii	"\307\207\200\200\005\003(R\305\200|\012\310\227\012"
 177      05032852 
 177      C5807C0A 
 177      C8970A
 178 0047 02828252 		.ascii	"\002\202\202RP@\213\264\265\340G\200\265RQ\001EE\252"
 178      50408BB4 
 178      B5E04780 
 178      B5525101 
 178      4545AA
 179 005a 64CFBDF7 		.ascii	"d\317\275\367\275\344%\006\332\231\315\314\315\275\347"
 179      BDE42506 
 179      DA99CDCC 
 179      CDBDE7
 180 0069 DEDF3DE7 		.ascii	"\336\337=\347w\316\271\347\276\227p\014\303\334B\014"
 180      77CEB9E7 
 180      BE97700C 
 180      C3DC420C 
 181 0079 63854FAC 		.ascii	"c\205O\254\027\303\224\260\014\243\200\271 hJhG\241"
 181      17C394B0 
 181      0CA380B9 
 181      20684A68 
 181      47A1
 182 008b 35436B87 		.ascii	"5Ck\207\366;\300yAc\304\265e0\366\203\266\022\332\033"
 182      F63BC079 
 182      4163C4B5 
 182      6530F683 
 182      B612DA1B 
 183 009f D0DE86C6 		.ascii	"\320\336\206\306\301\374\237\241_\013m\235\210\225>"
 183      C1FC9FA1 
 183      5F0B6D9D 
 183      88953E
 184 00ae 18FF1BE8 		.ascii	"\030\377\033\350=\240iq\217\250\316\000\030\253\241"
 184      3DA06971 
 184      8FA8CE00 
 184      18ABA1
 185 00bd 5F06FD5F 		.ascii	"_\006\375_\241\275(\332Y\217\250\375#\320V\303\230\207"
 185      A1BD28DA 
 185      598FA8FD 
 185      23D056C3 
 185      9887
 186 00cf A6827681 		.ascii	"\246\202v\201\241\034\227\300\370\005h\2630\376-\364"
 186      A11C97C0 
 186      F80568B3 
 186      30FE2DF4 
 187 00df AC680373 		.ascii	"\254h\003sA\"\017\371\007s\365\022}\2238`\373\036\277"
 187      41220FF9 
 187      0773F512 
 187      7D933860 
 187      FB1EBF
 188 00f2 C001FBDF 		.ascii	"\300\001\373\337\344\304a\202\241<\2242\036\204\003"
 188      E4C46182 
 188      A13C9432 
 188      1E8403
ARM GAS  /tmp/ccJ09VI4.s 			page 14


 189 0101 B4718672 		.ascii	"\264q\206r\361\223qY\353\304e\345<\\^\371\005.8\017"
 189      F1937159 
 189      EBC465E5 
 189      3C5C5EF9 
 189      052E380F 
 190 0115 A7645C30 		.ascii	"\247d\\0\367\015\320\326\210\261\227s\341\030\307\334"
 190      F70DD0D6 
 190      88B19773 
 190      E118C7DC 
 191 0125 600ACE39 		.ascii	"`\012\3169\231bQW\305\376O9\340=\305*F\367\325\034\363"
 191      99625157 
 191      C5FE4F39 
 191      E03DC52A 
 191      46F7D51C 
 192 013a 447EDEDE 		.ascii	"D~\336\336|\221 \010)\302ZT\201xT\2128\331\216\\\230"
 192      7C912008 
 192      29C25A54 
 192      8178548A 
 192      38D98E5C 
 193 014f 9F79072F 		.ascii	"\237y\007/\300PM\372\024A\210\027&M\002\267\204A+\274"
 193      C0504DFA 
 193      14418817 
 193      264D02B7 
 193      84412BBC 
 194 0163 D12BDE0C 		.ascii	"\321+\336\014*C~d\211A\207\2207*G\336\330\322H\326\324"
 194      2A437E64 
 194      89418790 
 194      372A47DE 
 194      D8D248D6 
 195 0178 0E252FA2 		.ascii	"\016%/\242S~\011\235\322\222]\3426\306\"\017\376\357"
 195      537E099D 
 195      D2925DE2 
 195      36C6220F 
 195      FEEF
 196 018a 58BC9159 		.ascii	"X\274\221YV\255\005Q\313k\260x\374\360t\257\206\254"
 196      56AD0551 
 196      CB6BB078 
 196      FCF074AF 
 196      86AC
 197 019c FA60B1C9 		.ascii	"\372`\261\311\324\225\253\"\253\012,\356\234\235\352"
 197      D495AB22 
 197      AB0A2CEE 
 197      9C9DEA
 198 01ab F520228F 		.ascii	"\365 \"\217\305\331G_\307\251\260aA\310L\020\334\272"
 198      C5D9475F 
 198      C7A9B061 
 198      41C84C10 
 198      DCBA
 199 01bd 3C600155 		.ascii	"<`\001U\203\251\0320\305\240:bz\2717\252\245\226\273"
 199      83A91A30 
 199      C5A03A62 
 199      7AB937AA 
 199      A596BB
 200 01d0 120F9D77 		.ascii	"\022\017\235w\1776\223\300\005\301\007\221(T\001\374"
 200      7F3693C0 
 200      05C10791 
 200      285401FC 
ARM GAS  /tmp/ccJ09VI4.s 			page 15


 201 01e0 3081D7A3 		.ascii	"0\201\327\243g\245M\030=w\313\332\355)GW.\204\356yp"
 201      67A54D18 
 201      3D77CBDA 
 201      ED294757 
 201      2E84EE79 
 202 01f5 EE9E8736 		.ascii	"\356\236\2076\025\307@\244r\004=+\343r\024\341\243@"
 202      15C740A4 
 202      72043D2B 
 202      E37214E1 
 202      A340
 203 0207 7A40D7B4 		.ascii	"z@\327\264U\354\2401\370\024o~\270}r\007O\334\322\022"
 203      55ECA031 
 203      F8146F7E 
 203      B87D7207 
 203      4FDCD212 
 204 021b A7A7F277 		.ascii	"\247\247\362w\273\317\357V\243\344\326a\352\326\327"
 204      BBCFEF56 
 204      A3E4D661 
 204      EAD6D7
 205 022a DFC675BA 		.ascii	"\337\306u\2729\273u\014\340\015\004~\234\020m\224\210"
 205      39BB750C 
 205      E00D047E 
 205      9C106D94 
 205      88
 206 023b 96F43F38 		.ascii	"\226\364?8\240tvk^t\303\320\201b\225\203[M\016n5\213"
 206      A074766B 
 206      5E74C3D0 
 206      81629583 
 206      5B4D0E6E 
 207 0251 6E3513B7 		.ascii	"n5\023\267\016|Y\367HE\334\212\306\233k\013\206\036"
 207      0E7C59F7 
 207      4845DC8A 
 207      C69B6B0B 
 207      861E
 208 0263 72C42D0F 		.ascii	"r\304-\017,\336\2523w\252\211\350\216\305\013\333\347"
 208      2CDEAA33 
 208      77AA89E8 
 208      8EC50BDB 
 208      E7
 209 0274 D4F33BD9 		.ascii	"\324\363;\331&9\331J\235,\256\3347\243qv\262\005\340"
 209      2639D94A 
 209      9D2CAEDC 
 209      37A37176 
 209      B205E0
 210 0287 2708FC24 		.ascii	"'\010\374$\241\335&\321\336my\222\256rvr^t\301\200u"
 210      A1DD26D1 
 210      DE6D7992 
 210      AE727672 
 210      5E74C180 
 211 029c B7DAC1C9 		.ascii	"\267\332\301\311S\016N\266\213N\266\023'\277\273\\{"
 211      530E4EB6 
 211      8B4EB613 
 211      27BFBB5C 
 211      7B
 212 02ad 4DC92DC2 		.ascii	"M\311-\302\205\205\016\346\016\017\360+\016\221\242"
 212      85850EE6 
 212      0E0FF02B 
ARM GAS  /tmp/ccJ09VI4.s 			page 16


 212      0E91A2
 213 02bc 3A3986EC 		.ascii	":9\206\354\305\327\321U0\244$\221\260\260X\036<_;L\017"
 213      C5D7D155 
 213      30A42491 
 213      B0B0581E 
 213      3C5F3B4C 
 214 02d1 EE0AC2EF 		.ascii	"\356\012\302\357\320X\030\267\230\250\210+iN_\004+\313"
 214      D05818B7 
 214      98A8882B 
 214      694E5F04 
 214      2BCB
 215 02e3 78B2F1DA 		.ascii	"x\262\361\332W\217\212\334\210\210\257nO<\325\326:\323"
 215      578F8ADC 
 215      8888AF6E 
 215      4F3CD5D6 
 215      3AD3
 216 02f5 C973CB08 		.ascii	"\311s\313\010:=\305\322\315s\257\3421\333\365\243p\320"
 216      3A3DC5D2 
 216      CD73AFE2 
 216      31DBF5A3 
 216      70D0
 217 0307 03F9919A 		.ascii	"\003\371\221\232\236\274m\352|Q\020\024\250\027\034"
 217      9EBC6DEA 
 217      7C511014 
 217      A8171C
 218 0316 3D873874 		.ascii	"=\2078t\032\255\300\224\261V\374I\261;\307\330<C=P\237"
 218      1AADC094 
 218      B156FC49 
 218      B13BC7D8 
 218      3C433D50 
 219 032b CB788245 		.ascii	"\313x\202E]0\331Mb\315\236y\334\232\250D\274\237\353"
 219      5D30D94D 
 219      62CD9E79 
 219      DC9AA844 
 219      BC9FEB
 220 033e 4DE75D6C 		.ascii	"M\347]l\"\024\006\023L\317c\012}@\341\254\235B/\342"
 220      22140613 
 220      4CCF630A 
 220      7D40E1AC 
 220      9D422FE2 
 221 0352 6D61B9DD 		.ascii	"ma\271\335^\364\037\234\363\204_\247\026W\341PR\242"
 221      5EF41F9C 
 221      F3845FA7 
 221      1657E150 
 221      52A2
 222 0364 96CB46C4 		.ascii	"\226\313F\304\373\235\365yyj.\217\0123\231\305\305\012"
 222      FB9DF579 
 222      796A2E8F 
 222      0A3399C5 
 222      C50A
 223 0376 AE800A45 		.ascii	"\256\200\012E9\273+\225$\276j,6\027\224O\250\271r\272"
 223      39BB2B95 
 223      24BE6A2C 
 223      3617944F 
 223      A8B972BA 
 224 038a D6D61DD7 		.ascii	"\326\326\035\327\313s\325T872s\217^7\317`q\310TP\352"
 224      CB73D554 
ARM GAS  /tmp/ccJ09VI4.s 			page 17


 224      38373273 
 224      8F5E37CF 
 224      6071C854 
 225 03a0 C1D5D3B5 		.ascii	"\301\325\323\265\276\271\314\273\213\270\006G\240\007"
 225      BEB9CCBB 
 225      8BB80647 
 225      A007
 226 03ae 05E67D7F 		.ascii	"\005\346}\177}\232\236e\222\317\234\263_e(\271\343\024"
 226      7D9A9E65 
 226      92CF9CB3 
 226      5F6528B9 
 226      E314
 227 03c0 9A396CBA 		.ascii	"\2329l\272\250\340\332\221C>}h>\367\214\317\034Q\023"
 227      A8E0DA91 
 227      433E7D68 
 227      3EF78CCF 
 227      1C5113
 228 03d3 D16AE570 		.ascii	"\321j\345pp\013\257\\\030v\263e\355\330u\204C6\014!"
 228      700BAF5C 
 228      1876B365 
 228      EDD87584 
 228      43360C21 
 229 03e7 BB620F99 		.ascii	"\273b\017\231\217<k\020,e\031Dj\020\2022\204#e\201H"
 229      8F3C6B10 
 229      2C651944 
 229      6A108232 
 229      84236581 
 230 03fc F98891BA 		.ascii	"\371\210\221\272\012\223\327h\326\352G\356\244\361\222"
 230      0A93D768 
 230      D6EA47EE 
 230      A4F192
 231 040b E2C18E2F 		.ascii	"\342\301\216/I.FA\361e\273\342a\264\240\346\021\227"
 231      492E4641 
 231      F165BBE2 
 231      61B4A0E6 
 231      1197
 232 041d 9A51C344 		.ascii	"\232Q\303D\306\010\342z\251\177i\331\323\335,\367\015"
 232      C608E27A 
 232      A97F69D9 
 232      D3DD2CF7 
 232      0D
 233 042e 1114A96D 		.ascii	"\021\024\251m-\213\221\257\227\257\237\031\364MV'?\330"
 233      2D8B91AF 
 233      97AF9F19 
 233      F44D5627 
 233      3FD8
 234 0440 98902064 		.ascii	"\230\220 d/!f\377\013fo /\273\366\345\270\226^\205/"
 234      2F2166FF 
 234      0B666F20 
 234      2FBBF6E5 
 234      B8965E85 
 235 0455 6617294C 		.ascii	"f\027)L\263\2606\206\221\225\031\006\203i\364\023\260"
 235      B3B03686 
 235      91951906 
 235      8369F413 
 235      B0
 236 0466 F811F9A2 		.ascii	"\370\021\371\2421\344K\270b\335\346\037\222Ue\253\210"
ARM GAS  /tmp/ccJ09VI4.s 			page 18


 236      31E44BB8 
 236      62DDE61F 
 236      925565AB 
 236      88
 237 0477 DEEB2EF5 		.ascii	"\336\353.\365\016b\025\344\034Z\316\227\"5F0\242\327"
 237      0E6215E4 
 237      1C5ACE97 
 237      22354630 
 237      A2D7
 238 0489 F6AA3C7B 		.ascii	"\366\252<{\263\363\266\212\313\242\017\305\364\373\015"
 238      B3F3B68A 
 238      CBA20FC5 
 238      F4FB0D
 239 0498 435AE4EB 		.ascii	"CZ\344\353\273\230\220\267\364\225\366i\205\256U\344"
 239      BB9890B7 
 239      F495F669 
 239      85AE55E4 
 240 04a8 F4FE0026 		.ascii	"\364\376\000&n\243\305\366\303i\247n\306\026\006o(O"
 240      6EA3C5F6 
 240      C369A76E 
 240      C616066F 
 240      284F
 241 04ba C6531637 		.ascii	"\306S\0267\347\207\232\304\273m\255Q\356%\006c/\357"
 241      E7879AC4 
 241      BB6DAD51 
 241      EE250663 
 241      2FEF
 242 04cc 8097E3E0 		.ascii	"\200\227\343\340\345-\321KB\2757y\221\2000\344i\356"
 242      E52DD14B 
 242      42BD3779 
 242      918030E4 
 242      69EE
 243 04de 85191369 		.ascii	"\205\031\023i\236\213Ag\334\274:\031\007\205\260'\353"
 243      9E8B4167 
 243      DCBC3A19 
 243      0785B027 
 243      EB
 244 04ef 52E11CCF 		.ascii	"R\341\034\317\345\020\177\321\336\207=\235\236\344\004"
 244      E5107FD1 
 244      DE873D9D 
 244      9EE404
 245 04fe 2F2197F3 		.ascii	"/!\227\363\351\326\004\015\227G\327\204\271\256'\356"
 245      E9D6040D 
 245      9747D784 
 245      B9AE27EE 
 246 050e DC012A48 		.ascii	"\334\001*H\217`-}\004\357\277r\361\226;WD\327\352[S"
 246      8F602D7D 
 246      04EFBF72 
 246      F1963B57 
 246      44D7EA5B 
 247 0523 B278AE9C 		.ascii	"\262x\256\234\012e#}&w\002\\\016\242{a\341\375\233*"
 247      0A65237D 
 247      2677025C 
 247      0EA27B61 
 247      E1FD9B2A 
 248 0537 E4E56BFF 		.ascii	"\344\345k\377\370\355\022o`L\367\014\320\355$tg\304"
 248      F8ED126F 
ARM GAS  /tmp/ccJ09VI4.s 			page 19


 248      604CF70C 
 248      D0ED2474 
 248      67C4
 249 0549 4427B27E 		.ascii	"D'\262~\350\0110N`}\321\034\364\217\240\315B{\014-\036"
 249      E809304E 
 249      607DD11C 
 249      F48FA0CD 
 249      427B0C2D 
 250 055e E67E86DE 		.ascii	"\346~\206\336\012M\200q\034+\035\206\304\004\313Y1W"
 250      0A4D8071 
 250      1C2B1D86 
 250      C404CB59 
 250      3157
 251 0570 172057DF 		.ascii	"\027 W\337B\002\260B[\002\006\210\215j\344-\242\315"
 251      4202B042 
 251      5B020688 
 251      8D6AE42D 
 251      A2CD
 252 0582 E74A5522 		.ascii	"\347JU\"\366;g\354\367H\226X\200^\266A\357:C\247\234"
 252      F63B67EC 
 252      F7489658 
 252      805EB641 
 252      EF3A43A7 
 253 0597 D5F6D8B0 		.ascii	"\325\366\330\260\227\\\253\225a\333l\330o\234\261\313"
 253      975CAB95 
 253      61DB6CD8 
 253      6F9CB1CB 
 254 05a7 1D1974DB 		.ascii	"\035\031t\333\220\027];f\207^\261A\3579C\247\235\240"
 254      90175D3B 
 254      66875EB1 
 254      41EF3943 
 254      A79DA0
 255 05ba 576DD0FB 		.ascii	"Wm\320\373\256\2412\256\327l\330\007\316\330\207\016"
 255      AEA132AE 
 255      D76CD807 
 255      CED8870E 
 256 05ca 6AE32C43 		.ascii	"j\343,C\245\372\223\211\034\232\200\3437\351:^6\012"
 256      A5FA9389 
 256      1C9A80E3 
 256      37E93A5E 
 256      360A
 257 05dc 962E59CE 		.ascii	"\226.Y\316\372]\006\241\332^\302'JUP\0073.j\230\315"
 257      FA5D06A1 
 257      DA5EC227 
 257      4A555007 
 257      332E6A98 
 258 05f1 2F991ED7 		.ascii	"/\231\036\327 ?/\202\033\373\\\215\222X/\364\265\375"
 258      203F2F82 
 258      1BFB5C8D 
 258      92582FF4 
 258      B5FD
 259 0603 8AC39BC8 		.ascii	"\212\303\233\310\307\325\331C\333\341\310\375?\307\017"
 259      C7D5D943 
 259      DBE1C8FD 
 259      3FC70F
 260 0612 4EFDA3B3 		.ascii	"N\375\243\263I\311\356\\\025-\201\235-\007\356\2729"
 260      49C9EE5C 
ARM GAS  /tmp/ccJ09VI4.s 			page 20


 260      152D819D 
 260      2D07EEBA 
 260      39
 261 0623 BC3A603A 		.ascii	"\274:`:\366\312La\265\"1\240~u\373x:\334\320ZB\275<"
 261      F6CA4C61 
 261      B52231A0 
 261      7E75FB78 
 261      3ADCD05A 
 262 063a CD035C4C 		.ascii	"\315\003\\L\205\365d\326F\036\340\224\374|\032\321\016"
 262      85F564D6 
 262      461EE094 
 262      FC7C1AD1 
 262      0E
 263 064b 202D578A 		.ascii	" -W\212~N?_\207\270FJ\307\324\337S\257\341\332\210\300"
 263      7E4E3F5F 
 263      87B8464A 
 263      C7D4DF53 
 263      AFE1DA88 
 264 0660 1E6EBC36 		.ascii	"\036n\2746\241\026\037\010\026k7\017\346\276dy\224n"
 264      A1161F08 
 264      166B370F 
 264      E6BE6479 
 264      946E
 265 0672 37D78716 		.ascii	"7\327\207\026|=\330\311\272|$\027^\276\376\220\343z"
 265      7C3DD8C9 
 265      BA7C2417 
 265      5EBEFE90 
 265      E37A
 266 0684 A8C5EF7E 		.ascii	"\250\305\357~\252\254\320p\337\260\016\317\276\000\307"
 266      AAACD070 
 266      DFB00ECF 
 266      BE00C7
 267 0693 779900DB 		.ascii	"w\231\000\333\273\014[\236\277o\201W\213l0\030 \032"
 267      BB0C5B9E 
 267      BF6F8157 
 267      8B6C3018 
 267      201A
 268 06a5 DCC57A23 		.ascii	"\334\305z#\023+\276Z\264\246\015-\305\217\263,\340\237"
 268      132BBE5A 
 268      B4A60D2D 
 268      C58FB32C 
 268      E09F
 269 06b7 69E71F60 		.ascii	"i\347\037`\177\263\250\274Q?\310q\011\034\346\241\254"
 269      7FB3A8BC 
 269      513FC871 
 269      091CE6A1 
 269      AC
 270 06c8 2A992942 		.ascii	"*\231)B\344&r\270\201\354o\271\273Yz\004\362\300\340"
 270      E42672B8 
 270      81EC6FB9 
 270      BB597A04 
 270      F2C0E0
 271 06db 1E48EF5E 		.ascii	"\036H\357^h\271\254\375q3\231\327[\2721+A(ZB2\224\006"
 271      68B9ACFD 
 271      713399D7 
 271      5BBA312B 
 271      41285A42 
ARM GAS  /tmp/ccJ09VI4.s 			page 21


 272 06f2 2677B3F3 		.ascii	"&w\263\363\024-<\234\032\213q\311`r9\316H\207\242\005"
 272      142D3C9C 
 272      1A8B71C9 
 272      607239CE 
 272      4887A205 
 273 0706 682581E2 		.ascii	"h%\201\342<d\270T*+\202\274b\\\004\000y\272\010\016"
 273      3C64B854 
 273      2A2B82BC 
 273      625C0400 
 273      79BA080E 
 274 071a 953D4E72 		.ascii	"\225=Nr\223\212\340\270^\215\366\201\242\016{\021\340"
 274      938AE0B8 
 274      5E8DF681 
 274      A20E7B11 
 274      E0
 275 072b 4D4F1581 		.ascii	"MO\025\201\344>\372\012\274^(\002\020\316\341'7\373"
 275      E43EFA0A 
 275      BC5E2802 
 275      10CEE127 
 275      37FB
 276 073d 340EE77A 		.ascii	"4\016\347z\237\303\271\336O\017*\356\361\217\237+\331"
 276      9FC3B9DE 
 276      4F0F2AEE 
 276      F18F9F2B 
 276      D9
 277 074e 596A054B 		.ascii	"Yj\005Ke\364O\362S-\2419\343\204\373\0139\3423\360\031"
 277      65F44FF2 
 277      532DA139 
 277      E384FB0B 
 277      39E233F0 
 278 0763 05F1D9AE 		.ascii	"\005\361\331\256\340\000\373\002|\347\263\012jo\340"
 278      E000FB02 
 278      7CE7B30A 
 278      6A6FE0
 279 0772 5EEADB5C 		.ascii	"^\352\333\\=\311\036\272\330_w\011\371\344\013\346\232"
 279      3DC91EBA 
 279      D85F7709 
 279      F9E40BE6 
 279      9A
 280 0783 C9B9AA91 		.ascii	"\311\271\252\221\350]\220\0068\277\326\245d\0232\333"
 280      E85D9006 
 280      38BFD6A5 
 280      641332DB 
 281 0793 D2CFE031 		.ascii	"\322\317\3401!\214\012X\037\330\3309\2245Fi`[\224\306"
 281      218C0A58 
 281      1FD8D839 
 281      94354669 
 281      605B94C6 
 282 07a7 9DF1D251 		.ascii	"\235\361\322Q;\265B\226L\216\237\310\310\327\312\271"
 282      3BB54296 
 282      4C8E9FC8 
 282      C8D7CAB9 
 283 07b7 053D2FA3 		.ascii	"\005=/\243VD\250\035\224\250\025\025\267\014\250\270"
 283      5644A81D 
 283      94A81515 
 283      B70CA8B8 
 284 07c7 51CA2DAE 		.ascii	"Q\312-\256?s\017O\270"
ARM GAS  /tmp/ccJ09VI4.s 			page 22


 284      3F730F4F 
 284      B8
 285 07d0 599A3AE0 		.ascii	"Y\232:\340\362\023\036\343\327:\274\005\025\313\210"
 285      F2131EE3 
 285      D73ABC05 
 285      15CB88
 286 07df 154BC44A 		.ascii	"\025K\304J\010\261\232\366\366\347\270\011\242\201M"
 286      08B19AF6 
 286      F6E7B809 
 286      A2814D
 287 07ee 2A785CEE 		.ascii	"*x\\\356.\275\246U'\217\006\307\303\317\361r\340[\372"
 287      2EBDA655 
 287      278F06C7 
 287      C3CFF172 
 287      E05BFA
 288 0801 ABEBB2CC 		.ascii	"\253\353\262\314u]\016\014\314vp\304\325r\233\373\325"
 288      755D0E0C 
 288      CC7670C4 
 288      D5729BFB 
 288      D5
 289 0812 FD3F3CD2 		.ascii	"\375?<\322\332\334?D\335\337\033_rs~\367+\211\373\025"
 289      DADC3F44 
 289      DDDF1B5F 
 289      72737EF7 
 289      2B89FB15 
 290 0826 92FBBB4E 		.ascii	"\222\373\273Nv\227{r3\324}\363\345\311\017\245\314\314"
 290      76977B72 
 290      33D47DF3 
 290      E5C90FA5 
 290      CCCC
 291 0838 AEDA2B98 		.ascii	"\256\332+\230\343\2059\253\025\221M\250J\026\200*)\000"
 291      E38539AB 
 291      15914DA8 
 291      4A16802A 
 291      2900
 292 084a 87490072 		.ascii	"\207I\000rSsS\264\016\307\011\377 \263\333\254\246\307"
 292      537353B4 
 292      0EC709FF 
 292      20B3DBAC 
 292      A6C7
 293 085c 0990D627 		.ascii	"\011\220\326'{\357!B\270\332v\224&\323+n\272\315\313"
 293      7BEF2142 
 293      B8DA7694 
 293      26D32B6E 
 293      BACDCB
 294 086f B796F0AD 		.ascii	"\267\226\360\255\221\370Vg\015\337UsI\012\302\267\364"
 294      91F85667 
 294      0DDF5573 
 294      490AC2B7 
 294      F4
 295 0880 E8F51A7C 		.ascii	"\350\365\032|\224,\302dYm\331\037r\353\204v\2222\204"
 295      942CC264 
 295      596DD91F 
 295      72EB8476 
 295      923284
 296 0893 F0365427 		.ascii	"\3606T'c\\'1\256'\214]\0053#\343\316\211E\266\363u\204"
 296      635C2731 
ARM GAS  /tmp/ccJ09VI4.s 			page 23


 296      AE278C5D 
 296      053323E3 
 296      CE8945B6 
 297 08aa 0673F86A 		.ascii	"\006s\370jZ\276\222L\342\233\342(\235\234=\266\377\002"
 297      5ABE924C 
 297      E29BE228 
 297      9D9C3DB6 
 297      FF02
 298 08bc 3F2FE306 		.ascii	"?/\343\006\302\370\230\304\370\374\251\226\034O\356"
 298      C2F898C4 
 298      F8FCA996 
 298      1C4FEE
 299 08cb 1865DCD2 		.ascii	"\030e\334\322?:\255%\214k\252\223\353\265{\205\002)"
 299      3F3AAD25 
 299      8C6BAA93 
 299      EBB57B85 
 299      0229
 300 08dd C4B00B35 		.ascii	"\304\260\0135\312\0107J\204\217\023\302\327M9\223p+"
 300      CA08374A 
 300      848F13C2 
 300      D74D3993 
 300      702B
 301 08ef 532DDB2F 		.ascii	"S-\333/UX4\334\267T\030\235>b\322,\035U\354\027\324"
 301      555834DC 
 301      B754189D 
 301      3E62D22C 
 301      1D55EC17 
 302 0904 F84F09F2 		.ascii	"\370O\011\362\213\367\366\335=\332\227\012\204\013\346"
 302      8BF7F6DD 
 302      3DDA970A 
 302      840BE6
 303 0913 C9B9DB23 		.ascii	"\311\271\333#K\3422\315\361\231\202\325\372\016\"\377"
 303      4BE232CD 
 303      F19982D5 
 303      FA0E22FF 
 304 0923 5A348115 		.ascii	"Z4\201\025\250(\331\237\035\315\330\026ja\241\006O\260"
 304      A828D99F 
 304      1DCDD816 
 304      6A61A106 
 304      4FB0
 305 0935 2F81829F 		.ascii	"/\201\202\237R\013\362\334\270\011j\240)\343L\025\277"
 305      520BF2DC 
 305      B8096AA0 
 305      29E34C15 
 305      BF
 306 0946 F40931D0 		.ascii	"\364\0111\320D\015\234+\022\262Yb\300\334rPPt\011\211"
 306      440D9C2B 
 306      12B25962 
 306      C0DC7250 
 306      50740989 
 307 095a B882C99F 		.ascii	"\270\202\311\237\007X;\224\205\3546n%\332\333\260\366"
 307      07583B94 
 307      85EC366E 
 307      25DADBB0 
 307      F6
 308 096b 93447B5E 		.ascii	"\223D{^\366\235q\015\227\252$\332\223\022Mc\354\322"
 308      F69D710D 
ARM GAS  /tmp/ccJ09VI4.s 			page 24


 308      97AA24DA 
 308      93124D63 
 308      ECD2
 309 097d 5C25D67E 		.ascii	"\\%\326~\212j/\272;\225H\351\233\307e\332O\211\332\341"
 309      8A6A2FBA 
 309      3B9548E9 
 309      9BC765DA 
 309      4F89DAE1 
 310 0991 CCC97EEC 		.ascii	"\314\311~\354\237\"\332\333\261\366\016\242\275\307"
 310      9F22DADB 
 310      B1F60EA2 
 310      BDC7
 311 099f 52DBC13A 		.ascii	"R\333\301:\034F|\026\354\3519-\336m\247\311\3356~\277"
 311      1C467C16 
 311      ECE9392D 
 311      DE6DA7C9 
 311      DD367EBF 
 312 09b3 2ED9F1CF 		.ascii	".\331\361\317\201\006\007\364\031\021\215{EhxH\214r"
 312      810607F4 
 312      19118D7B 
 312      45687848 
 312      8C72
 313 09c5 63E0BBB1 		.ascii	"c\340\273\261\006\325\373\037~\354\263\216\321\032\214"
 313      06D5FB1F 
 313      7EECB38E 
 313      D11A8C
 314 09d4 5BDF785D 		.ascii	"[\337x]\367ytD\224\316\250\216\215\330f\004\311\310"
 314      F7797444 
 314      94CEA88E 
 314      8DD86604 
 314      C9C8
 315 09e6 EB74D2F0 		.ascii	"\353t\322\360\217\376\261\206\030\377\220\230\255\257"
 315      8FFEB186 
 315      18FF9098 
 315      ADAF
 316 09f4 6D8BDAA6 		.ascii	"m\213\332\246\177M\037\362Y\204\177\304\266\320\310"
 316      7F4D1FF2 
 316      59847FC4 
 316      B6D0C8
 317 0a03 D830BDFF 		.ascii	"\3300\275\377\326\220\320\360\210mz\177]\230~KHl\244"
 317      D690D0F0 
 317      886D7A7F 
 317      5D987E4B 
 317      486CA4
 318 0a16 5167FC22 		.ascii	"Qg\374\"ZoX\031\316\274\262\300&\303\027\006\177\235"
 318      5A6F5819 
 318      CEBCB2C0 
 318      26C31706 
 318      7F9D
 319 0a28 C11806FA 		.ascii	"\301\030\006\372\001\251\374 p\375\206`U\340G\377\010"
 319      01A9FC20 
 319      70FD8660 
 319      55E047FF 
 319      08
 320 0a39 DA10BC28 		.ascii	"\332\020\274(ps\320\206\015\353\203\225A\037\007\255"
 320      7073D086 
 320      0DEB8395 
ARM GAS  /tmp/ccJ09VI4.s 			page 25


 320      411F07AD 
 321 0a49 0FE63642 		.ascii	"\017\3466B\013\\\037\214>!\274V\277i\343\205\207\234"
 321      0B5C1F8C 
 321      3E21BC56 
 321      BF69E385 
 321      879C
 322 0a5b 416F5486 		.ascii	"AoT\206F\352Cb\376\264.<\342\263\210\300\315\272\325"
 322      46EA4362 
 322      FEB42E3C 
 322      E2B388C0 
 322      CDBAD5
 323 0a6e 6B56BEB9 		.ascii	"kV\276\271r\225\177\224\301?<$\322?:*\306h\360\337\374"
 323      72957F94 
 323      C13F3C24 
 323      D23F3A2A 
 323      C668F0DF 
 324 0a83 D1076FBC 		.ascii	"\321\007o\274\356\277i\323z\377\367\2036\006\376\373"
 324      EEBF69D3 
 324      7AFFF783 
 324      3606FEFB 
 325 0a93 75BCA48B 		.ascii	"u\274\244\213\206\026\031\031\006\346Q\200\342\335\315"
 325      86161919 
 325      06E65180 
 325      E2DDCD
 326 0aa2 C1C18A4D 		.ascii	"\301\301\212M\353\376\026\254\370\313{\301\233\360W"
 326      EBFE16AC 
 326      F8CB7BC1 
 326      9BF057
 327 0ab1 00F76E70 		.ascii	"\000\367np0\037\021\2055D\204\351\214*:\320\322\231"
 327      301F1185 
 327      354484E9 
 327      8C2A3AD0 
 327      D299
 328 0ac3 AD21867F 		.ascii	"\255!\206\177\351\214\012\334i1\031\335\226\020\203"
 328      E98C0ADC 
 328      693119DD 
 328      961083
 329 0ad2 F12D9DF1 		.ascii	"\361-\235\361\345\205|\226\334UEm\331\002\304\227\273"
 329      E5857C96 
 329      DC55456D 
 329      D902C497 
 329      BB
 330 0ae3 A62CC145 		.ascii	"\246,\301E\216\200\347\241\013\326\207\204A\302^v\275"
 330      8E80E7A1 
 330      0BD68784 
 330      41C25E76 
 330      BD
 331 0af4 C710136A 		.ascii	"\307\020\023j\303\2072\032\350>\211\2110\352a\203:\""
 331      C387321A 
 331      E83E8989 
 331      30EA6183 
 331      3A22
 332 0b06 6A6B5498 		.ascii	"jkT\230^gt\207\311\315z#L}\000\262[h\370\346/\014\001"
 332      5E677487 
 332      C9CD7A23 
 332      4C7D00B2 
 332      5B68F8E6 
ARM GAS  /tmp/ccJ09VI4.s 			page 26


 333 0b1d 2191C6DF 		.ascii	"!\221\306\337?\2551\306h#\021\032\016\231\002\012\317"
 333      3FAD31C6 
 333      6823111A 
 333      0E99020A 
 333      CF
 334 0b2e 49E1D201 		.ascii	"I\341\322\001\361\317c\242b\243\261V\265N\267%v[\250"
 334      F1CF63A2 
 334      62A3B156 
 334      B54EB725 
 334      765BA8
 335 0b41 4EE72E0D 		.ascii	"N\347.\015V\256Y\363\326j\215\235/\343\260\362\246V"
 335      56AE59F3 
 335      D66A8D9D 
 335      2FE3B0F2 
 335      A656
 336 0b53 C6CC61E9 		.ascii	"\306\314a\351\355\325\036\016\374\230\377\001\332\001"
 336      EDD51E0E 
 336      FC98FF01 
 336      DA01
 337 0b61 94B8     		.ascii	"\224\270"
 338              		.text
 339              		.section	.gnu.lto_.symtab.190d522a0f2ac165,"",%progbits
 340 0000 70616C52 		.ascii	"palReadBus\000\000\000\000\000\000\000\000\000\000\000"
 340      65616442 
 340      75730000 
 340      00000000 
 340      00000000 
 341 0015 00210100 		.ascii	"\000!\001\000\000palWriteBus\000\000\000\000\000\000"
 341      0070616C 
 341      57726974 
 341      65427573 
 341      00000000 
 342 002b 00000000 		.ascii	"\000\000\000\000\000\000&\001\000\000palSetBusMode\000"
 342      00002601 
 342      00007061 
 342      6C536574 
 342      4275734D 
 343 0043 00000000 		.ascii	"\000\000\000\000\000\000\000\000\000\000\000.\001\000"
 343      00000000 
 343      0000002E 
 343      0100
 344 0051 00636853 		.ascii	"\000chSysHalt\000\000\002\000\000\000\000\000\000\000"
 344      79734861 
 344      6C740000 
 344      02000000 
 344      00000000 
 345 0065 00003301 		.ascii	"\000\0003\001\000\000_pal_lld_setgroupmode\000\000\002"
 345      00005F70 
 345      616C5F6C 
 345      6C645F73 
 345      65746772 
 346 0083 00000000 		.ascii	"\000\000\000\000\000\000\000\000\0009\001\000\000"
 346      00000000 
 346      00390100 
 346      00
 347              		.text
 348              		.section	.gnu.lto_.opts,"",%progbits
ARM GAS  /tmp/ccJ09VI4.s 			page 27


 349 0000 272D666E 		.ascii	"'-fno-trapv' '-mcpu=cortex-m4' '-mfloat-abi=hard' '"
 349      6F2D7472 
 349      61707627 
 349      20272D6D 
 349      6370753D 
 350 0033 2D6D6670 		.ascii	"-mfpu=fpv4-sp-d16' '-mno-thumb-interwork' '-mthumb'"
 350      753D6670 
 350      76342D73 
 350      702D6431 
 350      36272027 
 351 0066 20272D67 		.ascii	" '-ggdb' '-O2' '-fomit-frame-pointer' '-falign-func"
 351      67646227 
 351      20272D4F 
 351      32272027 
 351      2D666F6D 
 352 0099 74696F6E 		.ascii	"tions=16' '-ffunction-sections' '-fdata-sections' '"
 352      733D3136 
 352      2720272D 
 352      6666756E 
 352      6374696F 
 353 00cc 2D666E6F 		.ascii	"-fno-common' '-flto' '-fsingle-precision-constant'\000"
 353      2D636F6D 
 353      6D6F6E27 
 353      20272D66 
 353      6C746F27 
 354              		.text
 355              		.comm	__gnu_lto_v1,1,1
 356              		.comm	__gnu_lto_slim,1,1
 357              		.ident	"GCC: (GNU Tools for ARM Embedded Processors) 4.9.3 20150529 (release) [ARM/embedded-4_9-br
ARM GAS  /tmp/ccJ09VI4.s 			page 28


DEFINED SYMBOLS
                            *ABS*:0000000000000000 hal_pal.c
                            *COM*:0000000000000001 __gnu_lto_v1
                            *COM*:0000000000000001 __gnu_lto_slim

NO UNDEFINED SYMBOLS
