ARM GAS  /tmp/ccsE9Ev0.s 			page 1


   1              		.syntax unified
   2              		.cpu cortex-m4
   3              		.eabi_attribute 27, 1
   4              		.eabi_attribute 28, 1
   5              		.fpu fpv4-sp-d16
   6              		.eabi_attribute 20, 1
   7              		.eabi_attribute 21, 1
   8              		.eabi_attribute 23, 3
   9              		.eabi_attribute 24, 1
  10              		.eabi_attribute 25, 1
  11              		.eabi_attribute 26, 1
  12              		.eabi_attribute 30, 2
  13              		.eabi_attribute 34, 1
  14              		.eabi_attribute 18, 4
  15              		.thumb
  16              		.file	"hal_pal_lld.c"
  17              		.text
  18              	.Ltext0:
  19              		.section	.gnu.lto_.profile.e8c2388c7f882c,"",%progbits
  20 0000 789C6366 		.ascii	"x\234cf```c\200\000F\206\313\214\027\031\001\005\224"
  20      60606063 
  20      80004686 
  20      CB8C1719 
  20      010594
  21 0013 01B1     		.ascii	"\001\261"
  22              		.text
  23              		.section	.gnu.lto_.jmpfuncs.e8c2388c7f882c,"",%progbits
  24 0000 789C6366 		.ascii	"x\234cf\300\016\004\2404\023\003##c=#3\220d\257\257"
  24      C00E04A0 
  24      34130323 
  24      23633D23 
  24      339064AF 
  25 0015 AF670000 		.ascii	"\257g\000\000\014\320\002#"
  25      0CD00223 
  26              		.text
  27              		.section	.gnu.lto_.inline.e8c2388c7f882c,"",%progbits
  28 0000 789C6366 		.ascii	"x\234cf\300\0166Ai&\006\206v\3066FFv\006F\006f\005\020"
  28      C00E3641 
  28      69260686 
  28      76C63646 
  28      46760646 
  29 0018 E1002212 		.ascii	"\341\000\"\022@D\003#\210\\\000&\017\200I\006\201C\214"
  29      40440323 
  29      885C0026 
  29      0F804906 
  29      81438C
  30 002b 175E7333 		.ascii	"\027^s3\330=\270\302\314\304\300\370\202\235\005B\202"
  30      D83DB8C2 
  30      CCC4C0F8 
  30      829D0542 
  30      82
  31 003c 080E3093 		.ascii	"\010\0160\223\003D\010\200\231\002 B\001\314T\000\021"
  31      03440880 
  31      99022042 
  31      01CC5400 
  31      11
  32 004d 0E60A603 		.ascii	"\016`\246\003\210h`d\202P`\222\011\302a\002\271\207"
ARM GAS  /tmp/ccsE9Ev0.s 			page 2


  32      88686064 
  32      82506092 
  32      09C26102 
  32      B987
  33 005f 91E11CC3 		.ascii	"\221\341\034\303^&FF&F\006\006\346\274\226\363\012\014"
  33      5E264646 
  33      26460606 
  33      E6BC96F3 
  33      0A0C
  34 0071 12732E02 		.ascii	"\022s.\002\355\022\233\263\213\211\005\354b\000e\323"
  34      ED129BB3 
  34      8B8905EC 
  34      620065D3 
  35 0081 1FBD     		.ascii	"\037\275"
  36              		.text
  37              		.section	.gnu.lto_.pureconst.e8c2388c7f882c,"",%progbits
  38 0000 789C6366 		.ascii	"x\234cf```e\200\000&\006)F)\000\000\371\000@"
  38      60606065 
  38      80002606 
  38      29462900 
  38      00F90040 
  39              		.text
  40              		.section	.gnu.lto__pal_lld_init.e8c2388c7f882c,"",%progbits
  41 0000 789CA59B 		.ascii	"x\234\245\233{TUU\036\307\357>\347\202\300\005t|\022"
  41      7B545555 
  41      1EC7EF3E 
  41      E782C005 
  41      747C12
  42 0013 595964DA 		.ascii	"YYd\332\003\361\225\232\232Zj6\255f5k\325?\363Wk\246"
  42      03F1959A 
  42      9A5A6A36 
  42      AD66356B 
  42      D53FF357 
  43 0029 992967B5 		.ascii	"\231)g\265F\327\324\2325\377\264\272 \342\013\025)\037"
  43      46D7D49A 
  43      35FFB4BA 
  43      20E20B15 
  43      291F
  44 003b 85866626 		.ascii	"\205\206f&\276\005\023\361A \010(\006J>\360-\250\250"
  44      BE0513F1 
  44      41200828 
  44      064A3EF0 
  44      2DA8A8
  45 004e A8F8021F 		.ascii	"\250\370\002\037WEf\377\276wo\366\271\010\254s\330\255"
  45      574566FF 
  45      BE776FF6 
  45      B908AC73 
  45      D8AD
  46 0060 D54FED1E 		.ascii	"\325O\355\036>\347s\317\376\361\251nf\272\236\374#\232"
  46      3EE773CF 
  46      FEF1A96E 
  46      66BA9EFC 
  46      239A
  47 0072 FF397498 		.ascii	"\3779t\230\313\365\036\377\221\231.f\244\224\273\\\361"
  47      CBF51EFF 
  47      91992E66 
  47      A494BB5C 
ARM GAS  /tmp/ccsE9Ev0.s 			page 3


  47      F1
  48 0083 210663F4 		.ascii	"!\006c\364\023\027s}m\260\257Y\255q\313`)\371\353\226"
  48      1317737D 
  48      6DB0AF59 
  48      AD71CB60 
  48      29F9EB96 
  49 0097 78FAADF2 		.ascii	"x\372\255\362z\2757\023\266EM\217\362\031.W\275\341"
  49      7ABD3713 
  49      B6454D8F 
  49      F2192E57 
  49      BDE1
  50 00a9 C7B0D5AC 		.ascii	"\307\260\325\254\037\277$i\375\351\022\2679\206\271"
  50      1FBF2469 
  50      FDE912B7 
  50      3986B9
  51 00b8 F8CFB76F 		.ascii	"\370\317\267ol(\363\\6|\006\353C\277\334\221\272wI0"
  51      6C28F35C 
  51      367C06EB 
  51      43BFDC91 
  51      BA774930 
  52 00cc FDD270D3 		.ascii	"\375\322p\323/\363|k+\334}Wz\275\011\371eY\336qn\237"
  52      2FF37C6B 
  52      2BDC7D57 
  52      7ABD09F9 
  52      6559DE71 
  53 00e2 61B20C66 		.ascii	"a\262\014fr\036[\303\242\331Z\026\355\342\177\311\305"
  53      721E5BC3 
  53      A2D95A16 
  53      EDE27FC9 
  53      C5
  54 00f3 D6B1BE74 		.ascii	"\326\261\276t\371\255\304\306JOp\"\277w\027\377=\331"
  54      F9ADC4C6 
  54      4A4F7022 
  54      BF7717FF 
  54      3DD9
  55 0105 7A16CCF8 		.ascii	"z\026\314\370\217\233\272\346{\233\232\316oL>\342\236"
  55      8F9BBAE6 
  55      7B9B9ACE 
  55      6F4C3EE2 
  55      9E
  56 0116 C10CFE35 		.ascii	"\301\014\3765n\223F\020\215`\032!\214\030\241\364\323"
  56      6E934610 
  56      8D601A21 
  56      8C18A1F4 
  56      D3
  57 0127 301A1E1A 		.ascii	"0\032\036\032\3414\"hD\322\350L\243\013\215\2564\272"
  57      E1342268 
  57      44D2E84C 
  57      A30B8DAE 
  57      34BA
  58 0139 D1E84EA3 		.ascii	"\321\350N\243\007\215\2364z\321\210\242\361\024\015"
  58      078D9E34 
  58      7AD188A2 
  58      F1140D
  59 0148 B2733F4D 		.ascii	"\262s?M\2437\215gh<K\3439\032}h<O\343\005\03214^\244"
  59      A3378D67 
  59      683C4BE3 
ARM GAS  /tmp/ccsE9Ev0.s 			page 4


  59      391A7D68 
  59      3C4FE305 
  60 0161 D197C64B 		.ascii	"\321\227\306K4\372\321\350O\343e\032\257\320x\225\306"
  60      34FAD1E8 
  60      4FE3651A 
  60      AFD07895 
  60      C6
  61 0172 6B346269 		.ascii	"k4bi\014\240\021Gc \215A4\006\323\030Bc(\215\327i\014"
  61      0CA01147 
  61      63208D41 
  61      3406D318 
  61      4263288D 
  62 0189 A3319CC6 		.ascii	"\2431\234\306\010\032o\320\030Ic\024\215\3214\336\244"
  62      081A6FD0 
  62      18496314 
  62      8DD134DE 
  62      A4
  63 019a 3186C658 		.ascii	"1\206\306X\032\343h\274E\343m\032\343iL\2401\221\306"
  63      1AE368BC 
  63      45E36D1A 
  63      E3694CA0 
  63      3191C6
  64 01ad 3B3426D1 		.ascii	";4&\321x\227\206\313u\201?p\332\206\032\303\240\037"
  64      789786CB 
  64      75813F70 
  64      DA861AC3 
  64      A01F
  65 01bf CD13AC20 		.ascii	"\315\023\254 ;\363\332\212 :\203{\006\255\306\375\235"
  65      3BF3DA8A 
  65      203A837B 
  65      06ADC6FD 
  65      9D
  66 01d0 A70FB9E9 		.ascii	"\247\017\271\351p\203\2747gzq\300g/\034\250\010\301"
  66      7083BC37 
  66      677A71C0 
  66      672F1CA8 
  66      08C1
  67 01e2 5F72D12F 		.ascii	"_r\321/\223\036\237\365\005-ci\314g\004\263\015\374"
  67      931E9FF5 
  67      052D6369 
  67      CC6704B3 
  67      0DFC
  68 01f4 8437F213 		.ascii	"\2047\362\023\246\027\026\244\336\371&,v\23571>\304"
  68      A61716A4 
  68      DEF9262C 
  68      769D3731 
  68      3EC4
  69 0206 6774629B 		.ascii	"gtb\233\3302v\033K\3056\263X\327\0116\255!\330\177\037"
  69      D832761B 
  69      4BC536B3 
  69      58D70936 
  69      AD21D87F 
  70 021b D37FABD4 		.ascii	"\323\177\253\324\3439\271\235\210\353n\342\353\221\311"
  70      E339B99D 
  70      88EB6EE2 
  70      EB91C9
  71 022a 295C2795 		.ascii	")\\'\225\3215\016n\223\245n\263\205\305r8Q\262+\256"
ARM GAS  /tmp/ccsE9Ev0.s 			page 5


  71      D1350E6E 
  71      93A56EB3 
  71      85C57238 
  71      51B22BAE 
  72 023e 31FFBD82 		.ascii	"1\377\275\202\034\240~\001\212v\221m\0154&P\207\015"
  72      1CA07E01 
  72      8A76916D 
  72      0D342650 
  72      870D
  73 0250 B315761B 		.ascii	"\263\025v\033\031\006\273\216\262\204\374\212\022\311"
  73      1906BB8E 
  73      B284FC8A 
  73      12C9
  74 025e 395EBC67 		.ascii	"9^\274g\255\247\377\317\374;\242*c\365\205q\374kB\304"
  74      ADA7FFCF 
  74      FC3BA22A 
  74      63F58571 
  74      FC6B42C4 
  75 0272 B734CB61 		.ascii	"\2674\313a\375\255\007`\002\277\365~z]\004\277o<\377"
  75      FDAD0760 
  75      02BFF57E 
  75      7A5D04BF 
  75      6F3CFF
  76 0285 82CB8591 		.ascii	"\202\313\205\221>#\364\236\021\302\266\213\233_/\230"
  76      3E23F49E 
  76      11C2B68B 
  76      9B5F2F98 
  77 0295 F7A033BF 		.ascii	"\367\2403\277y\027\237\021\306v\340\326\364t\370+ks"
  77      79179F11 
  77      C676E0D6 
  77      F474F82B 
  77      6B73
  78 02a7 EB4E75FE 		.ascii	"\353Nu\376\352\2417\305\233o\362{\260\235,\226\014\\"
  78      EAA137C5 
  78      9B6FF27B 
  78      B09D2C96 
  78      0C5C
  79 02b9 6C17FB8A 		.ascii	"l\027\373\212+\031B\347\304\276\202\321\346D|\343\357"
  79      2B1942E7 
  79      C4BE82D1 
  79      E6447CE3 
  79      EF
  80 02ca 3F7E23DD 		.ascii	"?~#\335\214Y\301\277\265\253r\012\377\221\237\270\334"
  80      8C59C1BF 
  80      B5AB720A 
  80      FF919FB8 
  80      DC
  81 02db FBB8A989 		.ascii	"\373\270\251\211\277]\017\313\015\374\006\027\272\277"
  81      BF5D0FCB 
  81      0DFC0617 
  81      BABF
  82 02e9 B218FE55 		.ascii	"\262\030\376UY\325+\027c\205<^/\255\020\313\343W\004"
  82      59D52B17 
  82      63853C5E 
  82      2FAD10CB 
  82      E35704
  83 02fc BEE5DAEC 		.ascii	"\276\345\332\354\222G\254\025pH\313r\010p>\213\241g"
ARM GAS  /tmp/ccsE9Ev0.s 			page 6


  83      9247AC15 
  83      7048CB72 
  83      08703E8B 
  83      A167
  84 030e C11F7F42 		.ascii	"\301\037\177B\366\255\274\221\001\031\001\226.\340w"
  84      F6ADBC91 
  84      01190196 
  84      2EE077
  85 031d 474CEA0D 		.ascii	"GL\352\015\32624l7\177\237.V@g\331\325\372DCZ>Q\376"
  85      D632346C 
  85      377F9F2E 
  85      564067D9 
  85      D5FA4443 
  86 0335 F4C3E971 		.ascii	"\364\303\351q\026\266x\234)\336\252\246/}F\004\333\203"
  86      16B6789C 
  86      29DEAAA6 
  86      2F7D4604 
  86      DB83
  87 0347 476AFA91 		.ascii	"Gj\372\221\254\010{R\220\272\242\007\301\255d\017\276"
  87      AC087B52 
  87      90BAA207 
  87      C1AD640F 
  87      BE
  88 0358 FC717AE2 		.ascii	"\374qz\342<\017\221S\210\034I\217\202\025\013t^\351"
  88      3C0F9153 
  88      881C498F 
  88      82150B74 
  88      5EE9
  89 036a 4FD5A158 		.ascii	"O\325\241X\223\374(\332\223\022\220\335\202\274\227"
  89      93FC28DA 
  89      931290DD 
  89      82BC97
  90 0379 56A52BDE 		.ascii	"V\245+\336q\346\236\025\235\374\356\335\354\311v!\321"
  90      71E69E15 
  90      9DFCEEDD 
  90      ECC97621 
  90      D1
  91 038a 7DC00509 		.ascii	"}\300\005\011\\iKQ'f\373\201\012\026\250\337\310\254"
  91      5C694B51 
  91      2766FB81 
  91      0A16A8DF 
  91      C8AC
  92 039c 9BFF2C9A 		.ascii	"\233\377,\232\315\272;0+\003\256\223\300\225\353\230"
  92      CDBA3B30 
  92      2B03AE93 
  92      C095EB98 
  93 03ac 1D002A44 		.ascii	"\035\000*D\240\016\222Yw\3773+\222f=\034\230U\000\027"
  93      A00E9259 
  93      77FF332B 
  93      92663D1C 
  93      98550017 
  94 03c0 2A70BFEB 		.ascii	"*p\277\353\230\035\002*L\240\016\223Y\017\3773k6\353"
  94      981D022A 
  94      4CA00E93 
  94      590FFF33 
  94      6B36EB
  95 03d3 E9C0EC08 		.ascii	"\351\300\354\010p\036\201;\252cV\011T\270@\035#\263"
ARM GAS  /tmp/ccsE9Ev0.s 			page 7


  95      701E813B 
  95      AA635609 
  95      54B8401D 
  95      23B3
  96 03e5 9EFE6756 		.ascii	"\236\376gV,\315z90;\016\\\204\300\235\3201;\011T\244"
  96      2CCD7A39 
  96      303B0E5C 
  96      84C09DD0 
  96      313B0954 
  97 03fa 409D22B3 		.ascii	"@\235\"\263^\376g\326l\026\345\300\3544p\235\005\356"
  97      5EFE67D6 
  97      6C16E5C0 
  97      EC34709D 
  97      05EE
  98 040c 8C8ED959 		.ascii	"\214\216\331Y\240DHX\025\231E\241i\225v2^\215\214[\273"
  98      A0444858 
  98      159945A1 
  98      69957632 
  98      5E8D8C5B 
  99 0421 7DB5FD6E 		.ascii	"}\265\375n\237\303\355\376\320z\267\317\313n_\010\350"
  99      9FC3EDFE 
  99      D07AB7CF 
  99      CB6E5F08 
  99      E8
 100 0432 B6D358D7 		.ascii	"\266\323X\327 \326\011\333\027\227z\374\261\236\211"
 100      20D609DB 
 100      17977AFC 
 100      B19E89
 101 0441 585F14B1 		.ascii	"X_\024\261\256\354p\254/\361\026W\267\025k\302\322\005"
 101      AEEC70AC 
 101      2FF11657 
 101      B7156BC2 
 101      D205
 102 0453 35EDC4FA 		.ascii	"5\355\304\3722b]K\307\035\312_\313\271]\227\036\206"
 102      32625D4B 
 102      C71DCA5F 
 102      CBB95D97 
 102      1E86
 103 0465 58F746AC 		.ascii	"X\367F\254\257\327.\362\004\236\376\025\361\014\257"
 103      AFD72EF2 
 103      049EFE15 
 103      F10CAF
 104 0474 6CD8586E 		.ascii	"l\330XnZc}U\306\232\220\354\232\332\200Z\274\263s\273"
 104      5A637D55 
 104      C69A90EC 
 104      9ADA805A 
 104      BCB373BB 
 105 0488 33F6875B 		.ascii	"3\366\207[6\340\242e\0036\356\312[\026a\331\200:Yg\240"
 105      36E0A265 
 105      0336EECA 
 105      5B1661D9 
 105      803A5967 
 106 049d AED30684 		.ascii	"\256\323\006\204\252:C\366){v\330\315\033\262\316\300"
 106      AA3A43F6 
 106      297B76D8 
 106      CD1BB2CE 
 106      C0
ARM GAS  /tmp/ccsE9Ev0.s 			page 8


 107 04ae DDD431BB 		.ascii	"\335\3241\273%\353\014\324m2{J\325\031f\321\016\314"
 107      25EB0CD4 
 107      6D327B4A 
 107      D51966D1 
 107      0ECC
 108 04c0 EA659D81 		.ascii	"\352e\235\201k\3201\273#\353\014\324]2\213Vu\206\331"
 108      6BD031BB 
 108      23EB0CD4 
 108      5D328B56 
 108      7586D9
 109 04d3 D30ECCEE 		.ascii	"\323\016\314\356\311:\003w_\307\314'\353\014\324\003"
 109      C93A0377 
 109      5FC7CC27 
 109      EB0CD403 
 110 04e3 327B5AD5 		.ascii	"2{Z\325\031f\275\035\230=\224u\006\356\221\216Y\243"
 110      1966BD1D 
 110      983D9475 
 110      06EE918E 
 110      59A3
 111 04f5 AC33508F 		.ascii	"\2543P\217\311\254\267\2523\314\236q`\326$\353\014\234"
 111      C9ACB7AA 
 111      33CC9E71 
 111      60D624EB 
 111      0C9C
 112 0507 D7D0308B 		.ascii	"\327\3200\2137D\235\201J0\270\3313\252\3160{\326\201"
 112      37449D81 
 112      4A30B8D9 
 112      33AACE30 
 112      7BD681
 113 051a D93443D4 		.ascii	"\3314C\324\031\270D\035\263\351\206\2503PId\366,\"v"
 113      19B8441D 
 113      B3E986A8 
 113      33504964 
 113      F62C2276 
 114 052e DA4E9D67 		.ascii	"\332N\235g\030-\353|\275\375:\317\304\355\272\266^\347"
 114      182DEB7C 
 114      BDFD3ACF 
 114      C4EDBAB6 
 114      5EE7
 115 0540 5986A8F3 		.ascii	"Y\206\250\363lC\247\316s\014\252s\356\305\325sE\235"
 115      6C43A7CE 
 115      730CAA73 
 115      EEC5D573 
 115      459D
 116 0552 5350E764 		.ascii	"SP\347d#\272\305\033sZ\347\271F\014\275\343\326\353"
 116      23BAC51B 
 116      735AE7B9 
 116      460CBDE3 
 116      D6EB
 117 0564 4C58BA80 		.ascii	"LX\272\200\337\275\315:\3173\250\316\363\351\337\211"
 117      DFBDCD3A 
 117      CF33A8CE 
 117      F3E9DF89 
 118 0574 C2F86B75 		.ascii	"\302\370ku\363w^\305\247\001!#\350\322\273E\013N\266"
 118      F3775EC5 
 118      A7012123 
 118      E8D2BB45 
ARM GAS  /tmp/ccsE9Ev0.s 			page 9


 118      0B4EB6
 119 0587 38FD14C3 		.ascii	"8\375\024\303\377\014\223\022\012\023\230\265\316\013"
 119      FF0C9312 
 119      0A1398B5 
 119      CE0B
 120 0595 0C516742 		.ascii	"\014QgB\262T\265\001\034\316\257\337\266\3622\375}\260"
 120      B254B501 
 120      1CCEAFDF 
 120      B6F232FD 
 120      7DB0
 121 05a7 7903F87B 		.ascii	"y\003\370{o\336\200\245sk\266\031\226\015\370\306\020"
 121      6FDE80A5 
 121      736BB619 
 121      960DF8C6 
 121      10
 122 05b8 7506EA5B 		.ascii	"u\006\352[\332\2000Ug\310>g\317\016\273\271\320\020"
 122      DA803055 
 122      67C83E67 
 122      CF0EBBB9 
 122      D010
 123 05ca 75066E91 		.ascii	"u\006n\221\216\331bC\324\031\250%d\366\234\2523\314"
 123      8ED96243 
 123      D419A825 
 123      64F69CAA 
 123      33CC
 124 05dc FA3830FB 		.ascii	"\37280\373\316\020u\006\356{\035\2634C\324\031\250\245"
 124      CE107506 
 124      EE7B1DB3 
 124      3443D419 
 124      A8A5
 125 05ee 64D647D5 		.ascii	"d\326G\325\031f\317;0[f\210:\003\367\203\216Y\272!\352"
 125      1966CF3B 
 125      305B6688 
 125      3A03F783 
 125      8E59BA21 
 126 0603 0CD47232 		.ascii	"\014\324r2{^\325\031f/80[a\210:\003\367\243\216\331"
 126      7B5ED519 
 126      662F3830 
 126      5B61883A 
 126      03F7A38E 
 127 0618 4A43D419 		.ascii	"JC\324\031\250\237\310\354\005Ug\230\30580[e\210:\003"
 127      A89FC8EC 
 127      05556798 
 127      C538305B 
 127      65883A03 
 128 062c F7B38ED9 		.ascii	"\367\263\216\331jYg\2402\310,F\325\031f/:0[#\353\014"
 128      6A5967A0 
 128      32C82C46 
 128      D519662F 
 128      3A305B23 
 129 0642 DC5A1DB3 		.ascii	"\334Z\035\263u\262\316@\255'\263\027\021\261z;u\336"
 129      75B2CE40 
 129      AD27B317 
 129      11B17A3B 
 129      75DE
 130 0654 F0449D7D 		.ascii	"\360D\235}\355\327y#n\327\255\365:o\222u\336\254U\347"
 130      EDD77923 
ARM GAS  /tmp/ccsE9Ev0.s 			page 10


 130      6ED7ADF5 
 130      3A6F9275 
 130      DEAC55E7 
 131 0668 4C9C72FC 		.ascii	"L\234r\374\272\246T\323_\347%\250s\226\250s}\207\353"
 131      BAA654D3 
 131      5FE725A8 
 131      7396A873 
 131      7D87EB
 132 067b BC85C777 		.ascii	"\274\205\307wC[u&,]\220\331N\235\177A\235\267\322q{"
 132      435B7526 
 132      2C5D90D9 
 132      4E9D7F41 
 132      9DB7D271 
 133 0690 E8FD6F49 		.ascii	"\350\375oIx\210\317\330B>\242K7\317N\375W\340\341g\213"
 133      7888CFD8 
 133      423EA24B 
 133      37CF4EFD 
 133      57E0E167 
 134 06a5 C35F14BF 		.ascii	"\303_\024\277<7\302\032\347m2\316Dd9j\001\266b\001."
 134      3C37C21A 
 134      E76D32CE 
 134      4464396A 
 134      01B66201 
 135 06ba 955FF99F 		.ascii	"\225_\371\237\345\374\263,\347\237\326P\236\020d9\377"
 135      E5FCB32C 
 135      E79FD650 
 135      9E106439 
 135      FF
 136 06cb EDB2CD20 		.ascii	"\355\262\315 \355\240\363\367\2506C\265\257-7,\346N"
 136      EDA0F3F7 
 136      A83643B5 
 136      AF2D372C 
 136      E64E
 137 06dd 9966D076 		.ascii	"\231f\320vix\345\3122\203\364+y\365Ue\206\327K\366\275"
 137      6978E5CA 
 137      3283F42B 
 137      79F55565 
 137      86D74BF6 
 138 06f2 F2649841 		.ascii	"\362d\230A\313\327\360\332-\273\014R\001y\275\244\272"
 138      CBD7F0DA 
 138      2DBB0C52 
 138      0179BDA4 
 138      BA
 139 0703 0CAF7EF6 		.ascii	"\014\257~\366\275\012e\226A\333\243\341U$\253\014R1"
 139      BD0A6596 
 139      41DBA3E1 
 139      5524AB0C 
 139      5231
 140 0715 79F55355 		.ascii	"y\365SU\206W\177\373^%2\312\240\355\325\360\332'\233"
 140      86577FFB 
 140      5E2532CA 
 140      A0EDD5F0 
 140      DA279B
 141 0728 0C522979 		.ascii	"\014R)y\365WM\206\327\313\366\275\366\313$\203\366\233"
 141      F5574D86 
 141      D7CBF6BD 
 141      F6CB2483 
ARM GAS  /tmp/ccsE9Ev0.s 			page 11


 141      F69B
 142 073a 8657992C 		.ascii	"\206W\231,2H\345\344\365\262*2\274^\261\357u@\006\031"
 142      3248E5E4 
 142      F5B22A32 
 142      BC5EB1EF 
 142      75400619 
 143 074e B4831A5E 		.ascii	"\264\203\032^\025\262\307 \375N^\257 [>;=>\364D\217"
 143      15B2C720 
 143      FD4E5EAF 
 143      205B3E3B 
 143      3D3EF444 
 144 0763 1FB5DFE3 		.ascii	"\037\265\337\343\303\270]\367\326{|D\366\370\250V\217"
 144      C3B85DF7 
 144      D67B7C44 
 144      F6F8A856 
 144      8F
 145 0774 2BD1E3D2 		.ascii	"+\321\343\322\275\253\266\207\372{\274\034=>&z\354\353"
 145      BDABB687 
 145      FA7BBC1C 
 145      3D3E267A 
 145      ECEB
 146 0786 708F8FF3 		.ascii	"p\217\217\363\334\036j\253\307\204\245\013*\333\351"
 146      DC1E6AAB 
 146      C784A50B 
 146      2ADBE9
 147 0795 F109F4F8 		.ascii	"\361\011\364\370$\035v8}\256t\342\321<\003=\236J\227"
 147      241D7638 
 147      7DAE74E2 
 147      D13C033D 
 147      9E4A97
 148 07a8 1EF4AE79 		.ascii	"\036\364\256yd\006\036\376)q\370K2.\257\016\262\006"
 148      64061EFE 
 148      2971F84B 
 148      322EAF0E 
 148      B206
 149 07ba F9B40C32 		.ascii	"\371\264\0142!\331\031\265\000'\261\000w\036\2549\032"
 149      21D919B5 
 149      0027B100 
 149      771EAC39 
 149      1A
 150 07cb 66D98063 		.ascii	"f\331\200c\226"
 150      96
 151 07d0 0D98D198 		.ascii	"\015\230\321\230\375\261\365\303,\031d\220\252h\001"
 151      FDB1F5C3 
 151      2C196490 
 151      AA6801
 152 07df C25590E1 		.ascii	"\302U\220\341\372\252=9lf\265,2p\3474\304\316\313\""
 152      FAAA3D39 
 152      6C66B52C 
 152      3270E734 
 152      C4CECB22 
 153 07f3 837481C4 		.ascii	"\203t\201\304^UE\206\330k\016\304jd\222\201\273\250"
 153      5E554586 
 153      D86B0EC4 
 153      6A649281 
 153      BBA8
 154 0805 21764926 		.ascii	"!vI&\031\244\313$\366\232J2\304b\035\210\325\312&\003"
ARM GAS  /tmp/ccsE9Ev0.s 			page 12


 154      19A4CB24 
 154      F69A4A32 
 154      C4621D88 
 154      D5CA2603 
 155 0819 774543EC 		.ascii	"wEC\354\252l2H\327H,V5\031b\003\034\210\325\311(\003"
 155      AA6C3248 
 155      D7482C56 
 155      35196203 
 155      1C88D5C9 
 156 082f 775D43EC 		.ascii	"w]C\354\206\2142H7Il\200\2122\304\342\034\210\335\222"
 156      868C3248 
 156      37496C80 
 156      8A32C4E2 
 156      1C88DD92 
 157 0843 5506EEB6 		.ascii	"U\006\356\266\206X\275\2542H\015$\026\247\252\014\261"
 157      8658BDAC 
 157      32480D24 
 157      16A7AA0C 
 157      B1
 158 0854 810EC4EE 		.ascii	"\201\016\304\356\310,\003wWC\354\236\3142H\367Il \352"
 158      C82C0377 
 158      5743EC9E 
 158      CC3248F7 
 158      496C20EA 
 159 0868 D56427CB 		.ascii	"\325d'\313\276'\262\334\324~\226\037\340v=Z\317\362"
 159      BE27B2DC 
 159      D47E961F 
 159      E0763D5A 
 159      CFF2
 160 087a 4399E547 		.ascii	"C\231\345GZYnD\226\317\345\326^\023\037bd \313\217E"
 160      5A596E44 
 160      96CFE5D6 
 160      5E131F62 
 160      6420CB8F 
 161 088f 969B3A9C 		.ascii	"\226\233:\234\345&^]_[Y&,]\320\330N\226\275&e9\336\344"
 161      E5265E5D 
 161      5F5B5926 
 161      2C5DD0D8 
 161      4E96BD26 
 162 08a7 A71DC15F 		.ascii	"\247\035\301_\333u\245\241\330\237\345d\\\273\376\273"
 162      DB75A5A1 
 162      D89FE564 
 162      5CBBFEBB 
 163 08b7 E4BF041E 		.ascii	"\344\277\004\036~\202\351\177\206\3136\224/\012\370"
 163      7E82E97F 
 163      86CB3694 
 163      2F0AF8
 164 08c6 EF81D34C 		.ascii	"\357\201\323L\221eB\262D\263y\0018\234_\177 \257\250"
 164      916542B2 
 164      44B37901 
 164      389C5F7F 
 164      20AFA8
 165 08d9 C6FA2F4A 		.ascii	"\306\372/J\217-\0130\275\260t\216i\375\030\313\024]"
 165      8F2D0B30 
 165      BDB0748E 
 165      69FD18CB 
 165      145D
ARM GAS  /tmp/ccsE9Ev0.s 			page 13


 166 08eb 062AC9E4 		.ascii	"\006*\311\344\033\020\241\272\014\331A\266\344\260\231"
 166      1B10A1BA 
 166      0CD941B6 
 166      E4B099
 167 08fa 334C9165 		.ascii	"3L\221e\320f\352\210\3152E\227\201\232Mb\203T\227!6"
 167      D066EA88 
 167      CD324597 
 167      819A4D62 
 167      83549721 
 168 090f D8BED81C 		.ascii	"\330\276\330\034Sd\031\264d\035\261\271\246\3502P\363"
 168      536419B4 
 168      641DB1B9 
 168      A6E83250 
 168      F3
 169 0920 486CB0EA 		.ascii	"Hl\260\3522\304\206\330\027\233o\212,\203\226\242#\266"
 169      32C486D8 
 169      179B6F8A 
 169      2C8396A2 
 169      23B6
 170 0932 C0145D06 		.ascii	"\300\024]\006*\225\304\206\250.Cl\250}\261oL\221e\320"
 170      2A95C486 
 170      A82E436C 
 170      A87DB16F 
 170      4C9165D0 
 171 0946 BED5115B 		.ascii	"\276\325\021[h\212.\003\265\210\304\206\252.C\354u\373"
 171      688A2E03 
 171      B588C486 
 171      AA2E43EC 
 171      75FB
 172 0958 628B4D91 		.ascii	"b\213M\221e\320\226\350\210}g\212.\003\365=\211\275"
 172      65D096E8 
 172      887D678A 
 172      2E03F53D 
 172      89BD
 173 096a AEBA0CB1 		.ascii	"\256\272\014\261a\366\305\322L\221e\320\226\352\210"
 173      61F6C5D2 
 173      4C9165D0 
 173      96EA88
 174 0979 2D334597 		.ascii	"-3E\227\201\372\201\304\206!_\013Kmt9\335l\331\345\331"
 174      81FA81C4 
 174      86215F0B 
 174      4B6D7439 
 174      DD6CD9E5 
 175 098e 45ED7679 		.ascii	"E\355vy9n\327\263\365.\2570E\227\1774u\272\274\322\244"
 175      396ED7B3 
 175      F52EAF30 
 175      45977F34 
 175      75BABCD2 
 176 09a3 2E9F3F95 		.ascii	".\237?\225Q\034\356\357\362ft\371'3\272\305\033s\332"
 176      511CEEEF 
 176      F26674F9 
 176      2733BAC5 
 176      1B73DA
 177 09b6 E555660C 		.ascii	"\345Uf\014\275\343\326\273LX\272\200\337\275\315.\377"
 177      BDE3D6BB 
 177      4C58BA80 
 177      DFBDCD2E 
ARM GAS  /tmp/ccsE9Ev0.s 			page 14


 177      FF
 178 09c7 8C2EAFA6 		.ascii	"\214.\257\246\323\216\344\257\225{\257'\373\177\237"
 178      D38EE4AF 
 178      957BAF27 
 178      FB7F9F
 179 09d6 4606AEAD 		.ascii	"F\006\256\255\272w>\317\035x\374\031\342\370o\026\324"
 179      BA773ECF 
 179      1D78FC19 
 179      E2F86F16 
 179      D4
 180 09e7 6719D630 		.ascii	"g\031\3260\257\221a&&[\253V`5V\240\274\352\301\202`"
 180      AF916126 
 180      265BAB56 
 180      603556A0 
 180      BCEAC182 
 181 09fc CB0AF037 		.ascii	"\313\012\3607\337\274\002Wk\267\336\213\264~\202%\303"
 181      DFBC0257 
 181      6BB7DE8B 
 181      B47E8225 
 181      C3
 182 0a0d 0CD47A5A 		.ascii	"\014\324zZ\201H\025f\330\016\267g\207\345\334 \313\014"
 182      81481566 
 182      D80EB767 
 182      87E5DC20 
 182      CB0C
 183 0a1f DC461DB3 		.ascii	"\334F\035\263M\262\314@m&\263\341\252\3140\033\341\300"
 183      4DB2CC40 
 183      6D26B3E1 
 183      AACC301B 
 183      E1C0
 184 0a31 2C53A619 		.ascii	",S\246\031\270,\035\263-2\315@\375Bf#T\232a\366\206"
 184      B82C1DB3 
 184      2D32CD40 
 184      FD426623 
 184      549A61F6 
 185 0a46 03B3ADB2 		.ascii	"\003\263\255\262\315\300e\353\230m\223m\006*\207\314"
 185      CDC065EB 
 185      986D936D 
 185      062A87CC 
 186 0a56 DE506D86 		.ascii	"\336Pm\206\331H\007f\333e\234\201\333\241c\266S\306"
 186      D9480766 
 186      DB659C81 
 186      DBA163B6 
 186      53C6
 187 0a68 19A85D64 		.ascii	"\031\250]d6R\305\031f\243\034\230\345\312:\003\367\253"
 187      3652C519 
 187      66A31C98 
 187      E5CA3A03 
 187      F7AB
 188 0a7a 8E599EAC 		.ascii	"\216Y\236\2543P\371d6J\325\031f\243\035\230\355\226"
 188      3350F964 
 188      364AD519 
 188      66A31D98 
 188      ED96
 189 0a8c 7906AE40 		.ascii	"y\006\256@\307\254P\346\031\250=d6\032\025K\263\223"
 189      C7AC50E6 
 189      19A83D64 
ARM GAS  /tmp/ccsE9Ev0.s 			page 15


 189      361A154B 
 189      B393
 190 0a9e E7A227F2 		.ascii	"\347\242'\362<\267\375<\027\343v\275Z\317s\211\314\363"
 190      3CB7FD3C 
 190      17E376BD 
 190      5ACF7389 
 190      CCF3
 191 0ab0 5EAD3CEF 		.ascii	"^\255<\357C\236\317\334\275S\342\377\235d\336\034\344"
 191      439ECFDC 
 191      BD53E2FF 
 191      9D64DE1C 
 191      E4
 192 0ac1 B954E439 		.ascii	"\271T\3449\255\303y\336\317\353[\324V\236\011K\027\354"
 192      ADC379DE 
 192      CFEB5BD4 
 192      569E094B 
 192      17EC
 193 0ad3 6B27CFBF 		.ascii	"k'\317\277!\317et\334\235\371kkVd\257\365\377\316\214"
 193      21CF6574 
 193      DC9DF96B 
 193      6B5664AF 
 193      F5FFCE8C 
 194 0ae7 3DB8F6CC 		.ascii	"=\270\366\314\321\212\205\241\201\307_.\216\377\334"
 194      D18A85A1 
 194      81C75F2E 
 194      8EFFDC
 195 0af6 D2FB5F5B 		.ascii	"\322\373_[\353|@\326\231\220\354\240\332\2002l@\331"
 195      EB7C40D6 
 195      9990ECA0 
 195      DA80326C 
 195      40D9
 196 0b08 B58C2341 		.ascii	"\265\214#A\226\015(\265l@qu\332\354N\326\317\263d\235"
 196      960D28B5 
 196      6C407175 
 196      DAEC4ED6 
 196      CFB3649D 
 197 0b1c 81FA9D36 		.ascii	"\201\372\2356\240\263\2523d\337\264%\207\325<$\343\014"
 197      A0B3AA33 
 197      64DFB425 
 197      87D53C24 
 197      E30C
 198 0b2e DA611DB1 		.ascii	"\332a\035\261#2\316@\035%\2617U\234!6\306\276X\245l"
 198      2332CE40 
 198      1D25B137 
 198      559C2136 
 198      C6BE58A5 
 199 0b43 3368C774 		.ascii	"3h\307t\304\216\3136\003u\202\304\306\2506Cl\254}\261"
 199      C48ECB36 
 199      037582C4 
 199      C6A83643 
 199      6CAC7DB1 
 200 0b57 9332CDA0 		.ascii	"\2232\315\240\235\322\021;-\323\014\324\031\022\033"
 200      9DD2113B 
 200      2DD30CD4 
 200      19121B
 201 0b66 ABD20CB1 		.ascii	"\253\322\014\261q\366\305\316\3122\203V\245#V-\313\014"
 201      71F6C5CE 
ARM GAS  /tmp/ccsE9Ev0.s 			page 16


 201      CA328356 
 201      A523562D 
 201      CB0C
 202 0b78 D439121B 		.ascii	"\3249\022\033\247\312\014\261\267\354\213\235\227a\006"
 202      A7CA0CB1 
 202      B7EC8B9D 
 202      976106
 203 0b87 ED828E58 		.ascii	"\355\202\216X\215\0143P\027I\354-\025f\210\275m_\354"
 203      8D0C3350 
 203      1749EC2D 
 203      156688BD 
 203      6D5FEC
 204 0b9a 92EC3268 		.ascii	"\222\3542h\227u\304je\227\201\272Bbo#_\231v\272|\365"
 204      9775C46A 
 204      659781BA 
 204      42626F23 
 204      5F9976BA 
 205 0bb0 892E2F69 		.ascii	"\211./i\277\313\327p\273\250\326\273\\'\273|]\253\313"
 205      BFCBD770 
 205      BBA8D6BB 
 205      5C27BB7C 
 205      5DABCB
 206 0bc3 37D0E5C6 		.ascii	"7\320\345\306Y\305I\342\2677\347\243\3137E\2273;\334"
 206      59C549E2 
 206      B737E7A3 
 206      CB374597 
 206      333BDC
 207 0bd6 E55B3CBB 		.ascii	"\345[<\273W\333\3522a\351\202\033\355t\3716\272\\O\247"
 207      57DBEA32 
 207      61E9821B 
 207      ED74F936 
 207      BA5C4FA7 
 208 0bea DD85BF36 		.ascii	"\335\205\2776\315\347M\365\177\234Q\205k\343\227OO\013"
 208      CDE74DF5 
 208      7F9C5185 
 208      6BE3974F 
 208      4F0B
 209 0bfc 0E3CFD06 		.ascii	"\016<\375\006q\372\313\227-\235\036\360\217\315wd\230"
 209      71FACB97 
 209      2D9D1EF0 
 209      8FCD7764 
 209      98
 210 0c0d 89C9EEAA 		.ascii	"\211\311\356\252\025\250\307\012T\246_Zi\375[\363M\313"
 210      15A8C70A 
 210      54A65F5A 
 210      69FD5BF3 
 210      4DCB
 211 0c1f 0AF80ECF 		.ascii	"\012\370\016\317?\026f\375DK\206\031\250\373\264\002"
 211      3F1666FD 
 211      444B8619 
 211      A8FBB402 
 212 0c2f 5D549861 		.ascii	"]T\230a;\336\236\035\226\323'\313\014\334\003\035\263"
 212      3BDE9E1D 
 212      96D327CB 
 212      0CDC031D 
 212      B3
 213 0c40 87B2CC40 		.ascii	"\207\262\314@=\"\263\361\252\3140\233\340\300\254Q\246"
ARM GAS  /tmp/ccsE9Ev0.s 			page 17


 213      3D22B3F1 
 213      AACC309B 
 213      E0C0AC51 
 213      A6
 214 0c51 19B8C73A 		.ascii	"\031\270\307:fM2\315@y\335\334l\202J3\314&:0\213w\213"
 214      664D32CD 
 214      4079DDDC 
 214      6C824A33 
 214      CC263A30 
 215 0c68 360397E0 		.ascii	"6\003\227\340\3260\233\346\026m\006*\221\314&\2526\303"
 215      D6309BE6 
 215      166D062A 
 215      91CC26AA 
 215      36C3
 216 0c7a EC1D0766 		.ascii	"\354\035\007f\323\335\"\316\300%\351\230\315p\2138\003"
 216      D3DD22CE 
 216      C025E998 
 216      CD708B38 
 216      03
 217 0c8b 3593CCDE 		.ascii	"5\223\314\336Qq\206\331$\007f\263\334\242\316\300\315"
 217      517186D9 
 217      240766B3 
 217      DCA2CEC0 
 217      CD
 218 0c9c D6319BE3 		.ascii	"\3261\233\343\026u\006*\231\314&\251:\303\354]\007f"
 218      1675062A 
 218      99CC26A9 
 218      3AC3EC5D 
 218      0766
 219 0cae 73DD22CF 		.ascii	"s\335\"\317\300\315\3231\233\357\026y\006*\205\314\336"
 219      C0CDD331 
 219      9BEF1679 
 219      062A85CC 
 219      DE
 220 0cbf 759D61F1 		.ascii	"u\235a\361\371\025\357!\225.\372\237\205\030\375OB\206"
 220      F915EF21 
 220      952EFA9F 
 220      8518FD4F 
 220      4286
 221 0cd1 CB356AFC 		.ascii	"\3135j\374g\223\3776\371\203\017?\0364|\300\260\001"
 221      6793FF36 
 221      F9830F3F 
 221      1E347CC0 
 221      B001
 222 0ce3 03E3A67C 		.ascii	"\003\343\246|\021\367\331_?\217\233:\345?_~\021\367"
 222      11F7D95F 
 222      3F8F9B3A 
 222      E53F5F7E 
 222      11F7
 223 0cf5 E1477F1A 		.ascii	"\341G\177\03228\356\375\367'\304M\372\363\037?\370\357"
 223      3238EEFD 
 223      F727C44D 
 223      FAF31F3F 
 223      F8EF
 224 0d07 607AE9E3 		.ascii	"`z\351\343\251\374\317\317?\377\373\200O\\\301\237L"
 224      A9FCCFCF 
 224      3FFFFB80 
ARM GAS  /tmp/ccsE9Ev0.s 			page 18


 224      4F5CC19F 
 224      4C
 225 0d18 F9F73F27 		.ascii	"\371\367?'\177\032\364\351\324\311S\246\376\037\307"
 225      7F1AF4E9 
 225      D4C953A6 
 225      FE1FC7
 226 0d27 FDEFDA   		.ascii	"\375\357\332"
 227              		.text
 228              		.section	.gnu.lto__pal_lld_setgroupmode.e8c2388c7f882c,"",%progbits
 229 0000 789C9D57 		.ascii	"x\234\235W\013PU\327\025\275\373\334\367\343}\300O\252"
 229      0B5055D7 
 229      15BDFBDC 
 229      F7E37DC0 
 229      4FAA
 230 0012 881A3F48 		.ascii	"\210\032?HH\223 \240\206\372\251XC\023m\"\203\012\235"
 230      489320A0 
 230      86FAA958 
 230      43136D22 
 230      830A9D
 231 0025 4E3B9D49 		.ascii	"N;\235I\264:\243S(\024h\247\355L\247O\004b\032\322\241"
 231      B43AA353 
 231      281468A7 
 231      ED4CA74F 
 231      04621AD2 
 232 003a 74DAA406 		.ascii	"t\332\244\006'&\0061\"j\304O\0361J(\021$\250!\030\374"
 232      27260631 
 232      226AC44F 
 232      1E314A28 
 232      1124A821 
 233 0050 11422220 		.ascii	"\021B\" FBD\220\007\016B\367\336\347\276\257\34000s"
 233      46424490 
 233      070E42F7 
 233      DEE7BEAF 
 233      E0303073 
 234 0064 37F7ECBB 		.ascii	"7\367\354\273\366:{\355\263\317\275\347\251\312\203"
 234      F63A7BED 
 234      B3CFBDE7 
 234      A9CA83
 235 0073 7F6578FD 		.ascii	"\177ex\375n\222\242d\341\177\010R@\344\237W\224m&\001"
 235      6E92A264 
 235      E17F0852 
 235      40E49F57 
 235      946D2601 
 236 0087 AABC5185 		.ascii	"\252\274Q\205nG\270b7[\311ZuB\177\373\0078\012\330\275"
 236      6E47B862 
 236      375BC95A 
 236      75427FFB 
 236      07380AD8 
 237 009c 18477A61 		.ascii	"\030Gza\340gF~f\000\223\0141\272nL`\2257\001\302\314"
 237      E067467E 
 237      6600930C 
 237      31BA6E4C 
 237      60953701 
 238 00b2 400B03CD 		.ascii	"@\013\003\315.\267\305uc\025\201\331F|n\313\253V\020"
 238      2EB7C575 
 238      631581D9 
 238      467C6ECB 
ARM GAS  /tmp/ccsE9Ev0.s 			page 19


 238      AB5610
 239 00c5 6093937F 		.ascii	"`\223\223\177l\012\004\240\033\005\224\277\011U\247"
 239      6C0A04A0 
 239      1B0594BF 
 239      0955A7
 240 00d4 37184D01 		.ascii	"7\030M\001f\213\325\026\0108\224\351\337\024\335\002"
 240      668BD516 
 240      083894E9 
 240      DF14DD02 
 241 00e4 F22B4ADE 		.ascii	"\362+J\336\260\204\027\331\355\366\333w.\005\347\004"
 241      B08417D9 
 241      EDF6DB77 
 241      2E05E704 
 242 00f4 0F0845E9 		.ascii	"\017\010E\351\021\022\000\305\020\216\220/\235'\362"
 242      111200C5 
 242      108E902F 
 242      9D27F2
 243 0103 6C6A2C28 		.ascii	"lj,(x\3578\330{\316\322!\006\004\314\246ayA\315\033"
 243      78EF38D8 
 243      7BCED221 
 243      0604CCA6 
 243      617941CD 
 244 0118 061A0A1D 		.ascii	"\006\032\012\035\015\033\017]\275\"\302\366\330\355"
 244      0D1B0F5D 
 244      BD22C2F6 
 244      D8ED
 245 0126 5915178E 		.ascii	"Y\025\027\216\330\177\242\033\020*\354\003\025\371\340"
 245      D87FA21B 
 245      102AEC03 
 245      15F9E0
 246 0135 3D0881FD 		.ascii	"=\010\201\375\020\242\240K\201\022\010C\364;MmNU\215"
 246      10A2A04B 
 246      81120843 
 246      F43B4D6D 
 246      4E558D
 247 0148 63DEFD95 		.ascii	"c\336\375\225\216\037r`KMQ\243\325\276z@\350\340\200"
 247      8E1F7260 
 247      4B4D51A3 
 247      D5BE7A40 
 247      E8E080
 248 015b 7FA44E81 		.ascii	"\177\244N\201R\216\2741p\263\330\246\256\346\310\373"
 248      528EBC31 
 248      70B3D8A6 
 248      AEE6C8FB 
 249 016b FBFF5968 		.ascii	"\373\377Yh\226\241g\213\0328T\017\007\375C\365\012\034"
 249      96A1678B 
 249      1A38540F 
 249      07FD43F5 
 249      0A1C
 250 017d 8230C20F 		.ascii	"\2020\302\017\326\356tX\325x\216\315=|\257I\037\372"
 250      D6EE7458 
 250      D5788ECD 
 250      3D7CAF49 
 250      1FFA
 251 018f 36C57E9A 		.ascii	"6\305~\232Sm\265\327\330\263[\206\207g\015\010\003\034"
 251      536DB5D7 
 251      D8B35B86 
ARM GAS  /tmp/ccsE9Ev0.s 			page 20


 251      87670D08 
 251      031C
 252 01a1 F665907F 		.ascii	"\366e\220\177\030\362V~\341]\275\232\310\341\267\356"
 252      18F2567E 
 252      E15DBD9A 
 252      C8E1B7EE 
 253 01b1 EEFBB785 		.ascii	"\356\373\267\205\303w\327\025\031\274\202\217\214\022"
 253      C377D715 
 253      19BC828F 
 253      8C12
 254 01bf BCA7F7B3 		.ascii	"\274\247\367\263n\223\372+\016\256*\376~W\220\014>\347"
 254      6E93FA2B 
 254      0EAE2AFE 
 254      7E57900C 
 254      3EE7
 255 01d1 137C7494 		.ascii	"\023|t\224\340w\0169~\241n\344\330\372\243}\315\201"
 255      E0770E39 
 255      7EA16EE4 
 255      D8FAA37D 
 255      CD81
 256 01e3 32F6BC4F 		.ascii	"2\366\274O\354\361Qb\353;o\034\012P\267p\260\375h\301"
 256      ECF15162 
 256      EB3B6F1C 
 256      0A50B770 
 256      B0FD68C1 
 257 01f7 50800CBE 		.ascii	"P\200\014\276\340\023\374\301(\301g\013\033N\231\325"
 257      E013FCC1 
 257      28C1670B 
 257      1B4E99D5 
 258 0207 140EBE79 		.ascii	"\024\016\276y4\313\241I\276\354\023\\>Jpw\366\375K\026"
 258      34CBA149 
 258      BEEC135C 
 258      3E4A7077 
 258      F6FD4B16 
 259 021b 4336F6D7 		.ascii	"C6\366\327\004x\037B\241\014\257cx\235\300\313\201\327"
 259      04781F42 
 259      A10CAF63 
 259      789DC0CB 
 259      81D7
 260 022d 87102AFB 		.ascii	"\207\020*\373\015N\202\001\024\305<\032\012\271\234"
 260      0D4E8201 
 260      14C53C1A 
 260      0AB99C
 261 023c EF1D7845 		.ascii	"\357\035xE\250\277\227*\312^\316\222*Z\256\345\324\372"
 261      A8BF972A 
 261      CA5ECE92 
 261      2A5AAEE5 
 261      D4FA
 262 024e 2CDD4723 		.ascii	",\335G#\245\002\247\230\342TWIM\240\372\027\246\350"
 262      A502A798 
 262      E2545749 
 262      4DA0FA17 
 262      A6E8
 263 0260 E8288F62 		.ascii	"\350(\217b\206\212rl\326\354\335\366\241\341a \202\323"
 263      868A726C 
 263      D6ECDDF6 
 263      A1E16120 
ARM GAS  /tmp/ccsE9Ev0.s 			page 21


 263      82D3
 264 0272 23125430 		.ascii	"#\022T0\301k\366\222\177\201\372W&(\352\336\365\221"
 264      C16BF692 
 264      7F81FA57 
 264      2628EADE 
 264      F591
 265 0284 4D329CF2 		.ascii	"M2\234\362e\370xD\206Jfh\335\333\225\003\252\035\230"
 265      65F87844 
 265      864A6668 
 265      DDDB9503 
 265      AA1D98
 266 0297 E2EFFB73 		.ascii	"\342\357\373s\012@R\324\372R\374oD\212*\010=4\251\302"
 266      0A4052D4 
 266      FA52FC6F 
 266      448A2A08 
 266      3D34A9C2 
 267 02ab 3E3CDCD3 		.ascii	"><\334\323z\344\325\320r\361s\340=\201@,\033\356,,\034"
 267      7AE4D5D0 
 267      72F173E0 
 267      3D81402C 
 267      1BEE2C2C 
 268 02c0 EE122C1D 		.ascii	"\356\022,\0356<\026\317\240P\351\314@\315oa\214\025"
 268      363C16CF 
 268      A050E9CC 
 268      40CD6F61 
 268      8C15
 269 02d2 3783D1C6 		.ascii	"7\203\321\306\300@\272\015b\364\004\272\235\310!\223"
 269      C040BA0D 
 269      62F404BA 
 269      9DC82193 
 270 02e2 E876B242 		.ascii	"\350v\262Be\177\004\210{\0129\246\222\011&3\015\215"
 270      657F0488 
 270      7B0A39A6 
 270      92092633 
 270      0D8D
 271 02f4 2984EB39 		.ascii	")\204\3539\235ng\220\231\311\345y\224\236\317\242\361"
 271      9D6E6790 
 271      99C9E579 
 271      949ECFA2 
 271      F1
 272 0305 6C327358 		.ascii	"l2sX\361\\\272\015\345\314\347\001\355\3740B=F&\234"
 272      F15CBA0D 
 272      E5CCE701 
 272      EDFC3042 
 272      3D46269C 
 273 0319 CCE3649E 		.ascii	"\314\343d\236 \363$\231\247\310D\220\211$\023E&\232"
 273      20F32499 
 273      A7C84490 
 273      89241345 
 273      269A
 274 032b CC42328B 		.ascii	"\314B2\213\310<M&\206\314b2K\310,%\263\214\314r2\261"
 274      C83C4D26 
 274      86CC6232 
 274      4BC82C25 
 274      B38CCC72 
 275 0341 64569059 		.ascii	"dV\220YI\346\0312qd\236%\363\034\231UdV\223y\236\314"
 275      49E61932 
ARM GAS  /tmp/ccsE9Ev0.s 			page 22


 275      71649E25 
 275      F31C9955 
 275      64569379 
 276 0357 0B64D690 		.ascii	"\013d\326\220\211'\223\300e]\313uZ\307%Z\317\325I\344"
 276      892793C0 
 276      655DCB75 
 276      5AC7255A 
 276      CFD549E4 
 277 036b 22267159 		.ascii	"\"&qY\025\245\025\033\027_\276mB\340?\365*l\357\317"
 277      15A5151B 
 277      175FBE6D 
 277      42E03FF5 
 277      2A6CEFCF 
 278 037f 6D3EB098 		.ascii	"m>\260\230:\331),Na\306\005\376\307\301w{\202\350\015"
 278      3AD9292C 
 278      4E61C605 
 278      FEC7C177 
 278      7B82E80D 
 279 0393 69C4D5F9 		.ascii	"i\304\325\371\004\027\262\021\004\267:\322 H\341\240"
 279      0417B211 
 279      04B73AD2 
 279      2048E1A0 
 280 03a3 F6037F92 		.ascii	"\366\003\177\222AV\031\344~\255\032q1\317`\020\242\232"
 280      415619E4 
 280      7EAD1A71 
 280      31CF6010 
 280      A29A
 281 03b5 735B4182 		.ascii	"s[A\202l\210C\320\316Km\275*\201L\270\372\325^\314e"
 281      6C8843D0 
 281      CE4B6DBD 
 281      2A814CB8 
 281      FAD55ECC 
 282 03ca C46C93CC 		.ascii	"\304l\223\314].\346@\311\374_g\335\031\231N\260\002"
 282      5D2EE640 
 282      C9FC5F67 
 282      DD19994E 
 282      B002
 283 03dc 35FECC41 		.ascii	"5\376\314A\210\2030\017\3231b\012\222L}.\246\011\222"
 283      8883300F 
 283      D331620A 
 283      924C7D2E 
 283      A60992
 284 03ef E9F0E992 		.ascii	"\351\360\351\222W\002\230\351%\005\316\3723MD\034\202"
 284      570298E9 
 284      2505CEFA 
 284      334D441C 
 284      82
 285 0400 3A1BDE2C 		.ascii	":\033\336,\267r\216\330\217\265^9\236 \346\211\222y"
 285      B7728ED8 
 285      8FB55E39 
 285      9E20E689 
 285      9279
 286 0412 C8C53C49 		.ascii	"\310\305<I2\357;]P\254cf;v\347\247\376\324\223\021H"
 286      32EF3B5D 
 286      50AC6366 
 286      3B76E7A7 
 286      FED49311 
ARM GAS  /tmp/ccsE9Ev0.s 			page 23


 287 0427 2F833D2D 		.ascii	"/\203=-\267\200\251\215\012\324yQ;\210z2\016\263*\016"
 287      B780A98D 
 287      0AD47951 
 287      3B887A32 
 287      0EB32A0E 
 288 043b 5BD823DF 		.ascii	"[\330#\337\036_\265^\2507Q\200\001\367\3219\336Rm\370"
 288      1E5FB55E 
 288      A8375180 
 288      01F7D139 
 288      DE526DF8 
 289 044f 31C28FA4 		.ascii	"1\302\217\244\212\330\011\274\244N|(\007\234\240^\033"
 289      8AD809BC 
 289      A44E7C28 
 289      079CA05E 
 289      1B
 290 0460 701D74DA 		.ascii	"p\035t\332\200\313\253j\003^E\241\015\260c\234\002\244"
 290      80CBAB6A 
 290      035E45A1 
 290      0DB0639C 
 290      02A4
 291 0472 A8C6D258 		.ascii	"\250\306\322X\231\356\024t\341\354\325\273:\216HQ\270"
 291      99EE1474 
 291      E1ECD5BB 
 291      3A8E4851 
 291      B8
 292 0483 63CFE3EC 		.ascii	"c\317\343\354_@\366\225\355\0335\014\002\266\355\375"
 292      5F40F695 
 292      ED1B350C 
 292      02B6EDFD 
 293 0493 30CFC800 		.ascii	"0\317\310\000L\357\202\334\361\355\000N\361\010j\025"
 293      4CEF82DC 
 293      F1ED004E 
 293      F1086A15 
 294 04a3 09B6C1EE 		.ascii	"\011\266\301\356-\355 \260e\304\311+iN\221hk\352In\007"
 294      2DED20B0 
 294      65C4C92B 
 294      694E9168 
 294      6BEA496E 
 295 04b8 15575AD4 		.ascii	"\025WZ\324\221c\255\355\335\214v\320\341z\211\213\277"
 295      9163ADED 
 295      DD8C76D0 
 295      E17A898B 
 295      BF
 296 04c9 748A75B6 		.ascii	"t\212u\266\223=\231\355\240\307*\213Nz\276\336VG\001"
 296      933D99ED 
 296      A0C72A8B 
 296      4E7ABEDE 
 296      564701
 297 04dc 06922EF2 		.ascii	"\006\222.\362\256\241'\311\326\331\363\022\326@\247"
 297      AEA127C9 
 297      D6D9F312 
 297      D640A7
 298 04eb EC0897CD 		.ascii	"\354\010\227\315\333U\232\017~\357l\334\346\264\265"
 298      DB559A0F 
 298      7EEF6CDC 
 298      E6B4B5
 299 04fa 6927D316 		.ascii	"i'\323\026\346\3274&\370\031\245=\025\313\345\275\022"
ARM GAS  /tmp/ccsE9Ev0.s 			page 24


 299      E6D73426 
 299      F819A53D 
 299      15CBE5BD 
 299      12
 300 050b 465C897A 		.ascii	"F\\\211z\271\\\377\311\355\324IP0\342\264\036\316j~"
 300      B95CFFC9 
 300      EDD44950 
 300      30E2B41E 
 300      CE6A7E
 301 051e 795048EF 		.ascii	"yPH\3574|@\270\246\334*\315\023\302+;\215\227\021\035"
 301      347C40B8 
 301      A6DC2ACD 
 301      13C22B3B 
 301      8D97111D 
 302 0532 34313A65 		.ascii	"41:eT_\351\217%h:-\020\205\031\344x\006\314\303\270"
 302      545FE98F 
 302      25683A2D 
 302      108519E4 
 302      7806CCC3 
 303 0547 E9127511 		.ascii	"\351\022u\021\244s&\372\3354\025D3S\2464T\372k\211x"
 303      A47326FA 
 303      DD341544 
 303      3353A634 
 303      54FA6B89 
 304 055c 5426EEDE 		.ascii	"T&\356\336AF\334A\237\273R\354\325hf!\316{\256\331\270"
 304      4146DC41 
 304      9FBB52EC 
 304      D5686621 
 304      CE7BAED9 
 305 0571 33D0EB3B 		.ascii	"3\320\353;\327\034\364\273\347\252\244\271\346HYg\016"
 305      D71CF4BB 
 305      E7AAA4B9 
 305      E6485967 
 305      0E
 306 0582 C64AC45C 		.ascii	"\306J\304\\\234\350rKV-\237\232L\330\320\015\020B:}"
 306      9CE8724B 
 306      562D9F9A 
 306      4CD8D00D 
 306      10423A7D 
 307 0596 68306EAE 		.ascii	"h0n\256\233\246\212hB\021Py\274\273\267\322(\021a\336"
 307      9BA68A68 
 307      42115079 
 307      BCBBB7D2 
 307      281161DE 
 308 05aa 1DACF2A7 		.ascii	"\035\254\362\247\365X\377[\337\331v\301\233\370\271"
 308      F558FF5B 
 308      DFD976C1 
 308      9BF8B9
 309 05b9 08708A79 		.ascii	"\010p\212yp\221\232\206>0u\257\0367E\224\330\263\361"
 309      70919A86 
 309      3E3075AF 
 309      1E374594 
 309      D8B3F1
 310 05cc 8119BE80 		.ascii	"\201\031\276\200]p\207\017t\320\010\0214\355\275\334"
 310      5D70870F 
 310      74D00811 
 310      34EDBDDC 
ARM GAS  /tmp/ccsE9Ev0.s 			page 25


 311 05dc 416D6D1E 		.ascii	"Amm\036\323J\323\357^\255p\234\011\375\344\354\315m"
 311      D34AD3EF 
 311      5EAD709C 
 311      09FDE4EC 
 311      CD6D
 312 05ee D54BE7E3 		.ascii	"\325K\347\343\354W)\243\202\257\247\220\317k\366mv{"
 312      EC5729A3 
 312      82AFA790 
 312      CF6BF66D 
 312      767B
 313 0600 C5F48766 		.ascii	"\305\364\207fp\311\223\301e\210@:\226\366\376]\227\264"
 313      70C993C1 
 313      6588403A 
 313      96F6FE5D 
 313      97B4
 314 0612 27C6ACE5 		.ascii	"'\306\254\345\0123\0011]ui\251\322\222|R+}\177n\257"
 314      0A330131 
 314      5D7569A9 
 314      D2927C52 
 314      2B7D7F6E 
 315 0627 A6E529A4 		.ascii	"\246\345)\244F\277\324\322\251\301\"\330\257\033\257"
 315      46BFD4D2 
 315      A9C122D8 
 315      AF1BAF
 316 0636 966B9E0C 		.ascii	"\226k\236\014\232HK\204\\&\267\226\3101k\371\222\231"
 316      9A484B84 
 316      5C26B796 
 316      C8316BF9 
 316      9299
 317 0648 F8E4D3CC 		.ascii	"\370\344\323\314Z0\363V-\363(\226\023)3o\3222\217f\277"
 317      5A30F356 
 317      2DF32896 
 317      1329336F 
 317      D2328F66 
 318 065d 7EBC997F 		.ascii	"~\274\231\177\345\231\257\2052\217\2467\320\345\355"
 318      E599AF85 
 318      328FA637 
 318      D0E5ED
 319 066c 65AF8748 		.ascii	"e\257\207Hz\013\357\000\205\337\212z\245\337\254\342"
 319      7A0BEF00 
 319      85DF8A7A 
 319      A5DFACE2 
 320 067c E373DB4F 		.ascii	"\343s\333O\277>C>\346\215>X\235\303\037\017\003n\364"
 320      BF3E433E 
 320      E68D3E58 
 320      9DC31F0F 
 320      036EF4
 321 068f AFDD6883 		.ascii	"\257\335h\203rR\257\362\222\016~\256\225a\341\230\313"
 321      7252AFF2 
 321      920E7EAE 
 321      9561E198 
 321      CB
 322 06a0 F00DA745 		.ascii	"\360\015\247E\277H\340\272kI]\013\270Hn\003\257\302"
 322      BF48E0BA 
 322      6B495D0B 
 322      B8486E03 
 322      AFC2
ARM GAS  /tmp/ccsE9Ev0.s 			page 26


 323 06b2 3C8DD4E8 		.ascii	"<\215\324\350\367-L\014\373C\2700oO\035\2410\263\036"
 323      F72D4C0C 
 323      FB43B830 
 323      6F4F1DA1 
 323      30B31E
 324 06c5 9A41AB27 		.ascii	"\232A\253'\2036*L\014\2132\272E\335w\211Z<fQ\355L\251"
 324      83362A4C 
 324      0C8B32BA 
 324      45DD7789 
 324      5A3C6651 
 325 06dc 23CA1BFE 		.ascii	"#\312\033\376\242\226< j)R\243\337W\3242\366\217[T\207"
 325      A2963C20 
 325      6A2952A3 
 325      DF57D432 
 325      F68F5B54 
 326 06f1 27839B24 		.ascii	"'\203\233$j\031\2132\321\272r\303\336\377F\023\265|"
 326      6A198B32 
 326      D1BA72C3 
 326      DEFF4613 
 326      B57C
 327 0703 CCA2BE65 		.ascii	"\314\242\276eJ=Q\336r5\254KT,7\354r\337\255\266\202"
 327      4A3D51DE 
 327      7235AC4B 
 327      542C37EC 
 327      72DFADB6 
 328 0718 FD4236EC 		.ascii	"\375B6\354H\022f>t\276N\317|\337\221\204\025,!@\311"
 328      4812663E 
 328      74BE4ECF 
 328      7CDF9184 
 328      152C2140 
 329 072d 9F21D7A5 		.ascii	"\237!\327\245\352\272&a\345\230%ty(\277\367\227\360"
 329      EABA2661 
 329      E5982574 
 329      7928BFF7 
 329      97F0
 330 073f 0C4B58E9 		.ascii	"\014KX\351+!\216\375\343\226p\3333_7I\210SxS\025\027"
 330      2B218EFD 
 330      E39670DB 
 330      335F3749 
 330      88537853 
 331 0755 BA3695D7 		.ascii	"\2726\225\327.2+;\002\245\260O\0324a\317\216Y\330\035"
 331      2E322B3B 
 331      02A5B04F 
 331      1A3461CF 
 331      8E59D81D 
 332 0769 4F0FF7F8 		.ascii	"O\017\367\3707\334s\0174\334*\244F\277o\303\255f\377"
 332      37DC730F 
 332      34DC2AA4 
 332      46BF6FC3 
 332      AD66FF
 333 077c B81BAED7 		.ascii	"\270\033\256\327\223\301]\222\272\232EY\334\242\316"
 333      93C15D92 
 333      BA9A4559 
 333      DCA2CE
 334 078b B8443D3F 		.ascii	"\270D=?fQ}\236\036v\372\213z\341\001Qk\220\032\375\276"
 334      66517D9E 
 334      1E76FA8B 
ARM GAS  /tmp/ccsE9Ev0.s 			page 27


 334      7AE10151 
 334      6B901AFD 
 335 07a0 A2E2D93F 		.ascii	"\242\342\331?nQ\375\236\014\006HT<\213\262\362\231\221"
 335      6E51FD9E 
 335      0C064854 
 335      3C8BB2F2 
 335      9991
 336 07b2 CFA4431F 		.ascii	"\317\244C\037,\222'\270\004<\345\341Y\304}\010\345\243"
 336      2C9227B8 
 336      043CE5E1 
 336      59C47D08 
 336      E5A3
 337 07c4 60827CC5 		.ascii	"`\202|\305^/\014\326@\256s\035"
 337      5E2F0CD6 
 337      40AE731D 
 338 07d0 92D894BC 		.ascii	"\222\330\224\274j&i\312mth?\031\326\342G\326\233\204"
 338      6A2669CA 
 338      6D74683F 
 338      19D6E247 
 338      D69B84
 339 07e3 4F9A6BE5 		.ascii	"O\232k\345y\242\331\261T\202\326\341\327\313\347\270"
 339      79A2D9B1 
 339      5482D6E1 
 339      D7CBE7B8 
 340 07f3 CF87D375 		.ascii	"\317\207\323u\022\325\356\210\221\250\365\370\245\360"
 340      12D5EE88 
 340      91A8F5F8 
 340      A5F0
 341 0801 41F17976 		.ascii	"A\361yv\275D}\273D\202\022\261\265}@|\232M$PAn\237#"
 341      BD447DBB 
 341      448212B1 
 341      B57D407C 
 341      9A4D2450 
 342 0819 4AA292E4 		.ascii	"J\242\222\344\313\277~\347\336\355\362\345\217\007\330"
 342      CBBF7EE7 
 342      DEEDF2E5 
 342      8F07D8
 343 0828 7B5E417C 		.ascii	"{^A|lNbQ\201\3643\250\031\266U\224\235W\345A\221~#\001"
 343      6C4E6251 
 343      81F433A8 
 343      19B65594 
 343      9D57E541 
 344 0840 7AF1BBB3 		.ascii	"z\361\273\263,n\313\326\215[\023\022_\214\376\321\374"
 344      2C6ECBD6 
 344      8D5B1312 
 344      5F8CFED1 
 344      FC
 345 0851 98F95191 		.ascii	"\230\371Q\221\251\031\221[6$G\246\245\246gfD&&\305/"
 345      A919915B 
 345      362447A6 
 345      A5A66766 
 345      442626C5 
 346 0866 5C10B966 		.ascii	"\\\020\271f\315O#W\255\375Y\302\037\027\320\243\027"
 346      CD4F2357 
 346      ADFD59C2 
 346      1F17D0A3 
 346      17
ARM GAS  /tmp/ccsE9Ev0.s 			page 28


 347 0877 D3F04A4E 		.ascii	"\323\360JN\3364\3777\212\216P\272\224\015\031\277\325"
 347      DE34FF37 
 347      8A8E50BA 
 347      940D19BF 
 347      D5
 348 0888 A5A46EDA 		.ascii	"\245\244n\332\254'\223nH\315\374s\332\346tcjF\332\346"
 348      AC27936E 
 348      48CDFC73 
 348      DAE67463 
 348      6A46DAE6 
 349 089c CD9BD2F5 		.ascii	"\315\233\322\365i\177H\333\224\256\333\220\234\231\256"
 349      697F48DB 
 349      94AEDB90 
 349      9C99AE
 350 08ab 6EDC9A69 		.ascii	"n\334\232i\242\033\212\020)\321\"e\201HY\364\177`\353"
 350      A21B8A10 
 350      29D12265 
 350      814859F4 
 350      7F60EB
 351 08be 8521     		.ascii	"\205!"
 352              		.text
 353              		.section	.gnu.lto_.symbol_nodes.e8c2388c7f882c,"",%progbits
 354 0000 789C6366 		.ascii	"x\234cf``Pa\200\002\246iL\365\014\014\023\31610\324"
 354      60605061 
 354      8002A669 
 354      4CF50C0C 
 354      13CE3130 
 355 0015 D733CC5B 		.ascii	"\3273\314[\300\301\3004\235\251\236\021Y\200\001\000"
 355      C0C1C034 
 355      9DA99E11 
 355      59800100 
 356 0025 B44209A0 		.ascii	"\264B\011\240"
 357              		.text
 358              		.section	.gnu.lto_.refs.e8c2388c7f882c,"",%progbits
 359 0000 789C6366 		.ascii	"x\234cf```d\200\002\000\000=\000\005"
 359      60606064 
 359      80020000 
 359      3D0005
 360              		.text
 361              		.section	.gnu.lto_.decls.e8c2388c7f882c,"",%progbits
 362 0000 789CCD58 		.ascii	"x\234\315XkPTG\026\236\276=3\014\303\200\251`^\226\233"
 362      6B505447 
 362      169EBE3D 
 362      330CC380 
 362      A9605E96 
 363 0015 256C2D65 		.ascii	"%l-e\262I\360\265f\253\266j+\012\370\330%qj0\233\335"
 363      B249F0B5 
 363      66ABB66A 
 363      2B0AF8D8 
 363      25716A30 
 364 002b DAAD2244 		.ascii	"\332\255\"DP\331U\241`L\231\177W@\036\2022\242\250\340"
 364      50D955A1 
 364      604C997F 
 364      57401E82 
 364      32A2A8E0 
 365 003f 6BE421A0 		.ascii	"k\344!\240\370\300Q\320\200\200(\210(\240\342\003_\200"
 365      F8C051D0 
ARM GAS  /tmp/ccsE9Ev0.s 			page 29


 365      80802888 
 365      28A0E203 
 365      5F80
 366 0051 F80041C0 		.ascii	"\370\000A\300\007*\210\302\236\356\2763\367\316\365"
 366      072A88C2 
 366      9EEEBE33 
 366      F7CEF5
 367 0060 62DCEC9F 		.ascii	"b\334\354\237\235\342\243\373\334\376\372\3649\335\247"
 367      9DE2A3FB 
 367      DCFEFAF4 
 367      39DDA7
 368 006f BBCFBD58 		.ascii	"\273\317\275X\245R\375\023\251T#\360\373\327x\225\352"
 368      A552FD13 
 368      A95423F0 
 368      FBD77895 
 368      EA
 369 0080 07AC52C1 		.ascii	"\007\254R\301\237\312\250\022\177\034\240\0170\015\251"
 369      9FCAA812 
 369      7F1CA00F 
 369      300DA9
 370 008f 5EF991E7 		.ascii	"^\371\221\347c\004\276\007\300\000\350\006|\004\210"
 370      6304BE07 
 370      C000E806 
 370      7C0488
 371 009e 037E0CE0 		.ascii	"\003~\014\3401\324\343\241\354\2022\001\312\011\200"
 371      31D4E3A1 
 371      EC823201 
 371      CA0980
 372 00ad 95804480 		.ascii	"\225\200D\200\017\340\003x\276\014\3120@+\324\217\001"
 372      0FE00378 
 372      BE0CCA30 
 372      402BD48F 
 372      01
 373 00be 7E03F51A 		.ascii	"~\003\365\032(?\204\362\004\224\037@Y\005\345x(\253"
 373      283F84F2 
 373      04941F40 
 373      5905E578 
 373      28AB
 374 00d0 A1FC3594 		.ascii	"\241\3745\224'\241\364\202\3628\224\277\202\262\035"
 374      27A1F482 
 374      F23894BF 
 374      82B21D
 375 00df CA36C01D 		.ascii	"\3126\300\035\300M\300-\300\015\300m@\213\304\217\325"
 375      C04DC02D 
 375      C00DC06D 
 375      408BC48F 
 375      D5
 376 00f0 0A7E10DF 		.ascii	"\012~\020\337\334d~|\002\317>\003L\004\034\022|\372"
 376      DC647E7C 
 376      02CF3E03 
 376      4C041C12 
 376      7CFA
 377 0102 B38AD94C 		.ascii	"\263\212\331L|\322\012v\022\033\211}\304&b\017\261\005"
 377      7CD20A76 
 377      121B897D 
 377      C426620F 
 377      B105
ARM GAS  /tmp/ccsE9Ev0.s 			page 30


 378 0114 8D325F0F 		.ascii	"\2152_\0179tdo\177\275['\207<\364^D\374)\255v\223\026"
 378      3974646F 
 378      7FBD5B27 
 378      873CF45E 
 378      44FC29AD 
 379 012b 44835E4D 		.ascii	"D\203^M\304\262\363E]\032\332\3326\206\310\003\325\333"
 379      C4B2F345 
 379      5D1ADADA 
 379      3686C803 
 379      D5DB
 380 013d D6B0E617 		.ascii	"\326\260\346\027\210\310\331\233n^\320\177\272\213\347"
 380      88C8D99B 
 380      6E5ED07F 
 380      BA8BE7
 381 014c F944BEF2 		.ascii	"\371D\276\362-Qk\351@q\236\007\353Gy\007\312:\237\214"
 381      2D516BE9 
 381      40719E07 
 381      EB477907 
 381      CA3A9F8C 
 382 0160 A1FDC613 		.ascii	"\241\375\306\023\261\265\274\364\256\026\273\322\246"
 382      B1B5BCF4 
 382      AE16BBD2 
 382      A6
 383 016d 8AF2811A 		.ascii	"\212\362\201\032=\036O\353)\211m\247\364\370\267\264"
 383      3D1E4FEB 
 383      29896DA7 
 383      F4F8B7B4 
 384 017d BE626769 		.ascii	"\276bgi\212\013t\371HO5\266n\036\314q\245\"\011\016"
 384      8A0B74F9 
 384      484F35B6 
 384      6E1ECC71 
 384      A522090E 
 385 0191 620C577B 		.ascii	"b\014W{\227\317\366@>\372\034\030\376AgZ\315x\236W\243"
 385      97CFF640 
 385      3EFA1C18 
 385      FE41675A 
 385      CD789E57 
 386 01a6 83488FF6 		.ascii	"\203H\217\366#\214v\243O\301\024\332\233\374\022y>\206"
 386      238C76A3 
 386      4FC114DA 
 386      9BFC1279 
 386      3E86
 387 01b8 B7C4F2AE 		.ascii	"\267\304\362\256\265\036*\224\207\306\241|4N\205l\310"
 387      B51E2A94 
 387      87C6A17C 
 387      344E856C 
 387      C8
 388 01c9 0718948B 		.ascii	"\007\030\224\213\212\340\341\001x\010\212\253_\224\307"
 388      8AE0E101 
 388      78088AAB 
 388      5F94C7
 389 01d8 6990DE47 		.ascii	"i\220\336G\271S\261B'jB}l\332\273\304\204C`\302>\321"
 389      B953B142 
 389      276A427D 
 389      6CDABBC4 
 389      844360C2 
 390 01ee 04B0C831 		.ascii	"\004\260\3101//\3522\217\030p*\242\036n\267ly\242\301"
ARM GAS  /tmp/ccsE9Ev0.s 			page 31


 390      2F2FEA32 
 390      8F18702A 
 390      A21E6EB7 
 390      6C79A2C1 
 391 0202 E94CC8EE 		.ascii	"\351L\310\356?\373P\207\2670!'}C\241\206N\227\216\210"
 391      3FFB5087 
 391      B7302127 
 391      7D43A186 
 391      4E978E88 
 392 0216 59FB8E7C 		.ascii	"Y\373\216|\213sX\323Ak\341I\214w1\341t\373\300c\003"
 392      8B7358D3 
 392      416BE149 
 392      8C7731E1 
 392      74FBC063 
 393 022b E5BD45C4 		.ascii	"\345\275E\304\252\236\335\311\036x/k\313\317]\335\201"
 393      AA9EDDC9 
 393      1E782F6B 
 393      CBCF5DDD 
 393      81
 394 023c B18D0919 		.ascii	"\261\215\011\031\317\316\324\260\371\177\037D\327\244"
 394      CFCED4B0 
 394      F97F1F44 
 394      D7A4
 395 024a 6371770D 		.ascii	"cqw\015\310\233\375<}\254\340\347\203\201\334\3419\353"
 395      C89BFD3C 
 395      7DACE0E7 
 395      8381DCE1 
 395      39EB
 396 025c 62F99CF7 		.ascii	"b\371\234\367\251\375\207\301\376Z\344)z=a\234\212\316"
 396      A9FD87C1 
 396      FE5AE429 
 396      7A3D619C 
 396      8ACE
 397 026e 01F841E8 		.ascii	"\001\370A\350\326\221<m\355DJ-\223S\217\022\026\372"
 397      D6913C6D 
 397      ED444A2D 
 397      93538F12 
 397      16FA
 398 0280 C441ED73 		.ascii	"\304A\355sPK\024\265\212\314\227\016f\251\234\371\023"
 398      504B14B5 
 398      8ACC970E 
 398      66A99CF9 
 398      13
 399 0291 92199054 		.ascii	"\222\031\220T`\347\226+\033 \341\0169\364\036Q\326+"
 399      60E7962B 
 399      1B20E10E 
 399      39F41E51 
 399      D62B
 400 02a3 9A90EC50 		.ascii	"\232\220\354P[!\247V\212\324\265\260\336\274\205\347"
 400      5B21A756 
 400      8AD4B5B0 
 400      DEBC85E7 
 401 02b3 BF34AB50 		.ascii	"\2774\253P!\264\357\241M\204\015\213\216NA\204\034G"
 401      21B4EFA1 
 401      4D840D8B 
 401      8E4E4184 
 401      1C47
ARM GAS  /tmp/ccsE9Ev0.s 			page 32


 402 02c5 DEE818A0 		.ascii	"\336\350\030\240\006p\002P\005\250\006\234D\3364\030"
 402      06700250 
 402      05A8069C 
 402      44DE3418 
 403 02d5 48C4B4F5 		.ascii	"H\304\264\365\344iyD\272\251\204`q\354 .\245~C\212;"
 403      E4697944 
 403      BAA98460 
 403      71EC202E 
 403      A57E438A 
 404 02ea F2F4511A 		.ascii	"\362\364Q\032\011\235\206\001\376\353\301R\302u\250"
 404      099D8601 
 404      FEEBC152 
 404      C275A8
 405 02f9 0E3AED15 		.ascii	"\016:\355\025C\223\214l\017\315\213/\353?\304\375,\\"
 405      43938C6C 
 405      0FCD8B2F 
 405      EB3FC4FD 
 405      2C5C
 406 030b DA5E5A0E 		.ascii	"\332^Z\016j\360\020\023\326\327\255\375\016\307plSV"
 406      6AF01013 
 406      D6D7ADFD 
 406      0EC7706C 
 406      5356
 407 031d EE6972A1 		.ascii	"\356ir\241q\364\007\"\026\026Z6\270\340$\326\326Q~\237"
 407      71F40722 
 407      16165A36 
 407      B8E024D6 
 407      D6517E9F 
 408 0331 E7689B91 		.ascii	"\347h\233\221\210\367*\356\225\271a\013k\333\276\346"
 408      88F72AEE 
 408      95B9610B 
 408      6BDBBEE6 
 409 0341 C0203B37 		.ascii	"\300 ;7\"\211\330S\3654\321\005odm\007+l\217X\020'R"
 409      2289D853 
 409      F534D105 
 409      6F646D07 
 409      2B6C8F58 
 410 0358 B99AE76B 		.ascii	"\271\232\347k9\274\2155\346\234\266d \332\230O\345\314"
 410      39BC8D35 
 410      E69CB664 
 410      20DA984F 
 410      E5CC
 411 036a E6440F9C 		.ascii	"\346D\017\234\313\332\316$o\317`\003VR\271\350\304\261"
 411      CBDACE24 
 411      6FCF6003 
 411      5652B9E8 
 411      C4B1
 412 037c 2D0817B2 		.ascii	"-\010\027\262F\373\011d`'\220\333\252'\233Wj\220\247"
 412      46FB0964 
 412      602790DB 
 412      AA279B57 
 412      6A90A7
 413 038f B7FDE734 		.ascii	"\267\375\3474\261\0050\261\273\350\022^\027f\365.\314"
 413      B10530B1 
 413      BBE8125E 
 413      1766F52E 
 413      CC
ARM GAS  /tmp/ccsE9Ev0.s 			page 33


 414 03a0 6A2BCC60 		.ascii	"j+\314`;\240\015p\007p\023p\013p\003p\033\320\"\314"
 414      3BA00D70 
 414      07701370 
 414      0B700370 
 414      1BD022CC 
 415 03b4 AE95CC6E 		.ascii	"\256\225\314ns\301\327<\004\016\231\340K0\301D\217c"
 415      73C1D73C 
 415      040E99E0 
 415      4B30C144 
 415      8F63
 416 03c6 B92E3BC5 		.ascii	"\271.;\305\030o\355\374X`^\2253\257\311\230\371v\346"
 416      186FEDFC 
 416      58605E95 
 416      33AFC998 
 416      F976E6
 417 03d9 19397382 		.ascii	"\0319s\2023\361\260\235\330 '6\312T\326\332\231\347"
 417      33F1B09D 
 417      D8202736 
 417      CA54D6DA 
 417      99E7
 418 03eb E5CC2619 		.ascii	"\345\314&\031\263\320\316\254\2273+\2357\030o=c\247"
 418      B3D0CEAC 
 418      97332B9D 
 418      37186F3D 
 418      63A7
 419 03fd 5E90532F 		.ascii	"^\220S/\312\251\327\355\324f9\365\212\234Zf\247\236"
 419      CAA9D7ED 
 419      D46639F5 
 419      8A9C5A66 
 419      A79E
 420 040f 9553CF49 		.ascii	"\225S\317I\2504\270\267\026\220\235t]a'\241\035\375"
 420      A834B8B7 
 420      16909D74 
 420      5D6127A1 
 420      1DFD
 421 0421 85252ED8 		.ascii	"\205%.\330F\303\202+Im\263\350d\333\312\276\372\350"
 421      46C3822B 
 421      496DB3E8 
 421      64DBCABE 
 421      FAE8
 422 0433 1E2CFA2F 		.ascii	"\036,\372/\011\000j\301s\330^\235\320\271C\334^\327"
 422      09006AC1 
 422      73D85E9D 
 422      D0B943DC 
 422      5ED7
 423 0445 25DBEBD1 		.ascii	"%\333\353\321\340\310*WOaX\353h\303\252\336xLP\331\260"
 423      E0C82A57 
 423      4F6158EB 
 423      68C3AADE 
 423      784C50D9 
 424 045a B27A2332 		.ascii	"\262z#2\254\022/)\324%9\256T\250\033\031\004f\337\352"
 424      AC122F29 
 424      D42539AE 
 424      54A81B19 
 424      0466DFEA 
 425 046e E14E839A 		.ascii	"\341N\203\232c\317\320?\350\325\236\236\333\234\317"
 425      63CFD03F 
ARM GAS  /tmp/ccsE9Ev0.s 			page 34


 425      E8D59E9E 
 425      DB9CCF
 426 047d BD974E0D 		.ascii	"\275\227N\015\212\345\337R#\343\273\222\276=\350=\370"
 426      8AE5DF52 
 426      23E3BB92 
 426      BE3DE83D 
 426      F8
 427 048e 7F1FA999 		.ascii	"\177\037\251\231\202\366\374\313\245.\370(\333Zy\247"
 427      82F6FCCB 
 427      A52EF828 
 427      DB5A79A7 
 428 049e 376718BC 		.ascii	"7g\030\274\266\361\326\375\0176'\367N\314\340\2551\374"
 428      B6F1D6FD 
 428      0F3627F7 
 428      4ECCE0AD 
 428      31FC
 429 04b0 F0C808A2 		.ascii	"\360\310\010\242\275P\257\303\177\025\251ScQ\037\362"
 429      BD50AFC3 
 429      7F15A953 
 429      63511FF2 
 430 04c0 828EC76B 		.ascii	"\202\216\307kw\\\023\262\011\216(\272\332Xt\223\355"
 430      775C13B2 
 430      098E28BA 
 430      DA587493 
 430      ED
 431 04d1 D14F89B8 		.ascii	"\321O\211\270aWg(N\300\210\235\0209\313\365p\377\306"
 431      61576728 
 431      4EC0889D 
 431      1039CBF5 
 431      70FFC6
 432 04e4 BED9FD0B 		.ascii	"\276\331\375\013=\206\257\305\307\031\360z\326}\265"
 432      3D86AFC5 
 432      C719F07A 
 432      D67DB5
 433 04f3 2D335387 		.ascii	"-3S\2073\2310`\311\315U\343\035L(\335Q\320\247\303\005"
 433      33993060 
 433      C9CD55E3 
 433      1D4C28DD 
 433      51D0A7C3 
 434 0508 4CA838B5 		.ascii	"L\2508\265\242^\217\3671\341Z\332\216<\017lcB\303\260"
 434      A25E8FF7 
 434      31E15ADA 
 434      8E3C0F6C 
 434      6342C3B0 
 435 051c E5910B2E 		.ascii	"\345\221\013.\301N\327\254\007\273f3/\337\351\307\324"
 435      C14ED7AC 
 435      07BB6633 
 435      2FDFE9C7 
 435      D4
 436 052d 6CEA457A 		.ascii	"l\352Ez\335\346T\015>\302\250\226\233iMj\\\205\235R"
 436      DDE6540D 
 436      3EC2A896 
 436      9B694D6A 
 436      5C859D52 
 437 0541 182F96C2 		.ascii	"\030/\226\302l\354\0368\250\243\342\310\010&\301\230"
 437      6CEC1E38 
 437      A8A3E2C8 
ARM GAS  /tmp/ccsE9Ev0.s 			page 35


 437      0826C198 
 438 0551 75E3EC4D 		.ascii	"u\343\354MWG\002S|\007\221\354!\206\323\243a1\206\274"
 438      57470253 
 438      7C0791EC 
 438      2186D3A3 
 438      613186BC 
 439 0565 A4090C4C 		.ascii	"\244\011\014L\207&\037\346b\010\334~A\346b\005\347\003"
 439      87261FE6 
 439      6208DC7E 
 439      41E66205 
 439      E703
 440 0577 0C361723 		.ascii	"\0146\027#\360\220\347h\002ck\357M\326\333\025\327\037"
 440      F090E768 
 440      02636BEF 
 440      4DD6DB15 
 440      D71F
 441 0589 5F43D392 		.ascii	"_C\323\2228P\374RT\014\343\274Ns\254\242fT\322\227\332"
 441      3850FC52 
 441      540CE3BC 
 441      4E73ACA2 
 441      6654D297 
 442 059e 8E703DF3 		.ascii	"\216p=\363/y}\377)\016\237\243\202zUE\331X\344\355\351"
 442      2F797DFF 
 442      290E9FA3 
 442      827A5545 
 442      D958E4ED 
 443 05b3 2D64132B 		.ascii	"-d\023+\237\316\211\215\345\327\277O\207]\311a\224\310"
 443      9FCE898D 
 443      E5D7BF4F 
 443      875DC961 
 443      94C8
 444 05c5 798ADA27 		.ascii	"y\212\332'\310nR+\377e\224J\022~\204Lv\341*\260\"\201"
 444      C86E522B 
 444      FF65944A 
 444      127E844C 
 444      76E12AB0 
 445 05db F346499C 		.ascii	"\363FI\234\343\250\215\261^I\320\346O\244z\343\025\365"
 445      E3A88DB1 
 445      5E49D0E6 
 445      4FA47AE3 
 445      15F5
 446 05ed 0E89C742 		.ascii	"\016\211\307Bc\036\322\021\306\253\247B]WM\217\026_"
 446      631ED211 
 446      C6ABA742 
 446      5D574D8F 
 446      165F
 447 05ff 66B6A73C 		.ascii	"f\266\247<)\271F\362\241\261\324\370\266\206\274\006"
 447      29B946F2 
 447      A1B1D4F8 
 447      B686BC06 
 448 060f 032F6401 		.ascii	"\003/d\001\317a\306\326pcGIY\370\266\253\035\232\312"
 448      CF61C6D6 
 448      70634749 
 448      59F8B6AB 
 448      1D9ACA
 449 0622 18664532 		.ascii	"\030fE27*5M\330fd\337\213^\0222\3612\025\274L\001/W"
 449      372A354D 
ARM GAS  /tmp/ccsE9Ev0.s 			page 36


 449      D86664DF 
 449      8B5E1232 
 449      F13215BC 
 450 063a 7392F3A4 		.ascii	"s\222\363\244>\301\005N4\240\274j{Vj_\362\230\261\240"
 450      3EC1054E 
 450      34A0BC6A 
 450      7B566A5F 
 450      F298B1A0 
 451 064e 73C5A83A 		.ascii	"s\305\250:UN\012\241\317\272\346\254a=\276\202\205\233"
 451      554E0AA1 
 451      CFBAE6AC 
 451      613DBE82 
 451      859B
 452 0660 B23CD60D 		.ascii	"\262<\326\015\2670\201\037\256}\351\216o1\301\376:`"
 452      B730811F 
 452      AE7DE98E 
 452      6F31C1FE 
 452      3A60
 453 0672 60AF035B 		.ascii	"`\257\003[o4\335w\307\235\254\315V\236\270N\217{\230"
 453      6F34DD77 
 453      C79DACCD 
 453      569EB84E 
 453      8F7B98
 454 0685 90DFDE90 		.ascii	"\220\337\336\220\346N\211\023@t\317\312z\322\245\225"
 454      E64E8913 
 454      4074CFCA 
 454      7AD2A595 
 455 0695 5CAFB20B 		.ascii	"\\\257\262\013\366\001\330\367\220\332\267IX\331\034"
 455      F601D8F7 
 455      90DAB749 
 455      58D91C
 456 06a4 F0792B98 		.ascii	"\360y+\230\230\015\330\006\310\000d\002\266\000\262"
 456      980DD806 
 456      C8006402 
 456      B600B2
 457 06b3 009B01DB 		.ascii	"\000\233\001\333\001V\300\016\307\352\307\305\266\325"
 457      0156C00E 
 457      C7EAC7C5 
 457      B6D5
 458 06c1 098BF318 		.ascii	"\011\213\363\030\026\347\031,\016Q8J\226\030\027k=M"
 458      16E7192C 
 458      0E51384A 
 458      9618176B 
 458      3D4D
 459 06d3 333FC21D 		.ascii	"3?\302\035\220s\235\322T\240^wP\3238\031\265R\256\366"
 459      90739DD2 
 459      54A05E77 
 459      50D33819 
 459      B552AEF6 
 460 06e7 8C833BA8 		.ascii	"\214\203;\250\254V\302\255pp\373\345\334\011\316\026"
 460      AC56C2AD 
 460      7070FBE5 
 460      DC09CE16 
 461 06f7 9C72309F 		.ascii	"\234r0\237*;&Ro8\250\353\344\306\256\347\234\251-\016"
 461      2A3B2652 
 461      6F38A8EB 
 461      E4C6AEE7 
ARM GAS  /tmp/ccsE9Ev0.s 			page 37


 461      9CA92D0E 
 462 070b 6ABA3255 		.ascii	"j\2722Ubk\253\203\273A\316\335\350\244vE\333\265\274"
 462      626BAB83 
 462      BB41CEDD 
 462      E8A47645 
 462      DBB5BC
 463 071e B0CA388C 		.ascii	"\260\3128\214,\020ok\225\347\313aB[\255d\315\236(N\202"
 463      2C106F6B 
 463      95E7CB61 
 463      425BAD64 
 463      CD9E284E 
 464 0733 E42A3F4A 		.ascii	"\344*?J\223\342M\012\233\226\333\266\263\277\333\015"
 464      93E24D0A 
 464      9B96DBB6 
 464      B3BFDB0D 
 465 0743 F978525E 		.ascii	"\371xR^\347B\035\332\011\212\036\211g\032\351D\177J"
 465      E7421DDA 
 465      098A1E89 
 465      671AE944 
 465      7F4A
 466 0755 B1877221 		.ascii	"\261\207r!\344\376\227\360\203\250\037\254\213Op\307"
 466      E4FE97F0 
 466      83A81FAC 
 466      8B4F70C7 
 467 0765 0F854BA6 		.ascii	"\017\205K\246l\373#W\247\373w''\275\177\3639\203`\030"
 467      6CFB2357 
 467      A7FB7727 
 467      27BD7FF3 
 467      39836018 
 468 0779 98DEB2B2 		.ascii	"\230\336\262\262;\005\216d\0035\275 \331\003\\\334\005"
 468      3B058E64 
 468      0335BD20 
 468      D9035CDC 
 468      05
 469 078a ED799CC3 		.ascii	"\355y\234\303x\2403\343G\323\210\012\300h\251R\224v"
 469      78A033E3 
 469      47D3880A 
 469      C068A952 
 469      9476
 470 079c FE8CCD0D 		.ascii	"\376\214\315\015\277\240\346p{\017\267\366\351\204C"
 470      BFA0E670 
 470      7B0FB7F6 
 470      E98443
 471 07ab BF6DE494 		.ascii	"\277m\344\224\036F\330\003g\344nq\204C\350\265o\303"
 471      1E46D803 
 471      67E46E71 
 471      8443E8B5 
 471      6FC3
 472 07bd 859CE2C5 		.ascii	"\205\234\342\305\272\277\252\352\035\234\244\246c\304"
 472      BABFAAEA 
 472      1D9CA4A6 
 472      63C4
 473 07cb EF7851E0 		.ascii	"\357xQ\340."
 473      2E
 474 07d0 8C614D71 		.ascii	"\214aMqCh?\214\260\367\215G\330\247<\302\205\013\317"
 474      43683F8C 
 474      B0F78D47 
ARM GAS  /tmp/ccsE9Ev0.s 			page 38


 474      D8A73CC2 
 474      850BCF
 475 07e3 8F639A9E 		.ascii	"\217c\232\236\020u,=IM\355=\352B\237\021'\2128\372\360"
 475      10752C3D 
 475      494DED3D 
 475      EA429F11 
 475      278A38FA 
 476 07f8 664BF236 		.ascii	"fK\3626\015}H\346\356\000{\370\274x\353Y\375\250\211"
 476      0D7D48E6 
 476      EE007BF8 
 476      BC78EB59 
 476      FDA889
 477 080b CC418E24 		.ascii	"\314A\216$26NHd\032\217\225\245\217\301ij\366U\"\277"
 477      32364E48 
 477      641A8F95 
 477      A58FC169 
 477      6AF65522 
 478 0820 31DB5D48 		.ascii	"1\333]Hd\272\367M\222$2\320\013\035\342\304D\006\352"
 478      64BAF74D 
 478      922432D0 
 478      0B1DE2C4 
 478      4406EA
 479 0833 2C9129E6 		.ascii	",\221)\346H\"\323\336\321\021\303\022\202J\372\202\236"
 479      4822D3DE 
 479      D111C312 
 479      824AFA82 
 479      9E
 480 0844 D9703949 		.ascii	"\331p9I\203\363\231\326\230\263\367o\215\301\007\231"
 480      83F399D6 
 480      98B3F76F 
 480      8DC10799 
 481 0854 D0DCD256 		.ascii	"\320\334\322V\351\206K\230\300\247v\304a\\\301\204\244"
 481      E9864B98 
 481      C0A776C4 
 481      615CC184 
 481      A4
 482 0865 B4D80E1D 		.ascii	"\264\330\016\035>\301\204}\007\206\266\273\342Z&l\255"
 482      3EC1847D 
 482      0786B6BB 
 482      E25A266C 
 482      AD
 483 0876 A93EAFC5 		.ascii	"\251>\257\305\347\230\360\360R\361\357\360UV\317iN\335"
 483      E798F0F0 
 483      52F1EFF0 
 483      5556CF69 
 483      4EDD
 484 0888 82F12D26 		.ascii	"\202\361-&\0146t\034\302\270\207\011M\371\226D\035~"
 484      0C36741C 
 484      C2B88709 
 484      4DF99644 
 484      1D7E
 485 089a 2AB8959D 		.ascii	"*\270\225\235[\354J\255\373\222\210\253\222\213F\\H"
 485      5BEC4AAD 
 485      FB9288AB 
 485      928B465C 
 485      48
 486 08ab 2EC5DB83 		.ascii	".\305\333\203\312\240\227L\320\011\222\007\300&D\037"
ARM GAS  /tmp/ccsE9Ev0.s 			page 39


 486      CAA0974C 
 486      D0099207 
 486      C026441F 
 487 08bb D3B558B1 		.ascii	"\323\265X\2615\267\015\277m\021ne/3\275\004\217s\343"
 487      35B70DBF 
 487      6D116E65 
 487      2F33BD04 
 487      8F73E3
 488 08ce 8413A89A 		.ascii	"\204\023\250\232{\333\336\207\246I\374&\213\007\036"
 488      7BDBDE87 
 488      A649FC26 
 488      8B071E
 489 08dd 61E3EE6A 		.ascii	"a\343\356j\031\212\325\340$\015\025Z\237\265V\2617\305"
 489      198AD5E0 
 489      240D155A 
 489      9FB556B1 
 489      37C5
 490 08ef 89443C99 		.ascii	"\211D<\231\273o\273\026\257em'\273\237v!\234\301\204"
 490      BB6FBB16 
 490      AF656D27 
 490      BB9F7621 
 490      9CC184
 491 0902 BB7B6AB2 		.ascii	"\273{j\262=\360\016&\\\311KX\247\303\2735N~\030\230"
 491      3DF00E26 
 491      5CC94B58 
 491      A7C3BB35 
 491      4E7E1898 
 492 0916 1FD597E3 		.ascii	"\037\325\227\343\357i\261\215\265\215\024o:\345\216"
 492      EF69B18D 
 492      B58D146F 
 492      3AE58E
 493 0925 4B9970A4 		.ascii	"K\231p\244\3102\310\362\310\331t5jc\2525\270\232\265"
 493      C832C8F2 
 493      C8D97435 
 493      6A63AA35 
 493      B89AB5
 494 0938 ADBE6DCD 		.ascii	"\255\276m\315\326\341F&d\364\334M\325\342+LH,[\277\223"
 494      D6E14626 
 494      64F4DC4D 
 494      D5E22B4C 
 494      482C5BBF 
 495 094d A9FF1B11 		.ascii	"\251\377\033\021\207\206\013\372\340\032dm\273\363\370"
 495      87860BFA 
 495      E01A646D 
 495      BBF3F8
 496 095c 77710FAB 		.ascii	"wq\017\253\357\257\330\235\304x\337\321\005\331\325"
 496      EFAFD89D 
 496      C478DFD1 
 496      05D9D5
 497 096b 923F063F 		.ascii	"\222?\006?cm\227\252\257^w\307+\264T\330l9\237\301^"
 497      636D97AA 
 497      AF5E77C7 
 497      2BB454D8 
 497      6C399FC1 
 498 0980 64171171 		.ascii	"d\027\021qm\356z\310O\222Y[EMC\226+\2660\341y\212\255"
 498      6DEE7AC8 
 498      4F92595B 
ARM GAS  /tmp/ccsE9Ev0.s 			page 40


 498      454D4396 
 498      2BB630E1 
 499 0997 86C3EB99 		.ascii	"\206\303\353\231Pt\261\363\262\236\366ZNDkSE\201\001"
 499      5074B1F3 
 499      B29EF65A 
 499      4E446B53 
 499      458101
 500 09aa 6F636DE9 		.ascii	"ocm\351e[\322\330\320<\225\273l\303\26748\2076z\325"
 500      655BD2D8 
 500      D03C95BB 
 500      6CC3B734 
 500      3887367A 
 501 09bf F42797BA 		.ascii	"\364'\227\272\330?\342xK\257^\351-L\316\337\007\255"
 501      D83FE278 
 501      4BAF5EE9 
 501      2D4CCEDF 
 501      07AD
 502 09d1 47AC73D7 		.ascii	"G\254s\327\346\306\333\217\340c\020\331]\257\2732\232"
 502      E6C6DB8F 
 502      E06310D9 
 502      5DAFBB32 
 502      9A
 503 09e2 6DA1E46C 		.ascii	"m\241\344l'\334#r\256\354\316J9\344\240\266\312\251"
 503      27DC2372 
 503      AEECCE4A 
 503      39E4A0B6 
 503      CAA9
 504 09f4 6D32B5CF 		.ascii	"m2\265\317E\265\347\344\334s\262\227\317\304Cj\302\205"
 504      45B5E7E4 
 504      DC73B297 
 504      CFC4436A 
 504      C285
 505 0a06 78435704 		.ascii	"xCW\004\256=\012\321U\231\336U\242\015\327\345z\233"
 505      AE3D0AD1 
 505      5599DE55 
 505      A20DD7E5 
 505      7A9B
 506 0a18 E42F95C9 		.ascii	"\344/\225\311\242\342\033r\305-2\305I\242\342k\312\212"
 506      A2E21B72 
 506      C52D32C5 
 506      49A2E26B 
 506      CA8A
 507 0a2a 5FF91A54 		.ascii	"_\371\032T\002\272\330;o\227p\325\254\300>\350\026\\"
 507      02BAD83B 
 507      6F9770D5 
 507      ACC03EE8 
 507      165C
 508 0a3c 23F70183 		.ascii	"#\367\001\203\200\021\300\013\3000\340%\340)\240\035"
 508      8011C00B 
 508      C030E025 
 508      E029A01D 
 509 0a4c F000D00F 		.ascii	"\360\000\320\017x\002\340\2617\032\202\3629\240\007"
 509      7802E0B1 
 509      371A82F2 
 509      39A007
 510 0a5b F008F00C 		.ascii	"\360\010\360\014p\0070\000\350\006\364\001\036\003\036"
 510      70073000 
ARM GAS  /tmp/ccsE9Ev0.s 			page 41


 510      E806F401 
 510      1E031E
 511 0a6a 02EE02EE 		.ascii	"\002\356\002\356\001:\000\235\200\333\200^I\326d}!N"
 511      013A009D 
 511      80DB805E 
 511      49D6647D 
 511      214E
 512 0a7c 7D93DC93 		.ascii	"}\223\334\223\0132\257\257\210\334\237\024W_\2220\364"
 512      0B32AFAF 
 512      88DC9F14 
 512      575F9230 
 512      F4
 513 0a8d 89DC3372 		.ascii	"\211\3343rn\275L\357jq6o*\207\212\344\223\335K\246\230"
 513      6EBD4CEF 
 513      6A71366F 
 513      2A878AE4 
 513      93DD4BA6 
 514 0aa2 9C3E1795 		.ascii	"\234>\027\225\015\226XqO\264\242J9\266%\344\021\221"
 514      0D965871 
 514      4FB4A24A 
 514      39B625E4 
 514      1191
 515 0ab4 DC2C275F 		.ascii	"\334,'_\226\223\007Dr\203\262\177\022\362\260H\276\244"
 515      96930744 
 515      7283B27F 
 515      12F2B048 
 515      BEA4
 516 0ac6 AC598CEF 		.ascii	"\254Y\214\357.\233#\014k\344a\270Q6q\335\242\336\223"
 516      2E9B230C 
 516      6BE461B8 
 516      513671DD 
 516      A2DE93
 517 0ad9 72BDB54E 		.ascii	"r\275\265Nzc\254\255\342\274U\312\271\257|\266\031\024"
 517      7A63ACAD 
 517      E2BC55CA 
 517      B9AF7CB6 
 517      1914
 518 0aeb 8D68941B 		.ascii	"\215h\224\033qVf\304\220h\304y\345\315+\231\211\253"
 518      715666C4 
 518      9068C479 
 518      E5CD2B99 
 518      89AB
 519 0afd 22B9544E 		.ascii	"\"\271TN\226\177q\355\025->-\3476\312\025\367\210\212"
 519      967F71ED 
 519      152D3E2D 
 519      E736CA15 
 519      F7888A
 520 0b10 EB94C992 		.ascii	"\353\224\311\222\204^\344\036\225s\345\311\177\213\310"
 520      845EE41E 
 520      9573E5C9 
 520      7F8BC8
 521 0b1f AD509E36 		.ascii	"\255P\2366I\356-r\313\225\365J\014\276&\222\313\224"
 521      49EE2D72 
 521      CB95F54A 
 521      0CBE2692 
 521      CB94
 522 0b31 674242BE 		.ascii	"gBB\276/\222O)/\264$On\260\205\222\327\372.\245D\371"
ARM GAS  /tmp/ccsE9Ev0.s 			page 42


 522      2F924F29 
 522      2FB4244F 
 522      6EB08592 
 522      D7FA2EA5 
 523 0b47 6AC2E95D 		.ascii	"j\302\351]z\331g.\373\311\204b\341@\372\1779\234\250"
 523      7AD9672E 
 523      FBC98462 
 523      E140FA7F 
 523      399CA8
 524 0b5a 27A9870C 		.ascii	"'\251\207\014\220\254\306`OtXL%\2738\361\343\331\245"
 524      90ACC660 
 524      4F74584C 
 524      25BB38F1 
 524      E3D9A5
 525 0b6d DE81328D 		.ascii	"\336\2012\215S\246M\310b\016\023\207i\352LJ`\357i\255"
 525      53A64DC8 
 525      620E1387 
 525      69EA4C4A 
 525      60EF69AD 
 526 0b81 B8849D3E 		.ascii	"\270\204\235>\265)}8W\375\354Wsr\367\027]\352\341\234"
 526      B5297D38 
 526      57FDEC57 
 526      7372F717 
 526      5DEAE19C 
 527 0b95 065EE934 		.ascii	"\006^\3514p\2740p<\035\370|e\\\255\207\342\300\2527"
 527      70BC3070 
 527      3C1DF87C 
 527      655CAD87 
 527      E2C0AA37 
 528 0ba9 1F152560 		.ascii	"\037\025%`O\222LX\317n4\350\2054:\361\347\277\200\241"
 528      4F924C58 
 528      CF6E34E8 
 528      85343AF1 
 528      E7BF80A1 
 529 0bbd 44AC2709 		.ascii	"D\254'\011To]\371\030\232!\203IB*}\357)\317>\376\221"
 529      546F5DF9 
 529      189A2183 
 529      49422A7D 
 529      EF29CF3E 
 530 0bd3 7787244C 		.ascii	"w\207$L\237\025m\331cs\0355iN\306$i^\205\205\244\371"
 530      9F156DD9 
 530      63731D35 
 530      694EC624 
 530      695E8585 
 531 0be9 E8F127E7 		.ascii	"\350\361'\347\334q/\313IN>\276p\233\203\244\271\022"
 531      DC712FCB 
 531      494E3EBE 
 531      709B83A4 
 531      B912
 532 0bfb 92E6DDAD 		.ascii	"\222\346\335\255\036\216\244\231#\275P\012\026\223f"
 532      1E8EA499 
 532      23BD500A 
 532      169366
 533 0c0a A8338F56 		.ascii	"\2503\217Vc/\225v\326\327\337x\371\251\336\2166/\231"
 533      632F9576 
 533      D6D7DF78 
 533      F9A9DE8E 
ARM GAS  /tmp/ccsE9Ev0.s 			page 43


 533      362F99
 534 0c1d 32397861 		.ascii	"29xadxDpt\230yYd\260Y\267,|\251\031\236\231\365\301"
 534      64784470 
 534      74987959 
 534      64B059B7 
 534      2C7CA919 
 535 0c35 C1F6EA54 		.ascii	"\301\366\352T\337e\321Q\276!QK>[\032\2614\354\263\260"
 535      DF65D151 
 535      BE21514B 
 535      3E5B1AB1 
 535      34ECB3B0 
 536 0c49 90EFC37D 		.ascii	"\220\357\303}\303\227\316_\274,4\314wI\310\374E\341"
 536      C397CE5F 
 536      BC2C34CC 
 536      7749C8FC 
 536      45E1
 537 0c5b 4BC37C83 		.ascii	"K\303|\203C\303\026\204,[l\0166\377\030\031\026\375"
 537      43C31684 
 537      2C5B6C0E 
 537      36FF1819 
 537      16FD
 538 0c6d F922D5C7 		.ascii	"\371\"\325\307\257\351\024\375c\264op\2649\024\364\003"
 538      AFE914FD 
 538      63B46F70 
 538      B43914F4 
 538      03
 539 0c7e 53B32422 		.ascii	"S\263$\"4,J\033AzF\271DDG\206\205\205Fi\"\227E\206F"
 539      342C4A1B 
 539      417A46B9 
 539      44444786 
 539      85854669 
 540 0c97 E188D028 		.ascii	"\341\210\320(u\310\202\250\305\344\337\242?\372-\012"
 540      75C882A8 
 540      C5E4DFA2 
 540      3FFA2D0A 
 541 0ca7 FF3E7C6E 		.ascii	"\377>|nP\360\244/>\237\366\371D\337\210h\337E!\213}"
 541      50F0A42F 
 541      3E9FF6F9 
 541      44DF8868 
 541      DF45218B 
 542 0cbc 2323A2CC 		.ascii	"##\242\314\321\276A\363\276\2322\33170\320\337w\226"
 542      D1BE41F3 
 542      BE9A32D9 
 542      3730D0DF 
 542      7796
 543 0cce 71CEDC1F 		.ascii	"q\316\334\037&\223\246\340H\300\342\305\2410\210\326"
 543      2693A6E0 
 543      48C0E2C5 
 543      A13088D6 
 544 0cde 38DD3FC4 		.ascii	"8\335?\304\034\2425\316`\205\037+\374Y\021\300\212\231"
 544      1CA235CE 
 544      60851F2B 
 544      FC5911C0 
 544      8A99
 545 0cf0 AC98C58A 		.ascii	"\254\230\305\212\331\254\230C\012W\343\364@\277\210"
 545      D9AC9843 
 545      0A57E3F4 
ARM GAS  /tmp/ccsE9Ev0.s 			page 44


 545      40BF88
 546 0cff A50BC217 		.ascii	"\245\013\302\027\272\333\225\006\207/\0157\377r\223"
 546      BADB9506 
 546      872F0D37 
 546      FF7293
 547 0d0e E6AB0C92 		.ascii	"\346\253\014\222\3317k\276\232\353\037`\322\316\235"
 547      D9376BBE 
 547      9AEB1F60 
 547      D2CE9D
 548 0d1d F7776380 		.ascii	"\367wc\200\311en\2201 \300\337\2441~c\3647\3419\200"
 548      C9656E90 
 548      3120C0DF 
 548      A4317E63 
 548      F437E139 
 549 0d32 B9FE26F4 		.ascii	"\271\376&\364-]\234I\323\034\213C\252\030\026N3\177"
 549      2D5D9C49 
 549      D31C8B43 
 549      AA18164E 
 549      337F
 550 0d44 71584814 		.ascii	"qXH\024\232\255\236\021d2\251\003\375\376bRO\237i\012"
 550      9AAD9E11 
 550      6432A903 
 550      FDFE6252 
 550      4F9F690A 
 551 0d58 24FF66E3 		.ascii	"$\377f\343\031&\223><\202X\024\036\032l6\260\352\222"
 551      1926933E 
 551      3C825814 
 551      1E1A6C36 
 551      B0EA92
 552 0d6b 90E87FC3 		.ascii	"\220\350\177\303b\207G\220\271\0176\277\343p\012\264"
 552      62874790 
 552      B90F36BF 
 552      E3700AB4 
 553 0d7b 2D8C8A58 		.ascii	"-\214\212X\026I\236\273\231\374\374\202\347\301\252"
 553      16499EBB 
 553      99FCFC82 
 553      E7C1AA
 554 0d8a F8872DE0 		.ascii	"\370\207-\340\374L.\306\300@\277\231\263Lj\362\017\373"
 554      FC4C2EC6 
 554      C040BF99 
 554      B34C6AF2 
 554      0FFB
 555 0d9c CD31E9A6 		.ascii	"\3151\351\246\317\2361\311\0244\217V&\333+SH\305\325"
 555      CF9E31C9 
 555      14348F56 
 555      26DB2B53 
 555      48C5D5
 556 0daf 14101460 		.ascii	"\024\020\024`\372k\200\377D\335t\243\235dd$G\333$\027"
 556      FA6B80FF 
 556      44DD74A3 
 556      9D646424 
 556      47DB2417 
 557 0dc3 A220E06B 		.ascii	"\242 \340k\023)'\013\345\024(\035\214\311.\2447m1R\206"
 557      1329270B 
 557      E514281D 
 557      8CC92EA4 
 557      376D3152 
ARM GAS  /tmp/ccsE9Ev0.s 			page 45


 558 0dd8 A3658A2B 		.ascii	"\243e\212+\351\033h$\317HoGm\012\253\331yS]\211\006"
 558      E91B6824 
 558      CF486F47 
 558      6D0AABD9 
 558      79535D89 
 559 0ded A1D568E7 		.ascii	"\241\325h\347\331[\177\257\236\341\357\007\276\004\211"
 559      D95B7FAF 
 559      9EE1EF07 
 559      BE0489
 560 0dfc 8FA66982 		.ascii	"\217\246i\202\202\374f\231\364\340\354\234\311A\304"
 560      82FC6699 
 560      F4E0EC9C 
 560      C941C4
 561 0e0b D53FBDBA 		.ascii	"\325?\275\272\306\363#\226,\211X\352\033\266\334\354"
 561      C6F32396 
 561      2C8958EA 
 561      1BB6DCEC 
 562 0e1b EBF755D0 		.ascii	"\353\367U\320\234 Xj\266\3323\247._\356K\327u\301\324"
 562      9C20586A 
 562      B6DA33A7 
 562      2E5FEE4B 
 562      D775C1D4 
 563 0e2f 895F2C5F 		.ascii	"\211_,_\016\221\247#qB\026\371?\253a\027-"
 563      0E91A723 
 563      714216F9 
 563      3FAB6117 
 563      2D
 564              		.text
 565              		.section	.gnu.lto_.symtab.e8c2388c7f882c,"",%progbits
 566 0000 5F70616C 		.ascii	"_pal_lld_init\000\000\000\000\000\000\000\000\000\000"
 566      5F6C6C64 
 566      5F696E69 
 566      74000000 
 566      00000000 
 567 0017 0000EF00 		.ascii	"\000\000\357\000\000\000_pal_lld_setgroupmode\000\000"
 567      00005F70 
 567      616C5F6C 
 567      6C645F73 
 567      65746772 
 568 0034 00000000 		.ascii	"\000\000\000\000\000\000\000\000\000\0006\001\000\000"
 568      00000000 
 568      00003601 
 568      0000
 569              		.text
 570              		.section	.gnu.lto_.opts,"",%progbits
 571 0000 272D666E 		.ascii	"'-fno-trapv' '-mcpu=cortex-m4' '-mfloat-abi=hard' '"
 571      6F2D7472 
 571      61707627 
 571      20272D6D 
 571      6370753D 
 572 0033 2D6D6670 		.ascii	"-mfpu=fpv4-sp-d16' '-mno-thumb-interwork' '-mthumb'"
 572      753D6670 
 572      76342D73 
 572      702D6431 
 572      36272027 
 573 0066 20272D67 		.ascii	" '-ggdb' '-O2' '-fomit-frame-pointer' '-falign-func"
 573      67646227 
ARM GAS  /tmp/ccsE9Ev0.s 			page 46


 573      20272D4F 
 573      32272027 
 573      2D666F6D 
 574 0099 74696F6E 		.ascii	"tions=16' '-ffunction-sections' '-fdata-sections' '"
 574      733D3136 
 574      2720272D 
 574      6666756E 
 574      6374696F 
 575 00cc 2D666E6F 		.ascii	"-fno-common' '-flto' '-fsingle-precision-constant'\000"
 575      2D636F6D 
 575      6D6F6E27 
 575      20272D66 
 575      6C746F27 
 576              		.text
 577              		.comm	__gnu_lto_v1,1,1
 578              		.comm	__gnu_lto_slim,1,1
 579              		.ident	"GCC: (GNU Tools for ARM Embedded Processors) 4.9.3 20150529 (release) [ARM/embedded-4_9-br
ARM GAS  /tmp/ccsE9Ev0.s 			page 47


DEFINED SYMBOLS
                            *ABS*:0000000000000000 hal_pal_lld.c
                            *COM*:0000000000000001 __gnu_lto_v1
                            *COM*:0000000000000001 __gnu_lto_slim

NO UNDEFINED SYMBOLS
