ARM GAS  /tmp/ccwfYDT0.s 			page 1


   1              		.syntax unified
   2              		.cpu cortex-m4
   3              		.eabi_attribute 27, 1
   4              		.eabi_attribute 28, 1
   5              		.fpu fpv4-sp-d16
   6              		.eabi_attribute 20, 1
   7              		.eabi_attribute 21, 1
   8              		.eabi_attribute 23, 3
   9              		.eabi_attribute 24, 1
  10              		.eabi_attribute 25, 1
  11              		.eabi_attribute 26, 1
  12              		.eabi_attribute 30, 2
  13              		.eabi_attribute 34, 1
  14              		.eabi_attribute 18, 4
  15              		.thumb
  16              		.file	"hal_lld.c"
  17              		.text
  18              	.Ltext0:
  19              		.section	.gnu.lto_.profile.ee3b900d6d31bf70,"",%progbits
  20 0000 789C6366 		.ascii	"x\234cf```a\200\000F\206\202T\000\001\271\000\336"
  20      60606061 
  20      80004686 
  20      82540001 
  20      B900DE
  21              		.text
  22              		.section	.gnu.lto_.jmpfuncs.ee3b900d6d31bf70,"",%progbits
  23 0000 789C6366 		.ascii	"x\234cf\300\0168\2414\023\210`\004b\000\001S\000\020"
  23      C00E38A1 
  23      34138860 
  23      04620001 
  23      530010
  24              		.text
  25              		.section	.gnu.lto_.inline.ee3b900d6d31bf70,"",%progbits
  26 0000 789C6366 		.ascii	"x\234cf\300\016\214\2404\023\003\203\202\006#\003\223"
  26      C00E8CA0 
  26      34130383 
  26      82062303 
  26      93
  27 0011 C582F5CC 		.ascii	"\305\202\365\314\014l\013\344\231@\202\214\\ \202\341"
  27      0C6C0BE4 
  27      9940828C 
  27      5C2082E1 
  28 0021 24C30326 		.ascii	"$\303\003&\240T\017\343\267\333Zp9\006\000\300g\007"
  28      A0540FE3 
  28      B7DB5A70 
  28      390600C0 
  28      6707
  29 0033 DD       		.ascii	"\335"
  30              		.text
  31              		.section	.gnu.lto_.pureconst.ee3b900d6d31bf70,"",%progbits
  32 0000 789C6366 		.ascii	"x\234cf```e\200\000&\006)F)\000\000\371\000@"
  32      60606065 
  32      80002606 
  32      29462900 
  32      00F90040 
  33              		.text
  34              		.section	.gnu.lto_hal_lld_init.ee3b900d6d31bf70,"",%progbits
ARM GAS  /tmp/ccwfYDT0.s 			page 2


  35 0000 789C9D95 		.ascii	"x\234\235\225IL\024A\024\206\353U\3674\303\"\020\303"
  35      494C1441 
  35      1486EB55 
  35      F734C322 
  35      10C3
  36 0012 3260A247 		.ascii	"2`\242GN\003\"\006=q\321x01\036\360N\\\016\220\220@"
  36      4E032206 
  36      3D71D178 
  36      30311EF0 
  36      4E5C0E90 
  37 0028 C4030709 		.ascii	"\304\003\007\011=\202\204\003\"K\214&\210\007\243AD"
  37      3D828403 
  37      224B8C26 
  37      8807A341 
  37      44
  38 0039 163716D9 		.ascii	"\0267\026\331\006T\220]\030\026A6\005\0221\036\006A"
  38      0654905D 
  38      18164136 
  38      0512311E 
  38      0641
  39 004b 61C266BD 		.ascii	"a\302f\275\252v\232\301\213=\223\360z\350\256\376\376"
  39      AA769AC1 
  39      8B3D93F0 
  39      7AE8AEFE 
  39      FE
  40 005c FFBD57F3 		.ascii	"\377\275W\363J\"\377~\342\330\337u3!'\331\025L\004h"
  40      4A22FF7E 
  40      E2D8DF75 
  40      332127D9 
  40      154C0468 
  41 0070 D1202136 		.ascii	"\321 !63\245RO\002Q\375\344\356 \242\006H \213\3332"
  41      33A5524F 
  41      0251FDE4 
  41      EE20A206 
  41      48208BDB 
  42 0085 007E2140 		.ascii	"\000~!@\262\251$C6,\323\025\012E\366\252{\376Q\217U"
  42      B2A92443 
  42      362CD315 
  42      0A45F6AA 
  42      7BFE518F 
  43 009a 55753E6C 		.ascii	"Uu>l\265\334\264\270(!\253T\360\241\002\242\010[\263"
  43      B5DCB4B8 
  43      2821AB54 
  43      F0A102A2 
  43      085BB3
  44 00ad 92BB3DE1 		.ascii	"\222\273=\341\257\344\2625\301\342\031<\001\005\330"
  44      AFE4B235 
  44      C1E2193C 
  44      0105D8
  45 00bc B5F6A05D 		.ascii	"\265\366\240]\335\335]\270\337\357\220\017S\342\242"
  45      DDDD5DB8 
  45      DFEF900F 
  45      53E2A2
  46 00cb CC040B66 		.ascii	"\314\004\013f\014\276\030\0020\004a\010\306\020\202"
  46      0CBE1802 
  46      30046108 
  46      C61082
ARM GAS  /tmp/ccwfYDT0.s 			page 3


  47 00da 21144318 		.ascii	"!\024C\030\206p\014\026\014\021\030\010Ydl\264\270D"
  47      86700C16 
  47      0C111808 
  47      59646CB4 
  47      B844
  48 00ec 295EA529 		.ascii	")^\245)\350\254_Y\217E\265u\212f7\232g\034\3627\352"
  48      E8AC5F59 
  48      8F45B575 
  48      8A66379A 
  48      671CF237 
  49 0101 A25475E6 		.ascii	"\242Tu\346\2532z\233[\034\0326\363[\004\377\315\333"
  49      AB327A9B 
  49      5B1C1A36 
  49      F35B04FF 
  49      CDDB
  50 0113 997399CA 		.ascii	"\231s\231\312\241\014\\T\202J\210\204\247\020\311\037"
  50      A10C5C54 
  50      824A8884 
  50      A710C91F 
  51 0123 1497FC2A 		.ascii	"\024\227\374*\365\263V\251\2716\263\213\312P\005\345"
  51      F5B356A9 
  51      B936B38B 
  51      CA5005E5 
  52 0133 F093A709 		.ascii	"\360\223\247\011\317\300J\230R:\312\030 T\353\204\032"
  52      CFC04A98 
  52      523ACA18 
  52      2054EB84 
  52      1A
  53 0144 B0A29332 		.ascii	"\260\242\2232\327#_t\002\273\354\023D\240\226\275h\010"
  53      D7235F74 
  53      02BBEC13 
  53      44A096BD 
  53      6808
  54 0156 0CC8ADD3 		.ascii	"\014\310\255\323\271\317\005\367o\2062\273\365B0\353"
  54      B9CF05F7 
  54      6F8632BB 
  54      F54230EB 
  55 0166 87B74094 		.ascii	"\207\267@\224\305d\300\362K\216\306\306\301+\357\222"
  55      C564C0F2 
  55      4B8EC6C6 
  55      C12BEF92 
  56 0176 7EAD13EA 		.ascii	"~\255\023\352\301\352e\206\015:\244\221A\334)mk)\231"
  56      C1EA6586 
  56      0D3AA491 
  56      41DC296D 
  56      6B2999
  57 0189 0D186AE2 		.ascii	"\015\030j\342,\276'\337\360\224r\326\024A\361\025\240"
  57      2CBE27DF 
  57      F09472D6 
  57      1441F115 
  57      A0
  58 019a B5821FBF 		.ascii	"\265\202\037\277\025wW\002\0114\013\271\0220\230z\213"
  58      15775702 
  58      09340BB9 
  58      1230987A 
  58      8B
  59 01ab AED40A56 		.ascii	"\256\324\012V\306\367\"\3636\235\321\276'\363\342\035"
ARM GAS  /tmp/ccwfYDT0.s 			page 4


  59      C6F722F3 
  59      369DD1BE 
  59      27F3E21D 
  60 01bb 2DF30003 		.ascii	"-\363\000\003~\354\234%!\253\303\273fv\352\204\267^"
  60      7EEC9C25 
  60      21ABC3BB 
  60      6676EA84 
  60      B75E
  61 01cd 37F39D0E 		.ascii	"7\363\235\016y\277\267\231\273ZJA\006\014uq\226\214"
  61      79BFB799 
  61      BB5A4A41 
  61      060C7571 
  61      968C
  62 01df AC6ECF66 		.ascii	"\254n\317f\006\013P\317\215\205%\177\336L6\213T \360"
  62      060B50CF 
  62      8D85257F 
  62      DE4C368B 
  62      5420F0
  63 01f2 C1CB66F6 		.ascii	"\301\313f\366\350J\275\330\314`nz\245\345\220\307\264"
  63      E84ABDD8 
  63      CC606E7A 
  63      A5E590C7 
  63      B4
  64 0203 B3DFE905 		.ascii	"\263\337\351\005>\353V\331n\3357\007\241\017\024\366"
  64      3EEB56D9 
  64      6EDD3707 
  64      A10F14F6 
  65 0213 763FBA0B 		.ascii	"v?\272\013a\317rF\034\247\321\231I\235\267\355\233L"
  65      61CF7246 
  65      1CA7D199 
  65      499DB7ED 
  65      9B4C
  66 0225 26EEA0FA 		.ascii	"&\356\240\372{\305\335@f\315V\2442\013\012\0140w\203"
  66      7BC5DD40 
  66      66CD56A4 
  66      320B0A0C 
  66      307783
  67 0238 9ABBD2BE 		.ascii	"\232\273\322\276\326B\037\335\335\020wg\022\032\360"
  67      D6421FDD 
  67      DD107767 
  67      121AF0
  68 0247 512B45DE 		.ascii	"Q+E\336`\203$\364B\205ds\177e-\025\325\240\004\206\335"
  68      608324F4 
  68      42856473 
  68      7F652D15 
  68      D5A00486 
  69 025c A5E8E7A5 		.ascii	"\245\350\347\2450\2407\342\241\347\300\202\204\212\215"
  69      30A037E2 
  69      A1E7C082 
  69      848A8D
  70 026b 992004C3 		.ascii	"\231 \004\303\330;\013\005\215s\276n\236gu\253**\306"
  70      D83B0B05 
  70      8D73BE6E 
  70      9E6775AB 
  70      2A2AC6
  71 027e 15F79618 		.ascii	"\025\367\226\030\3458E\303\215\011\373\033y\243T\300"
  71      E53845C3 
ARM GAS  /tmp/ccwfYDT0.s 			page 5


  71      8D09FB1B 
  71      79A354C0 
  72 028e C205AF6B 		.ascii	"\302\005\257k\271\2550@\270g\253\306\031i\014r's\"\265"
  72      B9AD3040 
  72      B867ABC6 
  72      19690C72 
  72      277322B5 
  73 02a2 456CC56D 		.ascii	"El\305m\347\360-1PYAa\002\265\010\036\016\022\351I\300"
  73      E7F02D31 
  73      50594161 
  73      02B5081E 
  73      0E12E949 
  74 02b7 B3C159D7 		.ascii	"\263\301Y\327~DK\366\277\314\331\354\026\264\367\311"
  74      7E444BF6 
  74      BFCCD9EC 
  74      16B4F7C9 
  75 02c7 C3DE249F 		.ascii	"\303\336$\237\261\275\365\003[\007\370\214UQkJ\324\322"
  75      B1BDF503 
  75      5B07F88C 
  75      55516B4A 
  75      D4D2
  76 02d9 E9F44AE0 		.ascii	"\351\364J\340\263\207\300\264\366\253@\347\262~\254"
  76      B387C0B4 
  76      F6AB40E7 
  76      B27EAC
  77 02e8 2D7668CD 		.ascii	"-vh\315\264\030\353\325\014\207\373h\360Y\255\270\212"
  77      B418EBD5 
  77      0C87FB68 
  77      F059ADB8 
  77      8A
  78 02f9 6045085C 		.ascii	"`E\010\\\351f\303\262\237\230y\233\374$\232\363~o\314"
  78      E966C3B2 
  78      9F98799B 
  78      FC249AF3 
  78      7E6FCC
  79 030c 7BE87DC1 		.ascii	"{\350}\301\275\021A\246!\307^\326\313\177t\370\312\003"
  79      BD1141A6 
  79      21C75ED6 
  79      CB7F74F8 
  79      CA03
  80 031e 47610DCD 		.ascii	"Ga\015\315\332T\363\221\346\263\212\003\016\276B\026"
  80      DA54F391 
  80      E6B38A03 
  80      0EBE4216 
  81 032e 3BD4CD64 		.ascii	";\324\315d\026l\366\246\263|%\301\023\036\260\004lA"
  81      166CF6A6 
  81      B37C25C1 
  81      131EB004 
  81      6C41
  82 0340 FCA9E494 		.ascii	"\374\251\344\224K)\347\023\223bOD\307G\037\215I\313"
  82      4B29E713 
  82      93624F44 
  82      C7471F8D 
  82      49CB
  83 0352 8849BE98 		.ascii	"\210I\276\230\032\223\236v\365ZFL\342\205sq\307D<s<"
  83      1A939E76 
  83      F55A464C 
ARM GAS  /tmp/ccwfYDT0.s 			page 6


  83      E2857371 
  83      C7443C73 
  84 0367 33139F24 		.ascii	"3\023\237$\245\246^\211\276L\376\000l\316\365\\"
  84      A5A65E89 
  84      BE4CFE00 
  84      6CCEF55C 
  85              		.text
  86              		.section	.gnu.lto_stm32_clock_init.ee3b900d6d31bf70,"",%progbits
  87 0000 789C9D57 		.ascii	"x\234\235W[L\224G\024\2363{\277\301\262\334\227j4\336"
  87      5B4C9447 
  87      149E337B 
  87      BFC1B2DC 
  87      976A34DE 
  88 0014 13B948F1 		.ascii	"\023\271H\361\222\246/\2336}k\372\320\246\257\246\227"
  88      92A62F9B 
  88      367D6BFA 
  88      D0A6AFA6 
  88      97
  89 0025 349A98D8 		.ascii	"4\232\230\330\326>\370\346\277\260Ph\251\025\274\244"
  89      D63EF8E6 
  89      BFB05068 
  89      A915BCA4 
  90 0035 A9C598C6 		.ascii	"\251\305\230\306\013V\255\200\226V\255\025\205\026\265"
  90      0B56AD80 
  90      9656AD15 
  90      8516B5
  91 0044 2A154490 		.ascii	"*\025D\220\252x\331\265\240\240,\367Ut;gf\376\375aM"
  91      AA78D9B5 
  91      A0A02CF7 
  91      55743B67 
  91      66FEFD61 
  92 0059 9BDDE5E1 		.ascii	"\233\335\345\341\314\317\234\331\357|\363\2353\347\237"
  92      CCCF9CD9 
  92      EF7CF39D 
  92      33E79F
  93 0068 5F475EFC 		.ascii	"_G^\374\373\004\010\3618\011Y\305\236\341%\002t\313"
  93      FB0408F1 
  93      380959C5 
  93      9EE12502 
  93      74CB
  94 007a 6542BC66 		.ascii	"eB\274f\012:\361\240\2439\225\255\204(V\275\317D\024"
  94      0A3AF1A0 
  94      A33995AD 
  94      842856BD 
  94      CF4414
  95 008d 7B8E98F7 		.ascii	"{\216\230\367\350\301 \374\006\352\026~#\367\273\305"
  95      E8C120FC 
  95      06EA167E 
  95      23F7BBC5 
  96 009d BCC70826 		.ascii	"\274\307\010&\3417\321l\3417s\177\266\230\367\230\301"
  96      E137D16C 
  96      E137737F 
  96      B698F798 
  96      C1
  97 00ae 22FC169A 		.ascii	"\"\374\026\232%\374V\356\317\022\363\036+\330\204\337"
  97      25FC56EE 
  97      CF12F31E 
ARM GAS  /tmp/ccwfYDT0.s 			page 7


  97      2BD884DF 
  98 00be 463385DF 		.ascii	"F3\205\337\316\375\231b\336c\2074\034!\215f\010\267"
  98      CEFD9962 
  98      DE638734 
  98      1C218D66 
  98      08B7
  99 00d0 83BB33C4 		.ascii	"\203\2733\304\264\307A\223\206\322\331\254s\367*6\233"
  99      B4C74193 
  99      86D2D9AC 
  99      73F72A36 
  99      9B
 100 00e1 4493A7FD 		.ascii	"D\223\247\375\227\014)\002\332\251>\244\200K<\270h\272"
 100      970C2902 
 100      DAA93EA4 
 100      804B3CB8 
 100      68BA
 101 00f3 404BE568 		.ascii	"@K\345h\351b\336\223\012\200#\001\262\211\352r\364\006"
 101      E962DE93 
 101      0A802301 
 101      B289EA72 
 101      F406
 102 0105 B7D1946D 		.ascii	"\267\321\224m\266dYm\231\366\264\014GR\2623\305\225"
 102      B664596D 
 102      99F6B40C 
 102      4752B233 
 102      C595
 103 0117 9E0A9BCC 		.ascii	"\236\012\233\314:!\251A\014&1X\304`\023C\232\030\\b"
 103      3A21A941 
 103      0C263158 
 103      C4601343 
 103      9A185C62 
 104 012b E8A7410A 		.ascii	"\350\247A\012[\232\016~c[\264WQ\224\241\366\316\254"
 104      5B9A0E7E 
 104      635BB457 
 104      5194A1F6 
 104      CEAC
 105 013d D2AC1025 		.ascii	"\322\254\020%d\204\212\005\260\037\026\021\266&\350"
 105      64848A05 
 105      B01F1611 
 105      B626E8
 106 014c 7BD66533 		.ascii	"{\326e3\372\330\032\247\360A-\030Y\346\310\021W\223"
 106      FAD81AA7 
 106      F0412D18 
 106      59E6C811 
 106      5793
 107 015e 120EDFDB 		.ascii	"\022\016\337\333UYoXi !\012F4f4\0264V464\0164\311h\234"
 107      55596F58 
 107      6920210A 
 107      46346634 
 107      16345634 
 108 0179 6852D0B8 		.ascii	"hR\320\270\320\244\243\311@\223\205&\033\215\033M\016"
 108      D0A4A3C9 
 108      40938526 
 108      1B8D1B4D 
 108      0E
 109 018a 9A596866 		.ascii	"\232Yhf\243\231\203f.\232yh\346\243Y\200f!\232\305h"
 109      A3998366 
ARM GAS  /tmp/ccwfYDT0.s 			page 8


 109      2E9A7968 
 109      E6A35980 
 109      66219AC5 
 110 019f 96A0598A 		.ascii	"\226\240Y\212&\027M>\232\0024\313\320\024\242)B\263"
 110      26174D3E 
 110      9A0234CB 
 110      D014A229 
 110      42B3
 111 01b1 1C0D217E 		.ascii	"\034\015!~\266\023&t\200R6\350z\340\354P\335\255b\003"
 111      B6132674 
 111      805236E8 
 111      7AE0EC50 
 111      DDAD6203 
 112 01c5 6E8D6D79 		.ascii	"n\215my\362\344\315\016}\037\015Q\252\014\225+zT\241"
 112      F2E4CD0E 
 112      7D1F0D51 
 112      AA0C952B 
 112      7A54A1
 113 01d8 D7DF76C5 		.ascii	"\327\337v\305\314\247\010\376[\366\2747d\250\201\235"
 113      CCA708FE 
 113      5BF6BC37 
 113      64A8819D 
 114 01e8 5E456932 		.ascii	"^Ei2\206\250\016\016\200\033~`\334\321YU=\266\325\232"
 114      86A80E0E 
 114      801B7E60 
 114      DCD15955 
 114      3DB6D59A 
 115 01fc 7B50F141 		.ascii	"{P\361A\210\352\341 \324\3000\327\024\016A.sW\267\035"
 115      88EAE120 
 115      D4C030D7 
 115      140E412E 
 115      7357B71D 
 116 0210 B9E14028 		.ascii	"\271\341@(=\323T\001\002\207\331\357\220\301\220\277"
 116      3DD35401 
 116      0287D9EF 
 116      90C190BF 
 117 0220 41271994 		.ascii	"A'\031\224\264w\274\216K\014\312mo\024\001\003\217\321"
 117      B477BC8E 
 117      4B0CCA6D 
 117      6F140103 
 117      8FD1
 118 0232 75A2E28E 		.ascii	"u\242\342\216Q#`\204\037\031\201#\222@\303v\177\247"
 118      51236084 
 118      1F198123 
 118      9240C376 
 118      7FA7
 119 0244 46A08E13 		.ascii	"F\240\216\023\300\214A='\360$\030\272h\220\004t\004"
 119      C08C413D 
 119      27F02418 
 119      BA689004 
 119      7404
 120 0256 1A44F8C6 		.ascii	"\032D\370\306\372\001\021~\202\032\246\355\020\376s"
 120      FA01117E 
 120      821AA6ED 
 120      10FE73
 121 0265 775E33A2 		.ascii	"w^3\242\037\345\350\274.\2161\351{\240d\324(P$PkM_\003"
 121      1FE5E8BC 
ARM GAS  /tmp/ccwfYDT0.s 			page 9


 121      2E8E31E9 
 121      7BA064D4 
 121      28502450 
 122 027d 1713D856 		.ascii	"\027\023\330V\177\022\261\252A\3563\326(\215Z\224\237"
 122      7F12B1AA 
 122      41EE33D6 
 122      288D5A94 
 122      9F
 123 028e 219761B3 		.ascii	"!\227a\263\247\000\325\021v60y\215\301\201a\311\335"
 123      A700D511 
 123      76363079 
 123      8DC18161 
 123      C9DD
 124 02a0 1C132A17 		.ascii	"\034\023*\027\346\027\015\364\270\240>Y\346\247\002"
 124      E6170DF4 
 124      B8A03E59 
 124      E6A702
 125 02af C62290BE 		.ascii	"\306\"\220\276\355\012\214\3528yJ\340\004C\351\004_"
 125      ED0A8CEA 
 125      38794AE0 
 125      0443E904 
 125      5F
 126 02c0 77C94772 		.ascii	"w\311Gr\015[\340\335w\262\322\304\0270\224\223\030\206"
 126      0D5BE0DD 
 126      77B2D2C4 
 126      17309493 
 126      1886
 127 02d2 6071E510 		.ascii	"`q\345\020v\230!@\365\262\272\032\203\217\333%Ak\034"
 127      76982140 
 127      F5B2BA1A 
 127      838FDB25 
 127      416B1C
 128 02e5 DBFE9533 		.ascii	"\333\376\2253\304\263\015\247$C)\256M\000\005.\027W"
 128      C4B30DA7 
 128      244329AE 
 128      4D00052E 
 128      1757
 129 02f7 F05A82A9 		.ascii	"\360Z\202\251p8\234L\340\267\004\005>\255EjB\201m\274"
 129      70389C4C 
 129      E0B70405 
 129      3EAD456A 
 129      42816DBC 
 130 030b 24AA46A5 		.ascii	"$\252F\245\034\2168\240\316hPg9\351\370\3314k\020-\310"
 130      1C8E38A0 
 130      CE685067 
 130      39E9F8D9 
 130      346B102D 
 131 0320 C6C1D36D 		.ascii	"\306\301\323m\320\322=zW\252\231\034{\272\177\327@\377"
 131      D0D23D7A 
 131      57AA991C 
 131      7BBA7FD7 
 131      40FF
 132 0332 50D33D20 		.ascii	"P\323= \367\347\024H\023\245C\025V.\247\235@\253H\367"
 132      F7E71448 
 132      13A54315 
 132      562EA79D 
 132      40AB48F7 
ARM GAS  /tmp/ccwfYDT0.s 			page 10


 133 0346 7535DDCE 		.ascii	"u5\335\316i\371u\313\374\032#\371\035W\017OJ\034\373"
 133      69F975CB 
 133      FC1A23F9 
 133      1D570F4F 
 133      4A1CFB
 134 0359 3CA755E0 		.ascii	"<\247U\340\371\231\371u\011\240\206gu[m\234P\210\235"
 134      F999F975 
 134      09A08667 
 134      755B6D9C 
 134      50889D
 135 036c 9E0B0926 		.ascii	"\236\013\011&\367O-\314E\224\323\305\333M\335D\273."
 135      F74F2DCC 
 135      4594D3C5 
 135      DB4DDD44 
 135      BB2E
 136 037e 0A288676 		.ascii	"\012(\206vvIS\3612\357&\221\306\244gSm\262\227\004\303"
 136      764953F1 
 136      32EF2691 
 136      C6A46753 
 136      6DB29704 
 137 0393 AA1CE971 		.ascii	"\252\034\351q\360\374K\343yef/\311\020@;\306j\017\030"
 137      F0FC4BE3 
 137      7965662F 
 137      C910403B 
 137      C66A0F18 
 138 03a7 B91C0AEB 		.ascii	"\271\034\012\353\212\320\236\240\036\035Z\234\253\250"
 138      8AD09EA0 
 138      1E1D5A9C 
 138      ABA8
 139 03b5 47062F2F 		.ascii	"G\006//\223V^-\367$\373\254\330\313\253S\003\275\246"
 139      93565E2D 
 139      F724FBAC 
 139      D8CBAB53 
 139      03BDA6
 140 03c8 96D70D59 		.ascii	"\226\327\015Y^\331\002i\327\344\341b\275\244o&\320\025"
 140      5ED90269 
 140      D7E4E162 
 140      BDA46F26 
 140      D015
 141 03da D54FB2A7 		.ascii	"\325O\262\247\025X\266,0s\244\300Z\233%'w\034;\355\346"
 141      1558B62C 
 141      3073A4C0 
 141      5A9B2527 
 141      771C3BED 
 142 03ef A4F448EA 		.ascii	"\244\364H\352\372LEs\030P\302\355\270G\203\375\033\005"
 142      FA4C4573 
 142      1850C2ED 
 142      B84783FD 
 142      1B05
 143 0401 CCE1025A 		.ascii	"\314\341\002Z\"\002\326_T\005\234\025\273\20074\320"
 143      2202D65F 
 143      54059C15 
 143      BB803734 
 143      D0
 144 0412 9BD1ED78 		.ascii	"\233\321\355x6Cz\241\377\316\236\246W\226\324\313\032"
 144      36437AA1 
 144      FFCE9EA6 
ARM GAS  /tmp/ccwfYDT0.s 			page 11


 144      5796D4CB 
 144      1A
 145 0423 799DB795 		.ascii	"y\235\267\225\030\342\257\356[\234\003\336\242\240\227"
 145      18E2AFEE 
 145      5B9C03DE 
 145      A2A097
 146 0432 57F7DEF1 		.ascii	"W\367\336\361\316\026\376\002\320\227\327z_!p[}Y^=*"
 146      CE16FE02 
 146      D097D77A 
 146      5F21705B 
 146      7D595E3D 
 147 0447 7738270E 		.ascii	"w8'\016\335\356h5rwf:\346\012\240\352\343\327+\255\262"
 147      DDEE6835 
 147      7277663A 
 147      E60AA0EA 
 147      E3D72BAD 
 148 045c 42B044EE 		.ascii	"B\260D\356%\230 \277\026(\200\011\232\313\023d\323\022"
 148      259820BF 
 148      16288009 
 148      9ACB1364 
 148      D312
 149 046e 744D4DD0 		.ascii	"tMM\320\274i\227\011\370\377\213\304}\016\212\257^\370"
 149      BC699709 
 149      F8FF8BC4 
 149      7D0E8AAF 
 149      5EF8
 150 0480 273A41F3 		.ascii	"':A\363\005\322\330\251\360\260\312\2375\254\276\250"
 150      05D2D8A9 
 150      F0B0CA9F 
 150      35ACBEA8 
 151 0490 8CCD9F96 		.ascii	"\214\315\237\226\261L\2361?\265c\306\0024\015\271\001"
 151      B14C9E31 
 151      3FB563C6 
 151      02340DB9 
 151      01
 152 04a1 E7767F44 		.ascii	"\347v\177Dr[\020{\361\364k\033~\020\315m\241Dj\353\353"
 152      725B107B 
 152      F1F46B1B 
 152      7E10CD6D 
 152      A1446AEB 
 153 04b6 D7A9DA3A 		.ascii	"\327\251\332:\011<\214\"\267p\032\271\014YN\016\265"
 153      093C8C22 
 153      B7701AB9 
 153      0C594E0E 
 153      B5
 154 04c7 9C86C21D 		.ascii	"\234\206\302\035\0114\313\001\255Y\016\362r\012n+\033"
 154      0934CB01 
 154      AD590EF2 
 154      720A6E2B 
 154      1B
 155 04d8 11CD52A9 		.ascii	"\021\315R\251\375\276\205]\276\036\251\015s\320/7\275"
 155      FDBE855D 
 155      BE1EA90D 
 155      73D02F37 
 155      BD
 156 04e9 18DF43B5 		.ascii	"\030\337C\265\375\335|\231Ii\332\242$\315\270\377\231"
 156      FDDD7C99 
ARM GAS  /tmp/ccwfYDT0.s 			page 12


 156      4969DAA2 
 156      24CDB8FF 
 156      99
 157 04fa 789C4B5B 		.ascii	"x\234K[\333j@\310b\206\307\214\300\220$P~n|\320\034"
 157      DB6A40C8 
 157      6286C78C 
 157      C0902450 
 157      7E6E7CD0 
 158 050f 2110E404 		.ascii	"!\020\344\004\360s\000\206\231,|\273n-\316\261\301\357"
 158      F0730086 
 158      992C7CBB 
 158      6E2DCEB1 
 158      C1EF
 159 0521 1E7050A8 		.ascii	"\036pP\250:\347U\330\025gD*\020\240Id\012x\251\334\311"
 159      3AE755D8 
 159      1567442A 
 159      10A04964 
 159      0A78A9DC 
 160 0536 13EB97B0 		.ascii	"\023\353\227\260\365\017\2077\367\362\364Z\224\236\222"
 160      F50F8737 
 160      F7F2F45A 
 160      949E92
 161 0545 285E161E 		.ascii	"(^\026\036\276\376B\370\202]\360\262\302(\3435&y\365"
 161      BEFE42F8 
 161      825DF0B2 
 161      C228E335 
 161      2679F5
 162 0558 B4DE3E6A 		.ascii	"\264\336>j`\274\2661\217\015\3069/3\362\232Py\235\240"
 162      60BCB631 
 162      8F0DC639 
 162      2F33F29A 
 162      50799DA0 
 163 056c 5AA0EDFB 		.ascii	"Z\240\355\373\3674\013bg|\247\313Y\253\237\214\020K"
 163      F7340B62 
 163      677CA7CB 
 163      59AB9F8C 
 163      104B
 164 057e 26AD449C 		.ascii	"&\255D\234\360G>\365\204\357>Vw\2367V\2732\031}a\267"
 164      F0473EF5 
 164      84EF3E56 
 164      779E3756 
 164      BB32197D 
 165 0594 F3F0CFDB 		.ascii	"\363\360\317\333;\273\251L\232;D\035\354}\352\206'\222"
 165      3BBBA94C 
 165      9A3B441D 
 165      EC7DEA86 
 165      2792
 166 05a6 5BB0C6FF 		.ascii	"[\260\306\377jD\262\247\234\032~:\301\024\317\331\323"
 166      6A44B2A7 
 166      9C1A7E3A 
 166      C114CFD9 
 166      D3
 167 05b7 9D83937C 		.ascii	"\235\203\223|\323\372R\246\3203N$@\235\344\224Q\320"
 167      D3FA52A6 
 167      D0334E24 
 167      409DE494 
 167      51D0
ARM GAS  /tmp/ccwfYDT0.s 			page 13


 168 05c9 781CA111 		.ascii	"x\034\241\021{\220\347Z\2200\017\322~\276y\237\270\223"
 168      7B90E75A 
 168      90300FD2 
 168      7EBE799F 
 168      B893
 169 05db 97261150 		.ascii	"\227&\021P\250\010\222\022\351\376\023Wey,\215\243\013"
 169      A8089212 
 169      E9FE1357 
 169      65792C8D 
 169      A30B
 170 05ed 7869A4FC 		.ascii	"xi\244\374\212\351\214v\303Z\302R\336O\023i.%\032\254"
 170      8AE98C76 
 170      C35AC252 
 170      DE4F1369 
 170      2E251AAC 
 171 0601 0F917239 		.ascii	"\017\221r9W\227\326\\\246\324Z\316\217\375\000\227j"
 171      5797D65C 
 171      A6D45ACE 
 171      8FFD0097 
 171      6A
 172 0612 A06534EA 		.ascii	"\240e4\352vV\300\220^\270\216\0250\210=\333w\034\342"
 172      7656C090 
 172      5EB88E15 
 172      30883DDB 
 172      771CE2
 173 0625 AAB1CF4E 		.ascii	"\252\261\317N\370\234\252\2477]\236\336\324\210|\341"
 173      F89CAAA7 
 173      375D9EDE 
 173      D4887CE1 
 174 0635 22F1A365 		.ascii	"\"\361\243eql\263\2343\262\"\243\212\231\352\0252 \336"
 174      716CB39C 
 174      33B222A3 
 174      8A99EA15 
 174      3220DE
 175 0648 DB1251EF 		.ascii	"\333\022Q\357\013\015\366KT\257\220\237\177\020\310"
 175      0B0DF64B 
 175      54AF909F 
 175      7F10C8
 176 0657 45710055 		.ascii	"Eq\000Ur \374\270\207\257f\362[\316\200\022\346\267"
 176      7220FCB8 
 176      87AF66F2 
 176      5BCE8012 
 176      E6B7
 177 0669 5983FD1A 		.ascii	"Y\203\375\032\371-'\267\300\333T\365.\302\010y\201\311"
 177      F92D27B7 
 177      C0DB54F5 
 177      2EC20879 
 177      81C9
 178 067b CA3AED8A 		.ascii	"\312:\355\212\327\326\254}\177\355[o\257^\2662oE^A\376"
 178      D7D6AC7D 
 178      7FED5B6F 
 178      AF5EB632 
 178      6F455E41 
 179 0690 FA0DF96B 		.ascii	"\372\015\371k\336[\227\377\361\372O?\333\220\377\366"
 179      DE5B97FF 
 179      F1FA4F3F 
 179      DB90FFF6 
ARM GAS  /tmp/ccwfYDT0.s 			page 14


 180 06a0 3B6FBE5C 		.ascii	";o\276\\(\354\033E\0337\242g\365\272u\037\346}@\376"
 180      28EC1B45 
 180      1B37A267 
 180      F5BA751F 
 180      E67D40FE 
 181 06b4 05DA1EBD 		.ascii	"\005\332\036\275\360"
 181      F0
 182              		.text
 183              		.section	.gnu.lto_.symbol_nodes.ee3b900d6d31bf70,"",%progbits
 184 0000 789C6366 		.ascii	"x\234cf``pa\200\002\246\351L\365\014\014\023\31610\324"
 184      60607061 
 184      8002A6E9 
 184      4CF50C0C 
 184      13CE3130 
 185 0015 D733CC5B 		.ascii	"\3273\314[\300\301\3004\203\251\236\021Y\200u*\023\303"
 185      C0C1C034 
 185      83A99E11 
 185      5980752A 
 185      13C3
 186 0027 42A022C6 		.ascii	"B\240\"\306\231L\365L\020\011\206\206\006\016\006f "
 186      994CF54C 
 186      10098686 
 186      060E0666 
 186      20
 187 0038 6CE97F23 		.ascii	"l\351\177#\317\000\000t\332\021\246"
 187      CF000074 
 187      DA11A6
 188              		.text
 189              		.section	.gnu.lto_.refs.ee3b900d6d31bf70,"",%progbits
 190 0000 789C6366 		.ascii	"x\234cf```d\200\002\000\000=\000\005"
 190      60606064 
 190      80020000 
 190      3D0005
 191              		.text
 192              		.section	.gnu.lto_.decls.ee3b900d6d31bf70,"",%progbits
 193 0000 789CCD58 		.ascii	"x\234\315XkPTG\026\236\276=3\014\303\000)IL\312J*\306"
 193      6B505447 
 193      169EBE3D 
 193      330CC300 
 193      29494CCA 
 194 0017 54514936 		.ascii	"TQI6q|m\222\332\252\315\006\007\037T4\2623&\273\233"
 194      717C6D92 
 194      DAAACD06 
 194      071F5434 
 194      B23326BB 
 195 002c AD5A9600 		.ascii	"\255Z\226\000Y\251\210\244\004w\315\277\313C^\242 \276"
 195      59A988A4 
 195      0477CDBF 
 195      CB435EA2 
 195      20BE
 196 003e F0818E0A 		.ascii	"\360\201\216\012\362\022\220\207\032\205\000\242\"\202"
 196      F2129087 
 196      1A8500A2 
 196      2282
 197 004c A2E20344 		.ascii	"\242\342\003D\005\304\007\010\250\210( \257=\335=\367"
 197      05C40708 
 197      A8882820 
ARM GAS  /tmp/ccwfYDT0.s 			page 15


 197      AF3DDD3D 
 197      F7
 198 005d DE99CB55 		.ascii	"\336\231\313Uw\377l\355\2559\267\373L\177}\372\3649"
 198      77FF6CED 
 198      AD39B7FB 
 198      4C7F7DFA 
 198      F439
 199 006f A7EF3DE7 		.ascii	"\247\357=\347b\225J5\003\251T\343pMzG\245:\200U*\370"
 199      62954A35 
 199      03A954E3 
 199      704D7A47 
 199      A53A8055 
 200 0085 A97C55D2 		.ascii	"\251|U\322E\370\003@\371@\007\201\000\256*S9^d\334\331"
 200      45F80340 
 200      F9400781 
 200      00AE2A53 
 200      395E64DC 
 201 009a 36EF3DA0 		.ascii	"6\357=\240\327\0014\011\250\022\372oC;\005\350\035\240"
 201      D7013409 
 201      A812FA6F 
 201      433B05E8 
 201      1DA0
 202 00ac 6CE07540 		.ascii	"l\340u@\006\350\273\001\365\251\230\300Qh&C;\004\355"
 202      06E8BB01 
 202      F5A998C0 
 202      51682643 
 202      3B04ED
 203 00bf 9B485AF3 		.ascii	"\233HZ\363]\304\326\224_D\027\267W\254\367\011\320\307"
 203      5DC4D694 
 203      5F4417B7 
 203      57ACF709 
 203      D0C7
 204 00d1 40AB81FE 		.ascii	"@\253\201\376\0054\023h\035\320Z \203JZ\363\011\321"
 204      05341368 
 204      1DD05A20 
 204      834A5AF3 
 204      09D1
 205 00e3 1DDA0168 		.ascii	"\035\332\001hGl\353\177\004\364\017\240\030 \016\010"
 205      476CEB7F 
 205      04F40FA0 
 205      18200E08 
 206 00f3 21B6EF7C 		.ascii	"!\266\357|\005]\036s\350h~\3779\227N\016\271\351\247"
 206      055D1E73 
 206      E8687EFF 
 206      39974E0E 
 206      B9E9A7
 207 0106 12F6584A 		.ascii	"\022\366XJM\252\026X\203^M\330\322\341\366\313\3527"
 207      4DAA1658 
 207      835E4DD8 
 207      D2E1F6CB 
 207      EA37
 208 0118 37F37025 		.ascii	"7\363p%G\361\257\251\221\357d\224\211\246\240,4\005"
 208      47F1AFA9 
 208      91EF6494 
 208      89A6A02C 
 208      3405
 209 012a A466A337 		.ascii	"\244f\2437\341\376W5\223\224\224\374\340\010\302\260"
ARM GAS  /tmp/ccwfYDT0.s 			page 16


 209      E1FE5735 
 209      939494FC 
 209      E008C2B0 
 210 013a 24F4F7A5 		.ascii	"$\364\367\245\336\272\254\3778\007\246\305\361\225\203"
 210      DEBAACFF 
 210      3807A6C5 
 210      F19583
 211 0149 485AAE31 		.ascii	"HZ\2561#1\3020u\027o=\330\233\1779\026o\343\255\221"
 211      2331C230 
 211      75176F3D 
 211      D89B7F39 
 211      166FE3AD 
 212 015e FCD8F838 		.ascii	"\374\330\3708\242\302P\016\302(\027}L-\013}:\011\035"
 212      A2C2500E 
 212      C228177D 
 212      4C2D0B7D 
 212      3A091D
 213 0171 40536162 		.ascii	"@Sabf\346\325<\015^L\245\367U\2666c*\304\232\227\241"
 213      66E6D53C 
 213      0D5E4CA5 
 213      F755B636 
 213      632AC49A 
 214 0187 ADE12BC7 		.ascii	"\255\341+\307\307\377@\347\347\331\315\317\023\346\347"
 214      C7FF40E7 
 214      E7D9CDCF 
 214      13E6E7
 215 0196 D3F91D17 		.ascii	"\323\371\035\027Go\273\341\277\321\371gc\356\236\327"
 215      476FBBE1 
 215      BFD1F967 
 215      63EE9ED7 
 216 01a6 C3FC36BE 		.ascii	"\303\3746\276\267>*\3375\265\210\257\212\346G@\013D"
 216      B73E2ADF 
 216      35B588AF 
 216      8AE64740 
 216      0B44
 217 01b8 A514D849 		.ascii	"\245\024\330I)\020\244\034\244R*\312\007\253\365x7\242"
 217      2910A41C 
 217      A4522ACA 
 217      07ABF578 
 217      37A2
 218 01ca 6212E3DA 		.ascii	"b\022\343\332\316\350q\026c\"\366\227&:\201\341\336"
 218      CEE87116 
 218      6322F697 
 218      263A81E1 
 218      DE
 219 01db D3D37DB6 		.ascii	"\323\323}\266\356\030Jw\246,\211Ow\370\213\253\271\307"
 219      EE184A77 
 219      A62C894F 
 219      77F88BAB 
 219      B9C7
 220 01ed EF73439E 		.ascii	"\357sC\236\372t\260JowF\373\302(\376Kt\030\351Q\221"
 220      FA74B04A 
 220      6F7746FB 
 220      C228FE4B 
 220      7418E951 
 221 0202 B81E9D4D 		.ascii	"\270\036\235M\2568\236\217$\026w\256qS\211\006G\207"
 221      AE389E8F 
ARM GAS  /tmp/ccwfYDT0.s 			page 17


 221      241677AE 
 221      71538906 
 221      4787
 222 0214 90272028 		.ascii	"\220' (\026\025\303\237%\360'\010>5R\036\255AzO\345"
 222      1615C39F 
 222      25F02708 
 222      3E35521E 
 222      AD417A4F 
 223 0229 49BF284C 		.ascii	"I\277(L\242*4\305\246L\346y5:\002*\024J*\200F\242\267"
 223      A22A34C5 
 223      A64CE679 
 223      353A022A 
 223      144A2A80 
 224 0240 EEF6E436 		.ascii	"\356\366\3446\350q\012\363iu\177i\274\366\335\275\\"
 224      E8710AF3 
 224      69757F69 
 224      BCF6DDBD 
 224      5C
 225 0251 1AAF63AE 		.ascii	"\032\257c\256\334\333\177Z\003[\204\371|\377:_\352\230"
 225      DCDB7F5A 
 225      035B84F9 
 225      7CFF3A5F 
 225      EA98
 226 0263 A759B1FA 		.ascii	"\247Y\261\372\367\367\360\326\275\275\371\273\202\251"
 226      F7F7F0D6 
 226      BDBDF9BB 
 226      82A9
 227 0271 7379E21B 		.ascii	"sy\342\033\272\306Q\266\206]\374\220\177\216\241wU\250"
 227      BAC651B6 
 227      865DFC90 
 227      7F8EA177 
 227      55A8
 228 0283 94285A86 		.ascii	"\224(Z\206\336\007\021\355\035\035\221\006\032\217\225"
 228      DE0711ED 
 228      1D1D9106 
 228      1A8F95
 229 0292 3A22B2A4 		.ascii	":\"\262\244\242\270\317@\0032\216j\261\275\2761^\203"
 229      A2B8CF40 
 229      03328E6A 
 229      B1BDBE31 
 229      5E83
 230 02a4 7F612A3D 		.ascii	"\177a*=\250J_\255\207mG\375g\333\206\031\221\027zn\273"
 230      A84A5FAD 
 230      876D47FD 
 230      67DB8619 
 230      91177A6E 
 231 02b9 E3936C7A 		.ascii	"\343\223lzSK[\245\013>\315\030>\251#\032\343\363\214"
 231      534B5BA5 
 231      0B3ECD18 
 231      3EA9231A 
 231      E3F38C
 232 02cc 49DFBCE5 		.ascii	"I\337\274\345\200\206\256J\225\210O\211\352\320\341"
 232      8086AE4A 
 232      95884F89 
 232      EAD0E1
 233 02db CB6CACA0 		.ascii	"\313l\254\240hx\2673nbL]\373\340\023\246\336k\204M\253"
 233      6878B733 
ARM GAS  /tmp/ccwfYDT0.s 			page 18


 233      6E624C5D 
 233      FBE013A6 
 233      DE6B844D 
 234 02f0 3ED5A0C5 		.ascii	">\325\240\305\267\330\330\343\253\207\177\203\273X\177"
 234      B7D8D8E3 
 234      AB877F83 
 234      BB587F
 235 02ff DBC0D96A 		.ascii	"\333\300\331jw\212{\213\312oJ\332\211\361\02366T\337"
 235      778A7B8B 
 235      CA6F4ADA 
 235      89F11336 
 235      3654DF
 236 0312 7108E351 		.ascii	"q\010\343Q\306\010\347\321\300\316\343\245\254\3448"
 236      C608E7D1 
 236      C0CEE3A5 
 236      ACE438
 237 0321 1D8EC174 		.ascii	"\035\216\301t\254h_\306agj\233/\011\233\260\266p\334"
 237      AC685FC6 
 237      61676A9B 
 237      2F099BB0 
 237      B670DC
 238 0334 896C9FB7 		.ascii	"\211l\237\267m\037&\331Y\367\002q$\372`\012\372\220"
 238      6D1F26D9 
 238      59F70271 
 238      24FA600A 
 238      FA90
 239 0346 EE3C222D 		.ascii	"\356<\"-\243\015OJ\246h+?5\234\372\344<\240OR\364E4"
 239      A30D4F4A 
 239      A6682B3F 
 239      359CFAE4 
 239      3CA04F52 
 240 035d 499843D0 		.ascii	"I\230C\320\365|j\262\033Nb\353f\265\327\247\270R\235"
 240      F57C6AB2 
 240      1B4E62EB 
 240      66B5D7A7 
 240      B8529D
 241 0370 3E206C4E 		.ascii	"> lN\313p\224\006occ\255\003\255UNtl\006aOg\024\354"
 241      CB709406 
 241      6F6363AD 
 241      03AD554E 
 241      746C0661 
 242 0388 D6E23D6C 		.ascii	"\326\342=l\354t\367\263.\204\263\031\023Q\231w\211\001"
 242      EC74F7B3 
 242      2E84B319 
 242      13519977 
 242      8901
 243 039a 3F27ECBD 		.ascii	"?'\354\275\274\352}n\270\220\215]\313\214\335\250\303"
 243      BCEA7D6E 
 243      B8908D5D 
 243      CB8CDDA8 
 243      C3
 244 03ab A58EBB34 		.ascii	"\245\216\2734\260]\236j\214\271\257\305'\330\330\370"
 244      B05D9E6A 
 244      8CB9AFC5 
 244      27D8D8F8 
 245 03bb E1D433AE 		.ascii	"\341\3243\256\270\2161G\013\223\207\334(p!\215\214\232"
 245      B88E3147 
ARM GAS  /tmp/ccwfYDT0.s 			page 19


 245      0B9387DC 
 245      2870218D 
 245      8C9A
 246 03cd C8531A7C 		.ascii	"\310S\032|\205\215u\224\367\360\034\035\243\201\271"
 246      858D7594 
 246      F7F01C1D 
 246      A381B9
 247 03dc EE8E759F 		.ascii	"\356\216u\237\016\267\262\261m\017\356%i\361}\306\304"
 247      0EB7B2B1 
 247      6D0FEE25 
 247      69F17DC6 
 247      C4
 248 03ed 956DDACF 		.ascii	"\225m\332\317V\3733a\207\307\262\037\271\342'l,7\223"
 248      56FB3361 
 248      87C7B21F 
 248      B9E2276C 
 248      2C3793
 249 0400 9F8C4759 		.ascii	"\237\214GY\377`En<\303\375\235\3726\247%\313\035\307"
 249      FF60456E 
 249      3CC3FD9D 
 249      FA36A725 
 249      CB1DC7
 250 0413 AAE9D8D5 		.ascii	"\252\351\330\325S\3157\\\361\006\306\354Hn\330\306\""
 250      53CD375C 
 250      F106C6EC 
 250      486ED8C6 
 250      22
 251 0424 62196137 		.ascii	"b\031a7dl\212\341\360\0166\266{}\321\020{\272\376D\330"
 251      646C8AE1 
 251      F00E36B6 
 251      7B7DD110 
 251      7BBAFE44 
 252 0439 8AEAFABD 		.ascii	"\212\352\372\275\316\330\312\306\236'\026Ws8\2351\205"
 252      CED8CAC6 
 252      9E271657 
 252      73389D31 
 252      85
 253 044a 573A1BF5 		.ascii	"W:\033\365\024\270\232\260\326K\025\331\006\234\317"
 253      14B89AB0 
 253      D64B15D9 
 253      069CCF
 254 0459 C63697ED 		.ascii	"\3066\227\355La\232\360\224\357*\036\273\255\301%tp"
 254      4C619AF0 
 254      94EF2A1E 
 254      BBADC125 
 254      7470
 255 046b 6A75FFDA 		.ascii	"ju\377\332R'4\315vyLS\274<\255|tT\357x\241u\311\206"
 255      522734CD 
 255      76794C53 
 255      BC3CAD7C 
 255      7454EF78 
 256 0483 8C18BE66 		.ascii	"\214\030\276f\006\252\204P8\013\207\3619\362\220N\320"
 256      06AA8450 
 256      380B87F1 
 256      39F2904E 
 256      D0
 257 0494 391A171F 		.ascii	"9\032\027\037\301ME\360\326\246\342\300\312hL\261\307"
ARM GAS  /tmp/ccwfYDT0.s 			page 20


 257      C14D45F0 
 257      D6A6E2C0 
 257      CA684CB1 
 257      C7
 258 04a5 E5D80F1C 		.ascii	"\345\330\017\034\241\211\207D\350#9\264W&\366\271$\266"
 258      A1898744 
 258      E82339B4 
 258      5726F6B9 
 258      24B6
 259 04b7 558E6DB3 		.ascii	"U\216m\263\307\362\2745\356\220\232`!VQ\247\015+D0\272"
 259      C7F2BC35 
 259      EE909A60 
 259      215651A7 
 259      0D2B4430 
 260 04cc 2F939B20 		.ascii	"/\223\233 \351\320#\227\333M\261\231H\024\274V\022\374"
 260      E9D02397 
 260      DB4DB199 
 260      4814BC56 
 260      12FC
 261 04de 402EF8A1 		.ascii	"@.\370\241Lp\274$\270KY0\305n\240'\215\347\277\014W"
 261      4C70BC24 
 261      B84B5930 
 261      C56EA027 
 261      8DE7BF0C 
 262 04f3 A15F61BC 		.ascii	"\241_a\274\234\016\0214y\010n\340<\321\0234\015\215"
 262      9C0E1134 
 262      79086EE0 
 262      3CD11334 
 262      0D8D
 263 0505 00C573D3 		.ascii	"\000\305s\323P\022P\"\320z\240u@1@}0\306C\033\015\264"
 263      50125022 
 263      D07AA075 
 263      4031407D 
 263      30C6431B 
 264 051b 06281968 		.ascii	"\006(\031h-P\002\320(\214EB\033\013\364\024\372q\320"
 264      2D5002D0 
 264      288C4542 
 264      1B0BF414 
 264      FA71D0
 265 052e 0E433B0E 		.ascii	"\016C;\016\024\005\375\010\240g\320\037\002\032\000"
 265      1405FD08 
 265      A067D01F 
 265      021A00
 266 053d 1A04EA07 		.ascii	"\032\004\352\007\032C\323\350\303\235\356dD2}\273|'"
 266      1A43D3E8 
 266      C39DEE64 
 266      44327DBB 
 266      7C27
 267 054f B765BBBE 		.ascii	"\267e\273\276&a\253\024\275/X\023\260\217$l\263\034"
 267      2661AB14 
 267      BD2F5813 
 267      B08F246C 
 267      B31C
 268 0561 7B5D2677 		.ascii	"{]&w\235d\315\307\312\241\"\272)\322:\312\004\223'\327"
 268      9D64CDC7 
 268      CAA122BA 
 268      29D23ACA 
ARM GAS  /tmp/ccwfYDT0.s 			page 21


 268      049327D7 
 269 0575 1D6585ED 		.ascii	"\035e\205\355\264\270/iQ\257\034\333v\340q\011\334!"
 269      B4B82F69 
 269      51AF1CDB 
 269      76E07109 
 269      DC21
 270 0587 07DF9383 		.ascii	"\007\337\223\203\007%\360\015\345\375\331\201\307$\360"
 270      0725F00D 
 270      E5FDD981 
 270      C724F0
 271 0596 5D65C952 		.ascii	"]e\311R|w\025\213a\330 \017\303K2\303uKr/\313\345^q"
 271      7C77158B 
 271      61D8200F 
 271      C34B32C3 
 271      754B722F 
 272 05ae 901B696D 		.ascii	"\220\033im\225\354V'\307\326\312\317\302\220\244\304"
 272      95EC5627 
 272      C7D6CACF 
 272      C290A4C4 
 273 05be 4DB9122D 		.ascii	"M\271\022-2%\206%%n)\037^;K4K\340\023r\360I\231\306"
 273      32258625 
 273      256E291F 
 273      5E3B4B34 
 273      4BE01372 
 274 05d6 0F258DAF 		.ascii	"\017%\215\257\311\261Mr\301\017$\301\215\312`I\343\033"
 274      C9B14D72 
 274      C10F24C1 
 274      8DCA6049 
 274      E31B
 275 05e8 12B65A8E 		.ascii	"\022\266Z\216=-\303\266H\3303\312f\223\2607%l\215\262"
 275      3D2DC3B6 
 275      48D833CA 
 275      6693B037 
 275      256C8DB2 
 276 05fc 5C3B85AF 		.ascii	"\\;\205\257K\340S\312\226\260\003\367H\340\253\312\216"
 276      4BE053CA 
 276      96B003F7 
 276      48E0ABCA 
 276      8E
 277 060d 666092D4 		.ascii	"f`\222\324\265\325\027\007\222\234\016@*!\207\025\262"
 277      B5D51707 
 277      929C0E40 
 277      2A218715 
 277      B2
 278 061e 39AE39B6 		.ascii	"9\2569\266.G\217<<\225\236Lh#<\220\376_\036Nt'I\207"
 278      2E478F3C 
 278      3C959E4C 
 278      68233C90 
 278      FE5F1E4E 
 279 0636 0C3C4229 		.ascii	"\014<B)\234\007\252\220\222S\262/!9\275\372p\260LcH"
 279      9C07AA90 
 279      9253B22F 
 279      2139BDFA 
 279      70B04C63 
 280 064b 90925E0A 		.ascii	"\220\222^\012\226\362\237M\234\201f\356\320\002\272"
 280      96F29F4D 
 280      9C8166EE 
ARM GAS  /tmp/ccwfYDT0.s 			page 22


 280      D002BA
 281 065a E7C4B621 		.ascii	"\347\304\266!\214\307\350[R=>\022\321\340\002oI\017"
 281      8CC7E85B 
 281      523D3E12 
 281      D1E0026F 
 281      490F
 282 066c FA266C2B 		.ascii	"\372&l+/NG\220\254V!\361\345\226\312\275\370\345VQ\354"
 282      2F4E4790 
 282      AC5621F1 
 282      E596CABD 
 282      F8E55651 
 283 0681 F0629908 		.ascii	"\360b\231\010e\356\330`\313\264\210\225\2454\213\240"
 283      65EED860 
 283      CBB48895 
 283      A5348BA0 
 284 0691 8989B781 		.ascii	"\211\211\267\201\211\267\200\031\266rv[.c\316\003\314"
 284      89B78019 
 284      B672765B 
 284      2E63CE03 
 284      CC
 285 06a2 44E7DDDB 		.ascii	"D\347\335\333>\264^r\236\243X\264\003\244\275TrM11\346"
 285      3EB45E72 
 285      9EA358B4 
 285      03A4BD54 
 285      724D3131 
 286 06b7 76806CE6 		.ascii	"v\200l\346Dc\222u\004c\336>\336p@\353`\314\355\016\306"
 286      44639275 
 286      0463DE3E 
 286      DE7040EB 
 286      60CCED0E 
 287 06cc DC6933E6 		.ascii	"\334i3\346Nj\314\226\324\312\004\265\003\232\324M\022"
 287      4E6ACC96 
 287      D4CA04B5 
 287      039AD44D 
 287      12
 288 06dd 3A8D3308 		.ascii	":\2153\010\213\244\321\011\273\213j\273\3258A\3032\301"
 288      8BA4D109 
 288      BB8B6ABB 
 288      D53841C3 
 288      32C1
 289 06ef B1AD51AE 		.ascii	"\261\255Q\256P~UB\015xc\225X\002rT\310.N*\276\240\317"
 289      507E5542 
 289      0D786395 
 289      58027254 
 289      C82E4E2A 
 290 0706 8AAFDDDC 		.ascii	"\212\257\335\334T\273\304\307\315\226\370l\315y~_\203"
 290      54BBC4C7 
 290      CD96F86C 
 290      CD797E5F 
 290      83
 291 0717 3398D0D3 		.ascii	"3\230\320\323y\247\232]q\011c\2727v\217\272\341R\306"
 291      79A79A5D 
 291      710963BA 
 291      37768FBA 
 291      E152C6
 292 072a 94ED8F2D 		.ascii	"\224\355\217-w\301U\224\321\326%\236\254%\371\221\307"
 292      77C15594 
ARM GAS  /tmp/ccwfYDT0.s 			page 23


 292      D1D6259E 
 292      AC25F991 
 292      C7
 293 073b 34CF69B6 		.ascii	"4\317i\266,(\375\223\354\"^\360h:,\237\311\275\3548"
 293      2C28FD93 
 293      EC225EF0 
 293      683A2C9F 
 293      C9BDEC38 
 294 074f EECED5DA 		.ascii	"\356\316\325\3322&\022(\231/\365>;cVn\212\360\010\260"
 294      32261228 
 294      992FF53E 
 294      3B63566E 
 294      8AF008B0 
 295 0763 F9281B7C 		.ascii	"\371(\033|\224\003>\332\017\224\005\224\301\331\275"
 295      94033EDA 
 295      0F940594 
 295      C1D9BD
 296 0772 95B3C405 		.ascii	"\225\263\304\005\366)+\363\221x\332w\346j\301\255\231"
 296      F6292BF3 
 296      9178DA77 
 296      E66AC1AD 
 296      99
 297 0783 13E28546 		.ascii	"\023\342\205F\365\256\334Z\203\220\334\355\225K\222"
 297      F5AEDC5A 
 297      8390DCED 
 297      954B92
 298 0792 621A62EB 		.ascii	"b\032b\353\352\305\201\004w\344\351Ae\346|\245C\007"
 298      EAC58104 
 298      77E4E941 
 298      65E67CA5 
 298      4307
 299 07a4 00BA470A 		.ascii	"\000\272G\012\224L!P\224v\205ra3\257\332\030\270a4."
 299      944C2150 
 299      94768572 
 299      6133AFDA 
 299      18B86134 
 300 07b9 7B8143C8 		.ascii	"{\201C\310\034p\010\260<[\200\345\321x)k\211\357b\256"
 300      1C7008B0 
 300      3C5B80E5 
 300      D178296B 
 300      89EF62AE 
 301 07cd 6EA305   		.ascii	"n\243\005"
 302 07d0 58EDF8C6 		.ascii	"X\355\370\306\010V\217%\262\032\241c]\214;>\303\034"
 302      08568F25 
 302      B21AA163 
 302      5D8C3B3E 
 302      C31C
 303 07e2 9C107526 		.ascii	"\234\020u&G/\224\201q\377Q\031\370\353\371\374*w\334"
 303      472F9481 
 303      71FF5119 
 303      F8EBF9FC 
 303      2A77DC
 304 07f5 C0E6D7F5 		.ascii	"\300\346\327\365W\036\204\202\2161O\037U\335\324\341"
 304      571E8482 
 304      8E314F1F 
 304      55DDD4E1 
 305 0805 9B8C2939 		.ascii	"\233\214)9\033U\256\305\3556&\376\3209-\356\264\255"
ARM GAS  /tmp/ccwfYDT0.s 			page 24


 305      1B55AEC5 
 305      ED3626FE 
 305      D0392DEE 
 305      B4AD
 306 0817 B96513BC 		.ascii	"\271e\023\274>z4\016\265\377dV\373\257\257\333~\034"
 306      3E7A340E 
 306      B5FF6456 
 306      FBAFAFDB 
 306      7E1C
 307 0829 53769CC5 		.ascii	"Sv\234\305\351\305\246#j\334k\233x=\373\254\023\036"
 307      E9C5A623 
 307      6ADC6B9B 
 307      783DFBAC 
 307      131E
 308 083b A40C9772 		.ascii	"\244\014\227r\273?\003\011\225{o\012\217\337R\241\217"
 308      BB3F0309 
 308      957B6F0A 
 308      8FDF52A1 
 308      8F
 309 084c 69C1867E 		.ascii	"i\301\206~\005KN\266)\376\013\230\372(g+\333\2733\222"
 309      054B4EB6 
 309      29FE0B98 
 309      FA28672B 
 309      DBBB3392 
 310 0860 DE264F89 		.ascii	"\336&O\2112N\217J%\037M\026\253v\256\2551\343\217\312"
 310      324E8F4A 
 310      251F4D16 
 310      AB76AEAD 
 310      31E38FCA 
 311 0874 422B5E24 		.ascii	"B+^$\264)\266\356\015\"\264\034\204\036\223\204\302"
 311      B429B6EE 
 311      0D22B41C 
 311      841E9384 
 311      C2
 312 0885 1AD2E336 		.ascii	"\032\322\34361b+fV~\265P\273\202\311\215\025L\003kz"
 312      31622B66 
 312      567EB550 
 312      BB82C98D 
 312      154C036B 
 313 089a E3594563 		.ascii	"\343YEc\240\365YrV\001\253\222\\\350g\247\307\273\266"
 313      A0F55972 
 313      5601AB92 
 313      5CE867A7 
 313      C7BBB6
 314 08ad B8BEB894 		.ascii	"\270\276\270\224=\311\331J\331\023Lv\332\205\306\035"
 314      3DC9D94A 
 314      D9134C76 
 314      DA85C61D 
 315 08bd AEB65A96 		.ascii	"\256\266Z\226\347\247\"\252\367qX\273\212#\360S\334"
 315      E7A722AA 
 315      F77158BB 
 315      8A23F053 
 315      DC
 316 08ce 24611241 		.ascii	"$a\022A\227\017\2674\270\330\243+_\206\256\350\357\033"
 316      970FB734 
 316      B8D8A32B 
 316      5F86AEE8 
ARM GAS  /tmp/ccwfYDT0.s 			page 25


 316      EF1B
 317 08e0 77C1915A 		.ascii	"w\301\221Z\352\255\013\325'\256\273\340\030\306\304"
 317      EAAD0BD5 
 317      27AEBBE0 
 317      18C6C4
 318 08ef F151797A 		.ascii	"\361Qyz\234\310\230\336;\335;\240\346cL\327\336\254"
 318      9CC898DE 
 318      3BDD3BA0 
 318      E6634CD7 
 318      DEAC
 319 0901 2603DEC2 		.ascii	"&\003\336\302\230\343\221i\207]\360\016\306t\364\244"
 319      98E39169 
 319      875DF00E 
 319      C674F4A4 
 320 0911 3C52E33D 		.ascii	"<R\343=\214\331\335\2677F\207\3673\346\314\306\264\016"
 320      8CD9DDB7 
 320      374687F7 
 320      33E6CCC6 
 320      B40E
 321 0923 AD7D3D5E 		.ascii	"\255}=^\310\275\244\036?Z\3258\346\202s\331\324\221"
 321      C8BDA41E 
 321      3F5AD538 
 321      E68273D9 
 321      D491
 322 0935 28BED819 		.ascii	"(\276\330\031\0270\246*\216\337c\300\305\214Y\237\237"
 322      1730A62A 
 322      8EDF63C0 
 322      C58C599F 
 322      9F
 323 0946 FE847D66 		.ascii	"\376\204}f\300\264p\337s\343,~\261Y/\013f\275d3k\367"
 323      C0B470DF 
 323      73E32C7E 
 323      B1592F0B 
 323      66BD6433 
 324 095c 851C77C9 		.ascii	"\205\034w\311P\354\023\201\364\364\272B\015uY0T\302"
 324      50EC1381 
 324      F4F4BA42 
 324      0D755930 
 324      54C2
 325 096e 506105B6 		.ascii	"Pa\005\266G\223\015\274\020\375\250(k\207\001\037aj"
 325      47930DBC 
 325      10FDA828 
 325      6B87011F 
 325      616A
 326 0980 9EBC783D 		.ascii	"\236\274x=WKc\303\312J\332\272_n\262\340x\235~`\270"
 326      574B63C3 
 326      CA4ADABA 
 326      5F6EB2E0 
 326      789D7E60 
 327 0995 53D8A97B 		.ascii	"S\330\251{\261\332\315\202\332Y\3540\037\333[\022(\327"
 327      B1DACD82 
 327      DA59EC30 
 327      1FDB5B12 
 327      28D7
 328 09a7 BA09F4B8 		.ascii	"\272\011\364\270F\335{\235\352\321,\350\361l8\267c\202"
 328      46DD7B9D 
 328      EAD12CE8 
ARM GAS  /tmp/ccwfYDT0.s 			page 26


 328      F16C38B7 
 328      6382
 329 09b9 D62F44F7 		.ascii	"\326/D\367\\=\261\326\200\313\230\3261[\243\317\251"
 329      5C3DB1D6 
 329      80CB98D6 
 329      315BA3CF 
 329      A9
 330 09ca F171CABC 		.ascii	"\361q\312\274\231\337z\257D\207\024\212k\017\241\276"
 330      99DF7AAF 
 330      4487148A 
 330      6B0FA1BE 
 331 09da 4E2AEDFD 		.ascii	"N*\355\375\"Gz\263\034\201c\325\307\2754+,\020\036\374"
 331      22477AB3 
 331      1C8163D5 
 331      C7BD342B 
 331      2C101EFC 
 332 09ee 8795B176 		.ascii	"\207\225\261vy\267\010m\221C\313\345\205\233\010-\221"
 332      79B7086D 
 332      9143CBE5 
 332      859B082D 
 332      91
 333 09ff 431D92EE 		.ascii	"C\035\222\356M\021\326\007F@\236\347&\241\0136\244\230"
 333      4D11D607 
 333      46409EE7 
 333      26A10B36 
 333      A498
 334 0a11 60C8ABB6 		.ascii	"`\310\253\266\036Qh\275\\\250cv\276\011\252A\212%fn"
 334      1E5168BD 
 334      5CA86376 
 334      BE09AA41 
 334      8A25666E 
 335 0a25 90635B1C 		.ascii	"\220c[\034M\020a\275iL\235\201\252A\203\3236\250pL\035"
 335      4D1061BD 
 335      694C9D81 
 335      AA4183D3 
 335      36A8704C 
 336 0a3a F36D907A 		.ascii	"\363m\220z^\224Z$\227\372\201#\362\241\210\274\250\274"
 336      5E945A24 
 336      97FA8123 
 336      F2A188BC 
 336      A8BC
 337 0a4c BE5D4D25 		.ascii	"\276]M%n\353\234\362\266\354\276\206\210\320b\305\365"
 337      6EEB9CF2 
 337      B6ECBE86 
 337      88D062C5 
 337      F5
 338 0a5d EDFCDA2A 		.ascii	"\355\374\332*B\317\310\241\016E\035\324^\317\211\007"
 338      42CFC8A1 
 338      0E451DD4 
 338      5ECF8907 
 339 0a6d 20066999 		.ascii	" \006i\231F\220Bd\312>Y\200\263\206\010\364\006@or2"
 339      46904264 
 339      CA3E5980 
 339      B38608F4 
 339      06406F72 
 340 0a82 E83D99AA 		.ascii	"\350=\231\252\315\342\372\207\224#\300N\327N\021[\253"
 340      CDE2FA87 
ARM GAS  /tmp/ccwfYDT0.s 			page 27


 340      9423C04E 
 340      D74E115B 
 340      AB
 341 0a93 ACAB1DB6 		.ascii	"\254\253\035\266K\304\236\225c\257\310\261\367El\235"
 341      4BC49E95 
 341      63AFC8B1 
 341      F7456C9D 
 342 0aa3 3276C237 		.ascii	"2v\3027\223|\330N\001=\223}\266\344\342)\274h: \251"
 342      937CD84E 
 342      013D937D 
 342      B6E4E229 
 342      BC683A20 
 343 0ab8 E8026A07 		.ascii	"\350\002j\007z\010\324\006\324\012t\017\250\037\250"
 343      7A08D406 
 343      D40A740F 
 343      A81FA8
 344 0ac7 1BE811D0 		.ascii	"\033\350\021\320c\240^\240\373@w\200n\003u\002\335\005"
 344      63A05EA0 
 344      FB407780 
 344      6E037502 
 344      DD05
 345 0ad9 7A02F400 		.ascii	"z\002\364\000\250\007\350\226\230y\201I\007\211I\257"
 345      A807E896 
 345      98798149 
 345      078949AF 
 346 0ae9 82491B6D 		.ascii	"\202I\033m:\2129N\233\314\244-\342vj\344\333\261\377"
 346      3A8A394E 
 346      9BCCA42D 
 346      E2766AE4 
 346      DBB1FF
 347 0afc B44013AA 		.ascii	"\264@\023\252s\005$I\353SJ\352\243\257\245Y\265B\342"
 347      73052449 
 347      EB534AEA 
 347      A3AFA559 
 347      B542E2
 348 0b0f 3512AA43 		.ascii	"5\022\252C\003 \351\240\364\376\355SJ\274\004\303\240"
 348      0320E9A0 
 348      F4FEED53 
 348      4ABC04C3 
 348      A0
 349 0b20 67608FFF 		.ascii	"g`\217\377\205m\310\007\360MWJ\\\034\262\267\001\207"
 349      856DC807 
 349      F04D574A 
 349      5C1CB2B7 
 349      0187
 350 0b32 EC6DD096 		.ascii	"\354m\320\226\275\015\322\354\255t\360p\246\033\313"
 350      BD0DD2EC 
 350      AD74F070 
 350      A61BCB
 351 0b41 DE58B656 		.ascii	"\336X\266V\326\371\224\275\225\336\246\337\340+\327"
 351      D6F994BD 
 351      95DEA6DF 
 351      E02BD7
 352 0b50 3CE3F018 		.ascii	"<\343\360\030{\250v\256O\215r\305\211N\354]V\263\261"
 352      7BA876AE 
 352      4F8D72C5 
 352      894EEC5D 
ARM GAS  /tmp/ccwfYDT0.s 			page 28


 352      56B3B1
 353 0b63 C0052733 		.ascii	"\300\005'3\346ZmW\246\026of\314\376M\003\361\3568\215"
 353      E65A6D57 
 353      A6166F66 
 353      CCFE4D03 
 353      F1EE388D 
 354 0b77 3103C30F 		.ascii	"1\003\303\017~\207\255\254\277\345l\373\006'\274\237"
 354      7E87ADAC 
 354      BFE56CFB 
 354      0627BC9F 
 355 0b87 32CE6B9E 		.ascii	"2\316k\236\347np\265=\224=\304\004\277\377\367v\011"
 355      E76E70B5 
 355      3D943DC4 
 355      04BFFFF7 
 355      7609
 356 0b99 FE285837 		.ascii	"\376(X7\016\277\344\264V\210\256\035\227C'\234\2263"
 356      0EBFE4B4 
 356      5688AE1D 
 356      9743279C 
 356      9633
 357 0bab 2296C732 		.ascii	"\"\226\3072\354\204\247{\271\210\035S\226+EW\231\010"
 357      EC84A77B 
 357      B9881D53 
 357      962B4557 
 357      9908
 358 0bbd 1D51D456 		.ascii	"\035Q\324VB\326\212\310\010\271\002\265\312\307j\010"
 358      42D68AC8 
 358      08B902B5 
 358      CAC76A08 
 359 0bcd A2E7393D 		.ascii	"\242\3479=V\004MB'\036{\242\030\014\025;\320\032\240"
 359      56044D42 
 359      271E7BA2 
 359      180C153B 
 359      D01AA0
 360 0be0 28A004A0 		.ascii	"(\240\004\240h\240XlWD\036\243\201\014\323\224\252\215"
 360      68A0586C 
 360      57441EA3 
 360      810CD394 
 360      AA8D
 361 0bf2 9A02A9DA 		.ascii	"\232\002\251\332 \205\221\2021\204rc\335\201m\003:\331"
 361      20859182 
 361      31847263 
 361      DD816D03 
 361      3AD9
 362 0c04 7708412D 		.ascii	"w\010A-\224\010\332\374\327\232\325\301\321Y\013\223"
 362      9408DAFC 
 362      D79AD5C1 
 362      D1590B93 
 363 0c14 86A5A343 		.ascii	"\206\245\243C\324\024\242w\337\303\207\307\034\243w"
 363      D414A277 
 363      DFC387C7 
 363      1CA377
 364 0c23 2DB68FDE 		.ascii	"-\266\217\336u\230E/i\015\313\374\227\373-_\036\350"
 364      7598452F 
 364      690DCBFC 
 364      97FB2D5F 
 364      1EE8
ARM GAS  /tmp/ccwfYDT0.s 			page 29


 365 0c35 17BC2238 		.ascii	"\027\274\"8\\\273\340\353o\246\232T\237\232\226\005"
 365      5CBBE0EB 
 365      6FA69A54 
 365      9F9A9605 
 366 0c45 7F1FBCC4 		.ascii	"\177\037\274\304\3427\363\263\351\237N\237a\014\015"
 366      E237F3B3 
 366      E99F4E9F 
 366      610C0D
 367 0c54 3302CAF8 		.ascii	"3\002\312\370S\350\312\3600\243e\351\342\331\263\330"
 367      53E8CAF0 
 367      30A365E9 
 367      E2D9B3D8 
 368 0c64 7DFE9CD5 		.ascii	"}\376\234\325\253\215\266\371\323\003T\257\205\205\207"
 368      AB8DB6F9 
 368      D30354AF 
 368      858587
 369 0c73 CC9EE517 		.ascii	"\314\236\345\027\260<4\340G*\316)0\304\337\007\332\317"
 369      B03C34E0 
 369      472ACE29 
 369      30C4DF07 
 369      DACF
 370 0c85 5F2D6FD1 		.ascii	"_-o\321\"o\243\367b\257\177\31622!0s\3722\225nU\360"
 370      226FA3F7 
 370      62AF7FCE 
 370      32322130 
 370      73FA3295 
 371 0c9c 8A70E0C2 		.ascii	"\212p\340\302\365~~Bw\216qU\330J\243\377\312\220OV\204"
 371      F57E7E42 
 371      778E7155 
 371      D84AA3FF 
 371      CA904F56 
 372 0cb1 AE08FA24 		.ascii	"\256\010\372$\310\377\373`c\360\212\200\345\253\002"
 372      C8FFFB60 
 372      63F08A80 
 372      E5AB02
 373 0cc0 838C21FE 		.ascii	"\203\214!\376\001\313\202W\004\031\375\002\203~\360"
 373      01CB8257 
 373      0419FD02 
 373      837EF0
 374 0ccf 5FB53CDC 		.ascii	"_\265<\334/\374\347\237\202\302@\320\207/\231\024\366"
 374      2FFCE79F 
 374      82C240D0 
 374      872F9914 
 374      F6
 375 0ce0 7398D12F 		.ascii	"s\230\321/,<\020\344\003\322\335\362sXxP\210)te\220"
 375      2C3C10E4 
 375      03D2DDF2 
 375      73587850 
 375      88297465 
 376 0cf5 896CE48D 		.ascii	"\211l\344\215\351\201\376\341\376\323e\377\272\230M"
 376      E981FEE1 
 376      FED365FF 
 376      BA984D
 377 0d04 26BFA520 		.ascii	"&\277\245 \334;\350\007\316dv\362]\264\3104\177\201"
 377      DC3BE807 
 377      CE6476F2 
 377      5DB4C834 
ARM GAS  /tmp/ccwfYDT0.s 			page 30


 377      7F81
 378 0d16 594D6ED8 		.ascii	"YMn\330\344c\326y-\234;\323lYJ;\263\204\316l\322q6\317"
 378      E463D679 
 378      2D9C3BD3 
 378      6C594A3B 
 378      B384CE6C 
 379 0d2e B3CC337F 		.ascii	"\263\3143\177;\317{\206\316\313W\000\3712\22086\323"
 379      3BCF7B86 
 379      CECB5700 
 379      F9329038 
 379      36D3
 380 0d40 890898F7 		.ascii	"\211\010\230\367\265\231\264\263l\355lhE\304,'2\233"
 380      B599B4B3 
 380      6CED6C68 
 380      45C42C27 
 380      329B
 381 0d52 8EF85284 		.ascii	"\216\370R\20482\333\231\314]\344K\376#\263\305\336l"
 381      3832DB99 
 381      CC5DE44B 
 381      FE23B3C5 
 381      DE6C
 382 0d64 D6137073 		.ascii	"\326\023ps\234\211\004\333\250\257\200\023F\177\253"
 382      9C8904DB 
 382      A8AF8013 
 382      467FAB
 383 0d73 9EEB6D82 		.ascii	"\236\353m\202\275X\244\277>\325X,\246\005f=l\326g\226"
 383      BD58A4BF 
 383      3ED5582C 
 383      A605663D 
 383      6CD66796 
 384 0d87 856CF58B 		.ascii	"\205l\365\213\211\216\015\010\015\011\011]a\014Z\035"
 384      898E0D08 
 384      0D09095D 
 384      610C5A1D 
 385 0d97 6E342DB6 		.ascii	"n4-\266\370X\300\277v\301B\235\373\303\234\031\237\255"
 385      F858C0BF 
 385      76C1429D 
 385      FBC39C19 
 385      9FAD
 386 0da9 5E0DB676 		.ascii	"^\015\266v\361\375\223Y\260\342\024!\016\277\367\017"
 386      F1FD9359 
 386      B0E21421 
 386      0EBFF70F 
 387 0db9 F871D54F 		.ascii	"\370q\325O~\201\241!\376\301+h\030\271y\317]\260\330"
 387      7E81A121 
 387      FEC12B68 
 387      18B979CF 
 387      5DB0D8
 388 0dcc F48D80D4 		.ascii	"\364\215\200\324\372x\233\226x\317\323\022\355\347\177"
 388      FA789B96 
 388      78CFD312 
 388      EDE77F
 389 0ddb 479A59F3 		.ascii	"G\232Y\363\277\323YLs)@c\362\375\306\307[\355\003\212"
 389      BFD3594C 
 389      73294063 
 389      F2FDC6C7 
 389      5BED038A 
ARM GAS  /tmp/ccwfYDT0.s 			page 31


 390 0def ABBF5DBA 		.ascii	"\253\277]\272\304\254\361\3621\303>,d/\340(\022E\237"
 390      C4ACF1F2 
 390      31C33E2C 
 390      642FE028 
 390      12459F
 391 0e02 FB853BB3 		.ascii	"\373\205;\263x\202\036\266,\364\325X\026\022\270i>\334"
 391      78821EB6 
 391      2CF4D558 
 391      1612B869 
 391      3EDC
 392 0e14 16929B37 		.ascii	"\026\222\2337\3344\213\027\317\3672\253\347\222\233"
 392      DC348B17 
 392      CFF732AB 
 392      E7929B
 393 0e23 17F0D877 		.ascii	"\027\360\330w\276\031{\003yy\233\3250fV\373X\274\314"
 393      BE197B03 
 393      79799BD5 
 393      306656FB 
 393      58BCCC
 394 0e36 B09C97C9 		.ascii	"\260\234\227\311\254p`&\330A\010\267\000\210!\277\200"
 394      AC706026 
 394      D84108B7 
 394      008821BF 
 394      80
 395 0e47 9039B07F 		.ascii	"\2209\260\177\327\371\213\274,\013\205}a\020\244\376"
 395      D7F98BBC 
 395      2C0B857D 
 395      6110A4FE 
 396 0e57 6ADE5FCC 		.ascii	"j\336_\314NK|\227\222\226\003%\240k2k\351}\346\277\001"
 396      4E4B7C97 
 396      92960325 
 396      A06B326B 
 396      E97DE6BF 
 397 0e6c 98275703 		.ascii	"\230'W\003"
 398              		.text
 399              		.section	.gnu.lto_.symtab.ee3b900d6d31bf70,"",%progbits
 400 0000 68616C5F 		.ascii	"hal_lld_init\000\000\000\000\000\000\000\000\000\000"
 400      6C6C645F 
 400      696E6974 
 400      00000000 
 400      00000000 
 401 0016 0000AC00 		.ascii	"\000\000\254\000\000\000stm32_clock_init\000\000\000"
 401      00007374 
 401      6D33325F 
 401      636C6F63 
 401      6B5F696E 
 402 002f 00000000 		.ascii	"\000\000\000\000\000\000\000\000\000\256\000\000\000"
 402      00000000 
 402      00AE0000 
 402      00
 403 003c 53797374 		.ascii	"SystemCoreClock\000\000\000\000\000\000\000\000\000"
 403      656D436F 
 403      7265436C 
 403      6F636B00 
 403      00000000 
 404 0054 000000BC 		.ascii	"\000\000\000\274\000\000\000dmaInit\000\000\002\000"
 404      00000064 
ARM GAS  /tmp/ccwfYDT0.s 			page 32


 404      6D61496E 
 404      69740000 
 404      0200
 405 0066 00000000 		.ascii	"\000\000\000\000\000\000\000\000\260\000\000\000"
 405      00000000 
 405      B0000000 
 406              		.text
 407              		.section	.gnu.lto_.opts,"",%progbits
 408 0000 272D666E 		.ascii	"'-fno-trapv' '-mcpu=cortex-m4' '-mfloat-abi=hard' '"
 408      6F2D7472 
 408      61707627 
 408      20272D6D 
 408      6370753D 
 409 0033 2D6D6670 		.ascii	"-mfpu=fpv4-sp-d16' '-mno-thumb-interwork' '-mthumb'"
 409      753D6670 
 409      76342D73 
 409      702D6431 
 409      36272027 
 410 0066 20272D67 		.ascii	" '-ggdb' '-O2' '-fomit-frame-pointer' '-falign-func"
 410      67646227 
 410      20272D4F 
 410      32272027 
 410      2D666F6D 
 411 0099 74696F6E 		.ascii	"tions=16' '-ffunction-sections' '-fdata-sections' '"
 411      733D3136 
 411      2720272D 
 411      6666756E 
 411      6374696F 
 412 00cc 2D666E6F 		.ascii	"-fno-common' '-flto' '-fsingle-precision-constant'\000"
 412      2D636F6D 
 412      6D6F6E27 
 412      20272D66 
 412      6C746F27 
 413              		.text
 414              		.comm	__gnu_lto_v1,1,1
 415              		.comm	__gnu_lto_slim,1,1
 416              		.ident	"GCC: (GNU Tools for ARM Embedded Processors) 4.9.3 20150529 (release) [ARM/embedded-4_9-br
ARM GAS  /tmp/ccwfYDT0.s 			page 33


DEFINED SYMBOLS
                            *ABS*:0000000000000000 hal_lld.c
                            *COM*:0000000000000001 __gnu_lto_v1
                            *COM*:0000000000000001 __gnu_lto_slim

NO UNDEFINED SYMBOLS
