ARM GAS  /tmp/ccm71w01.s 			page 1


   1              		.syntax unified
   2              		.cpu cortex-m4
   3              		.eabi_attribute 27, 1
   4              		.eabi_attribute 28, 1
   5              		.fpu fpv4-sp-d16
   6              		.eabi_attribute 20, 1
   7              		.eabi_attribute 21, 1
   8              		.eabi_attribute 23, 3
   9              		.eabi_attribute 24, 1
  10              		.eabi_attribute 25, 1
  11              		.eabi_attribute 26, 1
  12              		.eabi_attribute 30, 2
  13              		.eabi_attribute 34, 1
  14              		.eabi_attribute 18, 4
  15              		.thumb
  16              		.file	"hal_st.c"
  17              		.text
  18              	.Ltext0:
  19              		.section	.gnu.lto_.profile.bb71f095a9056eab,"",%progbits
  20 0000 789C6366 		.ascii	"x\234cf```a\200\000F\006w9\000\001 \000n"
  20      60606061 
  20      80004606 
  20      77390001 
  20      20006E
  21              		.text
  22              		.section	.gnu.lto_.jmpfuncs.bb71f095a9056eab,"",%progbits
  23 0000 789C6366 		.ascii	"x\234cf\300\016r\2414+\210`\004\202zF\246\217L\214\323"
  23      C00E72A1 
  23      342B8860 
  23      04827A46 
  23      A68F4C8C 
  24 0015 FAAFEC60 		.ascii	"\372\257\354`\256\375\3350\243\201\343'\023\303_&\220"
  24      AEFDDD30 
  24      A381E327 
  24      13C35F26 
  24      90
  25 0026 E472C65A 		.ascii	"\344r\306Z\006f\006\006\026\354\212\030\37721\002\025"
  25      06660606 
  25      16EC8A18 
  25      FF323102 
  25      15
  26 0037 AD002A62 		.ascii	"\255\000*b\003\322\330\344\201\2460\256\004\3123\000"
  26      03D2D8E4 
  26      81A630AE 
  26      04CA3300 
  27 0047 0082421F 		.ascii	"\000\202B\0379"
  27      39
  28              		.text
  29              		.section	.gnu.lto_.inline.bb71f095a9056eab,"",%progbits
  30 0000 789C6366 		.ascii	"x\234cf\300\016\312\2414+\003\003\013\017#\003\023\220"
  30      C00ECAA1 
  30      342B0303 
  30      0B0F2303 
  30      1390
  31 0012 C9B6401E 		.ascii	"\311\266@\036D10r\201\010\006\036^\2400\337\206\\\270"
  31      44313072 
  31      8108061E 
ARM GAS  /tmp/ccm71w01.s 			page 2


  31      5EA030DF 
  31      865CB8
  32 0025 38133748 		.ascii	"8\0237H\230\231\201\205\031(\301t\201\037.\301\302\300"
  32      98998185 
  32      1928C174 
  32      811F2EC1 
  32      C2C0
  33 0037 C50D14E2 		.ascii	"\305\015\024\342\232\340\207\246\226\015\227\004\003"
  33      9AE087A6 
  33      960D9704 
  33      03
  34 0044 00248B08 		.ascii	"\000$\213\010\353"
  34      EB
  35              		.text
  36              		.section	.gnu.lto_.pureconst.bb71f095a9056eab,"",%progbits
  37 0000 789C6366 		.ascii	"x\234cf``\340f\200\000V\006\011F)f)\026)6)\000\004\022"
  37      6060E066 
  37      80005606 
  37      09462966 
  37      29162936 
  38 0018 00A2     		.ascii	"\000\242"
  39              		.text
  40              		.section	.gnu.lto_stInit.bb71f095a9056eab,"",%progbits
  41 0000 789C6366 		.ascii	"x\234cf\300\004R@\274\020\210U\201\230\221\231\201\221"
  41      C0045240 
  41      BC108855 
  41      81989199 
  41      8191
  42 0012 69C23906 		.ascii	"i\3029\006\206F\016&FF\020\203\201\221\241\236\211\261"
  42      86460E26 
  42      46461083 
  42      8191A19E 
  42      89B1
  43 0024 9EF125D3 		.ascii	"\236\361%\323G&\306\011\007V\317\340V_\332\320\320\360"
  43      4726C609 
  43      0756CFE0 
  43      565FDAD0 
  43      D0F0
  44 0036 E1D0F9C6 		.ascii	"\341\320\371\306\200\003\214?\231\030\030>3A\314a\\"
  44      80038C3F 
  44      9918183E 
  44      3341CC61 
  44      5C
  45 0047 CEA8CE00 		.ascii	"\316\250\316\000T\364\261\345\357un\266\026\240\"\001"
  45      54F4B1E5 
  45      EF756EB6 
  45      16A02201 
  46 0057 881CE30A 		.ascii	"\210\034\343\012F6F \275^\350@\303\377\377\217\247\376"
  46      46364620 
  46      BD5EE840 
  46      C3FFFF8F 
  46      A7FE
  47 0069 D1676660 		.ascii	"\321gf`x\002\224\001\231\377\224\211\011D3\337al>\360"
  47      78029401 
  47      99FF9489 
  47      094433DF 
  47      616C3EF0 
ARM GAS  /tmp/ccm71w01.s 			page 3


  48 007d 9717A414 		.ascii	"\227\027\244\024d\306\274\313}\353\230j\1777t4p\374"
  48      64C6BCCB 
  48      7DEB986A 
  48      7F377434 
  48      70FC
  49 008f 6462FCCC 		.ascii	"db\374\314\004\324\316\270\222\261\226\341'P\365=\306"
  49      04D4CEB8 
  49      92B196E1 
  49      2750F53D 
  49      C6
  50 00a0 C603FF59 		.ascii	"\306\003\377Y\301*\031@\3460\202\364\003MSv\316\310"
  50      C12A1940 
  50      E63082F4 
  50      034D5376 
  50      CEC8
  51 00b2 4CCAF40F 		.ascii	"L\312\364\017\21674\3273\3233\320\317/\326\317H\314"
  51      8E3734D7 
  51      33D333D0 
  51      CF2FD6CF 
  51      48CC
  52 00c4 D12F2E4A 		.ascii	"\321/.J\006\321\361\305%z\311\014\000\376<F\031"
  52      06D1F1C5 
  52      257AC90C 
  52      00FE3C46 
  52      19
  53              		.text
  54              		.section	.gnu.lto_stStartAlarm.bb71f095a9056eab,"",%progbits
  55 0000 789C9D53 		.ascii	"x\234\235SMHTQ\024\276\347\2767oFgPi5\270\320`07\215"
  55      4D485451 
  55      14BEE7BE 
  55      376F4667 
  55      506935B8 
  56 0019 2F138A76 		.ascii	"/\023\212vAm\002\245\205\356EMP0\014G\332\211ot\224"
  56      416D02A5 
  56      85EE454D 
  56      50300C47 
  56      DA896F74 
  57 002e E8C7912C 		.ascii	"\350\307\221,\033J\373A&\377\362'\315\2771k\324L)j\210"
  57      1B4AFB41 
  57      26FFF227 
  57      CDBF316B 
  57      D44C296A 
  58 0043 4AC9C266 		.ascii	"J\311\302f1RY\204\246dc\350t\316\23512\333\330\203y"
  58      31525984 
  58      A66463E8 
  58      74CE9D31 
  58      32DBD883 
  59 0058 F7DD7BBE 		.ascii	"\367\335{\276\363}\347\334\357\214\304\266?i\370K\224"
  59      F37DE7DC 
  59      EF8CC4B6 
  59      3F69F84B 
  59      94
  60 0069 192BC215 		.ascii	"\031+\302\025t\014x\355s\306\354\006\316%O\002\323\242"
  60      740C78ED 
  60      73C6EC06 
  60      CE254F02 
  60      D3A2
ARM GAS  /tmp/ccm71w01.s 			page 4


  61 007b E5699569 		.ascii	"\345i\225i&\011\344\360\261\014@\037\014X9\227d(\207"
  61      2609E4F0 
  61      B10C401F 
  61      0C583997 
  61      642887
  62 008e 4F7C8943 		.ascii	"O|\211C\255\267\335eLvk\232\2668\326k\2562\0079c\313"
  62      ADB7DD65 
  62      4C766B9A 
  62      B638D66B 
  62      AE320739 
  63 00a4 3CCC0FCD 		.ascii	"<\314\017\315\220\214\020gM\325\005\220\366\000\303"
  63      908C1067 
  63      4DD50590 
  63      F600C3
  64 00b3 EFA1CE95 		.ascii	"\357\241\316\225g\306\217<\310a7m=\027\247\\\012m\271"
  64      67C68F3C 
  64      C861376D 
  64      3D17A75C 
  64      0A6DB9
  65 00c6 4CDBB5CB 		.ascii	"L\333\265\313S\225\272\244&M\253\360\216\364h\207\345"
  65      5395BAA4 
  65      264DABF0 
  65      8EF46887 
  65      E5
  66 00d7 2097A005 		.ascii	" \227\240\005$\344\203V\210\2076\210gx\304\240\035\222"
  66      24E48356 
  66      88873688 
  66      6778C4A0 
  66      1D92
  67 00e9 08BEE458 		.ascii	"\010\276\344X\2371*\016\324\216[\337\224\205;\240\000"
  67      9F312A0E 
  67      D48E5BDF 
  67      94853BA0 
  67      00
  68 00fa 2E78D0B5 		.ascii	".x\320\265\313\253\205BM\315\015}r\264\016(I\301tYO"
  68      CBAB8542 
  68      4DCD0D7D 
  68      72B40E28 
  68      49C17459 
  69 010f 2FC60288 		.ascii	"/\306\002\210\246~\3469\247U\232\205\261\376\241\256"
  69      A67EE639 
  69      A7559A85 
  69      B1FEA1AE 
  70 011f C6C9D82D 		.ascii	"\306\311\330-\304\376\211\017f\301\271\314\341/I\006"
  70      C4FE890F 
  70      66C1B9CC 
  70      E12F4906 
  71 012f 1DA0A052 		.ascii	"\035\240\240R'(\253\\\301\330\327\247\223\325:jF\207"
  71      2728AB5C 
  71      C1D8D7A7 
  71      93D53A6A 
  71      4687
  72 0141 614D34F4 		.ascii	"aM4\364>\340{a\020G\214\266W|\237\333x#\\\263\327j\206"
  72      3EE07B61 
  72      10478CB6 
  72      577C9FDB 
  72      78235CB3 
ARM GAS  /tmp/ccm71w01.s 			page 5


  73 0158 2057A00B 		.ascii	" W\240\013\233\352\306\246(\266Z\027\350\210\261\266"
  73      9BEAC6A6 
  73      28B65A17 
  73      E888B1B6 
  74 0168 6B0EFBE2 		.ascii	"k\016\373\342\234\247&1\310\365p\027\032\341\033\226"
  74      9CA72631 
  74      C8F57017 
  74      1AE11B96 
  75 0178 2984A007 		.ascii	")\204\240\007\254l\026*\177T\177\221\303\232\372\260"
  75      AC6C162A 
  75      7F547F91 
  75      C39AFAB0 
  76 0188 ECD599F9 		.ascii	"\354\325\231\371\025\2114d\274\246^d{\015\2167\343\347"
  76      15893464 
  76      BCA65E64 
  76      7B0D8E37 
  76      E3E7
  77 019a 7CA95436 		.ascii	"|\251T6\242\020b\277=|^/ Hv\217\004\0315.1O\202\364"
  77      A21062BF 
  77      3D7C5E2F 
  77      2048768F 
  77      0419352E 
  78 01b2 0E640252 		.ascii	"\016d\002R\011\327_\326t\362\262\237\332\031\252\316"
  78      09D75FD6 
  78      74F2B29F 
  78      DA19AACE 
  79 01c2 B0CC49BA 		.ascii	"\260\314I\272\017\312(T\357|5(a\310E\241(\272\355-\355"
  79      0FCA2854 
  79      EF7C3528 
  79      61C845A1 
  79      28BAED2D 
  80 01d7 45896DAB 		.ascii	"E\211m\253\363\322 \374n/\032\372\241\014\006\"\355"
  80      F3D220FC 
  80      6E2F1AFA 
  80      A10C0622 
  80      ED
  81 01e8 DD08B4B8 		.ascii	"\335\010\264\270\214H\200\003\022\005\204\022\2420\004"
  81      8C488003 
  81      12058412 
  81      A23004
  82 01f7 65416E14 		.ascii	"eAn\024\325\310\302\206i\250\210#|\257{\355,H\005\342"
  82      D5C8C286 
  82      69A88823 
  82      7CAF7BED 
  82      2C4805E2 
  83 020b D2DF0E0C 		.ascii	"\322\337\016\014l\230,\267p,\374\015\343\371^\307Mm"
  83      6C982CB7 
  83      702CFC0D 
  83      E3F95EC7 
  83      4D6D
  84 021d 2314021A 		.ascii	"#\024\002\032\016\317\326\341\210\214\3350XV\361\306"
  84      0ECFD6E1 
  84      888CDD30 
  84      5856F1C6 
  85 022d D1D1FAA1 		.ascii	"\321\321\372\241\256\341\252\230\255\216V-\230\011\021"
  85      AEE1AA98 
  85      AD8E562D 
ARM GAS  /tmp/ccm71w01.s 			page 6


  85      980911
  86 023c 7155DAE6 		.ascii	"qU\332\346\352}\341\352\010(;0\354\373\223\330 7\301"
  86      EA7DE1EA 
  86      08283B30 
  86      ECFB93D8 
  86      2037C1
  87 024f 03611884 		.ascii	"\003a\030\2049\0202Z\267\342\346j\007B\274{\311\320"
  87      3910325A 
  87      B7E2E66A 
  87      0742BC7B 
  87      C9D0
  88 0261 8760050B 		.ascii	"\207`\005\013f\2138xA\215\224\271\330=W\241\337\221"
  88      668B3878 
  88      418D94B9 
  88      D83D57A1 
  88      DF91
  89 0273 A4570CC8 		.ascii	"\244W\014\310\250\320\343\021\2761\260\376\351\211\036"
  89      A8D0E311 
  89      BE31B0FE 
  89      E9891E
  90 0282 75C63191 		.ascii	"u\3061\221\370\027\377\217\377\321\346\000\012\376\011"
  90      F817FF8F 
  90      FFD1E600 
  90      0AFE09
  91 0291 C1EFF38F 		.ascii	"\301\357\363\217;M\202\037u\037c\342\034\330\375\356"
  91      3B4D821F 
  91      751F63E2 
  91      1CD8FDEE 
  92 02a1 0583F093 		.ascii	"\005\203\360\223\321\377\012\310H\314\262\034)(\314"
  92      D1FF0AC8 
  92      48CCB21C 
  92      2928CC
  93 02b0 2D3C9E99 		.ascii	"-<\236\231\235z0\345@\312>\265\330\246\026\344\024\251"
  93      9D7A30E5 
  93      40CA3EB5 
  93      D8A616E4 
  93      14A9
  94 02c2 B6923C5A 		.ascii	"\266\222<Z\263m\245)yL\237\223k+-<\231\177\350\337\330"
  94      B36DA529 
  94      794C9F93 
  94      6B2B2D3C 
  94      997FE8DF 
  95 02d7 53C525A5 		.ascii	"S\305%\245653+#m\277\232\236~T\315:\226q:5\222\235]"
  95      3635332B 
  95      236DBF9A 
  95      9E7E54CD 
  95      3A96713A 
  96 02ef 547422A5 		.ascii	"Tt\"\245\200\311\224\376\013\322\027\234C"
  96      80C994FE 
  96      0BD2179C 
  96      43
  97              		.text
  98              		.section	.gnu.lto_stStopAlarm.bb71f095a9056eab,"",%progbits
  99 0000 789C6366 		.ascii	"x\234cf\300\004R@\254\313\310\300\020\017\244\031\231"
  99      C0045240 
  99      ACCBC8C0 
  99      100FA419 
ARM GAS  /tmp/ccm71w01.s 			page 7


  99      99
 100 0011 19189926 		.ascii	"\031\030\231&\234c`h\344`bd\0041\030\030\031\352\231"
 100      9C636068 
 100      E4606264 
 100      04311818 
 100      19EA99
 101 0024 18EB195F 		.ascii	"\030\353\031_2}db\234p`\365\014n\365\245\015\015\015"
 101      327D6462 
 101      9C7060F5 
 101      0C6EF5A5 
 101      0D0D0D
 102 0037 1F166D97 		.ascii	"\037\026m\227h\225\370\311\304\300\360\231\011b\014"
 102      6895F8C9 
 102      C4C0F099 
 102      09620C
 103 0046 E3724675 		.ascii	"\343rFu\006\240\232\217-\177\257s\263\265\000\325\010"
 103      06A09A8F 
 103      2D7FAF73 
 103      B3B500D5 
 103      08
 104 0057 40E41857 		.ascii	"@\344\030W0\262\001\215gX/t\240\341\377\377\305s\356"
 104      30B2018D 
 104      67582F74 
 104      A0E1FFFF 
 104      C573EE
 105 006a 6C676166 		.ascii	"lgaf`x\002\224\002\231\377\224\211\011D3\337b<\364a"
 105      60780294 
 105      0299FF94 
 105      89094433 
 105      DF623CF4 
 106 007f C7F2F347 		.ascii	"\307\362\363G\271Q\214x\320\372^\002l\300g&Ft\303\031"
 106      B9518C78 
 106      D0FA5E02 
 106      6CC06726 
 106      4674C319 
 107 0093 5732B201 		.ascii	"W2\262\001M_\305\310\006\224xw\372x\033\353\013\246"
 107      4D5FC5C8 
 107      06947877 
 107      FA781BEB 
 107      0BA6
 108 00a5 9F4C8C40 		.ascii	"\237L\214@\271\006\026\220\332\373O\316_\344\000\013"
 108      B9061690 
 108      DAFB4FCE 
 108      5FE4000B 
 109 00b5 3180B8D3 		.ascii	"1\200\270\323\317\277^\3054\227qv\343\204\006\216\237"
 109      CFBF5EC5 
 109      34977176 
 109      E384068E 
 109      9F
 110 00c6 4C4C8CAB 		.ascii	"LL\214\253\031\245\030\3270J\201\345\276O~\262\226O"
 110      19A518D7 
 110      304A81E5 
 110      BE4F7EB2 
 110      964F
 111 00d8 7775434B 		.ascii	"wuCK\343\207s\363N\363\377dbf\\\3138\227\361\023\320"
 111      E38773F3 
 111      4EF3FF64 
ARM GAS  /tmp/ccm71w01.s 			page 8


 111      62665CCB 
 111      3897F113 
 112 00ed 8D605B18 		.ascii	"\215`[\030\3271\352\"\233\010t?\343z\240\336{\214\215"
 112      D731EA22 
 112      9B08743F 
 112      E37AA0DE 
 112      7B8C8D
 113 0100 0F96BEE7 		.ascii	"\017\226\276\347\0009\020\024\004O\200V\001\375\002"
 113      00391014 
 113      044F8056 
 113      01FD02
 114 010f D4A5EC9C 		.ascii	"\324\245\354\234\221\231\224\351\037\034oh\256g\246"
 114      919994E9 
 114      1F1C6F68 
 114      AE67A6
 115 011e 67A09F5F 		.ascii	"g\240\237_\254\237\221\230\243_\\\224\014\242\343\213"
 115      AC9F9198 
 115      A35F5C94 
 115      0CA2E38B 
 116 012e 4BF49219 		.ascii	"K\364\222\031,\261\253)\310/*)\326\017\016\36156\322"
 116      2CB1AB29 
 116      C82F2A29 
 116      D60F0EF1 
 116      3536D2
 117 0141 F7F171D1 		.ascii	"\367\361q\321\017\361\364-3\204\352\212\317\311I\321"
 117      0FF1F42D 
 117      3384EA8A 
 117      CFC949D1 
 118 0151 CB600000 		.ascii	"\313`\000\000uU\216'"
 118      75558E27 
 119              		.text
 120              		.section	.gnu.lto_stSetAlarm.bb71f095a9056eab,"",%progbits
 121 0000 789C9552 		.ascii	"x\234\225R_HSa\024\377\316\367\335\335M'*=\015\037,"
 121      5F485361 
 121      14FFCEF7 
 121      DDDD4D27 
 121      2A3D0D1F 
 122 0015 18E64BEE 		.ascii	"\030\346K\356fB\321[P/\201\322\203\276\0175a\302\302"
 122      6642D15B 
 122      502F81D2 
 122      83BE0F35 
 122      61C2C2
 123 0028 70D2DBF0 		.ascii	"p\322\333\360N7\211\376L\311\262Q\330\037d\346\237t"
 123      4E3789FE 
 123      4CC9B251 
 123      D81F64E6 
 123      9F74
 124 003a A5A56EEB 		.ascii	"\245\245n\353\317JBAJ\242R11\037&\024VhJk\206\256s\356"
 124      CF4A4241 
 124      4AA25231 
 124      311F2614 
 124      56684A6B 
 125 0052 56B0ECA5 		.ascii	"V\260\354\245\013\367~\367|\347w\316\357\234\363;\202"
 125      0BF77EF7 
 125      7CE777CE 
 125      EF9CF33B 
 125      82
ARM GAS  /tmp/ccm71w01.s 			page 9


 126 0063 ED7C4AF0 		.ascii	"\355|J\360\265\012\306\354x\202\216\001o{\305\230\313"
 126      B50AC6EC 
 126      78828E01 
 126      6F7BC598 
 126      CB
 127 0074 C0B908E5 		.ascii	"\300\271\010\34535S\232Q\230\232%@J^K\000\364\303\200"
 127      3335539A 
 127      51989A25 
 127      404A5E4B 
 127      00F4C380 
 128 0088 35722141 		.ascii	"5r!A#|\342k\034\332\"\375>c\241_U\325\325\246\260\311"
 128      237CE26B 
 128      1CDA22FD 
 128      3E63A15F 
 128      55D5D5A6 
 129 009e 638A73C6 		.ascii	"c\212s\306\326y2?\334\201B\204\264z=\027A\354\005\206"
 129      D679323F 
 129      DC814284 
 129      B47A3D17 
 129      41EC0586 
 130 00b2 FFC1C18D 		.ascii	"\377\301\301\215\227\306\217<\316a\017\231\241K\223"
 130      97C68F3C 
 130      CE610F99 
 130      A14B93
 131 00c1 3E994C2E 		.ascii	">\231L.\221\271ye\262YW\320\245\252M\221\360\220zD\212"
 131      91B97965 
 131      B25957D0 
 131      A5AA4D91 
 131      F0907A44 
 132 00d6 73013D20 		.ascii	"s\001= 0\037\364B\036\364A\036\303+\006\375P@\3605\367"
 132      301FF442 
 132      1EF4411E 
 132      C32B06FD 
 132      5040F035 
 133 00eb D6AC5176 		.ascii	"\326\254Qv#w\356\326oZ\270\0132\340\201\027\201]\021"
 133      2377EED6 
 133      6F5AB80B 
 133      32E08117 
 133      815D11
 134 00fe 3591E8EA 		.ascii	"5\221\350\352^\010K\006\035P\220\214\341\222\236>\214"
 134      5E084B06 
 134      1D50908C 
 134      E1929E3E 
 134      8C
 135 010f 45114DFD 		.ascii	"E\021M\375,sN\247\230\207\347#\301@\347DNZ\342\245\027"
 135      2C734EA7 
 135      9887E723 
 135      C140E744 
 135      4E5AE2A5 
 136 0124 DF4D5ACE 		.ascii	"\337MZ\316u\016\177Q2\030\000\031\231\006A\216q\031"
 136      750E7F51 
 136      32180019 
 136      9906418E 
 136      7119
 137 0136 7D5FA726 		.ascii	"}_\247&Zt\324\214\016\335\252\326\320\207\350\364k\203"
 137      5A74D48C 
 137      0EDDAAD6 
ARM GAS  /tmp/ccm71w01.s 			page 10


 137      D087E8F4 
 137      6B83
 138 0148 76C5C8BC 		.ascii	"v\305\310\274:\275\322\307;\341\272\253M5\304\271\014"
 138      3ABDD2C7 
 138      3BE1BAAB 
 138      4D35C4B9 
 138      0C
 139 0159 016CEA1E 		.ascii	"\001l\352\0366E\276X{t \273\250_u\273V\027C\336\335"
 139      3645BE58 
 139      7B7420BB 
 139      A85F75BB 
 139      561743DE 
 140 016e 71AE87FB 		.ascii	"q\256\207\373\320\011\337\260L\215\010\206\240\210\315"
 140      D009DFB0 
 140      4C8D0886 
 140      A088CD
 141 017d 43F38F96 		.ascii	"C\363\217\226\317R\222S\237\244\2756\273\274!\210C\302"
 141      CF529253 
 141      9FA4BD36 
 141      BBBC2188 
 141      43C2
 142 018f 310D63B6 		.ascii	"1\015c\266w\340\236\033?\377\245\230\312F\024B\\\335"
 142      77E09E1B 
 142      3FFFA598 
 142      CA461442 
 142      5CDD
 143 01a1 E10B7A0D 		.ascii	"\341\013z\015\202\311\036\020!\243\306\005\013\345\213"
 143      82C91E10 
 143      21A3C605 
 143      0BE58B
 144 01b0 05900848 		.ascii	"\005\220\010H%\334x\343\035\344\316\237\352Y\252\316"
 144      25DC78E3 
 144      1DE4CE9F 
 144      EA59AACE 
 145 01c0 B0CE89FA 		.ascii	"\260\316\211\372!8\311\325\321\372vL\240\313G\256\014"
 145      2138C9D5 
 145      D1FA764C 
 145      A0CB47AE 
 145      0C
 146 01d1 9A765A7B 		.ascii	"\232vZ{\031\232\331\333zy\014\376\264\227\011#\340\204"
 146      199AD9DB 
 146      7A790CFE 
 146      B4970923 
 146      E084
 147 01e3 D1547B37 		.ascii	"\321T{7\243=>#&\300\005\311\000Bi\244\020\004g\234\033"
 147      A33D3E23 
 147      26C005C9 
 147      004269A4 
 147      1004679C 
 148 01f8 B56A244D 		.ascii	"\265j$M\206\031h\312%\374\260\177\363\034\010\2336\364"
 148      861968CA 
 148      25FCB07F 
 148      F31C089B 
 148      36F4
 149 020a F7A3A3DB 		.ascii	"\367\243\243\333Y\346\333\270\026Ks\3435\021\367-u;"
 149      59E6DBB8 
 149      164B73E3 
ARM GAS  /tmp/ccm71w01.s 			page 11


 149      3511F72D 
 149      753B
 150 021c 91005A8E 		.ascii	"\221\000Z\216P\372r\244\326.\014\346\030N\034\025\355"
 150      50FA72A4 
 150      D62E0CE6 
 150      184E1C15 
 150      ED
 151 022d 0806563C 		.ascii	"\010\006V<\331\351\212zb&B\244T\025;T}\244\251\372\030"
 151      D9E98A7A 
 151      622642A4 
 151      54153B54 
 151      7DA4A9FA 
 152 0242 E4FF106C 		.ascii	"\344\377\020lf*'\316\263\340\211&\030$s \344Y\373\206"
 152      662A27CE 
 152      B3E08926 
 152      18247320 
 152      E459FB86 
 153 0256 9F2B0308 		.ascii	"\237+\003\010\211\354#A\237B\021\2301Z\363C\004\024"
 153      89EC2341 
 153      9F421198 
 153      315AF343 
 153      0414
 154 0268 2A73115C 		.ascii	"*s\021\\K\376\230A\233\007\243\275\004\032\004N\330"
 154      4BFE9841 
 154      9B07A3BD 
 154      041A044E 
 154      D8
 155 0279 7CD4565B 		.ascii	"|\324V[U{\242\334Z|\310r\320\262_\251s(\266J\273\342"
 155      557BA2DC 
 155      5A7CC872 
 155      D0B25FA9 
 155      7328B64A 
 156 028f A8AFA6D3 		.ascii	"\250\257\246\323\352h\260T3}e\225\243\241\366T\315\341"
 156      EA68B054 
 156      337D6595 
 156      A3A1F654 
 156      CDE1
 157 02a1 7F634FD7 		.ascii	"\177cO\327\32578\224\362\212\262\222\003Ji\3511\245"
 157      D5373894 
 157      F28AB292 
 157      034A69E9 
 157      31A5
 158 02b3 E278D999 		.ascii	"\342x\331\231\342T\264\325n?i\2611\211\302\177\001B"
 158      E254B4D5 
 158      6E3F69B1 
 158      3189C27F 
 158      0142
 159 02c5 CF5889   		.ascii	"\317X\211"
 160              		.text
 161              		.section	.gnu.lto_stGetAlarm.bb71f095a9056eab,"",%progbits
 162 0000 789C9552 		.ascii	"x\234\225R_HSQ\030?\3379\367\336M\027\025=\215=X`\340"
 162      5F485351 
 162      183FDF39 
 162      F7DE4D17 
 162      153D8D3D 
 163 0017 D37633A1 		.ascii	"\323v3\241\350\271^\002\245\007}\037e\017\023\006\206"
 163      E8B95E02 
ARM GAS  /tmp/ccm71w01.s 			page 12


 163      A5077D1F 
 163      650F1306 
 163      86
 164 0028 93DEC6CE 		.ascii	"\223\336\306\316lIP\250\244\324,fA\330\374\323f\177"
 164      6C4950A8 
 164      A4D42C66 
 164      41D8FCD3 
 164      667F
 165 003a 6D9B8156 		.ascii	"m\233\201V\204\201\244D\345D\254|\230P\024\241m`#\346"
 165      8481A444 
 165      E544AC7C 
 165      985014A1 
 165      6D6023E6 
 166 004e FABEB315 		.ascii	"\372\276\263\025,{\351\302=\347~\347\367;\277\357\373"
 166      2C7BE9C2 
 166      3DE77EE7 
 166      F73BBFEF 
 166      FB
 167 005f 7DDF156C 		.ascii	"}\337\025l\373\323\200\357{\316\230\033w\320\031\360"
 167      FBD380EF 
 167      7BCE981B 
 167      77D019F0 
 168 006f BE79C682 		.ascii	"\276y\306\202V\316E\252\206\311jm\321dr\207\000\255"
 168      56CE45AA 
 168      86C96A6D 
 168      D1647287 
 168      00AD
 169 0081 74AC01D0 		.ascii	"t\254\001\320\007\003\026\340B\203\000|\346\033\034"
 169      070316E0 
 169      4283007C 
 169      E61B1C
 170 0090 92F1DC2B 		.ascii	"\222\361\334+\333'\236\347l\037\3030u\371e\330\240\020"
 170      DB279EE7 
 170      6C1FC330 
 170      75F965D8 
 170      A010
 171 00a2 340AD38B 		.ascii	"4\012\323\213\341tU\335\260\224]\353]\323\336\301\201"
 171      E17455DD 
 171      B0945DEB 
 171      5DD3DEC1 
 171      81
 172 00b3 9B887096 		.ascii	"\233\210p\226\345\014\242\340\200\021p\220\336(\324"
 172      E50CA2E0 
 172      80117090 
 172      DE28D4
 173 00c2 11772354 		.ascii	"\021w#TH\333\214\220\224rw\001\213B\022bc`\000nx0\261"
 173      48DB8C90 
 173      94727701 
 173      8B421262 
 173      6360006E 
 174 00d9 6746168B 		.ascii	"gF\026\213\267\206V\2465\213`(\243\343\"\014Z\030\313"
 174      B78656A6 
 174      358B6028 
 174      A3E3220C 
 174      5A18CB
 175 00ec 20998A5B 		.ascii	" \231\212[Cu\334\3052<\233LF#\263\273*tW_l\331\225d"
 175      4375DCC5 
ARM GAS  /tmp/ccm71w01.s 			page 13


 175      323C9B4C 
 175      4623B3BB 
 175      2A74575F 
 176 0104 96C35F19 		.ascii	"\226\303_\031\031\214\203\201\211\356\200\261\311u\304"
 176      198C8381 
 176      89EE80B1 
 176      C975C4
 177 0113 BECDCD76 		.ascii	"\276\315\315v\353dDCX*3\0373\013\257\255\352\210Qxu"
 177      EB644443 
 177      582A331F 
 177      330BAFAD 
 177      EA885178 
 178 0128 E1CB188F 		.ascii	"\341\313\030\217\300\365`\237\264\346\271\0161t\024"
 178      C0F5609F 
 178      B4E6B90E 
 178      317414
 179 0137 2747886D 		.ascii	"'G\210m\366gb;\235\3432\024\\\237O\365\354\315s\003"
 179      F667623B 
 179      9DE33214 
 179      5C9F4FF5 
 179      ECCD7303 
 180 014b 262002DF 		.ascii	"& \002\337\261L\225\010\356\202\223-\303\271\037\335"
 180      B14C9508 
 180      EE82932D 
 180      C3B91FDD 
 181 015b 5FB552CE 		.ascii	"_\265R\316r\332k\351\265\234\240\034\002{t\017\325\336"
 181      72DA6BE9 
 181      B59CA01C 
 181      027B740F 
 181      D5DE
 182 016d 4168E9F9 		.ascii	"Ah\351\371\305B=\225\215,\244\004oO]\262(\012\212\335"
 182      C5423D95 
 182      8D2CA404 
 182      6F4F5DB2 
 182      280A8ADD 
 183 0181 572D24E3 		.ascii	"W-$\343\202\245j\304\012hD\244\022\206\336\364\304\271"
 183      82A56AC4 
 183      0A6844A4 
 183      1286DEF4 
 183      C4B9
 184 0193 FFA7BC40 		.ascii	"\377\247\274@\325Y\262\234R?\000?AWz\337&\004Ba\202"
 184      D559B29C 
 184      523F003F 
 184      41577ADF 
 184      26044261 
 185 01a8 ACD4EC0A 		.ascii	"\254\324\354\012{V\025\216\366\016$\340\217\275*x\010"
 185      7B56158E 
 185      F60E24E0 
 185      8FBD2A78 
 185      08
 186 01b9 7E7854B6 		.ascii	"~xT\266w#3\022\266\241\200\035\3110\211,\225\024\036"
 186      77233312 
 186      B6A1801D 
 186      C930892C 
 186      95141E
 187 01cc 833FCFAB 		.ascii	"\203?\317\253U5\332\3571\244\006\243E\275r\012\241@"
 187      5535DAEF 
ARM GAS  /tmp/ccm71w01.s 			page 14


 187      31A406A3 
 187      45BD720A 
 187      A140
 188 01de 790862DB 		.ascii	"y\010b\333\020\022j\010I\262*\376\243\305[s\373\363"
 188      10126A08 
 188      49B22AFE 
 188      A3C55B73 
 188      FBF3
 189 01f0 DC0629D5 		.ascii	"\334\006)\325b(\311 \345i\177n\230\2331\244\3148h\004"
 189      6228C920 
 189      E5697F6E 
 189      989B31A4 
 189      CC386804 
 190 0204 53E0845A 		.ascii	"S\340\204Z\274\255px\002&\373\000\301\325\363E{\251"
 190      BCAD7078 
 190      0226FB00 
 190      C1D5F345 
 190      7BA9
 191 0216 B9D84FFC 		.ascii	"\271\330O\374\221\200*\307\226\324\036\365\264\235j"
 191      91802AC7 
 191      96D41EF5 
 191      B49D6A
 192 0225 3BD1ECAE 		.ascii	";\321\354\256?\354:\344:`\266\373L\317I\257\351\353"
 192      3FEC3AE4 
 192      3A60B6FB 
 192      4CCF49AF 
 192      E9EB
 193 0237 68A5DDED 		.ascii	"h\245\335\355\353t\265\262#\377\346\234i\357\350\364"
 193      EB74B5B2 
 193      23FFE69C 
 193      69EFE8F4 
 194 0247 99CD2D4D 		.ascii	"\231\315-M\015\007\315\306\306cf\313\361\246\263\365"
 194      0D07CDC6 
 194      C66366CB 
 194      F1A6B3F5 
 195 0257 E55B6EAF 		.ascii	"\345[n\257\367\264\313\303~\001\204\225)\356"
 195      F7B4CBC3 
 195      7E018495 
 195      29EE
 196              		.text
 197              		.section	.gnu.lto_.symbol_nodes.bb71f095a9056eab,"",%progbits
 198 0000 789C558A 		.ascii	"x\234U\212\273\021\203@\024\003\365\364\2009\372\241"
 198      BB118340 
 198      1403F5F4 
 198      8039FAA1 
 199 0010 3F11B800 		.ascii	"?\021\270\000'\346\017C@H\3526\\\203+\361\360s\300)"
 199      27E60F43 
 199      4048EA36 
 199      5C832BF1 
 199      F073C029 
 200 0024 D148BB0E 		.ascii	"\321H\273\016`\305?|Q\300\363\003H\230\346\000V\224"
 200      60C53F7C 
 200      51C0F303 
 200      4898E600 
 200      5694
 201 0036 DD8F7420 		.ascii	"\335\217t f\312YS\214\314f\177#s\244\235fK%\021\230"
 201      66CA5953 
ARM GAS  /tmp/ccm71w01.s 			page 15


 201      8CCC667F 
 201      2373A49D 
 201      664B2511 
 202 004b C8035847 		.ascii	"\310\003XG\245\027@Y\006XOe\267\355\010X\276?s\313\361"
 202      A5174059 
 202      06584F65 
 202      B7ED0858 
 202      BE3F73CB 
 203 0060 78179E5C 		.ascii	"x\027\236\\\225\235\205\015\300\012,\323"
 203      959D850D 
 203      C00A2CD3 
 204              		.text
 205              		.section	.gnu.lto_.refs.bb71f095a9056eab,"",%progbits
 206 0000 789C6366 		.ascii	"x\234cf``\020`\200\000FF&&\026F\026&V\026F6&v\026\006"
 206      60601060 
 206      80004646 
 206      26261646 
 206      16265616 
 207 001a 00034700 		.ascii	"\000\003G\000B"
 207      42
 208              		.text
 209              		.section	.gnu.lto_.decls.bb71f095a9056eab,"",%progbits
 210 0000 789CB558 		.ascii	"x\234\265XiP\024I\026\256\254lhh\032pqW'\370\261\242"
 210      69501449 
 210      16AEAC6C 
 210      68681A70 
 210      715727F8 
 211 0016 C6106AA8 		.ascii	"\306\020j\250x\314\254cll\214Nk\350D\350\214\3218\021"
 211      78CCAC63 
 211      6C6C8C4E 
 211      6BE844E8 
 211      8CD13811 
 212 002a 13313F7A 		.ascii	"\0231?z\030d\0266\020\\\272\235X\377\025\207\012x\200"
 212      18641636 
 212      105CBA9D 
 212      58FF1587 
 212      0A7880
 213 003d 88CAA9CD 		.ascii	"\210\312\251\315\000\212 \227\212\010\"\242\256\034"
 213      008A2097 
 213      8A0822A2 
 213      AE1C
 214 004b 727920E2 		.ascii	"ry \342\311!\336\250\215\250\200\007\275/3\253\252\253"
 214      C921DEA8 
 214      8DA88007 
 214      BD2F33AB 
 214      AAAB
 215 005d DBD6D989 		.ascii	"\333\326\331\211\215\255\210\327U\257\362\313\357}\357"
 215      8DAD88D7 
 215      55AFF2CB 
 215      EF7DEF
 216 006c 65565656 		.ascii	"eVVVc\216\343\376\310s\234\025\216\177\370p\\/\\\273"
 216      638EE3FE 
 216      C8739C15 
 216      8E7FF870 
 216      5C2F5CBB 
 217 0080 C2BD5560 		.ascii	"\302\275U`p\311U\200\325p\354P\203\325\201\265\203]"
 217      70C95580 
ARM GAS  /tmp/ccm71w01.s 			page 16


 217      D570EC50 
 217      83D581B5 
 217      835D
 218 0092 04BB0CD6 		.ascii	"\004\273\014\326\011\326\005v\013\014\203\365\202\365"
 218      09D60576 
 218      0B0C83F5 
 218      82F5
 219 00a0 83DDE7EC 		.ascii	"\203\335\347\354\217:\261\235\360>\000;)\336\347\305"
 219      8F3AB19D 
 219      F03E003B 
 219      29DEE7C5 
 220 00b0 B62EEEFD 		.ascii	"\266.\356\375\203\304\361\024\373x\201i\301\232\301"
 220      83C4F114 
 220      FB788169 
 220      C19AC1
 221 00bf 2683CD44 		.ascii	"&\203\315D\0347\003l\000\256g!\246\363(\330\0150\025"
 221      1C37036C 
 221      00AE6721 
 221      A6F328D8 
 221      0D3015
 222 00d2 62B1FE0C 		.ascii	"b\261\376\014\347O\301&\202\251D\276\317\021\323\272"
 222      E74FC126 
 222      82A944BE 
 222      CF11D3BA 
 223 00e2 00CE48D4 		.ascii	"\000\316H\324\253<H^*1\2462\006\022\371x\021\263\020"
 223      AB3C485E 
 223      2A31A632 
 223      0612F978 
 223      11B310
 224 00f5 BDAFF7F2 		.ascii	"\275\257\367\362\357\320KjzB\241\227W\350U\211\\\222"
 224      EFD04B6A 
 224      7A42A197 
 224      57E85589 
 224      5C92
 225 0107 D6BF8A5A 		.ascii	"\326\277\212Z\373\035\342u\2121\376\327X\235\212X\177"
 225      FB1DE275 
 225      8A31FED7 
 225      589D8A58 
 225      7F
 226 0118 1363398E 		.ascii	"\023c9\216\337 \217\032\213\262\177\304<\202K\325\235"
 226      DF208F1A 
 226      8BB27FC4 
 226      3C824BD5 
 226      9D
 227 0129 ACB263DE 		.ascii	"\254\262c\336\310\337\327W\223'\010B\274\260\010\025"
 227      C8DFD757 
 227      93270842 
 227      BCB00815 
 228 0139 210D3A80 		.ascii	"!\015:\200\260\242G\032\334\037\371\2224\300\245\033"
 228      B0A2471A 
 228      DC1FF992 
 228      34C0A51B 
 229 0149 3DC70B42 		.ascii	"=\307\013B\214`I\021\360'\034\232\351\213\246\373r\250"
 229      8C604911 
 229      F0271C9A 
 229      E98BA6FB 
 229      72A8
ARM GAS  /tmp/ccm71w01.s 			page 17


 230 015b 00F9D326 		.ascii	"\000\371\323&\016\025\"_t\020\371\222H};\007\023\\4"
 230      0E15225F 
 230      7410F992 
 230      487D3B07 
 230      135C34
 231 016e 223AFEB7 		.ascii	"\":\376\267\320\231\311\227\322\265\017x\344\245\011"
 231      D099C997 
 231      D2B50F78 
 231      E4A509
 232 017d 25EEC061 		.ascii	"%\356\300as\275\033\270Z\215'q\253J^\264z\320V?\342"
 232      73BD1BB8 
 232      5A8D2771 
 232      AB4A5EB4 
 232      7AD0563F 
 233 0192 56A734A6 		.ascii	"V\2474\246\271\322V\025q\2077Z\0224\324\325R\367y\321"
 233      B9D25615 
 233      7187375A 
 233      1234D4D5 
 233      52F779D1 
 234 01a6 1B15092C 		.ascii	"\033\025\011,\010\311\261\202{\243\0274\240R\010U\006"
 234      08C9B182 
 234      7BA31734 
 234      A0520855 
 234      06
 235 01b7 A1387498 		.ascii	"\2418t\230\206\236\346\213\312Y\344\226\244s]Z\237d"
 235      869EE68B 
 235      CA59E496 
 235      A4735D5A 
 235      9F64
 236 01c9 0A17043F 		.ascii	"\012\027\004?D\253P\014\360\022\012?\202|\244N\004]"
 236      44AB500C 
 236      F0120A3F 
 236      827CA44E 
 236      045D
 237 01db F4A0A294 		.ascii	"\364\240\242\224W\242\017}\014=ro\313~\2256\221\324"
 237      57A20F7D 
 237      0C3D726F 
 237      CB7E9536 
 237      91D4
 238 01ed 40947214 		.ascii	"@\224r\024\371(\264T 2\344\364\014\350\370\232\324\375"
 238      F928B454 
 238      2032E4F4 
 238      0CE8F89A 
 238      D4FD
 239 01ff EE34CBEF 		.ascii	"\3564\313\357I\347\373\311\005\245Z\232\226\007q\267"
 239      49E7FBC9 
 239      05A55A9A 
 239      960771B7 
 240 020f BD1E6CF5 		.ascii	"\275\036l\365\242\256\206\270\257G\033\242]?\234e\225"
 240      A2AE86B8 
 240      AF471BA2 
 240      5D3F9C65 
 240      95
 241 0220 94E57196 		.ascii	"\224\345q\226ec\\a\273\247c\226\307\000^I\341\325Tw"
 241      65635C61 
 241      BBA76396 
 241      C7005E49 
ARM GAS  /tmp/ccm71w01.s 			page 18


 241      E1D55477 
 242 0234 95A47B6C 		.ascii	"\225\244{l\300\332\344\355\230\345\007\321-\257\232"
 242      C0DAE4ED 
 242      98E507D1 
 242      2DAF9A
 243 0243 87BCECB2 		.ascii	"\207\274\354\262<a\227e\215\230e\015\315\362\304\233"
 243      3C619765 
 243      8D98650D 
 243      CDF2C49B 
 244 0253 BE0ED5C4 		.ascii	"\276\016\325\304]\242\360q*\264j\202\002{\022M\204\337"
 244      5DA2F071 
 244      2AB46A82 
 244      027B124D 
 244      84DF
 245 0265 1F548CD9 		.ascii	"\037T\214\331\\\031\367\\\205\325d\272\242\334\264\336"
 245      5C19F75C 
 245      85D564BA 
 245      A2DCB4DE 
 246 0275 0ECDCC42 		.ascii	"\016\315\314B:U\353,\3106\245\357\225\334\315\340\375"
 246      3A55EB2C 
 246      C836A5EF 
 246      95DCCDE0 
 246      FD
 247 0286 F60AE632 		.ascii	"\366\012\3462K\361\3105\255\320(\324Y\255_R*T\2130:"
 247      4BF1C835 
 247      ADD028D4 
 247      59AD5F52 
 247      2A548B30 
 248 029b 8566D2F0 		.ascii	"\205f\322\360\265\342\314Fu\310\017\272\265\3555\037"
 248      B5E2CC46 
 248      75C80FBA 
 248      B5ED351F 
 249 02ab F5C60B29 		.ascii	"\365\306\013)\367\251\332\221z\015\326\321\353\255\361"
 249      F7A9DA91 
 249      7A0DD6D1 
 249      EBADF1
 250 02ba 3D4D1ABC 		.ascii	"=M\032\274\202^G\357?\261U\0155\237\254\241\221\272"
 250      825E47EF 
 250      3FB1550D 
 250      359FACA1 
 250      91BA
 251 02cc 3347F3DC 		.ascii	"3G\363\334\251KVZo\270\3057\336\023r\275\220?}\204,"
 251      A94B565A 
 251      6FB8C537 
 251      DE1372BD 
 251      903F7D84 
 252 02e1 A5B97DCB 		.ascii	"\245\271}\313c\3419j\200j\235\225#\323\336\344\210\267"
 252      63E1396A 
 252      806A9D95 
 252      23D3DEE4 
 252      88B7
 253 02f3 55889353 		.ascii	"U\210\223SF\365\3608L\326P,\3727\334<G\007\214?\367"
 253      46F5F038 
 253      4CD6502C 
 253      FA37DC3C 
 253      47078C3F 
 254 0308 B636CE05 		.ascii	"\2666\316\005i\374\235wjr\322\211J\310\332\2302A\020"
ARM GAS  /tmp/ccm71w01.s 			page 19


 254      69FC9D77 
 254      6A72D289 
 254      4AC8DA98 
 254      324110
 255 031b 54A81124 		.ascii	"T\250\021$\234\261Ih@\032\251^\374\223\222\224\012$"
 255      9CB14968 
 255      401AA95E 
 255      FC939294 
 255      0A24
 256 032d 497E7A37 		.ascii	"I~z7\343O\004\337\014\370\3236|#\372\250\346\363N5\243"
 256      E34F04DF 
 256      0CF8D336 
 256      7C23FAA8 
 256      E6F34E35 
 257 0342 F26DB713 		.ascii	"\362m\267\023\324*X\231(\335\017\364\341\274\326\225"
 257      D42A5899 
 257      28DD0FF4 
 257      E1BCD695 
 258 0352 30ED83A3 		.ascii	"0\355\203\243\335JG\273\005\211\303]Q}a@\203{\021\255"
 258      DD4A47BB 
 258      0589C35D 
 258      517D6140 
 258      837B11AD 
 259 0366 7D7BF9A9 		.ascii	"}{\371\251\253\0360\254=0\254\3077\341t\301\034#\214"
 259      AB1E30AC 
 259      3D30ACC7 
 259      37E174C1 
 259      1C238C
 260 0379 59AD88F6 		.ascii	"Y\255\210\366Bm\212\201m\223\006\266\235\016l\322\226"
 260      426D8A81 
 260      6D9306B6 
 260      9D0E6CD2 
 260      96
 261 038a 471B79FC 		.ascii	"G\033y\374\224\2614G\237\215v\245,\346\352\\W65\350"
 261      94B13447 
 261      9F8D76A5 
 261      2CE6EA5C 
 261      573635E8 
 262 039e CCB8A020 		.ascii	"\314\270\240 \270 \021\\\244\004e\005\226ZO\374\232"
 262      B820115C 
 262      A4046505 
 262      965A4FFC 
 262      9A
 263 03af 11DC3C70 		.ascii	"\021\334<p\365\012\223a\356\222\011\210\202K\012\202"
 263      F50A9361 
 263      EE920988 
 263      824B0A82 
 264 03bf 4B12C165 		.ascii	"K\022\301eJp\374R\307\260Z\2314)\207-\353\016\2739^"
 264      4A70FC52 
 264      C7B05A99 
 264      3429872D 
 264      EB0EBB39 
 265 03d4 DC33F258 		.ascii	"\3343\362X\2137\3225\031\245\247g\316\243\301zF\356"
 265      8B37D235 
 265      19A5A767 
 265      CEA3C17A 
 265      46EE
ARM GAS  /tmp/ccm71w01.s 			page 20


 266 03e6 D4DBA632 		.ascii	"\324\333\2462\364@W\024\361\256H\361:i\274\313\031)"
 266      F4405714 
 266      F1AE48F1 
 266      3A69BCCB 
 266      1929
 267 03f8 47114E66 		.ascii	"G\021Nf\024\225\231\243\251\230p\010\226\232\207c\213"
 267      149599A3 
 267      A9987008 
 267      969A8763 
 267      8B
 268 0409 76C426E7 		.ascii	"v\304&\347\011=V\353$\366@\\U\260\\\225X\272(KZbZ\274"
 268      093D56EB 
 268      24F6405C 
 268      55B05C95 
 268      58BA284B 
 269 0421 D6EE313E 		.ascii	"\326\3561>d'\373\032{\214\001i}\227>\204\3508\303=q"
 269      6427FB1A 
 269      7B8C0169 
 269      7D973E84 
 269      E838C33D 
 270 0436 9C2D5B8B 		.ascii	"\234-[\213\036\271\177p\240o\320\224\257K\003]\272\263"
 270      1EB97F70 
 270      A06FD094 
 270      AF4B035D 
 270      BAB3
 271 0448 F7B91BEE 		.ascii	"\367\271\033\356d\202\017T\334-CTpYcs5\237.\344H\003"
 271      64820F54 
 271      DC2D4354 
 271      70596373 
 271      359F2EE4 
 272 045e 0DBDD04D 		.ascii	"\015\275\320M\205\340\233\222\340[T\360\335\224]\026"
 272      85E09B92 
 272      E05B54F0 
 272      DD945D16 
 273 046e 8C3761CA 		.ascii	"\2147a\312\022\337\2669\237\307I\314\211i>\335\240\232"
 273      12DFB639 
 273      9FC749CC 
 273      89693EDD 
 273      A09A
 274 0480 948DB3E1 		.ascii	"\224\215\263\341\235\005+.\271\325{)\253A35G\270`\266"
 274      9D052B2E 
 274      B9D57B29 
 274      AB413335 
 274      47B860B6 
 275 0494 14D7D4A3 		.ascii	"\024\327\324\243\350dsL\262@\306\222.\311\267!\012\314"
 275      E864734C 
 275      B240C692 
 275      2EC9B721 
 275      0ACC
 276 04a6 1EC54ADE 		.ascii	"\036\305J\336Mb\241\036\004u\353ES\201 #\365\351c\017"
 276      4D62A11E 
 276      0475EB45 
 276      53812023 
 276      F5E9630F 
 277 04ba 5CC402BC 		.ascii	"\\\304\002\274\254(m\366\232TE\003\234`\001\006{\037"
 277      AC286DF6 
 277      9A544503 
ARM GAS  /tmp/ccm71w01.s 			page 21


 277      9C600106 
 277      7B1F
 278 04cc BE75A501 		.ascii	"\276u\245\001\314\327s\005U\243\020G\252N\227B\302\016"
 278      CCD77305 
 278      55A31047 
 278      AA4E9742 
 278      C20E
 279 04de 3343B182 		.ascii	"3C\261\202\366Q\366;\204\275\237\262w\364\277*w\303"
 279      F651F63B 
 279      84BD9FB2 
 279      77F4BF2A 
 279      77C3
 280 04f0 E718FB96 		.ascii	"\347\030\373\226\327m\257\264\223.+\331\263\256'\236"
 280      D76DAFB4 
 280      932E2BD9 
 280      B3AE279E 
 281 0500 16D95F3B 		.ascii	"\026\331_;a\357\264c\277K\331\357\021\366\373\224\375"
 281      61EFB463 
 281      BF4BD9EF 
 281      11F6FB94 
 281      FD
 282 0511 765A5DA2 		.ascii	"vZ]\242\375{\210\314\005\333\360<\200a\024\237\374\007"
 282      FD7B88CC 
 282      05DBF03C 
 282      8061149F 
 282      FC07
 283 0523 7491AE7F 		.ascii	"t\221\256\177X\273\235\275\216\005W\022\276\354TQ\202"
 283      58BB9DBD 
 283      8E055712 
 283      BEEC5451 
 283      82
 284 0534 3B7DF9FC 		.ascii	";}\371\374H\3343U\233\263U\270\233\251}r&\357_\344E"
 284      48DC3355 
 284      9BB355B8 
 284      9BA97D72 
 284      26EF5FE4 
 285 0549 14FBDF2D 		.ascii	"\024\373\337-S\320#.\335\372\022\343\307\254{\306h\351"
 285      53D0232E 
 285      DDFA12E3 
 285      C7AC7BC6 
 285      68E9
 286 055b 410FFC4C 		.ascii	"A\017\374Lt\322\033n\250\360\020s\362v\355>\344B\203"
 286      74D21B6E 
 286      A8F01073 
 286      F276ED3E 
 286      E44283
 287 056e BAD185B9 		.ascii	"\272\321\205\271\275#\311\035\217\260\266\375\251\303"
 287      BD23C91D 
 287      8FB0B6FD 
 287      A9C3
 288 057c 09DEF81D 		.ascii	"\011\336\370\035s\232\373F\206\330\233r\034qG\337t\\"
 288      739AFB46 
 288      86D89B72 
 288      1C7147DF 
 288      745C
 289 058e E3312C6A 		.ascii	"\3431,j\3049\337\331\373\253\013\216cN\372pK\2757\005"
 289      C439DFD9 
ARM GAS  /tmp/ccm71w01.s 			page 22


 289      FBAB0B8E 
 289      634EFA70 
 289      4BBD3705 
 290 05a2 7E42770A 		.ascii	"~Bw\012\231\261\261\3368\221\265\231\017\274\263z\341"
 290      99B1B1DE 
 290      3891B599 
 290      0FBCB37A 
 290      E1
 291 05b3 64E6481B 		.ascii	"d\346H\033\016-\333pd\235~t\321\023\357bmC}1c\010\247"
 291      0E2DDB70 
 291      649D7E74 
 291      D113EF62 
 291      6D437D31 
 292 05ca 33A7A0AF 		.ascii	"3\247\240\257-\305\223\002\247\021w_\352\250\016g\263"
 292      2DC59302 
 292      A711775F 
 292      EAA80E67 
 292      B3
 293 05db A6EAC12D 		.ascii	"\246\352\301-/\334p\016s\272\207\273\317\250)n\016q"
 293      2FDC700E 
 293      73BA87BB 
 293      CFA8296E 
 293      0E71
 294 05ed 77D564A5 		.ascii	"w\325d\245\260W\275@\233\267\227\344\0151a\230\262\346"
 294      B057BD40 
 294      9BB797E4 
 294      0D316198 
 294      B2E6
 295 05ff DC6CC11F 		.ascii	"\334l\301\037~\271\307\360\342\313=\232\247\365\314"
 295      7EB9C7F0 
 295      E2CB3D9A 
 295      A7F5CC
 296 060e 7E7CA150 		.ascii	"~|\241P\361\2726\321\325_\340}\321\020\205\307\362>"
 296      F1BA36D1 
 296      D55FE07D 
 296      D11085C7 
 296      F23E
 297 0620 522782DE 		.ascii	"R'\202\336s\245\300\242V\242\007>\206N\334\235Z\217"
 297      73A5C0A2 
 297      56A2073E 
 297      864EDC9D 
 297      5A8F
 298 0632 703ECBE2 		.ascii	"p>\313\342J\364\275N\036\037d\316\341\334\374clN,\242"
 298      4AF4BD4E 
 298      1E1F64CE 
 298      E1DCFC63 
 298      6C4E2CA2 
 299 0646 295CBD78 		.ascii	")\\\275xE\215K\304\372\225'\217\262\315\312r\3426Ul"
 299      458D4BC4 
 299      FA95278F 
 299      B2CDCA72 
 299      E236556C 
 300 065a ABD3E0C3 		.ascii	"\253\323\340\303\254\355]Q\377\010\217+\231s\277v@\340"
 300      ACED5D51 
 300      FF088F2B 
 300      9973BF76 
 300      40E0
ARM GAS  /tmp/ccm71w01.s 			page 23


 301 066c 29701571 		.ascii	")p\025qo?\331\326\355\206\253\355\003x\261\000\211["
 301      6F3FD9D6 
 301      ED86ABED 
 301      0378B100 
 301      895B
 302 067e CAADEA0F 		.ascii	"\312\255\352\017\027%I*\312tZ\223\350\354\374\036,f"
 302      1725492A 
 302      CA745A93 
 302      E8ECFC1E 
 302      2C66
 303 0690 69966AB2 		.ascii	"i\226j\262\035\262\264Pt2\3152I\312r\260+\256\335C\211"
 303      1DB2B450 
 303      7432CD32 
 303      49CA72B0 
 303      2BAEDD43 
 304 06a5 1EF818BA 		.ascii	"\036\370\030\272\365UA\266+\256c*\245]\233\226\356\332"
 304      F55541B6 
 304      2BAE632A 
 304      A55D9B96 
 304      EEDA
 305 06b7 26DC68DF 		.ascii	"&\334h\337\\\352\211\246\260c\374\024\305\341?\305,"
 305      5CEA89A6 
 305      B063FC14 
 305      C5E13FC5 
 305      2C
 306 06c8 C4C55AB6 		.ascii	"\304\305Z\266\0359\264\240\352\260P\027\207i\220-<F"
 306      1D39B4A0 
 306      EAB05017 
 306      8769902D 
 306      3C46
 307 06da 99FC78DB 		.ascii	"\231\374x\3333\263\225'\021g\300\017G\360\346G\305\256"
 307      33B39527 
 307      1167C00F 
 307      47F0E647 
 307      C5AE
 308 06ec 8D732834 		.ascii	"\215s(4\321\021\232@\241\245H\306^\227\261#\310\001"
 308      D1119A40 
 308      A1A548C6 
 308      5E97B123 
 308      C801
 309 06fe 3B8AEC69 		.ascii	";\212\354i\333d\350sG\350\220\003\364\226\014}\347\010"
 309      DB64E873 
 309      47E89003 
 309      F4960C7D 
 309      E708
 310 0710 7D8B1C14 		.ascii	"}\213\034\024\\\223\261\303\216\330W\216\330.\031\373"
 310      5C93B1C3 
 310      8ED8578E 
 310      D82E19FB 
 311 0720 D239964A 		.ascii	"\3229\226J\330!N\324E&\016=\204\366G\264\211\240aYA"
 311      D8214ED4 
 311      45260E3D 
 311      84F647B4 
 311      89A06159 
 312 0735 05BC3FCA 		.ascii	"\005\274?\312\346\247\240,\260\\\260\275`{\300\362\300"
 312      E6A7A02C 
 312      B05CB0BD 
ARM GAS  /tmp/ccm71w01.s 			page 24


 312      607BC0F2 
 312      C0
 313 0746 32C0D2C1 		.ascii	"2\300\322\301v\203\231\301\016\200\245\201\345\200\345"
 313      768399C1 
 313      0E80A581 
 313      E580E5
 314 0755 83ED07DB 		.ascii	"\203\355\007\333\007\266\013,\025\354 \330\257\374\024"
 314      07B60B2C 
 314      15EC20D8 
 314      AFFC14
 315 0764 FA8AA102 		.ascii	"\372\212\241\002\233e\201O\035\005Ns\310\345\274\014"
 315      9B65814F 
 315      1D054E73 
 315      C8E5BC0C 
 316 0774 7DE2146A 		.ascii	"}\342\024j\253f\253\214\034tDZ\034+\364P\306\306;\037"
 316      AB66AB8C 
 316      1C74445A 
 316      1C2BF450 
 316      C6C63B1F 
 317 0788 7B1BED0D 		.ascii	"{\033\355\015\031\372\332\371\320+ho\313\3301G\254\325"
 317      19FADAF9 
 317      D02B686F 
 317      CBD83147 
 317      ACD5
 318 079a 6EECA3CD 		.ascii	"n\354\243\315Of\001r\007\357\203RD\001\322C\201v:\010"
 318      4F660172 
 318      07EF8352 
 318      4401D243 
 318      81763A08 
 319 07ae 6891499F 		.ascii	"h\221I\2379\317\313\006m\227\241/\234\317=Yk\264\271"
 319      39CFCB06 
 319      6D97A12F 
 319      9CCF3D59 
 319      6BB4B9
 320 07c1 9B088803 		.ascii	"\233\010\210\003\001\033E\001\322J%JU\244\365"
 320      011B4501 
 320      D24A254A 
 320      55A4F5
 321 07d0 40A6DDE4 		.ascii	"@\246\335\344X\255\315\216O\312M\031\373\306\371\234"
 321      58ADCD8E 
 321      4FCA4D19 
 321      FBC6F99C 
 322 07e0 A66AC916 		.ascii	"\246j\311\026\271\247\251\330U@\004\302I\033\021N\236"
 322      B9A7A9D8 
 322      554004C2 
 322      491B114E 
 322      9E
 323 07f1 223D03C5 		.ascii	"\"=\003\305m\260McL\333\234?\312,*l\274\033,Uc\030\215"
 323      6DB04D63 
 323      4CDB9C3F 
 323      CA2C2A6C 
 323      BC1B2C55 
 324 0808 F77736A3 		.ascii	"\367w6\243Q\021L\344\377\367\244\246\351<]\353\206\012"
 324      51114CE4 
 324      FFF7A4A6 
 324      E93C5DEB 
 324      860A
ARM GAS  /tmp/ccm71w01.s 			page 25


 325 081a 21D063DB 		.ascii	"!\320c\333n\237\344&}M\235\334W?\250\266\333*\024*R"
 325      6E9FE426 
 325      7D4D9DDC 
 325      573FA8B6 
 325      DB2A142A 
 326 082f E2D0219E 		.ascii	"\342\320!\236}\314\301\231|\372\365\224\237\345\355"
 326      7DCCC199 
 326      7CFAF594 
 326      9FE5ED
 327 083e D037EC36 		.ascii	"\3207\3546\026\305\"\272\230\242\367\354n\316R\3431"
 327      16C522BA 
 327      98A2F7EC 
 327      6ECE52E3 
 327      31
 328 084f BA6EAAFA 		.ascii	"\272n\252\372Go\017\253\221\257\273\277/\371g\241\214"
 328      476F0FAB 
 328      91AFBBBF 
 328      2FF967A1 
 328      8C
 329 0860 77E736D3 		.ascii	"w\3476\323\377\012b\222\307\375S\376\257\240\034*A\232"
 329      FF0A6292 
 329      C7FD53FE 
 329      AFA01C2A 
 329      419A
 330 0872 A08A30EC 		.ascii	"\240\2120\354\207y\366\225C\376\253\200\273\250\204"
 330      8779F695 
 330      43FEAB80 
 330      BBA884
 331 0881 77FCAF82 		.ascii	"w\374\257\202\021\221-q\335v\253\213r;J\3606]Gx\345"
 331      11912D71 
 331      DD76AB8B 
 331      723B4AF0 
 331      365D4778 
 332 0896 163C4768 		.ascii	"\026<Gh\312v\307\360\271E\337\275\307\256\336\367\204"
 332      CA76C7F0 
 332      B945DFBD 
 332      C7AEDEF7 
 332      84
 333 08a7 ED685D19 		.ascii	"\355h]\031\354\237\357\005\245\304\012l\377lv#\275\320"
 333      EC9FEF05 
 333      A5C40A6C 
 333      FF6C7623 
 333      BDD0
 334 08b9 51DEB61F 		.ascii	"Q\336\266\037=*\306G\025<\331\217\356\256\270\037\210"
 334      3D2AC647 
 334      153CD98F 
 334      EEAEB81F 
 334      88
 335 08ca 3319CBB3 		.ascii	"3\031\313\263\230\013\261\214\305\\\225\317>\033N\011"
 335      980BB18C 
 335      C55C95CF 
 335      3E1B4E09 
 336 08da 93E987C3 		.ascii	"\223\351\207\3031\005\3031\211\241\2222\344\276\254"
 336      3105C331 
 336      89A19232 
 336      E4BEAC
 337 08e9 AC74C125 		.ascii	"\254t\301%\214\242*c\337foF\321\252\240 ;\267\343\012"
ARM GAS  /tmp/ccm71w01.s 			page 26


 337      8CA22A63 
 337      DF666F46 
 337      D1AAA020 
 337      3BB7E30A 
 338 08fd 8AE31245 		.ascii	"\212\343\022E\025\245\270u\261\260\320\013\3271\212"
 338      15A5B875 
 338      B1B0D00B 
 338      D7318A
 339 090c FAA76DE7 		.ascii	"\372\247m\3475\214\342\241\203\212j\005E\265Dq\202R"
 339      358CE2A1 
 339      838A6A05 
 339      45B54471 
 339      8252
 340 091e 349A876F 		.ascii	"4\232\207oy\343\213\214\"\246:z\277\013\245\350y\227"
 340      79E38B8C 
 340      22A63A7A 
 340      BF0BA5E8 
 340      7997
 341 0930 DF267E92 		.ascii	"\337&~\222\000\011\373(\251Q\260\324H,'y?N\025\034\032"
 341      0009FB28 
 341      A951B0D4 
 341      482C2779 
 341      3F4E151C 
 342 0945 14E56A34 		.ascii	"\024\345j4}\035\021fr]\366\315w~:n\252.4\354\247\260"
 342      7D1D1166 
 342      725DF6CD 
 342      777E3A6E 
 342      AA2E34EC 
 343 095b 6F030D73 		.ascii	"o\003\015s\027\314\376\313\3549\001\221\306\200\320"
 343      17CCFECB 
 343      EC390191 
 343      C680D0
 344 096a A0F00063 		.ascii	"\240\360\000cT09\033\214\246\331\301\234\273q\203\321"
 344      5430391B 
 344      8CA6D9C1 
 344      9CBB7183 
 344      D1
 345 097b 14B636C4 		.ascii	"\024\2666\304`r[\037\026a\232?\317`\322\030\014\322"
 345      60725B1F 
 345      16619A3F 
 345      CF60D218 
 345      0CD2
 346 098d E56701EB 		.ascii	"\345g\001\353\215Q\001AQkgEDF\204\314\012\011\372),"
 346      8D510141 
 346      516B6745 
 346      444684CC 
 346      0A09FA29 
 347 09a2 202C2238 		.ascii	" ,\"8|\375\232\220\200\265A\301\241a\021!\001\2065!"
 347      7CFD9A90 
 347      80B541C1 
 347      A1611121 
 347      01863521 
 348 09b6 3F07AD0F 		.ascii	"?\007\255\0177\031L\033\326\205\030g\207r\323?\322\011"
 348      37194C1B 
 348      D6851867 
 348      8772D33F 
 348      D209
ARM GAS  /tmp/ccm71w01.s 			page 27


 349 09c8 A20540E0 		.ascii	"\242\005@\3405\300\017\310\031\357\013\2142\311\330"
 349      35C00FC8 
 349      19EF0B8C 
 349      32C9D8
 350 09d7 E050A24D 		.ascii	"\340P\242M$\325\032M\201\246\240(\323\342p \366 N\344"
 350      24D51A4D 
 350      81A6A028 
 350      D3E27020 
 350      F6204EE4 
 351 09eb 3A7AAD81 		.ascii	":z\255\201\353\020\223t\271,DF\030\302\303\327\030\302"
 351      EB109374 
 351      B92C4446 
 351      18C2C3D7 
 351      18C2
 352 09fd A01A0B9D 		.ascii	"\240\032\013\235\227a]d\224\311\030\020\270z\345\374"
 352      97615D64 
 352      94C91810 
 352      B87AE5FC 
 353 0a0d 79012B56 		.ascii	"y\001+V,\011X\375\365\312_\346\212\205!}!\250{ph\340"
 353      2C0958FD 
 353      F5CA5FE6 
 353      8A85217D 
 353      21A87B70 
 354 0a23 06E3F2A0 		.ascii	"\006\343\362\240p\323\247\277\255\024\360n\006\303\317"
 354      70D3A7BF 
 354      AD14F06E 
 354      06C3CF
 355 0a32 EB23820D 		.ascii	"\353#\202\015\006O\351b\366\202\005_|\346\251\324\316"
 355      064FE962 
 355      F682055F 
 355      7CE6A9D4 
 355      CE
 356 0a43 29DB16CE 		.ascii	")\333\026\316\365\260\311\267o\371\334\303\226\015\007"
 356      F5B0C9B7 
 356      6FF9DCC3 
 356      960D07
 357 0a52 D76BC978 		.ascii	"\327k\311x\204\2555\230\260N?\027l\236*p\245N\257Z\362"
 357      84AD3598 
 357      B04E3F17 
 357      6C9E2A70 
 357      A54EAF5A 
 358 0a67 F5523D1F 		.ascii	"\365R=\037\250\307K\227\351]t\272\225\372\271\364w\236"
 358      A8C74B97 
 358      E95D74BA 
 358      95FAB9F4 
 358      779E
 359 0a79 4AA75BAA 		.ascii	"J\247[\252\307\272oV\343U\201:\274X\257\307z\035\370"
 359      C7BA6F56 
 359      E355813A 
 359      BC58AFC7 
 359      7A1DF8
 360 0a8c D0E1AB25 		.ascii	"\320\341\253%\253\365x\011\351\271r\261\236\377\226"
 360      ABF57809 
 360      E9B972B1 
 360      9EFF96
 361 0a9b F59A0FF8 		.ascii	"\365\232\017\370\357\365_\374\236B\311\212 o\027\303"
 361      EFF55FFC 
ARM GAS  /tmp/ccm71w01.s 			page 28


 361      9E42C98A 
 361      206F17C3 
 362 0aab 579191E1 		.ascii	"W\221\221\341\023\244\232\033\015AD\265!(\330\024\366"
 362      13A49A1B 
 362      0D4144B5 
 362      2128D814 
 362      F6
 363 0abc 4B888F78 		.ascii	"K\210\217x\333HJ\300Z\376 \337\212\\\307\356\214\223"
 363      DB484AC0 
 363      5AFE20DF 
 363      8A5CC7EE 
 363      8C93
 364 0ace EE8498EC 		.ascii	"\356\204\230\354o\374]\272\361\0375d\216\306"
 364      6FFC5DBA 
 364      F11F3564 
 364      8EC6
 365              		.text
 366              		.section	.gnu.lto_.symtab.bb71f095a9056eab,"",%progbits
 367 0000 7374496E 		.ascii	"stInit\000\000\000\000\000\000\000\000\000\000\000\000"
 367      69740000 
 367      00000000 
 367      00000000 
 367      0000
 368 0012 C0000000 		.ascii	"\300\000\000\000stStartAlarm\000\000\000\000\000\000"
 368      73745374 
 368      61727441 
 368      6C61726D 
 368      00000000 
 369 0028 00000000 		.ascii	"\000\000\000\000\000\000\317\000\000\000stStopAlarm"
 369      0000CF00 
 369      00007374 
 369      53746F70 
 369      416C6172 
 370 003d 00000000 		.ascii	"\000\000\000\000\000\000\000\000\000\000\000\000\321"
 370      00000000 
 370      00000000 
 370      D1
 371 004a 00000073 		.ascii	"\000\000\000stSetAlarm\000\000\000\000\000\000\000\000"
 371      74536574 
 371      416C6172 
 371      6D000000 
 371      00000000 
 372 005f 00000000 		.ascii	"\000\000\000\000\323\000\000\000stGetAlarm\000\000\000"
 372      D3000000 
 372      73744765 
 372      74416C61 
 372      726D0000 
 373 0074 00000000 		.ascii	"\000\000\000\000\000\000\000\000\000\326\000\000\000"
 373      00000000 
 373      00D60000 
 373      00
 374 0081 73745F6C 		.ascii	"st_lld_init\000\000\002\000\000\000\000\000\000\000"
 374      6C645F69 
 374      6E697400 
 374      00020000 
 374      00000000 
 375 0096 0000D800 		.ascii	"\000\000\330\000\000\000chSysHalt\000\000\002\000\000"
ARM GAS  /tmp/ccm71w01.s 			page 29


 375      00006368 
 375      53797348 
 375      616C7400 
 375      00020000 
 376 00aa 00000000 		.ascii	"\000\000\000\000\000\000\000\335\000\000\000"
 376      000000DD 
 376      000000
 377              		.text
 378              		.section	.gnu.lto_.opts,"",%progbits
 379 0000 272D666E 		.ascii	"'-fno-trapv' '-mcpu=cortex-m4' '-mfloat-abi=hard' '"
 379      6F2D7472 
 379      61707627 
 379      20272D6D 
 379      6370753D 
 380 0033 2D6D6670 		.ascii	"-mfpu=fpv4-sp-d16' '-mno-thumb-interwork' '-mthumb'"
 380      753D6670 
 380      76342D73 
 380      702D6431 
 380      36272027 
 381 0066 20272D67 		.ascii	" '-ggdb' '-O2' '-fomit-frame-pointer' '-falign-func"
 381      67646227 
 381      20272D4F 
 381      32272027 
 381      2D666F6D 
 382 0099 74696F6E 		.ascii	"tions=16' '-ffunction-sections' '-fdata-sections' '"
 382      733D3136 
 382      2720272D 
 382      6666756E 
 382      6374696F 
 383 00cc 2D666E6F 		.ascii	"-fno-common' '-flto' '-fsingle-precision-constant'\000"
 383      2D636F6D 
 383      6D6F6E27 
 383      20272D66 
 383      6C746F27 
 384              		.text
 385              		.comm	__gnu_lto_v1,1,1
 386              		.comm	__gnu_lto_slim,1,1
 387              		.ident	"GCC: (GNU Tools for ARM Embedded Processors) 4.9.3 20150529 (release) [ARM/embedded-4_9-br
ARM GAS  /tmp/ccm71w01.s 			page 30


DEFINED SYMBOLS
                            *ABS*:0000000000000000 hal_st.c
                            *COM*:0000000000000001 __gnu_lto_v1
                            *COM*:0000000000000001 __gnu_lto_slim

NO UNDEFINED SYMBOLS
