ARM GAS  /tmp/ccIAHqx5.s 			page 1


   1              		.syntax unified
   2              		.cpu cortex-m4
   3              		.eabi_attribute 27, 1
   4              		.eabi_attribute 28, 1
   5              		.fpu fpv4-sp-d16
   6              		.eabi_attribute 20, 1
   7              		.eabi_attribute 21, 1
   8              		.eabi_attribute 23, 3
   9              		.eabi_attribute 24, 1
  10              		.eabi_attribute 25, 1
  11              		.eabi_attribute 26, 1
  12              		.eabi_attribute 30, 2
  13              		.eabi_attribute 34, 1
  14              		.eabi_attribute 18, 4
  15              		.thumb
  16              		.file	"hal_st_lld.c"
  17              		.text
  18              	.Ltext0:
  19              		.section	.gnu.lto_.profile.d3759c44446b724,"",%progbits
  20 0000 789C6366 		.ascii	"x\234cf```a\200\000F\206r\025\000\001\206\000\244"
  20      60606061 
  20      80004686 
  20      72150001 
  20      8600A4
  21              		.text
  22              		.section	.gnu.lto_.jmpfuncs.d3759c44446b724,"",%progbits
  23 0000 789C6366 		.ascii	"x\234cf\300\016\212\2414\023\210`d\372\310\3048\255"
  23      C00E8AA1 
  23      34138860 
  23      64FAC8C4 
  23      38AD
  24 0012 FFCA0EE6 		.ascii	"\377\312\016\346\332\337\0153\0328~21\374\005I0.g\254"
  24      DADF0D33 
  24      1A387E32 
  24      31FC0549 
  24      302E67AC 
  25 0026 8528C3A9 		.ascii	"\205(\303\251b\005P\005\220\301\004\222\337\361\351"
  25      62055005 
  25      90C10492 
  25      DFF1E9
  26 0035 ED7CAE17 		.ascii	"\355|\256\027L?\231\030e\030\030W2J1\200\004o,|3\215"
  26      4C3F9918 
  26      65181857 
  26      324A3180 
  26      046F2C7C 
  27 004b 172CC8C1 		.ascii	"\027,\310\301\300\270\012(\310\000\000\321Y!\363"
  27      C0B80A28 
  27      C80000D1 
  27      5921F3
  28              		.text
  29              		.section	.gnu.lto_.inline.d3759c44446b724,"",%progbits
  30 0000 789C6366 		.ascii	"x\234cf\300\016\242\2414\023\003\203\310q\006F\006&"
  30      C00EA2A1 
  30      34130383 
  30      C8710646 
  30      0626
  31 0012 BE7B010C 		.ascii	"\276{\001\014l\013\344\231@\202\214\\ \031n \003\302"
ARM GAS  /tmp/ccIAHqx5.s 			page 2


  31      6C0BE499 
  31      40828C5C 
  31      20196E20 
  31      03C2
  32 0024 C44640A4 		.ascii	"\304F@\244\231\030Dd\200\244\314\203[\214p\335\314<"
  32      99184464 
  32      80A4CC83 
  32      5B8C70DD 
  32      CC3C
  33 0036 60631900 		.ascii	"`c\031\000X\273\006\204"
  33      58BB0684 
  34              		.text
  35              		.section	.gnu.lto_.pureconst.d3759c44446b724,"",%progbits
  36 0000 789C6366 		.ascii	"x\234cf```e\200\000&\006+&)\000\001[\000a"
  36      60606065 
  36      80002606 
  36      2B262900 
  36      015B0061 
  37              		.text
  38              		.section	.gnu.lto_VectorB0.d3759c44446b724,"",%progbits
  39 0000 789C8D55 		.ascii	"x\234\215UmLSW\030>\357\271\267\227\322\302d&K\224,"
  39      6D4C5357 
  39      183EEFB9 
  39      B797D2C2 
  39      64264B94 
  40 0015 D2C41863 		.ascii	"\322\304\030c2\270:\026\311\222%\313\302\376\230\330"
  40      32B83A16 
  40      C99225CB 
  40      C2FE98D8 
  41 0025 9858FF13 		.ascii	"\230X\377\023\254\2354\241\326\264H\364\007\361\026"
  41      AC9D34A1 
  41      D6B448F4 
  41      07F116
  42 0034 2A2EBA21 		.ascii	"*.\272!\331\330V]\234\272\215M\207\303\251\233\303\252"
  42      D9D8565D 
  42      9CBA8D4D 
  42      87C3A99B 
  42      C3AA
  43 0046 5B15F950 		.ascii	"[\025\371P\252\250 \037\202\216m\220\354\303\031\264"
  43      AAA8201F 
  43      828E6D90 
  43      ECC319B4 
  44 0056 0CEC1876 		.ascii	"\014\354\030v\357{\270t\264\024\267&\375\270\347y\336"
  44      EF7BB874 
  44      B414B726 
  44      FDB8E779 
  44      DE
  45 0067 F779DE73 		.ascii	"\367y\336s\237{*\261\271\257||\207\025\306\236\003\306"
  45      9F7B2AB1 
  45      B9AF7C7C 
  45      8715C69E 
  45      03C6
  46 0079 C0C080D7 		.ascii	"\300\300\200\327^g\314g\344\\\012.a\232I\356Q\231\226"
  46      5E67CC67 
  46      E45C0A2E 
  46      619A49EE 
  46      519996
ARM GAS  /tmp/ccIAHqx5.s 			page 3


  47 008c 21813CBD 		.ascii	"!\201<\275,\003\320\017\006l'\227d\330\011\277\362\207"
  47      2C03D00F 
  47      066C2797 
  47      64D809BF 
  47      F287
  48 009e 1C6A430D 		.ascii	"\034jC\015\001\363\362zM\323F\037M\312\273\026E9c\021"
  48      01F3F27A 
  48      4DD3461F 
  48      4DCABB16 
  48      45396311 
  49 00b2 3EDD1F3E 		.ascii	">\335\037>\207\345\0149\017\375S\275f\305\217\234\254"
  49      87E50C39 
  49      0FFD53BD 
  49      66C58F9C 
  49      AC
  50 00c3 A919188E 		.ascii	"\251\031\030\216\202B\262\270pbaH\213\305>9\364wL\316"
  50      8242B2B8 
  50      70626148 
  50      8BC53E39 
  50      F4774CCE 
  51 00d7 32B02807 		.ascii	"2\260(\007\205>\030\033F\036)\216pN\337\322 \370C]\235"
  51      853E181B 
  51      461E298E 
  51      704EDFD2 
  51      20F8435D 
  52 00ec 4095D4F5 		.ascii	"@\225\324\365\243\256\232F^1\251\275\251\031\243\234"
  52      A3AE9A46 
  52      5E31A9BD 
  52      A919A39C 
  53 00fc 47A8028E 		.ascii	"G\250\002\216A\005A\357\357\353n\222\020\012\020$\221"
  53      410541EF 
  53      EFEB6E92 
  53      100A1024 
  53      91
  54 010d 26ADFE30 		.ascii	"&\255\3760\334y\323\370\013\307\025qyl_]\023\034\204"
  54      DC79D3F8 
  54      0BC71571 
  54      796C5F5D 
  54      131C84
  55 0120 0F7DB5C4 		.ascii	"\017}\265\304\222\341\013\250\200\006\310\026\330\241"
  55      92E10BA8 
  55      8006C816 
  55      D8A1
  56 012e E1A30133 		.ascii	"\341\243\00136\300q$8\216,!\012_BE\224\033\330 H)M("
  56      36C07124 
  56      388E2C21 
  56      0A5F4245 
  56      941BD820 
  57 0146 1174CAA0 		.ascii	"\021t\312\240\021MDy\032\273\003\227\316\234\234h6\020"
  57      114D4479 
  57      1ABB0397 
  57      CE9C9C68 
  57      3610
  58 0158 77821B90 		.ascii	"w\202\033\220\375\240\243\255\332@\016\214\270\027\232"
  58      FDA0A3AD 
  58      DA400E8C 
  58      B8179A
ARM GAS  /tmp/ccIAHqx5.s 			page 4


  59 0167 9C60CA28 		.ascii	"\234`\312(\204\367\357i\257\223\320\024Dy:\234\200l"
  59      84F7EF69 
  59      AF93D014 
  59      44793A9C 
  59      806C
  60 0179 F84A77F4 		.ascii	"\370Jw\364\361\203\320\363\271\015\232\037\001\023\234"
  60      F183D0F3 
  60      B90D9A1F 
  60      01139C
  61 0188 44478FC4 		.ascii	"DG\217\304&\303)\310E\241\252\307\325aiZG\227:\320;"
  61      26C329C8 
  61      45A1AAC7 
  61      D561695A 
  61      47973AD0 
  62 019d 3226515F 		.ascii	"2&Q_\340\014Nc\223\333\340\357\257\312\3269H\360}v\356"
  62      E00C4E63 
  62      93DBE0EF 
  62      AFCAD639 
  62      48F07D76 
  63 01b2 AD3441C0 		.ascii	"\2554A\300._\223\012\243\255\226Xp\211\204\316GG'~\026"
  63      2E5F930A 
  63      A3AD9658 
  63      708984CE 
  63      4747277E 
  64 01c7 CE6799F2 		.ascii	"\316g\231\362iZh\305S\215}\363\257\2613\220;{<\023."
  64      695A68C5 
  64      538D7DF3 
  64      AFB13390 
  64      3B7B3C13 
  65 01dc 7D8B253D 		.ascii	"}\213%=P\231Ee\221\006\255N\222^\001\372}\266q\354\232"
  65      50994565 
  65      9106AD4E 
  65      925E01FA 
  65      7DB671EC 
  66 01f1 9948660B 		.ascii	"\231Hf\013]\006\337i\017(t\231!v\350\367\356#\365\246"
  66      5D06DF69 
  66      0F287499 
  66      2176E8F7 
  66      EE23F5A6 
  67 0205 A54734AD 		.ascii	"\245G4\255rtO\363o\031\307Oi!\377a\355\311\2531)\312"
  67      72744FF3 
  67      6F19C74F 
  67      6921FF61 
  67      EDC9AB31 
  68 021b 33A10924 		.ascii	"3\241\011$\314\023\234EGA}\010T:\007K\261\362\307\267"
  68      CC139C45 
  68      47417D08 
  68      543A074B 
  68      B1F2C7B7 
  69 022f FF3C0DD4 		.ascii	"\377<\015\324(\323\302\340<\242\003P\371\323\335\335"
  69      28D3C2E0 
  69      3CA20350 
  69      F9D3DDDD 
  70 023f E1971232 		.ascii	"\341\227\02229T\377d\205\210c\004\207OD.t\264,\222\030"
  70      3954FF64 
  70      85886304 
  70      874F442E 
ARM GAS  /tmp/ccIAHqx5.s 			page 5


  70      74B42C92 
  71 0254 5C204C4E 		.ascii	"\\ LNJ2\203\3570\002I\005}5\303\030\223\357\211oH\202"
  71      4A3283EF 
  71      30024905 
  71      7D35C318 
  71      93EF896F 
  72 026a EA5AA716 		.ascii	"\352Z\247\0263\010\021\244$B\241\2617\3100\203\213\004"
  72      330811A4 
  72      2442A1B1 
  72      37C83083 
  72      8B04
  73 027c A6CDD1B9 		.ascii	"\246\315\321\271D:\320L\317\013\260\277\200v\365\376"
  73      443AD04C 
  73      CF0BB0BF 
  73      8076F5FE 
  74 028c E377A59C 		.ascii	"\343w\245\234\275\374\240\026\260D\3713T\361\336\300"
  74      BDFCA016 
  74      B044F933 
  74      54F1DEC0 
  75 029c A4CF2453 		.ascii	"\244\317$S\374.C\216\260u`\327\007\3733p\005Z@\026\323"
  75      FC2E438E 
  75      B07560D7 
  75      07FB3370 
  75      055A4016 
  76 02b1 33680519 		.ascii	"3h\005\031\201\253\273\017\217\31395z\365\002\342\336"
  76      81ABBB0F 
  76      8FCB3935 
  76      7AF502E2 
  76      DE
  77 02c2 B8DF1A4C 		.ascii	"\270\337\032L\027\325mT\015\355 c\312\253p\236\021\205"
  77      17D56D54 
  77      0DED2063 
  77      CAAB709E 
  77      1185
  78 02d4 C6491575 		.ascii	"\306I\025u\243\330\000\270\242\247\235\350\347;\302"
  78      A3D800B8 
  78      A2A79DE8 
  78      E73BC2
  79 02e3 8B13A76E 		.ascii	"\213\023\247n\211\357m\372\234\271\256\212\271:Rw7\011"
  79      89EF6DFA 
  79      9CB9AE8A 
  79      B93A5277 
  79      3709
  80 02f5 18C2B3BA 		.ascii	"\030\302\263\272\367\327\214\257N\354>\022\357nN\276"
  80      F7D78CAF 
  80      4EEC3E12 
  80      EF6E4EBE 
  81 0305 737B3BE9 		.ascii	"s{;\351\316]#,c\216\362u\241\334\231Z9S\300pCW\236\011"
  81      CE5D232C 
  81      638EF275 
  81      A1DC995A 
  81      3953C070 
  82 031d 6C420CC7 		.ascii	"lB\014\307\377_\014o\212\030\306\237\201L\\\2725o\014"
  82      FF5F0C6F 
  82      8A18C69F 
  82      814C5CBA 
  82      356F0C
ARM GAS  /tmp/ccIAHqx5.s 			page 6


  83 0330 FB6A2614 		.ascii	"\373j&\024a*2}Ggg\247\272-\233A\027A\013\222\262\023"
  83      612A327D 
  83      476767A7 
  83      BA2D9B41 
  83      17410B92 
  84 0346 DC4C2A0C 		.ascii	"\334L*\014\272Sg\347\266\230\264gVv>\375c(\250\314\304"
  84      BA5367E7 
  84      B698B467 
  84      56763EFD 
  84      6328A8CC 
  85 035b E2968845 		.ascii	"\342\226\210E\257\210Er\006\3720\003t\"\310\372\341"
  85      AF884572 
  85      06FA3003 
  85      7422C8FA 
  85      E1
  86 036c 5B357439 		.ascii	"[5t9\226\372\360E\345,,\350\217\337+y\2763\372Y\244"
  86      96FAF045 
  86      E52C2CE8 
  86      8FDF2B79 
  86      BE33FA59 
  87 0381 DD79DA19 		.ascii	"\335y\332\031\235|(\017\314w(\017\306\017\345\273\377"
  87      9D7C280F 
  87      CC77280F 
  87      C60FE5BB 
  87      FF
  88 0392 79282F44 		.ascii	"y(/D\325{\272\271{\340\013\305\326\011&\243\277\030"
  88      D57BBAB9 
  88      7BE00BC5 
  88      D60926A3 
  88      BF18
  89 03a4 A0E950FC 		.ascii	"\240\351P\374\345\302\022\347F\347:[\321\252\202\274"
  89      E5C212E7 
  89      46E73A5B 
  89      D1AA82BC 
  90 03b4 D5792B55 		.ascii	"\325y+U\267W-).U\267\272=e^\325\266\301\232\377\242"
  90      B7572D29 
  90      2E55B7BA 
  90      3D655ED5 
  90      B6C19AFF 
  91 03c9 BA76EDEB 		.ascii	"\272v\355\353\352\2065\326\362U\204\024y\313\212JK7"
  91      EA8635D6 
  91      F2558414 
  91      79CB8A4A 
  91      4B37
  92 03db E5D999A1 		.ascii	"\345\331\231\241\274\270t\233#\177n\275\335\355r\271"
  92      BCB8749B 
  92      237F6EBD 
  92      DDED72B9 
  93 03eb B7E82D5E 		.ascii	"\267\350-^[o-\264nW\355%v\267\307QT^\340\312+a\005\363"
  93      5B6F2DB4 
  93      6E57ED25 
  93      76B7C751 
  93      545EE0CA 
  94 0403 D638B697 		.ascii	"\3268\266\227\251\205V\333\032\233\352\334b/\335\266"
  94      A98556DB 
  94      1A9BEADC 
  94      622FDDB6 
ARM GAS  /tmp/ccIAHqx5.s 			page 7


  95 0413 C9A1DA5D 		.ascii	"\311\241\332]^\247\267h\263\335\216u\313R{u{\361\303"
  95      5EA7B768 
  95      B3DD8E75 
  95      CB527B75 
  95      7BF1C3
  96 0426 5326BE53 		.ascii	"S&\276S\263\020\214\367+\361\356\360\"+\313j[o\331X"
  96      B3108CF7 
  96      2BF1EEF0 
  96      222BCB6A 
  96      5B6FD958 
  97 043a EC756CF5 		.ascii	"\354ul\3658_\260,[\311\270\207\245\271\034.\267g\007"
  97      385FB02C 
  97      5BC9B887 
  97      A5B91C2E 
  97      B76707
  98 044d FB073356 		.ascii	"\373\0073V\312:"
  98      CA3A
  99              		.text
 100              		.section	.gnu.lto_st_lld_init.d3759c44446b724,"",%progbits
 101 0000 789C9D94 		.ascii	"x\234\235\224KL\023A\030\307\347?\335m\013UQO\332\220"
 101      4B4C1341 
 101      18C7E73F 
 101      DD6D0B55 
 101      514FDA90 
 102 0014 78F0C0C5 		.ascii	"x\360\300\305\262\242Fc<\031\275\230@<\224;\361q\200"
 102      B2A24663 
 102      3C19BD98 
 102      403C943B 
 102      F17180
 103 0027 840423C4 		.ascii	"\204\004#\304\033a\033\012!\306\030\240\306\370\252"
 103      1B611B0A 
 103      21C618A0 
 103      C6F8AA
 104 0036 468D0A22 		.ascii	"F\215\012\"\017Q*\212\217\025\037\240\010\225\324\010"
 104      0F512A8A 
 104      8F151FA0 
 104      0895D408 
 105 0046 411E1734 		.ascii	"A\036\0274\220\010Y@\305\215\021\234oZ\212\310E\272"
 105      90085940 
 105      C58D119C 
 105      6F5A8AC8 
 105      45BA
 106 0058 4967DAF9 		.ascii	"Ig\332\371\276\376~\337\274\326\306\226?n\361\361\252"
 106      BEFE7EDF 
 106      BCD6C696 
 106      3F6EF1F1 
 106      AA
 107 0069 8CED113D 		.ascii	"\214\355\021=l\014\274\262\2071\237\223\003\364\205"
 107      6C0CBCB2 
 107      87319F93 
 107      03F485
 108 0078 81957094 		.ascii	"\201\225p\224`\234OqT\032u\347\\i7t]7\233\003\033\313"
 108      609C4F71 
 108      541A75E7 
 108      5C693774 
 108      5D379B03 
 109 008e 36589CB1 		.ascii	"6X\234\261\031\036\305\340\026\322\230\310\231\362\377"
ARM GAS  /tmp/ccIAHqx5.s 			page 8


 109      191EC5E0 
 109      16D298C8 
 109      99F2FF
 110 009d EE73D9FD 		.ascii	"\356s\331\375\"gm4\206\032\330!\372\306\365\206>?\177"
 110      22676D34 
 110      861AD821 
 110      FAC6F586 
 110      3E3F7F
 111 00b0 FDD2A9A0 		.ascii	"\375\322\251\240\272\2163\213\013\227hTj\354\32406*"
 111      BA8E338B 
 111      0B976854 
 111      6AECD430 
 111      362A
 112 00c2 D2C9F999 		.ascii	"\322\311\371\231s\352m\003h\017M}\330A\200YN\376\237"
 112      73EA6D03 
 112      680F4D7D 
 112      D8418059 
 112      4EFE9F
 113 00d5 6D431165 		.ascii	"mC\021e\214[\234\353f\205\256\220nd4\334\353\224C\214"
 113      8C5B9CEB 
 113      6685AE90 
 113      6E6434DC 
 113      EB94438C 
 114 00e9 7E96CF8D 		.ascii	"~\226\317\215Xj\020\027aq\033j\341\306m\270e\240\252"
 114      586A1017 
 114      61711B6A 
 114      E1C66DB8 
 114      65A0AA
 115 00fc FA7B20D9 		.ascii	"\372{ \331S\247\373}N\213+\250C\020\323\262r\334\201"
 115      53A7FB7D 
 115      4E8B2BA8 
 115      4310D3B2 
 115      72DC81
 116 010f 870DA0F4 		.ascii	"\207\015\240\364\233=\352\261EU\035\301\261f\251\002"
 116      9B3DEAB1 
 116      45551DC1 
 116      B166A902 
 117 011f 18EA0544 		.ascii	"\030\352\005D\024S\015JY\201\245a\321\322\010\217`\023"
 117      14530D4A 
 117      5981A561 
 117      D1D2088F 
 117      6013
 118 0131 2554F551 		.ascii	"%T\365Q\211\252T\361\217\331\232\361~Y\277\252\033\225"
 118      89AA54F1 
 118      8FD99AF1 
 118      7E59BFAA 
 118      1B95
 119 0143 FA9A2553 		.ascii	"\372\232%SR%\263;\020\016\"*\263\243I\310\356\306d\025"
 119      5225B33B 
 119      100E222A 
 119      B3A349C8 
 119      EEC66415 
 120 0157 9D3F269C 		.ascii	"\235?&\234\213\262f)\243\225\306\275\245S\"\325\262"
 120      8BB26629 
 120      A395C6BD 
 120      A55322D5 
 120      B2
ARM GAS  /tmp/ccIAHqx5.s 			page 9


 121 0168 39FC2FF6 		.ascii	"9\374/\366\376\"\266\205\346`'\212i\366\371\0351\320"
 121      FE22B685 
 121      E660278A 
 121      69F6F91D 
 121      31D0
 122 017a 645747B9 		.ascii	"dWG\271J\345:\304\236\377\263)\016I<\177\262\363\214"
 122      4AE53AC4 
 122      9EFFB329 
 122      0E493C7F 
 122      B2F38C
 123 018d 4DA87CBA 		.ascii	"M\250|\272nl\262\270\023!\241{\020\323]\2334R\311\006"
 123      6E6CB2B8 
 123      1321A17B 
 123      10D35D9B 
 123      3452C906 
 124 01a1 92B54A99 		.ascii	"\222\265J\231<5\017\341\021\321\226/\303\237\\DR\302"
 124      3C350FE1 
 124      11D1962F 
 124      C39F5C44 
 124      52C2
 125 01b3 7B191E45 		.ascii	"{\031\036E\347`6\015\306\355\377\317n\223l\033\261\037"
 125      E760360D 
 125      C6EDFFCF 
 125      6E936C1B 
 125      B11F
 126 01c5 4BF65C69 		.ascii	"K\366\\i$\004\311\236\027O\012\303\223\030\336L\004"
 126      2404C99E 
 126      174F0AC3 
 126      9318DE4C 
 126      04
 127 01d6 FF54E215 		.ascii	"\377T\342\025\302?\223\370\370\"\2101\030\013\225\017"
 127      C23F93F8 
 127      F8228831 
 127      180B950F 
 128 01e6 AD189D84 		.ascii	"\255\030\235\204\347\022-N\003E\336\267\325\316@\253"
 128      E7122D4E 
 128      0345DEB7 
 128      D5CE40AB 
 129 01f6 17DB636C 		.ascii	"\027\333cl!o;<\330\354\226g\354\005\264\270\310\\\271"
 129      216F3B3C 
 129      D8EC9667 
 129      EC05B4B8 
 129      C85CB9
 130 0209 48C14B29 		.ascii	"H\301K)\262\023\353\225\300\306\213\036N\200\365Z\262"
 130      B213EB95 
 130      C0C68B1E 
 130      4E80F55A 
 130      B2
 131 021a 1CC4EAF8 		.ascii	"\034\304\352\370\213e&\302\352\224,'\261\336\310\265"
 131      8B6526C2 
 131      EA942C27 
 131      B1DEC8B5 
 132 022a EDBD70B3 		.ascii	"\355\275p\2634E\256\255\270\235o\027\312\034I\000\335"
 132      3445AEAD 
 132      B89D6F17 
 132      CA1C4900 
 132      DD
ARM GAS  /tmp/ccIAHqx5.s 			page 10


 133 023b 25D14984 		.ascii	"%\321I\204~'\312$\326 \312\214@D\336\023J\277\0349\335"
 133      7E27CA24 
 133      D620CA8C 
 133      4044DE13 
 133      4ABF1C39 
 134 0250 C08B7FE9 		.ascii	"\300\213\177\351\025\272\270\017\3113t\025\320\215b"
 134      15BAB80F 
 134      C9337415 
 134      D08D62
 135 025f 0AB54E4F 		.ascii	"\012\265NO\\I\2462\\\251\014=p\213\241\376\253_\317"
 135      5C49A632 
 135      5CA90C3D 
 135      708BA1FE 
 135      AB5FCF
 136 0272 AE96434E 		.ascii	"\256\226CN\2060\334\026_\305\206\3413z\275\222\307\350"
 136      8630DC16 
 136      5FC586E1 
 136      337ABD92 
 136      C7E8
 137 0284 2D077ABB 		.ascii	"-\007z\273\211C\276{_n\336\341\274\203\336\234\214]"
 137      8943BE7B 
 137      5F6EDEE1 
 137      BC83DE9C 
 137      8C5D
 138 0296 E93BD3B7 		.ascii	"\351;\323\267j\005\205Z\356\241|\355X\301\361\242B\315"
 138      6A05855A 
 138      EEA17CED 
 138      58C1F1A2 
 138      42CD
 139 02a8 9B9DB57D 		.ascii	"\233\235\265}\233\226\231\271_\313>\220u\"\203\"9\205"
 139      9B9699B9 
 139      5FCB3E90 
 139      75228322 
 139      3985
 140 02ba 4539F9F9 		.ascii	"E9\371\371G\323\217\260?\220.\353v"
 140      47D38FB0 
 140      3F902EEB 
 140      76
 141              		.text
 142              		.section	.gnu.lto_.symbol_nodes.d3759c44446b724,"",%progbits
 143 0000 789C4DCE 		.ascii	"x\234M\316=\016\3020\014\206\341/\237\2236-\207\340"
 143      3D0EC230 
 143      0C86E12F 
 143      9F93362D 
 143      87E0
 144 0012 A8EE5009 		.ascii	"\250\356P\011\211\211\205\177(\035z\224\250#g`\350\310"
 144      8989857F 
 144      281D7A94 
 144      A8236760 
 144      E8C8
 145 0024 191051BA 		.ascii	"\031\020Q\2728\313\253\307\366\020\001\340\035\326\307"
 145      38CBABC7 
 145      F61001E0 
 145      1DD6C7
 146 0033 231538BC 		.ascii	"#\0258\274\001U\014cD\270\020#Ux\242:\273p\017*\327"
 146      01550C63 
 146      44B81023 
ARM GAS  /tmp/ccIAHqx5.s 			page 11


 146      5578A23A 
 146      BB700F2A 
 147 0048 01BA2EFB 		.ascii	"\001\272.\373\236\257\254oTo\375\242\006\353\201ZY?"
 147      9EAFAC6F 
 147      546FFDA2 
 147      06EB815A 
 147      593F
 148 005a A9B5F595 		.ascii	"\251\265\365\225\032\255\317\324\306:\377\2525\026\264"
 148      1AADCFD4 
 148      C63AFFAA 
 148      3516B4
 149 0069 983E3F27 		.ascii	"\230>?'h\220J#\246y\256\0045Ri\205\2454 \355\276[\201"
 149      68904A23 
 149      A679AE04 
 149      35526985 
 149      A53420ED 
 150 0080 C7522AE8 		.ascii	"\307R*\350\367\271\334\024\343\017E\203Eq"
 150      F7B9DC14 
 150      E30F4583 
 150      4571
 151              		.text
 152              		.section	.gnu.lto_.refs.d3759c44446b724,"",%progbits
 153 0000 789C6366 		.ascii	"x\234cf``\340d\200\000&\006&FF&F~\006\000\001A\000%"
 153      6060E064 
 153      80002606 
 153      26464626 
 153      467E0600 
 154              		.text
 155              		.section	.gnu.lto_.decls.d3759c44446b724,"",%progbits
 156 0000 789CCD59 		.ascii	"x\234\315YkPTI\226\256\274Y<\252x\031\330k\367\032\263"
 156      6B505449 
 156      96AEBC59 
 156      3CAA7819 
 156      D86BF71A 
 157 0015 DBB633EB 		.ascii	"\333\2663\353t\317v\213\2423\366nl\314\264\026h\033"
 157      74CF768B 
 157      A233F66E 
 157      6CCCB416 
 157      681B
 158 0027 A32D51D8 		.ascii	"\243-Q\330\023\0233?j\020\313\206X\036\275\200\256\375"
 158      1313333F 
 158      6A10CB86 
 158      581EBD80 
 158      AEFD
 159 0039 EFF26879 		.ascii	"\357\362hy7\210\250\200\240\245\200\362\020\021\361"
 159      3788A880 
 159      A0A580F2 
 159      1011F1
 160 0048 2DF25041 		.ascii	"-\362PA@ET\004\024\205BEQDA\221\247R{2\363\336\272\267"
 160      40455404 
 160      14854245 
 160      51444191 
 160      A7527B32 
 161 0060 AEA53DFB 		.ascii	"\256\245=\373c#\266\"\016\367\236\314/\277<\347\344"
 161      6323B622 
 161      0EF79ECC 
 161      2FBF3CE7 
ARM GAS  /tmp/ccIAHqx5.s 			page 12


 161      E4
 162 0071 A9CC9305 		.ascii	"\251\314\223\005V\251T\231H\245\262\300'\371\237U\252"
 162      56A95499 
 162      48A5B2C0 
 162      27F99F55 
 162      AA
 163 0082 0207950A 		.ascii	"\002\007\225\012C\233\037\010\007r\014\344\254\212}"
 163      439B1F08 
 163      07720CE4 
 163      AC8A7D
 164 0091 5C40EA40 		.ascii	"\\@\352@\316\203\324\2034\203\\\006i\001i\005\271\016"
 164      CE83D483 
 164      34835C06 
 164      69016905 
 164      B90E
 165 00a3 D206D20E 		.ascii	"\322\006\322\016\322\005\002\264\252\036\225\355\207"
 165      D20502B4 
 165      AA1E95ED 
 165      87
 166 00b0 8C9F21F0 		.ascii	"\214\237!\360\177\002b\026\3468\012\322\010\322\013"
 166      7F026216 
 166      E6380AD2 
 166      08D20B
 167 00bf 5203F22B 		.ascii	"R\003\362+\030<\027\244\017\336\335A\\\005;~\015m\237"
 167      183C17A4 
 167      0FDEDD41 
 167      5C053B7E 
 167      0D6D9F
 168 00d2 23C6ED01 		.ascii	"#\306\355\001\177f\012\234\355\302\334\363\241m\001"
 168      7F660A9C 
 168      EDC2DCF3 
 168      A16D01
 169 00e1 8837C862 		.ascii	"\2107\310b\220\177G\314\256\377@\314\306\337\303\363"
 169      907F47CC 
 169      AEFF40CC 
 169      C6DFC3F3 
 170 00f1 2BC46C5E 		.ascii	"+\304l^\006O\037\304|h\026|\262g3\361\327Mfs*\200\222"
 170      064F1FC4 
 170      7C68167C 
 170      B26733F1 
 170      D74D6673 
 171 0108 05DB72E0 		.ascii	"\005\333r\340\231\215${_C\333.\304l\275\005\242\005"
 171      998D247B 
 171      5F43DB2E 
 171      C46CBD05 
 171      A205
 172 011a D904FA76 		.ascii	"\331\004\372v\220\217Af\200x\202\374\023\310,\220\017"
 172      908F4166 
 172      807882FC 
 172      13C82C90 
 172      0F
 173 012b 407E01F2 		.ascii	"@~\001\362\017\210\305\373\274\020;\345g\230C\215\245"
 173      0F88C5FB 
 173      BC103BE5 
 173      6798438D 
 173      A5
 174 013c 797FC31C 		.ascii	"y\177\303\034\202W\365\375\334\303\307=\320\274\331"
ARM GAS  /tmp/ccIAHqx5.s 			page 13


 174      8257F5FD 
 174      DCC3C73D 
 174      D0BCD9
 175 014b B3B5053C 		.ascii	"\263\265\005<\317'\360_\241R\244E\007\020\226\215\310"
 175      CF27F05F 
 175      A152A445 
 175      0710968D 
 175      C8
 176 015c 82F6F13F 		.ascii	"\202\366\361?\220\016xu\246\317\004\236\217\341\207"
 176      900E7875 
 176      A6CF049E 
 176      8FE187
 177 016b 3278FC91 		.ascii	"2x\374\221\012}>\033}6[\205\212\320<\332\245B%h6*F\263"
 177      0A7D3E1B 
 177      7D365B85 
 177      8AD03CDA 
 177      A5422568 
 178 0183 C94CF7B6 		.ascii	"\311L\367\266\015':h\005t\302\317\241OU\244O\270\367"
 178      0D273A68 
 178      0574C2CF 
 178      A14F55A4 
 178      4FB8F7
 179 0196 73C85DFB 		.ascii	"s\310]\3735Q;\033w\376\0264W\255\206v\036\032\271\342"
 179      35513B1B 
 179      77FE1634 
 179      57AD8676 
 179      1E1AB9E2 
 180 01aa 423BE710 		.ascii	"B;\347\020\365tFc\226#\355U\023\265`\373\216\203\016"
 180      F5744663 
 180      9623ED55 
 180      13B560FB 
 180      8E830E
 181 01bd 547526EA 		.ascii	"Tu&\352\353\330\301QL\346\345\371\364X^\323\350\016"
 181      EBD8C151 
 181      4CE6E5F9 
 181      F4585ED3 
 181      E80E
 182 01cf 1DA81C66 		.ascii	"\035\250\034f:\0143\251\320\021:\363\247\263Q\005\233"
 182      3A0C33A9 
 182      D0113AF3 
 182      A7B35105 
 182      9B
 183 01e0 787B9B39 		.ascii	"x{\2339\331\3213\235\302y~\016\242A(\003\370!\012\257"
 183      D9D1339D 
 183      C2797E0E 
 183      A2412803 
 183      F8210AAF 
 184 01f4 449EE220 		.ascii	"D\236\342 \202\276^\367\232w\226\243\017\276\017]?\221"
 184      82BE5EF7 
 184      9A7796A3 
 184      0FBE0F5D 
 184      3F91
 185 0206 7952EB9A 		.ascii	"yR\353\232DB \230r\024y\312l9\206HF\322'\240k\252\307"
 185      44422098 
 185      721479CA 
 185      6C398648 
 185      46D227A0 
ARM GAS  /tmp/ccIAHqx5.s 			page 14


 186 021d 1BB4D889 		.ascii	"\033\264\330\211\254\015\312\317\352m\323~^B\327\245"
 186      AC0DCACF 
 186      EA6DD37E 
 186      5E42D7A5 
 187 022d B69693D6 		.ascii	"\266\226\223\326/%\301\334\244\305\037RP\364\3763)N"
 187      2F25C1DC 
 187      A4C51F52 
 187      50F4FE33 
 187      294E
 188 023f E0F8275A 		.ascii	"\340\370'Z\332\325\263k\242@CU\362=\364\200&\256\361"
 188      DAD5B36B 
 188      A2404355 
 188      F23DF480 
 188      26AEF1
 189 0252 219FEF8E 		.ascii	"!\237\357\216\346\321\005\036j\316h\370\005\317\253"
 189      E6D1051E 
 189      6ACE68F8 
 189      05CFAB
 190 0261 5115987C 		.ascii	"Q\025\230|\022at\002}N&'\243\311'A2Se\265\021\235\201"
 190      12617402 
 190      7D4E2627 
 190      A3C92741 
 190      325365B5 
 191 0278 C5FA444B 		.ascii	"\305\372DK\261\350\0244\236\246Q\343\352_W\3079 \355"
 191      B1E81434 
 191      9EA651E3 
 191      EA5F57C7 
 191      3920ED
 192 028b 3CFB83AA 		.ascii	"<\373\203\252\355\014\242&\224\307f\314\"&\234\005\023"
 192      ED0CA226 
 192      94C766CC 
 192      22269C05 
 192      13
 193 029c 8E4B2654 		.ascii	"\216K&T!\301\006\322\001\236\234\231\272\327\246\376"
 193      21C106D2 
 193      019E9C99 
 193      BAD7A6FE 
 194 02ac 70BBB084 		.ascii	"p\273\260\2043\324\310o\226,j5\350C\370\373W5\013\310"
 194      33D4C86F 
 194      962C6A35 
 194      E843F8FB 
 194      57350BC8 
 195 02c0 486D6B3B 		.ascii	"Hmk;\306\321\210F$\246\262.\336e\316n\336tx(\247oL\223"
 195      C6D18846 
 195      24A6B22E 
 195      DE65CE6E 
 195      DE747828 
 196 02d8 CD9B62F8 		.ascii	"\315\233b\370i\213\005\321A\250\326:\243\212\274\263"
 196      698B05D1 
 196      41A8D63A 
 196      A38ABCB3 
 197 02e8 19EBD01C 		.ascii	"\031\353\320\034\030x#'\343(\302\027\030\313\231\364"
 197      18782327 
 197      E328C217 
 197      18CB99F4 
 198 02f8 6DBDAE94 		.ascii	"m\275\256\224\305\274\253\311X\033\307\277\266X0\243"
 198      C5BCABC9 
ARM GAS  /tmp/ccIAHqx5.s 			page 15


 198      581BC7BF 
 198      B65830A3 
 199 0308 3827A338 		.ascii	"8'\2438'R\234\247\024\007\006N\227hp+\243\270p\263\310"
 199      27529CA7 
 199      1407064E 
 199      9768702B 
 199      A3B870B3 
 200 031d 0B18CCFC 		.ascii	"\013\030\314\374\320\245\213\243\272\255\261\351\005"
 200      D0A58BA3 
 200      BAADB1E9 
 200      05
 201 032a BCD962F9 		.ascii	"\274\331b\371\230\221\\\220\221\\\020I\352)IVRV\202"
 201      98915C90 
 201      915C1049 
 201      EA294956 
 201      525682
 202 033d AB4DC690 		.ascii	"\253M\306\220\004\223|o`\031\003H\313\233\354\227H\315"
 202      04937C6F 
 202      60190348 
 202      CB9BEC97 
 202      48CD
 203 034f B136120D 		.ascii	"\2616\022\015h\033J)}\242yg\334\032i\334.\"!pW\032\266"
 203      681B4A29 
 203      7DA27967 
 203      DC1A69DC 
 203      2E222170 
 204 0366 BDF2C03B 		.ascii	"\275\362\300;\351^\200FF;2\334\251\301\207;\233\306"
 204      E95E8046 
 204      463B32DC 
 204      A9C1873B 
 204      9BC6
 205 0378 5036BF57 		.ascii	"P6\277W\014\034\214BM2\203\233D\203\233\251\301\315"
 205      0C1C8C42 
 205      4D32839B 
 205      44839BA9 
 205      C1CD
 206 038a F5A3FD2E 		.ascii	"\365\243\375.\270\225\261\034\250mj\304\214\345\312"
 206      B895B11C 
 206      A86D6AC4 
 206      8CE5CA
 207 0399 C021390B 		.ascii	"\300!9\013q\373\222\214\345\222\310r\231\262\364\034"
 207      71FB928C 
 207      E592C872 
 207      99B2F41C 
 208 03a9 CCEDE470 		.ascii	"\314\355\344p*\246,\031-I[\021e1\235*\3342\247\221\257"
 208      2AA62C19 
 208      2D495B11 
 208      65319D2A 
 208      DC32A791 
 209 03be B558FE40 		.ascii	"\265X\376@\031\256\310\030\256\210\014-\224!\321\362"
 209      19AEC818 
 209      AE880C2D 
 209      9421D1F2 
 210 03ce ECA41617 		.ascii	"\354\244\026\0271\206\202\272\216'\016\314\216\251\324"
 210      318682BA 
 210      8E270ECC 
 210      8EA9D4
ARM GAS  /tmp/ccIAHqx5.s 			page 16


 211 03dd 339CC28E 		.ascii	"3\234\302\216\2532\226\253\"K+e\211\355M\266\250q/c"
 211      AB3296AB 
 211      224B2B65 
 211      89ED4DB6 
 211      A8712F63 
 212 03f1 79381953 		.ascii	"y8\031S\341$x\223\374\2267\327d,\327D\226\353\224\345"
 212      E1247893 
 212      FC9637D7 
 212      642CD744 
 212      96EB94E5 
 213 0405 44D3B93E 		.ascii	"D\323\271>\214'\031\313\301\354\336$\301\233\323\266"
 213      8C2719CB 
 213      C1ECDE24 
 213      C19BD3B6 
 214 0415 DEDC9031 		.ascii	"\336\334\2201\334\020\031\332(C\361\351\3661\017\234"
 214      DC1019DA 
 214      2843F1E9 
 214      F6310F9C 
 215 0425 A6A60C79 		.ascii	"\246\246\014y#\303/\221\2606\305o\255\315M\031\313M"
 215      23C32F91 
 215      B036C56F 
 215      ADCD4D19 
 215      CB4D
 216 0437 91A59DB2 		.ascii	"\221\245\235\262$\224\035\256\322\320\024!\3377\226"
 216      24941DAE 
 216      D2D01421 
 216      DF3796
 217 0446 2239AD07 		.ascii	"\"9\255\007w\271Z\333:\020m,K{u\301\365\235ys\213\346"
 217      77B95ADB 
 217      3A106D2C 
 217      4B7B75C1 
 217      F59D7973 
 218 045c 4DA79837 		.ascii	"M\247\2307G\332Jwk\261\211\331\326V\023]\344\310l{\\"
 218      47DA4A77 
 218      6BB189D9 
 218      D656135D 
 218      E4C86C7B 
 219 0471 31EE2AB3 		.ascii	"1\356*\263\015F\241\3332\333n\213\266uQ\333\3722\266"
 219      0D46A1DB 
 219      32DB6E8B 
 219      B67551DB 
 219      FA32B6
 220 0484 0F617C9F 		.ascii	"\017a|\237\261\374\330Yjv\301O\231r\356l\357S\217\217"
 220      B1FCD859 
 220      6A76C14F 
 220      9972EE6C 
 220      EF538F8F 
 221 0498 27D57970 		.ascii	"'\325yp\336\300vI\232\212K\315G\321/\367\362\255\246"
 221      DEC07649 
 221      9A8A4BCD 
 221      47D12FF7 
 221      F2ADA6
 222 04ab A19CC2C9 		.ascii	"\241\234\302\311\177\214N7\305\244\363$\214t?\275\003"
 222      7F8C4E37 
 222      C5A4F324 
 222      8C743FBD 
 222      03
ARM GAS  /tmp/ccIAHqx5.s 			page 17


 223 04bc B3C0B758 		.ascii	"\263\300\267X\266\015\337%s\241n\004\337\267\036\364"
 223      B60DDF25 
 223      73A16E04 
 223      DFB71EF4 
 224 04cc 4B20B86C 		.ascii	"K \270l\2568\317\331|\255H\350$\027\315\302Fl\246\033"
 224      AE38CFD9 
 224      7CAD48E8 
 224      2417CDC2 
 224      466CA61B 
 225 04e0 7177566D 		.ascii	"qwVm\222\332\006]c\203\356\205/\234\260s\365\322\001"
 225      92DA065D 
 225      6383EE85 
 225      2F9CB073 
 225      F5D201
 226 04f3 0D8FAB7F 		.ascii	"\015\217\253\177r\245\347\023\357H\354=\\S\232\250\241"
 226      72A5E713 
 226      EF48EC3D 
 226      5C539AA8 
 226      A1
 227 0504 27D2DFA8 		.ascii	"'\322\337\250G\247\342\363\324\030\366K\242\014\236"
 227      47A7E2F3 
 227      D418F64B 
 227      A20C9E
 228 0513 2BD84C4E 		.ascii	"+\330LN\247\330\277o\333\204\021q\331\226W\030\247\263"
 228      A7D8BF6F 
 228      DB841171 
 228      D9965718 
 228      A7B3
 229 0525 E13913E5 		.ascii	"\3419\023\345\305.8SP\262/v\251q\026SR\256\266\245i"
 229      C52E3853 
 229      50B22F76 
 229      A9711653 
 229      52AEB6A5 
 230 053a 701E53F6 		.ascii	"p\036S\366g\216%z\340}L\271to\374\245+5g\006Q'\246\332"
 230      678E257A 
 230      E07D4CB9 
 230      746FFCA5 
 230      2B356706 
 231 0552 6E71B890 		.ascii	"nq\270\220\3655\267\367\356s\300\305L\311\036\273\334"
 231      F535B7F7 
 231      EE73C0C5 
 231      4CC91EBB 
 231      DC
 232 0563 E041811F 		.ascii	"\340A\201\037\021ulWl\254\007.g}\246\003o,\356\370\030"
 232      11756C57 
 232      6CAC072E 
 232      677DA603 
 232      6F2CEEF8 
 233 0578 53C403D9 		.ascii	"S\304\003\331\225\035\310\271uO\256\271\341\323\254"
 233      951DC8B9 
 233      754FAEB9 
 233      E1D3AC
 234 0587 EFE5BD98 		.ascii	"\357\345\275\230i\204\253\231Rt\257%\303\215\002?%\352"
 234      6984AB99 
 234      5274AF25 
 234      C38D023F 
 234      25EA
ARM GAS  /tmp/ccIAHqx5.s 			page 18


 235 0599 9ECC091D 		.ascii	"\236\314\011\035>\307\272N\017'\2178\343\006\246\364"
 235      3EC7BA4E 
 235      0F278F38 
 235      E306A6F4 
 236 05a9 8CF59C73 		.ascii	"\214\365\234s\242\270\005\364P\256\312\315\320\260\200"
 236      A2B805F4 
 236      50AECACD 
 236      D0B080
 237 05b8 D2EE9F0E 		.ascii	"\322\356\237\016\025\274d\206a\312\272\367\316\345\367"
 237      15BC6486 
 237      61CABAF7 
 237      CEE5F7
 238 05c7 1CF193E2 		.ascii	"\034\361\223\342\021?\301\002\2307\320Z\342!\035\332"
 238      113FC102 
 238      9837D05A 
 238      E2211DDA 
 239 05d7 5134F5C7 		.ascii	"Q4\365\307\001>@\341S\364\320\236\024\017\355\2357\213"
 239      013E40E1 
 239      53F4D09E 
 239      140FED9D 
 239      378B
 240 05e9 869CE4E8 		.ascii	"\206\234\344\350\276\367\241\223vd6 \334\314\274\270"
 240      BEF7A193 
 240      76643620 
 240      DCCCBCB8 
 241 05f9 19FDB09D 		.ascii	"\031\375\260\235\303-L9\222_x\234%\301W\324\205\216"
 241      C32D4C39 
 241      925F789C 
 241      25C157D4 
 241      858E
 242 060b 6B379DF0 		.ascii	"k7\235\360\015!~B\265\343\312\252\235\246c\251\265Z"
 242      0D217E42 
 242      B5E3CAAA 
 242      9DA663A9 
 242      B55A
 243 061d DCC1FADE 		.ascii	"\334\301\372\336\224>\030\347\360\035\246<\252~\312"
 243      943E18E7 
 243      F01DA63C 
 243      AA7ECA
 244 062c 7314E847 		.ascii	"s\024\350G\324\356\301\324\036g\334c;\201;\233 )\271"
 244      D4EEC1D4 
 244      1E67DC63 
 244      3B813B9B 
 244      2029B9
 245 063f C2E2F4EE 		.ascii	"\302\342\364\356\240\304sBP>\2431\211\316+4c\301K\223"
 245      A0C47342 
 245      503EA331 
 245      89CE2B34 
 245      63C14B93 
 246 0653 18932D1C 		.ascii	"\030\223-\034+\213T(\201\363\024\307\020\364pg\334U"
 246      2B8B5428 
 246      81F314C7 
 246      10F47067 
 246      DC55
 247 0665 1739BAEF 		.ascii	"\0279\272\357}\350+\243Ey\216\270\217Y\231P\225\271"
 247      7DE82BA3 
 247      45798EB8 
ARM GAS  /tmp/ccIAHqx5.s 			page 19


 247      8F599950 
 247      95B9
 248 0677 9F85E1CF 		.ascii	"\237\205\341\317\240\316\352\272\032_\356\206\346\262"
 248      A0CEEABA 
 248      1A5FEE86 
 248      E6B2
 249 0685 CFCCB9B2 		.ascii	"\317\314\271\262\317\274\271&>.v\350\366\211\203KN\035"
 249      CFBCB926 
 249      3E2E76E8 
 249      F689834B 
 249      4E1D
 250 0697 E16BE330 		.ascii	"\341k\3430\235$\226\303h\0337S\372\222\304qd\306\337"
 250      9D2496C3 
 250      681B3753 
 250      FA92C471 
 250      64C6DF
 251 06aa C01F15C1 		.ascii	"\300\037\025\301\233\236\22496.\240\320\030%4\232B\313"
 251      9B9E9439 
 251      362EA0D0 
 251      1825349A 
 251      42CB
 252 06bc 91157BDB 		.ascii	"\221\025{\333\212\035B\012\3540\262\245m\261B\237(\241"
 252      8A1D420A 
 252      EC30B2A5 
 252      6DB1429F 
 252      28A1
 253 06ce 030AE85D 		.ascii	"\003\012\350]+\364\225\022:\202\024\026\334\262b\237"
 253      2BF49512 
 253      3A821416 
 253      DCB2629F 
 254 06de 2BB1CF94 		.ascii	"+\261\317\224\330N+v\320>\226\232\260UH\324\257\242"
 254      D84E2B76 
 254      D03E969A 
 254      B05548D4 
 254      AFA2
 255 06f0 54E81EF4 		.ascii	"T\350\036\364\337\247]\004\015\373\0102q\363\320vn."
 255      DFA75D04 
 255      0DFB0832 
 255      71F3D076 
 255      6E2E
 256 0702 CA04D905 		.ascii	"\312\004\331\005\262\003$\015$\027$\003d+\310O Y {@"
 256      B203240D 
 256      24172403 
 256      642BC84F 
 256      2059207B 
 257 0717 D241B241 		.ascii	"\322A\262A\362@v\203\354\004I\005I\001\331\013\222\303"
 257      F2407683 
 257      EC044905 
 257      4901D90B 
 257      92C3
 258 0729 CDA5BB38 		.ascii	"\315\245\27385\360\222\325\300GJ\003?U\370\322l\205"
 258      35F092D5 
 258      C0474A03 
 258      3F55F8D2 
 258      6C85
 259 073b 3EB40B95 		.ascii	">\264\013\225\242y\305\212|\254DV(#\364\330\212\345"
 259      A279C58A 
ARM GAS  /tmp/ccIAHqx5.s 			page 20


 259      7CAC4456 
 259      2823F4D8 
 259      8AE5
 260 074d EDAFBD44 		.ascii	"\355\257\275D\333e\205\276\260\277\3642\332n+vT\211"
 260      DB6585BE 
 260      B0BFF432 
 260      DA6E2B76 
 260      5489
 261 075f 1DB359FB 		.ascii	"\035\263Y\373h\323\340\027\200L\344<Q\222`\200\370\245"
 261      68D3E017 
 261      804CE43C 
 261      51926080 
 261      F8A5
 262 0771 40C90A03 		.ascii	"@\311\012\003.[I\373\355\373%A\257Z\241O\355\347\236"
 262      2E5B49FB 
 262      EDFB2541 
 262      AF5AA14F 
 262      EDE79E
 263 0784 D5D66853 		.ascii	"\325\326hS\0171\3405\234\202o\004\250\270S\011\246\312"
 263      0F31E035 
 263      9C826F04 
 263      A8B85309 
 263      A6CA
 264 0796 DCEAB7D2 		.ascii	"\334\352\267\322N+i-J\354\035+\366\245\375\234\246\326"
 264      4E2B692D 
 264      4AEC1D2B 
 264      F6A5FD9C 
 264      A6D6
 265 07a8 929ADEDC 		.ascii	"\222\232\336\334T\346\310#\002Q\211g\275\312\232\"\346"
 265      54E6C823 
 265      02518967 
 265      BDCA9A22 
 265      E6
 266 07b9 A7652DAE 		.ascii	"\247e-\256\274\300\364\243\375\2572\233\025\356\024"
 266      BCC0F4A3 
 266      FDAF329B 
 266      15EE14
 267 07c8 17874E4D 		.ascii	"\027\207NMc4s\236"
 267      6334739E 
 268 07d0 BD8C46F9 		.ascii	"\275\214F\371\220\310\377\327IM\335y\026\352\214\366"
 268      90C8FFD7 
 268      494DDD79 
 268      16EA8CF6 
 269 07e0 C1440FA4 		.ascii	"\301D\017\244\353\011\361M\274\177\235\335\3230\354"
 269      EB09F14D 
 269      BC7F9DDD 
 269      D330EC
 270 07ef 64531BEC 		.ascii	"dS\033\354\223\271\244B\005\034\253$\340);y\335\331"
 270      93B9A442 
 270      051CAB24 
 270      E0293B79 
 270      DDD9
 271 0801 C99BD3D1 		.ascii	"\311\233\323\3217\202\351^\310\021uw\377\216\034\215"
 271      3782E95E 
 271      C8117577 
 271      FF8E1C8D 
 272 0811 B4ABB2AB 		.ascii	"\264\253\262\253g!$\320~\032\230\003\262]\225(d\327"
ARM GAS  /tmp/ccIAHqx5.s 			page 21


 272      672124D0 
 272      7E1A9803 
 272      B25D9528 
 272      64D7
 273 0823 AE2DBBE1 		.ascii	"\256-\273\341D\371\276\244\007t\276y\000Q>'Z8\377x\362"
 273      44F9BEA4 
 273      0774BE79 
 273      00513E27 
 273      5A38FF78 
 274 0838 243B5568 		.ascii	"$;Uh\025RP0\264\303\355\335\007B\251x \224p\364D\030"
 274      15525030 
 274      B4C3EDDD 
 274      0742A978 
 274      209470F4 
 275 084e 8C1D287B 		.ascii	"\214\035({\353\"\\\004\326\024Sk\016RkJ\2315\007\251"
 275      EB225C04 
 275      D614536B 
 275      0E526B4A 
 275      993507A9 
 276 0862 35D5BB1B 		.ascii	"5\325\273\033\247\2658\337\221\356\363'\007\372c4P\011"
 276      A7B538DF 
 276      91EEF327 
 276      07FA6334 
 276      5009
 277 0874 D61E1E7A 		.ascii	"\326\036\036zv\252\300\247\256p\013Ok]\264\247v\006"
 277      76AAC0A7 
 277      AE700B4F 
 277      6B5DB4A7 
 277      7606
 278 0886 AD9FCA38 		.ascii	"\255\237\3128\251\030\204wV\014\036\342H1X\330_\372"
 278      A9188477 
 278      560C1EE2 
 278      483158D8 
 278      5FFA
 279 0898 1CE33B8C 		.ascii	"\034\343;\214\350\305\215\316qgJtx\352J9\266\336\341"
 279      E8C58DCE 
 279      71674A74 
 279      78EA4A39 
 279      B6DEE1
 280 08ab 96B12A4C 		.ascii	"\226\261*L\306R.\262\034\246,\275m7[\265x\220\261\024"
 280      C6522EB2 
 280      1CA62CBD 
 280      6D375BB5 
 280      7890B114 
 281 08bf 9494DCD5 		.ascii	"\224\224\334\3252\226K\007\246]\025,\0252\226\012\221"
 281      32964B07 
 281      A65D152C 
 281      1532960A 
 281      91
 282 08d0 E5086579 		.ascii	"\345\010ey\3206\314k1\317\256\341\373\007\253\372\231"
 282      D036CC6B 
 282      31CFAEE1 
 282      FB07ABFA 
 282      99
 283 08e1 53A692CA 		.ascii	"S\246\222\312\365\354&\030\233\300\261\033@\245\214"
 283      F5EC2618 
 283      9BC0B11B 
ARM GAS  /tmp/ccIAHqx5.s 			page 22


 283      40A58C
 284 08f0 A4522439 		.ascii	"\244R$9\312\275\253\362\356\252\234~\346\361\316\"\373"
 284      CABDABF2 
 284      EEAA9C7E 
 284      E6F1CE22 
 284      FB
 285 0901 38478AEC 		.ascii	"8G\212\354c\234PdO\233\323x\015NbV\354}|+M\213\263\230"
 285      639C5064 
 285      4F9BD378 
 285      0D4E6256 
 285      EC7D7C2B 
 286 0919 327871BA 		.ascii	"2xq\272\322\001\250\321I:%\271\264l\253\035A,\362-g"
 286      D201A8D1 
 286      493A25B9 
 286      B46CAB1D 
 286      412CF22D 
 287 092e 4FFE6A82 		.ascii	"O\376j\202\034\236\304P\024\035\367\011\341E'DC\321"
 287      1C9EC450 
 287      141DF709 
 287      E1452744 
 287      43D1
 288 0940 29E0272A 		.ascii	")\340'*\263\3654\265\325\262\357\341\010\302\335\214"
 288      B3F534B5 
 288      D5B2EFE1 
 288      08C2DD8C 
 289 0950 BDA6B431 		.ascii	"\275\246\2641\325Q\\\305\252Uo\257\342\031\231\323g"
 289      D5515CC5 
 289      AA556FAF 
 289      E21999D3 
 289      67
 290 0961 44A22A4A 		.ascii	"D\242*J4y\261.\231\303/\030\321\360\276]\345j\026\271"
 290      3479B12E 
 290      99C32F18 
 290      D1F0BE5D 
 290      E56A16B9 
 291 0975 DC0A65E4 		.ascii	"\334\012e\344\316\312H\316\212$\325\224\344\\~\307N"
 291      CECA48CE 
 291      8A24D594 
 291      E45C7EC7 
 291      4E
 292 0986 271CEFCC 		.ascii	"'\034\357\314H\372\312[\335\304T8\255L\205\032\031K"
 292      48FACA5B 
 292      DDC45438 
 292      AD4C851A 
 292      194B
 293 0998 8DC8524B 		.ascii	"\215\310RKYv^m\362\3049\214\304t\347\372\037\205D\210"
 293      59765E6D 
 293      F2C4398C 
 293      C474E7FA 
 293      1F854488 
 294 09ac CF775370 		.ascii	"\317wSp\324\3118\352D\216s\224cw\353\335\307j\\\316"
 294      D4C938EA 
 294      448E7394 
 294      6377EBDD 
 294      C76A5CCE 
 295 09c0 48A6635B 		.ascii	"H\246c[{\034\230;\267\337J\204\3632\222\363\"\311\005"
 295      7B1C983B 
ARM GAS  /tmp/ccIAHqx5.s 			page 23


 295      B7DF4A84 
 295      F33292F3 
 295      22C905
 296 09d3 4A72EFD1 		.ascii	"Jr\357\321\243\030\266\001\324\322\037\247\216\326T"
 296      A318B601 
 296      D4D21FA7 
 296      8ED654
 297 09e2 BE60A578 		.ascii	"\276`\245x\002\253\340[:\022\035\360\0316IL\353\323"
 297      02ABE05B 
 297      3A121DF0 
 297      1936494C 
 297      EBD3
 298 09f4 FB1EF822 		.ascii	"\373\036\370\"S:\273\315\265.\270\231)|\332\2438\214"
 298      533ABBCD 
 298      B52EB899 
 298      297CDAA3 
 298      388C
 299 0a06 AF332531 		.ascii	"\2573%1#\366\2213\356`J\371\221\251=\032\334\305\224"
 299      23F69133 
 299      EE604AF9 
 299      91A93D1A 
 299      DCC594
 300 0a19 BC86FAEB 		.ascii	"\274\206\372\353\216\370\201\020\274\366\343\377\212"
 300      8EF88110 
 300      BCF6E3FF 
 300      8A
 301 0a26 07D97B41 		.ascii	"\007\331{AgZ.\306\243L\231hyt\014c^C\225\033E\351\011"
 301      675A2EC6 
 301      A34C9968 
 301      79740C63 
 301      5E43951B 
 302 0a3d CE389129 		.ascii	"\3168\221)-|V\272;\316`JI\367T\254\003\316e\312\305"
 302      2D7C56BA 
 302      3BCE604A 
 302      49F754AC 
 302      03CE65CA 
 303 0a52 C2F23D8E 		.ascii	"\302\362=\216\270@P\006F\241(:\310\024qKre[\322\303"
 303      B8405006 
 303      46A1283A 
 303      C814714B 
 303      72655BD2 
 304 0a67 B2867C77 		.ascii	"\262\206|w|\224\365\335:\020\277\315\031W3\245\276c"
 304      7C94F5DD 
 304      3A10BFCD 
 304      195733A5 
 304      BE63
 305 0a79 CB6347DC 		.ascii	"\313cG\334\300\024\313\361\254&7\334\302\224\234\306"
 305      C014CBF1 
 305      AC2637DC 
 305      C2949CC6 
 306 0a89 987A07DC 		.ascii	"\230z\007\334\311\224\324\007\246|g|\217)\331\203\017"
 306      C994D407 
 306      A67C677C 
 306      8F29D983 
 306      0F
 307 0a9a D31CF153 		.ascii	"\323\034\361S\246LM\027?w\303\243L)=\300\317\302\274"
 307      A64C4D17 
ARM GAS  /tmp/ccIAHqx5.s 			page 24


 307      3F77C3A3 
 307      4C293DC0 
 307      CFC2BC
 308 0aad 96795AD2 		.ascii	"\226yZ\322]\344\201\223\230\322^\177\373\216\033\316"
 308      5DE48193 
 308      98D25E7F 
 308      FB8E1BCE 
 309 0abd 64CAAEF4 		.ascii	"d\312\256\364\353\331,\334AD\335Z\230\271\205\303\273"
 309      EBD92CDC 
 309      4144DD5A 
 309      98B985C3 
 309      BB
 310 0ace 59DF9E9F 		.ascii	"Y\337\236\237\216L\260_\021\277\247\231\337\320\262"
 310      8E4CB05F 
 310      11BFA799 
 310      DFD0B2
 311 0add 4F83F359 		.ascii	"O\203\363Y\337dJe\003\207\0170\245\342f\177\207\226"
 311      DF644A65 
 311      03870F30 
 311      A5E2667F 
 311      8796
 312 0aef 0237D37C 		.ascii	"\0027\323|\272QS\354\212+X\237xQq\025.*O*\247\357;\340"
 312      BA5153EC 
 312      8A2B589F 
 312      78517115 
 312      2E2A4F2A 
 313 0b07 13B4734E 		.ascii	"\023\264sN\303H\362\031'\261\326\265-vee/\255z\223\272"
 313      C348F219 
 313      27B1D6B5 
 313      2D766565 
 313      2FAD7A93 
 314 0b1c 4C6BB692 		.ascii	"Lk\266\222/\033;*[!\243^\276\257<\355$I\310*\344F%V"
 314      2F1B3B2A 
 314      5B21A35E 
 314      BEAF3CED 
 314      2449C82A 
 315 0b34 5150A51C 		.ascii	"QP\245\034\263B\373\225\320\307\212\"eR\242\355Rbm\012"
 315      B342FB95 
 315      D0C78A22 
 315      6552A2ED 
 315      52626D0A 
 316 0b48 6F9E3725 		.ascii	"o\2367%\034S\023,\324\376\250W\300Z\213\237{\012\336"
 316      1C53132C 
 316      D4FEA857 
 316      C05A8B9F 
 316      7B0ADE
 317 0b5b 24C9863E 		.ascii	"$\311\206>%\357\003\233*\035\210\223%\342\207J\342G"
 317      25EF039B 
 317      2A1D8893 
 317      25E2874A 
 317      E247
 318 0b6d 0AE24489 		.ascii	"\012\342D\211\370\276}\342\267\212\344z\340j\240]/\205"
 318      F8BE7DE2 
 318      B78AE47A 
 318      E06AA05D 
 318      2F85
 319 0b7f 7A2209CF 		.ascii	"z\"\011\317CO\241\016x\005\022\203\347\242\004\220\037"
ARM GAS  /tmp/ccIAHqx5.s 			page 25


 319      434FA10E 
 319      78051283 
 319      E7A20490 
 319      1F
 320 0b90 41E241B6 		.ascii	"A\342A\266\200X\240}\000d\002\344\015\3104H\"\264\307"
 320      8058A07D 
 320      006402E4 
 320      0DC83448 
 320      22B4C7
 321 0ba3 81C4828C 		.ascii	"\201\304\202\214\202>\005\302\303\3733xF\303s\004\236"
 321      823E05C2 
 321      C3FB3378 
 321      46C37304 
 321      9E
 322 0bb4 E320AF41 		.ascii	"\343 \257A&A\236\203\274\000\031\002\031\006\031\004"
 322      26419E83 
 322      BC001902 
 322      19061904 
 323 0bc4 199317D3 		.ascii	"\031\223\027\323\257\245\320\337Uz\242\254%oI\330&\273"
 323      AFA5D0DF 
 323      557AA2AC 
 323      256F49D8 
 323      26BB
 324 0bd6 AB2FABE4 		.ascii	"\253/\253\344\236K\330N%\326\242\310\252T)\232O\354"
 324      9E4BD84E 
 324      25D6A2C8 
 324      AA54299A 
 324      4FEC
 325 0be8 A78A7599 		.ascii	"\247\212u\231bLo\03019\340\272\355\033,\257\324%+\256"
 325      624C6F18 
 325      3139E0BA 
 325      ED1B2CAF 
 325      D4252BAE 
 326 0bfc D9CF6D19 		.ascii	"\331\317m\031\330\"\201\315J\360}%x\\\002\337\262\357"
 326      D82281CD 
 326      4AF07D25 
 326      785C02DF 
 326      B2EF
 327 0c0e 9F0C3C2D 		.ascii	"\237\014<-\201{\3543K\371\375\244\322\232\206\327\225"
 327      817BEC33 
 327      4BF9FDA4 
 327      D29A86D7 
 327      95
 328 0c1f 6938A208 		.ascii	"i8\242\010\334\200\304{C\311kse\200\270\365Hq\273\252"
 328      DC80C47B 
 328      43C96B73 
 328      6580B8F5 
 328      4871BBAA 
 329 0c33 C4DADE01 		.ascii	"\304\332\336\001\301\210\011\311\210\333J#\224W\234"
 329      C18809C9 
 329      88DB4A23 
 329      94579C
 330 0c42 29C9883B 		.ascii	")\311\210;\366\277\274\362\253\260\004nV\202+\024\026"
 330      F6BFBCF2 
 330      ABB0046E 
 330      56822B14 
 330      16
ARM GAS  /tmp/ccIAHqx5.s 			page 26


 331 0c53 3F932CEE 		.ascii	"?\223,\356Pb\333\225\304\203\022\361M\373`\311\342;"
 331      5062DB95 
 331      C48312F1 
 331      4DFB60C9 
 331      E23B
 332 0c65 12F6B212 		.ascii	"\022\366\262\022\253\274ewK\330\026\373a\223\335\310"
 332      ABBC6577 
 332      4BD816FB 
 332      6193DDC8 
 333 0c75 25EC15FB 		.ascii	"%\354\025\373\2742\203\273$\360%\373\221\220\201\237"
 333      BC3283BB 
 333      24F025FB 
 333      9190819F 
 334 0c85 4AE036FB 		.ascii	"J\3406\373\013\315\300\364*\321R\271\236\374\263\343"
 334      0BCDC0F4 
 334      2AD152B9 
 334      9EFCB3E3 
 335 0c95 E55B5723 		.ascii	"\345[W#\270\354\334\216\277T\242U\\v\304\235\011\245"
 335      B8ECDC8E 
 335      BF54A255 
 335      5C76C49D 
 335      09A5
 336 0ca7 C086F4FF 		.ascii	"\300\206\364\377es\242\236\244\035s\205;^2\236\211."
 336      6573A29E 
 336      A41D7385 
 336      3B5E329E 
 336      892E
 337 0cb9 5A6B1DEA 		.ascii	"Zk\035\352\227x-j\1776^\345`s-\"`\251\274M\305\354Z"
 337      97782D6A 
 337      7F365EE5 
 337      60732D22 
 337      60A9BC4D 
 338 0cd0 044F529E 		.ascii	"\004OR\236\225L>v\300\321.\254\232(\253\277\355\206"
 338      954C3E76 
 338      C0D12EAC 
 338      9A28ABBF 
 338      ED86
 339 0ce2 D39932B0 		.ascii	"\323\2312\260m\340\215;\336\311\224\252\375\361\325"
 339      6DE08D3B 
 339      DEC994AA 
 339      FDF1D5
 340 0cf1 2E783755 		.ascii	".x7U\034/\245\\h&\207\351L\341\207\"sqi\263\365j\271"
 340      1C2FA55C 
 340      682687E9 
 340      4CE18722 
 340      737169B3 
 341 0d08 15639489 		.ascii	"\025c\224\211\337\267p{J\305\013-9/m\260\262\035S\276"
 341      DFB7707B 
 341      4AC50B2D 
 341      392F6DB0 
 341      B21D53BE 
 342 0d1c 1AD24F7E 		.ascii	"\032\322O~\004M\226b\007,\305N\010\3376\220\355 \031"
 342      044D9662 
 342      072CC54E 
 342      08DF3690 
 342      ED2019
 343 0d2f 58B67F17 		.ascii	"X\266\177\027Y'H\267o\214tc\316-%7f\200\330\2731\357"
ARM GAS  /tmp/ccIAHqx5.s 			page 27


 343      592748B7 
 343      6F8C7463 
 343      CE2D2537 
 343      6680D8BB 
 344 0d45 96B995A6 		.ascii	"\226\271\225\246d\222\216vH\241\366kcI\036h\336L\312"
 344      64928E76 
 344      48A1F66B 
 344      63491E68 
 344      DE4CCA
 345 0d58 59F24767 		.ascii	"Y\362Gg\224\015\320\237\260u}\310\004\364c\317+\224"
 345      940DD09F 
 345      B0757DC8 
 345      04F463CF 
 345      2B94
 346 0d6a 05CEFC9C 		.ascii	"\005\316\374\234c\344\327\310\204\342\0256\353\232m"
 346      63E4D7C8 
 346      84E21536 
 346      EB9A6D
 347 0d79 B3AE39C2 		.ascii	"\263\2569\302\272\346\320uM\311\355\310\263\375\357"
 347      BAE6D075 
 347      4DC9EDC8 
 347      B3FDEF
 348 0d88 D52D9B1F 		.ascii	"\325-\233\037\316w\011h\362T\007\006\005D8o\014\016"
 348      CE770968 
 348      F2540706 
 348      0544386F 
 348      0C0E
 349 0d9a 8B5AE46D 		.ascii	"\213Z\344m\210r\\\361\315\267st*\255\301 \266,\366\332"
 349      88725CF1 
 349      CDB77374 
 349      2AADC120 
 349      B62CF6DA 
 350 0dae 1819E115 		.ascii	"\030\031\341\025\020\021\372EXx\230\361\013c\300\272"
 350      1011FA45 
 350      587898F1 
 350      0B63C0BA 
 351 0dbe 60AFE0B0 		.ascii	"`\257\340\260\300\220\215\353\215^\241\001\201A\301"
 351      C0908DEB 
 351      8D5EA101 
 351      8141C1
 352 0dcd 61462FC3 		.ascii	"aF/\303z\343\206\200\215!Q\206\250\037\2767F\316\017"
 352      7AE38680 
 352      8D215186 
 352      A81FBE37 
 352      46CE0F
 353 0de0 527DF69E 		.ascii	"R}\366\236A\221?Dz\031\"\243\326\003? \235\377d\014"
 353      41913F44 
 353      7A1922A3 
 353      D6033F20 
 353      9DFF640C 
 354 0df4 8C0A8F58 		.ascii	"\214\012\217X\266\340\337tA\301\353\202\327\370\033"
 354      B6E0DF74 
 354      41C1EB82 
 354      D7F81B
 355 0e03 162E99FF 		.ascii	"\026.\231\377\273\371\013\274\302#\275\202\002B\274"
 355      BBF90BBC 
 355      C223BD82 
ARM GAS  /tmp/ccIAHqx5.s 			page 28


 355      0242BC
 356 0e12 BE0F8F88 		.ascii	"\276\017\217\210\212\364\362_\273z\221\267\327\252U"
 356      8AF4F25F 
 356      BB7A91B7 
 356      D7AA55
 357 0e21 3E5E6B57 		.ascii	">^kW\256\336\264\220\364\000\205!$d\375\374@\225\013"
 357      AEDEB490 
 357      F4008521 
 357      2464FDFC 
 357      40950B
 358 0e34 7B330487 		.ascii	"{3\004\207\005Gy\032\310\000Cp\304\177\031\214\337\007"
 358      0547791A 
 358      C8004370 
 358      C47F198C 
 358      DF07
 359 0e46 87847FB7 		.ascii	"\207\204\177\267\321\270\350m\342\300\360\320\320\360"
 359      D1B8E86D 
 359      E2C0F0D0 
 359      D0F0
 360 0e54 30817BA9 		.ascii	"0\201{\251~\265n\365f\257\300\240\300\360\010\243a\323"
 360      7EB56EF5 
 360      66AFC0A0 
 360      C0F008A3 
 360      61D3
 361 0e66 9250B06A 		.ascii	"\222P\260j\206!*\" \320h\010\216\2140\204\030\0036\031"
 361      86212A22 
 361      20D06808 
 361      8E8C3084 
 361      18033619 
 362 0e7a 7FFD3649 		.ascii	"\177\3756ID\224\325\245\300 \012\207\201\037\030\326"
 362      4494D5A5 
 362      C0200A87 
 362      811F18D6 
 363 0e8a AFFBCE10 		.ascii	"\257\373\316\020\030d\014\374O6\220P\374\334\340\365"
 363      18640CFC 
 363      4F369050 
 363      FCDCE0F5 
 364 0e9a C6751BBF 		.ascii	"\306u\033\277\203\301\263e\2037\206\205\204\303cCDx"
 364      83C1B365 
 364      83378685 
 364      84C36343 
 364      4478
 365 0eac 28A1F00C 		.ascii	"(\241\360\014\014\362\377!rmp\2501\342\353\200\260\365"
 365      0CF2FF21 
 365      726D70A8 
 365      31E2EB80 
 365      B0F5
 366 0ebe 21C68895 		.ascii	"!\306\210\225\377\3623\254\020g\340\374Hn\220\234Qn"
 366      FFF233AC 
 366      1067E0FC 
 366      486E909C 
 366      516E
 367 0ed0 A9312CCA 		.ascii	"\2511,\312\030A\032\345~\323\306\031a\233\202\003}\303"
 367      18411AE5 
 367      7ED3C619 
 367      619B8203 
 367      7DC3
ARM GAS  /tmp/ccIAHqx5.s 			page 29


 368 0ee2 02D68518 		.ascii	"\002\326\205\030\331B-|\3372\011q\025\"J\206\222\025"
 368      D9422D7C 
 368      DF320971 
 368      15224A86 
 368      9215
 369 0ef4 3618366C 		.ascii	"6\0306l\014\0134\030\334\304\227\371K\226|\271P#.<Y"
 369      0C0B3418 
 369      DCC497F9 
 369      4B967CB9 
 369      50232E3C 
 370 0f09 BF509269 		.ascii	"\277P\222i\301\241\206(\254\323/\004\361V\373\257\326"
 370      C1A18628 
 370      ACD32F04 
 370      F156FBAF 
 370      D6
 371 0f1a E9D53E2B 		.ascii	"\351\325>+}\365\234\277\036\373\256\320;\350t\253\365"
 371      7DF59CBF 
 371      1EFBAED0 
 371      3BE874AB 
 371      F5
 372 0f2b 0BE95F6F 		.ascii	"\013\351_o\265N\347\253\307\272o\326b?\177\035^\252"
 372      B54EE7AB 
 372      C7BA6FD6 
 372      623F7F1D 
 372      5EAA
 373 0f3d D763BD0E 		.ascii	"\327c\275\016t\030\260\314g\255\036\373\220\221\253"
 373      7418B0CC 
 373      67AD1EFB 
 373      9091AB
 374 0f4c 97EAB935 		.ascii	"\227\352\2715l\324\"\300\377Y\377\345\377&\277\254\026"
 374      6CD422C0 
 374      FF59FFE5 
 374      FF26BFAC 
 374      16
 375 0f5d 81FD9EE1 		.ascii	"\201\375\236\341\221\001!\020\374U\020\275\345\020\274"
 375      91012110 
 375      FC5510BD 
 375      E510BC
 376 0f6c 95FE7A3B 		.ascii	"\225\376z;\241'\\\004H\326\200<I\022\3215\223\015\363"
 376      A1275C04 
 376      48D6803C 
 376      4912D135 
 376      930DF3
 377 0f7f A4B969B3 		.ascii	"\244\271i\263\012\032k\023D'\322\030eX\266\324\337\327"
 377      0A1A6B13 
 377      4427D218 
 377      6558B6D4 
 377      DFD7
 378 0f91 4FBFD22D 		.ascii	"O\277\322- \344\277\003~\210\204\234\016\201/"
 378      20E4BF03 
 378      7E88849C 
 378      0E812F
 379 0fa0 D89277A6 		.ascii	"\330\222w\246\260qs\224\227n\265\377J\177i\341C#\203"
 379      B0717394 
 379      976EB5FF 
 379      4A7F69E1 
 379      432383
ARM GAS  /tmp/ccIAHqx5.s 			page 30


 380 0fb3 230DDF05 		.ascii	"#\015\337\005\222\320\317$\226\254\261M\233\017\004"
 380      92D0CF24 
 380      96ACB14D 
 380      9B0F04
 381 0fc2 77BEA509 		.ascii	"w\276\245\011&ZFM\265i\372\200Z\246HC\027Y\243\213^"
 381      265A464D 
 381      B569FA80 
 381      5AA64843 
 381      1759A38B 
 382 0fd7 A733AC85 		.ascii	"\2473\254\205/\274\217q\003\247\323;\371\255Z\245[\276"
 382      2FBC8F71 
 382      03A7D33B 
 382      F9AD5AA5 
 382      5BBE
 383 0fe9 42AF267F 		.ascii	"B\257&\177\260n\245\336y\351\327\313\026\352\375\327"
 383      B06EA5DE 
 383      79E9D7CB 
 383      16EAFDD7 
 384 0ff9 D2176FF1 		.ascii	"\322\027o\361e\021y"
 384      651179
 385 1000 D1E87DFD 		.ascii	"\321\350}\375}\365\177\362\365Y\340\274\324O\004\371"
 385      7DF57FF2 
 385      F559E0BC 
 385      D44F04F9 
 386 1010 3190B56F 		.ascii	"1\220\265o\241\023!\360\375FO\236\336\302s\021<\255"
 386      A11321F0 
 386      FD464F9E 
 386      DEC27311 
 386      3CAD
 387 1022 086F2732 		.ascii	"\010o'2\232\366\370Q\204\265g\221\206\214]\345G\332"
 387      9AF6F851 
 387      84B56791 
 387      868C5DE5 
 387      47DA
 388 1034 C868EBDB 		.ascii	"\310h\353\333\"\366&\342\026k\010\203\320\353'\342\304"
 388      22F626E2 
 388      166B0883 
 388      D0EB27E2 
 388      C4
 389 1045 DEDF423E 		.ascii	"\336\337B>\221\304\362\227\232~\347\340\357\257[\241"
 389      91C4F297 
 389      9A7EE7E0 
 389      EFAF5BA1 
 390 1055 D782B32B 		.ascii	"\327\202\263+\275\375\211\253\277\377;\326\306\177-"
 390      BDFD89AB 
 390      BFFF3BD6 
 390      C67F2D
 391 1064 CBB0E58B 		.ascii	"\313\260\345\2137of\271\265a\361\202%\2337\303\022\271"
 391      376F66B9 
 391      B561F182 
 391      259B37C3 
 391      12B9
 392 1076 FB2C5BB1 		.ascii	"\373,[\261Z\367\255\030H\307\225>\2725>\276\216\304"
 392      5AF7AD18 
 392      48C7953E 
 392      BA353EBE 
 392      8EC4
ARM GAS  /tmp/ccIAHqx5.s 			page 31


 393 1088 ACE57F21 		.ascii	"\254\345\177!\017\357\345\177\371\037\210e\350Y"
 393      0FEFE57F 
 393      F91F8865 
 393      E859
 394              		.text
 395              		.section	.gnu.lto_.symtab.d3759c44446b724,"",%progbits
 396 0000 56656374 		.ascii	"VectorB0\000\000\000\000\000\000\000\000\000\000\000"
 396      6F724230 
 396      00000000 
 396      00000000 
 396      000000
 397 0013 00C10000 		.ascii	"\000\301\000\000\000st_lld_init\000\000\000\000\000"
 397      0073745F 
 397      6C6C645F 
 397      696E6974 
 397      00000000 
 398 0028 00000000 		.ascii	"\000\000\000\000\000\000\000\303\000\000\000_port_i"
 398      000000C3 
 398      0000005F 
 398      706F7274 
 398      5F69
 399 003a 72715F65 		.ascii	"rq_epilogue\000\000\002\000\000\000\000\000\000\000"
 399      70696C6F 
 399      67756500 
 399      00020000 
 399      00000000 
 400 004f 0000C500 		.ascii	"\000\000\305\000\000\000_trace_isr_leave\000\000\002"
 400      00005F74 
 400      72616365 
 400      5F697372 
 400      5F6C6561 
 401 0068 00000000 		.ascii	"\000\000\000\000\000\000\000\000\000\312\000\000\000"
 401      00000000 
 401      00CA0000 
 401      00
 402 0075 5F646267 		.ascii	"_dbg_check_leave_isr\000\000\002\000\000\000\000\000"
 402      5F636865 
 402      636B5F6C 
 402      65617665 
 402      5F697372 
 403 0091 00000000 		.ascii	"\000\000\000\000\314\000\000\000_dbg_check_unlock_f"
 403      CC000000 
 403      5F646267 
 403      5F636865 
 403      636B5F75 
 404 00ac 726F6D5F 		.ascii	"rom_isr\000\000\002\000\000\000\000\000\000\000\000"
 404      69737200 
 404      00020000 
 404      00000000 
 404      0000
 405 00be 00CE0000 		.ascii	"\000\316\000\000\000chSysTimerHandlerI\000\000\002\000"
 405      00636853 
 405      79735469 
 405      6D657248 
 405      616E646C 
 406 00d9 00000000 		.ascii	"\000\000\000\000\000\000\000\000\320\000\000\000_db"
 406      00000000 
ARM GAS  /tmp/ccIAHqx5.s 			page 32


 406      D0000000 
 406      5F6462
 407 00e8 675F6368 		.ascii	"g_check_lock_from_isr\000\000\002\000\000\000\000\000"
 407      65636B5F 
 407      6C6F636B 
 407      5F66726F 
 407      6D5F6973 
 408 0105 00000000 		.ascii	"\000\000\000\000\322\000\000\000_dbg_check_enter_is"
 408      D2000000 
 408      5F646267 
 408      5F636865 
 408      636B5F65 
 409 0120 72000002 		.ascii	"r\000\000\002\000\000\000\000\000\000\000\000\000\324"
 409      00000000 
 409      00000000 
 409      00D4
 410 012e 0000005F 		.ascii	"\000\000\000_trace_isr_enter\000\000\002\000\000\000"
 410      74726163 
 410      655F6973 
 410      725F656E 
 410      74657200 
 411 0147 00000000 		.ascii	"\000\000\000\000\000\000\326\000\000\000nvicEnableV"
 411      0000D600 
 411      00006E76 
 411      6963456E 
 411      61626C65 
 412 015c 6563746F 		.ascii	"ector\000\000\002\000\000\000\000\000\000\000\000\000"
 412      72000002 
 412      00000000 
 412      00000000 
 412      00
 413 016d DB000000 		.ascii	"\333\000\000\000"
 414              		.text
 415              		.section	.gnu.lto_.opts,"",%progbits
 416 0000 272D666E 		.ascii	"'-fno-trapv' '-mcpu=cortex-m4' '-mfloat-abi=hard' '"
 416      6F2D7472 
 416      61707627 
 416      20272D6D 
 416      6370753D 
 417 0033 2D6D6670 		.ascii	"-mfpu=fpv4-sp-d16' '-mno-thumb-interwork' '-mthumb'"
 417      753D6670 
 417      76342D73 
 417      702D6431 
 417      36272027 
 418 0066 20272D67 		.ascii	" '-ggdb' '-O2' '-fomit-frame-pointer' '-falign-func"
 418      67646227 
 418      20272D4F 
 418      32272027 
 418      2D666F6D 
 419 0099 74696F6E 		.ascii	"tions=16' '-ffunction-sections' '-fdata-sections' '"
 419      733D3136 
 419      2720272D 
 419      6666756E 
 419      6374696F 
 420 00cc 2D666E6F 		.ascii	"-fno-common' '-flto' '-fsingle-precision-constant'\000"
 420      2D636F6D 
 420      6D6F6E27 
ARM GAS  /tmp/ccIAHqx5.s 			page 33


 420      20272D66 
 420      6C746F27 
 421              		.text
 422              		.comm	__gnu_lto_v1,1,1
 423              		.comm	__gnu_lto_slim,1,1
 424              		.ident	"GCC: (GNU Tools for ARM Embedded Processors) 4.9.3 20150529 (release) [ARM/embedded-4_9-br
ARM GAS  /tmp/ccIAHqx5.s 			page 34


DEFINED SYMBOLS
                            *ABS*:0000000000000000 hal_st_lld.c
                            *COM*:0000000000000001 __gnu_lto_v1
                            *COM*:0000000000000001 __gnu_lto_slim

NO UNDEFINED SYMBOLS
