ARM GAS  /tmp/ccAG5ZTa.s 			page 1


   1              		.syntax unified
   2              		.cpu cortex-m4
   3              		.eabi_attribute 27, 1
   4              		.eabi_attribute 28, 1
   5              		.fpu fpv4-sp-d16
   6              		.eabi_attribute 20, 1
   7              		.eabi_attribute 21, 1
   8              		.eabi_attribute 23, 3
   9              		.eabi_attribute 24, 1
  10              		.eabi_attribute 25, 1
  11              		.eabi_attribute 26, 1
  12              		.eabi_attribute 30, 2
  13              		.eabi_attribute 34, 1
  14              		.eabi_attribute 18, 4
  15              		.thumb
  16              		.file	"memstreams.c"
  17              		.text
  18              	.Ltext0:
  19              		.section	.gnu.lto_.profile.714c0c0d30aeb6ce,"",%progbits
  20 0000 789C6366 		.ascii	"x\234cf```a\200\000F\206\000K\000\001M\000\222"
  20      60606061 
  20      80004686 
  20      004B0001 
  20      4D0092
  21              		.text
  22              		.section	.gnu.lto_.jmpfuncs.714c0c0d30aeb6ce,"",%progbits
  23 0000 789C6366 		.ascii	"x\234cf\300\016\354\2414+\003\023##s}=#\020\32431\003"
  23      C00EECA1 
  23      342B0313 
  23      2323737D 
  23      3D2310D4 
  24 0017 49F67AC6 		.ascii	"I\366z\306zf\346rFF\260<3\\\010\310\206\010\262\260"
  24      7A66E672 
  24      4646B03C 
  24      335C08C8 
  24      8608B2B0 
  25 002b 8014F3D7 		.ascii	"\200\024\363\327\003\001\003\000\323a\007\002"
  25      03010300 
  25      D3610702 
  26              		.text
  27              		.section	.gnu.lto_.inline.714c0c0d30aeb6ce,"",%progbits
  28 0000 789C6366 		.ascii	"x\234cf\300\016\212\031!4+\003\003/\017#3\003#\003\263"
  28      C00E8A19 
  28      21342B03 
  28      032F0F23 
  28      33032303 
  29 0015 03884800 		.ascii	"\003\210H\000\021\012\\l\023\364\0308.\350110\276`g"
  29      110A5C6C 
  29      13F41838 
  29      2EE83131 
  29      30BE6067 
  30 0029 81902082 		.ascii	"\201\220 \202\003\314\344``Y \317\303\300x\203]\200"
  30      03CCE460 
  30      605920CF 
  30      C3C07883 
  30      5D80
  31 003b 094C3230 		.ascii	"\011L20m\340\227\000\231\306\310\300\303\0151\014lN"
ARM GAS  /tmp/ccAG5ZTa.s 			page 2


  31      6DE09700 
  31      99C6C8C0 
  31      C30D310C 
  31      6C4E
  32 004d 0323C434 		.ascii	"\003#\3044\346\016q\006\366\037jXLc\236!\216\3334&\006"
  32      E60E7106 
  32      F61F6A58 
  32      4C639E21 
  32      8EDB3426 
  33 0062 41494616 		.ascii	"AIF\026$\323\230\030\301v0+p\003\2650p|\300\351>\246"
  33      24D39818 
  33      C176302B 
  33      7003B530 
  33      707CC0E9 
  34 0078 0BFC3C20 		.ascii	"\013\374< ce@\\\005\260\240\002HP\003d,\013/\003\003"
  34      6365405C 
  34      05B0A002 
  34      48500364 
  34      2C0B2F03 
  35 008d F3043F10 		.ascii	"\363\004?\020d\206\333\000\361<\325-`a\340`gd`b\355"
  35      6486DB00 
  35      F13CD52D 
  35      6061E060 
  35      67646062 
  36 00a2 5067E05E 		.ascii	"Pg\340^\341\306\004\016r\000\014\0123\273"
  36      E1C6040E 
  36      72000C0A 
  36      33BB
  37              		.text
  38              		.section	.gnu.lto_.pureconst.714c0c0d30aeb6ce,"",%progbits
  39 0000 789C6366 		.ascii	"x\234cf``\340f\200\000V\006)F)&)f)\026)\000\004\026"
  39      6060E066 
  39      80005606 
  39      29462926 
  39      29662916 
  40 0018 00A0     		.ascii	"\000\240"
  41              		.text
  42              		.section	.gnu.lto__put.714c0c0d30aeb6ce,"",%progbits
  43 0000 789C8D53 		.ascii	"x\234\215S\335KSa\030\177\177\357{\266\263\265\371A"
  43      DD4B5361 
  43      187F7FEF 
  43      7BB6B3B5 
  43      F941
  44 0012 08C12E2A 		.ascii	"\010\301.*\020\2210]E%t%\364\007t\321\037\020\032\202"
  44      1091305D 
  44      45257425 
  44      F40774D1 
  44      1F101A82 
  45 0026 0347D2BA 		.ascii	"\003G\322\272\350\3163\035Fx#\323JS3\223\3142\265\271"
  45      E8CE331D 
  45      467823D3 
  45      4A533393 
  45      CC32B5B9 
  46 003a 34B5AF05 		.ascii	"4\265\257\005e\022\232za\331\007e`fQ\324LX\273\250\365"
  46      65129A7A 
  46      61D90765 
  46      606651D4 
ARM GAS  /tmp/ccAG5ZTa.s 			page 3


  46      4C58BBA8 
  47 004f 3CE70C54 		.ascii	"<\347\014T\272\310\003{?\236\363\376\276\236\363N\211"
  47      BAC8037B 
  47      3F9EF3FE 
  47      BE9EF34E 
  47      89
  48 0060 7F9FFDF4 		.ascii	"\177\237\375\364\233VB\034\242\0316\001\331\360\\\210"
  48      9B56421C 
  48      A2193601 
  48      D9F05C88 
  49 0070 A0434AAD 		.ascii	"\240CJ\255\003\302\330\242\342\223B\030n\005\315\252"
  49      03C2D8A2 
  49      E2934218 
  49      6E05CDAA 
  50 0080 6B002F04 		.ascii	"k\000/\004D\265T\032\252\361Y\306%F\373W\247\\\3132"
  50      44B5541A 
  50      AAF159C6 
  50      2546FB57 
  50      A75CCB32 
  51 0094 29C54E41 		.ascii	")\305NA\333\261\360D\263\235\267\320x\373\246!\365%"
  51      DBB1F044 
  51      B39DB7D0 
  51      78FBA621 
  51      F525
  52 00a6 33FFAA61 		.ascii	"3\377\252a\030?\256DN\2674]\2467R\374\224\002\327\340"
  52      183FAE44 
  52      4EB7345D 
  52      A63752FC 
  52      9402D7E0 
  53 00ba 410F3CCC 		.ascii	"A\017<\314w\035\371t4<\337\252\253}`\324\367\225\231"
  53      771DF974 
  53      343CDFAA 
  53      AB7D60D4 
  53      F79599
  54 00cd A8CCEB32 		.ascii	"\250\314\3532\214\232\330\350\240Q\242%\245\302\015"
  54      8C9AD8E8 
  54      A051A225 
  54      A5C20D
  55 00dc A8F5302A 		.ascii	"\250\3650*\011\364\"\217N_Z~;\002u\300D\316\314\234"
  55      09F4228F 
  55      4E5F5A7E 
  55      3B0275C0 
  55      44CECC9C 
  56 00f0 6D82859C 		.ascii	"m\202\205\234\3527J\220\224\032nZ\310\335\036\354b\234"
  56      EA374A90 
  56      941A6E5A 
  56      C8DD1EEC 
  56      629C
  57 0102 26D0873C 		.ascii	"&\320\207<>\234|\374\351\214[\025\233\300\272s\335\215"
  57      3E9C7CFC 
  57      E98C5B15 
  57      9BC0BA73 
  57      DD8D
  58 0114 B6DC4E02 		.ascii	"\266\334N\002.\324w=s\033\023Fh!\225\332\221\2246\364"
  58      2ED4773D 
  58      731B1346 
  58      682195DA 
ARM GAS  /tmp/ccAG5ZTa.s 			page 4


  58      919436F4 
  59 0128 6F54B61E 		.ascii	"oT\266\036\202\304C\277_\272\354!\312\226\215\001\344"
  59      82C443BF 
  59      5FBAEC21 
  59      CA968D01 
  59      E4
  60 0139 722A0A73 		.ascii	"r*\012s\013v\320<\2605f\244R\321'\301\372\202\026\231"
  60      0B76D03C 
  60      B03566A4 
  60      52D127C1 
  60      FA821699 
  61 014d 09D2A50C 		.ascii	"\011\322\245\014l\330FK\273\235\007\235\006\335\301"
  61      6CD8464B 
  61      BB9D079D 
  61      06DDC1
  62 015c 83136CC9 		.ascii	"\203\023l\311\305E7\017B,\022\0277\373#u\213f\365\002"
  62      C545370F 
  62      422C1217 
  62      37FB2375 
  62      8B66F502 
  63 0170 35B10BE3 		.ascii	"5\261\013\3439&;i%(\375k\324\014\307\307;\025\327\022"
  63      39263B69 
  63      2528FD6B 
  63      D40CC7C7 
  63      3B15D712 
  64 0184 D24686DE 		.ascii	"\322F\206\336/N\317:\270\3676\323\337\320\257\216o\031"
  64      2F4ECF3A 
  64      B8F736D3 
  64      DFD0AF8E 
  64      6F19
  65 0196 ED68A526 		.ascii	"\355h\245&8\010\200\010\233\247z\333j\343\253\254\302"
  65      38088008 
  65      9BA77ADB 
  65      6AE3ABAC 
  65      C2
  66 01a7 82A47462 		.ascii	"\202\244tb\020\355Xa\333\002Q\024\232\224\235\333,B"
  66      10ED5861 
  66      DB025114 
  66      9A949DDB 
  66      2C42
  67 01b9 FBE6186E 		.ascii	"\373\346\030n\233\014\234\030C\3040\207\320|\255'm)"
  67      9B0C9C18 
  67      43C43087 
  67      D07CAD27 
  67      6D29
  68 01cb C1490487 		.ascii	"\301I\004\207P\202\356\2222\035?\015\246\035\353\233"
  68      5082EE92 
  68      321D3F0D 
  68      A61DEB9B 
  69 01db 11D0316C 		.ascii	"\021\3201l\012\230\255\275cZ\254m\256\233\224\026\005"
  69      0A98ADBD 
  69      635AAC6D 
  69      AE9B9416 
  69      05
  70 01ec 61741621 		.ascii	"at\026!\342\363\037\266sm}\027\364\015]\010\032FL\321"
  70      E2F31FB6 
  70      736D7D17 
ARM GAS  /tmp/ccAG5ZTa.s 			page 5


  70      F40D5D08 
  70      1A464CD1 
  71 0200 D7271446 		.ascii	"\327'\024FX\006\243\304\234\220N3ud\362Q\332\226\353"
  71      5806A3C4 
  71      9C904E33 
  71      7564F251 
  71      DA96EB
  72 0213 BFB67AE9 		.ascii	"\277\266z\351\213;8\373\330Z\366\273\226\265\260\335"
  72      8B3B38FB 
  72      D85AF6BB 
  72      96B5B0DD 
  73 0223 22715B3C 		.ascii	"\"q[<\263\027\273k\263\330\212\023\002\367\210\204\244"
  73      B317BB6B 
  73      B3D88A13 
  73      02F78884 
  73      A4
  74 0234 C248FBDC 		.ascii	"\302H\373\334\244\310\3755\221\007($j\263\241\232y+"
  74      A4C8FD35 
  74      91072824 
  74      6AB3A19A 
  74      792B
  75 0246 DE21982D 		.ascii	"\336!\230-\022\374r\011 \350RO_w\006\353\311?\251\364"
  75      12FC7209 
  75      20E8524F 
  75      5F7706EB 
  75      C93FA9F4 
  76 025a 437FD387 		.ascii	"C\177\323\207\360\310\257\221\234\365\255\241v\"\006"
  76      F0C8AF91 
  76      9CF5ADA1 
  76      762206
  77 0269 8F6A8BBA 		.ascii	"\217j\213\272\351\252\201\311\250\344=\\\341+\363\035"
  77      E9AA81C9 
  77      A8E43D5C 
  77      E12BF31D 
  78 0279 397A6C6F 		.ascii	"9zloq\321\301\242=\336\023\001oEi\245\267\322W\346\015"
  78      71D1C1A2 
  78      3DDE1301 
  78      6F4569A5 
  78      B7D257E6 
  79 028e 9C3A595E 		.ascii	"\234:Y^\352\017x\375\345\376\364\262\350\270\220\276"
  79      EA0F78FD 
  79      E5FEF4B2 
  79      E8B890BE 
  80 029e 2A94297F 		.ascii	"*\224)\177\240\352/-1eF"
  80      A0EA2F2D 
  80      316546
  81              		.text
  82              		.section	.gnu.lto__get.714c0c0d30aeb6ce,"",%progbits
  83 0000 789C8D53 		.ascii	"x\234\215S\335KSa\030\177\177\3579;gs3%\244\213\335"
  83      DD4B5361 
  83      187F7FEF 
  83      393B6773 
  83      3325A48B 
  84 0015 148848A4 		.ascii	"\024\210H\244\256\242\022\272\210\240?\240\213\376\200"
  84      AEA212BA 
  84      88A03FA0 
  84      8BFE80
ARM GAS  /tmp/ccAG5ZTa.s 			page 6


  85 0024 D0101C38 		.ascii	"\320\020\0348\222\326Ew\276\352P\350\"d&\330\374*,\263"
  85      92D64577 
  85      BEEA50E8 
  85      226426D8 
  85      FC2A2CB3 
  86 0038 4C4DE74C 		.ascii	"LM\347L-aE\210\204YB\226}`Fj\026Ei\222\355\242\326\363"
  86      2D614588 
  86      84594296 
  86      7D60466A 
  86      16456992 
  87 0050 9CB34AE9 		.ascii	"\234\263J\351\"\017\234\367\343\331\373\373x~\347\235"
  87      220F9CF7 
  87      E3D9FBFB 
  87      787EE79D 
  88 0060 26FE7DF6 		.ascii	"&\376}\366\321\333\245\011q\220f8\004d\335\244\020\225"
  88      D1DBA509 
  88      71906638 
  88      0464DDA4 
  88      1095
  89 0072 4E29F536 		.ascii	"N)\3656\010\225\246-O\010\241<\032t\273\256\003\274"
  89      0895A62D 
  89      4F08A13C 
  89      1A74BBAE 
  89      03BC
  90 0084 10101552 		.ascii	"\020\020\025R\323Q\201\367rYb\270g\365\241{I&\244\330"
  90      D35181F7 
  90      725962B8 
  90      67F5A17B 
  90      4926A4D8 
  91 0098 21683B12 		.ascii	"!h;\022\036o4x\013\235\267/\353\222\037\266\344^QJ}"
  91      1E6F3478 
  91      0B9DB72F 
  91      EB921FB6 
  91      E45E514A 
  92 00ad B9173D73 		.ascii	"\271\027=s\341\374E\372E\212\257R\340*\274\350\204\227"
  92      E1FC45FA 
  92      458AAF52 
  92      E02ABCE8 
  92      8497
  93 00bf F9AE2197 		.ascii	"\371\256!\227\216\206g\232Lm/\030\365y\345qT\346\264"
  93      8E86679A 
  93      4C6D2F18 
  93      F579E571 
  93      54E6B4
  94 00d2 2B55151F 		.ascii	"+U\025\037\356W\207\365\204\324p\035\332z\030\225\004"
  94      EE5787F5 
  94      84D4701D 
  94      DA7A1895 
  94      04
  95 00e3 BA90C3C7 		.ascii	"\272\220\303\307[\227^\015A\333oA/\237\033h\220\331"
  95      5B975E0D 
  95      41DB6F41 
  95      2F9F1B68 
  95      90D9
  96 00f5 97083AD7 		.ascii	"\227\010:\327\362v\314\255\032Uh.\231\334\236\220:n"
  96      F276CCAD 
  96      1A55682E 
ARM GAS  /tmp/ccAG5ZTa.s 			page 7


  96      99DC9E90 
  96      3A6E
  97 0107 D80C795E 		.ascii	"\330\014y^\354\364\246\022 @\342\376\273Z\217Vh\201"
  97      ECF4A612 
  97      2040E2FE 
  97      BB5A8F56 
  97      6881
  98 0119 6B1A3AEA 		.ascii	"k\032:\352\0356\270\265\375\201G\215\377\006;\320\263"
  98      1D36B8B5 
  98      FD81478D 
  98      FF063BD0 
  98      B3
  99 012a 51FE0F7C 		.ascii	"Q\376\017|9\364\343\231\333\010Q\203\231\350F6z\221"
  99      39F4E399 
  99      DB085183 
  99      99E84636 
  99      7A91
 100 013c CDED5157 		.ascii	"\315\355QW7a\200&\256\366n\215\253d2:9U[\030\221\351"
 100      37618026 
 100      AEF66E8D 
 100      AB64323A 
 100      39555B18 
 101 0152 20F3D410 		.ascii	" \363\324\020\273w\320\3220x0i0\235<\270\004C\322\270"
 101      BB77D0D2 
 101      30783069 
 101      309D3CB8 
 101      0443D2B8 
 102 0166 E8E19342 		.ascii	"\350\341\223B\314\323\313\311/\320\206f\355)\252\342"
 102      CCD3CBC9 
 102      2FD08666 
 102      ED29AAE2 
 103 0176 A3635996 		.ascii	"\243cY\226\002\351\255Q\024/P5\330\367\344\222\306\265"
 103      02E9AD51 
 103      142F5035 
 103      D8F7E492 
 103      C6B5
 104 0188 35E92063 		.ascii	"5\351 c\257\347\037M9\371C8,\237\261\357m\237\322[\320"
 104      AFE71F4D 
 104      39F94338 
 104      2C9FB1EF 
 104      6D9FD25B 
 105 019d 84847412 		.ascii	"\204\204t\022\000}\334\004\325\233W\353\237g\344\357"
 105      007DDC04 
 105      D59B57EB 
 105      9F67E4EF 
 106 01ad 4A4817FA 		.ascii	"JH\027\372\321\202\025\266.\020E\276E\371f\233Mhl\216"
 106      D18215B6 
 106      2E1045BE 
 106      45F9669B 
 106      4D686C8E 
 107 01c1 61C06200 		.ascii	"a\300b\0003\304\210a\032\241\231jo\312\022\221X\231"
 107      33C48861 
 107      1AA1996A 
 107      6FCA1291 
 107      5899
 108 01d3 2D905BBA 		.ascii	"-\220[\272X\232\345x\372n\312\261\271\031\001\023\203"
 108      589AE578 
ARM GAS  /tmp/ccAG5ZTa.s 			page 8


 108      FA6ECAB1 
 108      B9190113 
 108      83
 109 01e4 968015EF 		.ascii	"\226\200\025\357-\313buc\315GiS\020\306d\021\"\376v"
 109      2DCB6275 
 109      63CD4769 
 109      5310C664 
 109      1122FE76 
 110 01f8 36CFAEB9 		.ascii	"6\317\256\271\326\007an\010\242R\251\270I\327\202\200"
 110      D607616E 
 110      08A252A9 
 110      B849D782 
 110      80
 111 0209 1862250C 		.ascii	"\030b%\014\023\271\240l\225\333J\266\233\223u\261F\270"
 111      13B9A06C 
 111      95DB4AB6 
 111      9B9375B1 
 111      46B8
 112 021b 663672C8 		.ascii	"f6r\310&L\263\263\230\212tTg0\247\013\002#\204&\321"
 112      264CB3B3 
 112      988A7454 
 112      6730A70B 
 112      02238426 
 113 0230 30F8C87F 		.ascii	"0\370\310\177\373\350\242\253\342d\340\355\277a\335"
 113      FBE8A2AB 
 113      E264E0ED 
 113      BF61DD
 114 023f 413E5133 		.ascii	"A>Q3\311l\355b\304\260\245<\254\316y\351\326G\237Ee"
 114      C96CED62 
 114      C4B0A53C 
 114      ACCE79E9 
 114      D6479F45 
 115 0254 A658E3F3 		.ascii	"\246X\343\363\213\000\261-vvw\244\263\005\3713\231z"
 115      8B00B12D 
 115      767677A4 
 115      B305F933 
 115      997A
 116 0266 E82F390A 		.ascii	"\350/9\012\257l\216e\021Z\233\210y\350\346\200\301\024"
 116      AF6C8E65 
 116      115A9B88 
 116      79E8E680 
 116      C114
 117 0278 98EF48A9 		.ascii	"\230\357H\251\277\330\177\364\330\361=\205\005\007\012"
 117      BFD87FF4 
 117      D8F13D85 
 117      05070A
 118 0287 76FB4E06 		.ascii	"v\373N\006}\245Ee\2762\177\261/x\372TIQ \350\013\224"
 118      7DA54565 
 118      BE327FB1 
 118      2F78FA54 
 118      495120E8 
 119 029d 0452CB82 		.ascii	"\004R\313\202\023B\372\313Q\254\005\202\345\277\000"
 119      1342FACB 
 119      51AC0582 
 119      E5BF00
 120 02ac E52C5980 		.ascii	"\345,Y\200"
 121              		.text
ARM GAS  /tmp/ccAG5ZTa.s 			page 9


 122              		.section	.gnu.lto__reads.714c0c0d30aeb6ce,"",%progbits
 123 0000 789C8D52 		.ascii	"x\234\215R[KTQ\024\336k\357s\316\234\031g\320z\350a"
 123      5B4B5451 
 123      14DE6BEF 
 123      73CE9C19 
 123      67D07AE8 
 124 0015 E8462212 		.ascii	"\350F\"\022\241\247\013]\010\202\240\227\336z\350\007"
 124      A1A70B5D 
 124      0882A097 
 124      DE7AE807 
 125 0025 8496E080 		.ascii	"\204\226\340\200S\322\364*\036\307i\362)b,\0300\273"
 125      53D2F42A 
 125      1EC769F2 
 125      29622C18 
 125      30BB
 126 0037 1076B3C6 		.ascii	"\020v\263\306\324\264\264\321\346A\252\007\273\233\216"
 126      D4B4B4D1 
 126      E641AA07 
 126      BB9B8E
 127 0046 1195A45D 		.ascii	"\021\225\244]\240\030o0\035\242\246\265\366\266,{\310"
 127      A0186F30 
 127      1DA2A6B5 
 127      F6B62C7B 
 127      C8
 128 0057 03675FD6 		.ascii	"\003g_\326^\337\267\276o\355-\330\277\337&\374s\202"
 128      5EDFB7BE 
 128      6FED2DD8 
 128      BFDF26FC 
 128      7382
 129 0069 B11D3883 		.ascii	"\261\0358\203\316\200\237x\304X\235\311\271\030\262"
 129      CE809F78 
 129      C4589DC9 
 129      B918B2
 130 0078 98EDD192 		.ascii	"\230\355\321\222+\231\355\025\240\251\260\006@\013\006"
 130      2B99ED15 
 130      A0A9B006 
 130      400B06
 131 0087 AC960B0D 		.ascii	"\254\226\013\015j\341\023\237\342\320\223\230}\230\367"
 131      6AE1139F 
 131      E2D09398 
 131      7D98F7
 132 0096 913B9CAD 		.ascii	"\221;\234\255f\270\355\215=\210\033\264\005\215\266"
 132      66B8ED8D 
 132      3D881BB4 
 132      058DB6
 133 00a5 23C3F111 		.ascii	"#\303\361\021wq\213m\207'\303\231\373\336\243\273\035"
 133      77718B6D 
 133      8727C399 
 133      FBDEA3BB 
 133      1D
 134 00b6 CED90C67 		.ascii	"\316\331\014gp\011\374p\031\374Dw\005\21213\226nr\211"
 134      7009FC70 
 134      19FC4477 
 134      058A3133 
 134      966E7289 
 135 00ca 8D40A0CC 		.ascii	"\215@\240\314\364\223N^t\001A\251d\207\275Ss\270\200"
 135      F4934E5E 
ARM GAS  /tmp/ccAG5ZTa.s 			page 10


 135      740141A9 
 135      6487BD53 
 135      73B880
 136 00dd AB20FE84 		.ascii	"\253 \376\204a\210A+\024av\"\031\2314\304f\211\034\213"
 136      6188412B 
 136      14617622 
 136      199934C4 
 136      66891C8B 
 137 00f1 34A4BD0A 		.ascii	"4\244\275\0129\252\220\032\\[\210\324\030\\\227\310"
 137      39AA901A 
 137      5C5B88D4 
 137      185C97C8 
 138 0101 A1F4BBA8 		.ascii	"\241\364\273\250&\266IdW_\342^\276B~VHd^\210\304M\033"
 138      26B64964 
 138      575FE25E 
 138      BE427E56 
 138      48645E88 
 139 0118 1451BA33 		.ascii	"\024Q\2723\360\341\230Wl\227\320\350\251\213\215z\341"
 139      F0E19857 
 139      6C97D0E8 
 139      A98B8D7A 
 139      E1
 140 0129 7984BE75 		.ascii	"y\204\276u\236\035HE\316\331?r9p\270\0167\376&P\037"
 140      9E1D4845 
 140      CED93F72 
 140      3970B80E 
 140      37FE2650 
 141 013e 22A622DF 		.ascii	"\"\246\"\337G\362\214\210m\333\005\320\016\205\324\020"
 141      47F28C88 
 141      6DDB05D0 
 141      0E85D410 
 142 014e EC430718 		.ascii	"\354C\007\030\200s\333\322\224\235\313u&3\3615K\362"
 142      8073DBD2 
 142      949DCB75 
 142      2633F135 
 142      4BF2
 143 0160 4156E440 		.ascii	"AV\344@^5T`\3504\0304\270\200\216L2\344\306\301\345"
 143      5E355460 
 143      E8341834 
 143      B8808E4C 
 143      32E4C6C1 
 144 0175 01B2E5A5 		.ascii	"\001\262\345\245#\037\015\214\215#-\335\330\004\012"
 144      231F0D8C 
 144      8D232DDD 
 144      D8040A
 145 0184 C7590C43 		.ascii	"\307Y\014C85\323\002\262\020\226\315b\370%\204\273\247"
 145      3835D302 
 145      B21096CD 
 145      62F82584 
 145      BBA7
 146 0196 FAFC14CA 		.ascii	"\372\374\024\312r\015\245\275\031\177\374\324\244\373"
 146      720DA5BD 
 146      197FFCD4 
 146      A4FB
 147 01a4 D3A5D2AE 		.ascii	"\323\245\322\256\257g\277\370\232\241\011\355\230\230"
 147      AF67BFF8 
 147      9AA109ED 
ARM GAS  /tmp/ccAG5ZTa.s 			page 11


 147      9898
 148 01b2 0F9D6403 		.ascii	"\017\235d\003\343\247g\033G\363K\326Q\227nB3L\223\001"
 148      E3A7671B 
 148      47F34BD6 
 148      51976E42 
 148      334C9301 
 149 01c6 065D5022 		.ascii	"\006]P\"\031\307\226)B}q\014\335\222\201\274\303-\311"
 149      19C79629 
 149      427D710C 
 149      DD9281BC 
 149      C32DC9
 150 01d9 507F323A 		.ascii	"P\1772:\300\025\005\311B\"\366\002\"\203\365\376\337"
 150      C01505C9 
 150      4222F602 
 150      2283F5FE 
 150      DF
 151 01ea 31976CE5 		.ascii	"1\227l\345\004\276\202!K\372rVH[\330\221,Y\307#\355"
 151      04BE8221 
 151      4BFA7256 
 151      485BD891 
 151      2C59C723 
 152 01ff 97E702A6 		.ascii	"\227\347\002\246\302\240\334\366\257U,\346b\304ip[\212"
 152      C2A0DCF6 
 152      AF552CE6 
 152      62C46970 
 152      5B8A
 153 0211 9317D4A3 		.ascii	"\223\027\324\243\304\305\243\313\025\203;K(\235\275"
 153      C4C5A3CB 
 153      15833B4B 
 153      289DBD
 154 0220 C2C21820 		.ascii	"\302\302\030 \340\231\347\307\023\274\346\233\335`\233"
 154      E099E7C7 
 154      13BCE69B 
 154      DD609B
 155 022f 0E77CF90 		.ascii	"\016w\317\220)\350\205\032\226\345\036\231\217\205<"
 155      29E8851A 
 155      96E51E99 
 155      8F853C
 156 023e 5246FBDD 		.ascii	"RF\373\335U\212\304\373_\031\255\370NL\352\323\235\371"
 156      558AC4FB 
 156      5F19ADF8 
 156      4E4CEAD3 
 156      9DF9
 157 0250 3E259594 		.ascii	">%\225\224\230\241H|\3103g0&\357w\361\244}\363\244\375"
 157      98A1487C 
 157      C8336730 
 157      26EF77F1 
 157      A47DF3A4 
 158 0265 508254EC 		.ascii	"P\202T\3545\324\245r>E\214\361\367\000\330o\216\203"
 158      35D4A572 
 158      3E458CF1 
 158      F700D86F 
 158      8E83
 159 0277 21063380 		.ascii	"!\0063\200\257\012\250\263\330\021kWe\240<\260g\357"
 159      AF0AA8B3 
 159      D8116B57 
 159      65A03CB0 
ARM GAS  /tmp/ccAG5ZTa.s 			page 12


 159      67EF
 160 0289 BE0D5B4B 		.ascii	"\276\015[K\267\224\256\267\016\205\254\312\262*\253"
 160      B794AEB7 
 160      0E85ACCA 
 160      B22AAB
 161 0298 2A506E85 		.ascii	"*Pn\205\216\034\256(\013\206\254`EpnY\272\237\361@5"
 161      8E1CAE28 
 161      0B86AC60 
 161      45706E59 
 161      BA9FF140 
 162 02ad 2FAF8683 		.ascii	"/\257\206\203\"\030\252\376\011\275\366g\356"
 162      2218AAFE 
 162      09BDF667 
 162      EE
 163              		.text
 164              		.section	.gnu.lto__writes.714c0c0d30aeb6ce,"",%progbits
 165 0000 789C8D52 		.ascii	"x\234\215R\333KTA\034\236\337\3149g\317\256\273(\275"
 165      DB4B5441 
 165      1C9EDFCC 
 165      3967CFAE 
 165      BB28BD
 166 0013 045B4620 		.ascii	"\004[F \342C\254\247\013]\010\202\240\227\336z\350\017"
 166      E243ACA7 
 166      0B5D0882 
 166      A097DE7A 
 166      E80F
 167 0025 082DC105 		.ascii	"\010-\301\005\267\244\355U<\352\266\371\024\261\026"
 167      B7A4ED55 
 167      3CEAB6F9 
 167      14B116
 168 0034 08662561 		.ascii	"\010f%a7m\315\313Z\232\326>D\365`w/\333\205\354\242"
 168      376DCDCB 
 168      5A9AD63E 
 168      44F56077 
 168      2FDB85EC 
 169 0049 6584E40D 		.ascii	"e\204\344\015\266\203\344\366\373\315X\226=\344\201"
 169      B683E4F6 
 169      FBCD5896 
 169      3DE481
 170 0058 3397DFCC 		.ascii	"3\227\337\314\367\315\367}3\202\375\373m\301?#\030\333"
 170      F7CDF77D 
 170      3382FDFB 
 170      6DC13F23 
 170      18DB
 171 006a 853DE80C 		.ascii	"\205=\350\014\370\251\307\214U\231\234\213A\213\331"
 171      F8A9C78C 
 171      55999C8B 
 171      418BD9
 172 0079 1EAD6F1D 		.ascii	"\036\255o\035\263\275\0024U\326\000h\300\200Ur\241A"
 172      B3BD0234 
 172      55D60068 
 172      C0805572 
 172      A141
 173 008b 257CE1D3 		.ascii	"%|\341\323\034z\342s\217\262&\270\303\331z\206\323\336"
 173      1C7AE273 
 173      8FB226B8 
 173      C3D97A86 
ARM GAS  /tmp/ccAG5ZTa.s 			page 13


 173      D3DE
 174 009d D8C37A83 		.ascii	"\330\303z\203\246\240\321td\270~\304]\320l\333\325S"
 174      A6A0D174 
 174      64B87EC4 
 174      5DD06CDB 
 174      D553
 175 00af 1FBE3EF0 		.ascii	"\037\276>\360\036\337\353p\316f9\203\313\340\207+\340"
 175      1EDFEB70 
 175      CE663983 
 175      CBE0872B 
 175      E0
 176 00c0 27BAAB50 		.ascii	"'\272\253P\200;c\251\006\227\330\014\004\3726\363\264"
 176      803B63A9 
 176      0697D80C 
 176      04FA36F3 
 176      B4
 177 00d1 93E75F44 		.ascii	"\223\347_DP\262\277\303\336\2559\\\3005\020\177\302"
 177      50B2BFC3 
 177      DEAD395C 
 177      C035107F 
 177      C2
 178 00e2 B0C4A005 		.ascii	"\260\304\240\005\362qw\274/2e\210\255\022\371>R\233"
 178      F27177BC 
 178      2F326588 
 178      AD12F93E 
 178      529B
 179 00f4 F22AE484 		.ascii	"\362*\344\204Bj\320\272\034\2511\270.\221\203\251\217"
 179      426AD0BA 
 179      1CA931B8 
 179      2E9183A9 
 179      8F
 180 0105 514DEC90 		.ascii	"QM\354\220\310D\177\374~\266B\316+$2/G\342\244\015\362"
 180      C8447FFC 
 180      7EB642CE 
 180      2B24322F 
 180      47E2A40D 
 181 011a 69BB73EF 		.ascii	"i\273s\357\363\011\257\330)\241\3213\227\352\364\274"
 181      F309AFD8 
 181      29A1D133 
 181      97EAF4BC 
 182 012a 2684BE1B 		.ascii	"&\204\276\033}~(\031\271`/d2\340p\035n\374M\240>DLG"
 182      7D7E2819 
 182      B9602F64 
 182      32E0701D 
 182      6EFC4DA0 
 183 0142 7E8C6419 		.ascii	"~\214d\031\021\333\266s\240\035\362(\020\314\241\003"
 183      11DBB673 
 183      A01DF228 
 183      10CCA103 
 184 0152 0CC0BE6D 		.ascii	"\014\300\276mU\322\316d:\333\026Rk \033\344\211\034"
 184      55D2CE64 
 184      3ADB1652 
 184      6B201BE4 
 184      891C
 185 0164 C8AB860A 		.ascii	"\310\253\206\012\014\235\032\203\032\027\320\222\211"
 185      0C9D1A83 
 185      1A17D092 
ARM GAS  /tmp/ccAG5ZTa.s 			page 14


 185      89
 186 0171 43979BF2 		.ascii	"C\227\233\362\360\000\331\362\322\222\217\032\306\306"
 186      F000D9F2 
 186      D2928F1A 
 186      C6C6
 187 017f 90966E6C 		.ascii	"\220\226nl\034\205c/\206\241:y\267\031\344Axl\032\313"
 187      1C85632F 
 187      86A13A79 
 187      B719E441 
 187      786C1ACB 
 188 0193 AFA0BA7B 		.ascii	"\257\240\272{\272\313O\2454\327P\332\350\330\223g&\335"
 188      BACB4FA5 
 188      34D750DA 
 188      E8D89367 
 188      26DD
 189 01a5 9F2E9526 		.ascii	"\237.\225&\276\237\237\3645B\003\3321q?t\222\015\254"
 189      BE9F9FF4 
 189      354203DA 
 189      31713F74 
 189      920DAC
 190 01b8 9F9DAB7B 		.ascii	"\237\235\253{\231\035\330@)uA#\314\220\001\006\011\010"
 190      991DD840 
 190      29754123 
 190      CC900106 
 190      0908
 191 01ca 48C6A6D5 		.ascii	"H\306\246\325\212P_\031C\267d \357pS2\324\234\216\016"
 191      8A505F19 
 191      43B76420 
 191      EF705332 
 191      D49C8E0E 
 192 01de 704541B2 		.ascii	"pEA\262\220\210\015Ad\240\306\377\273\346\222Q\216\343"
 192      90880D41 
 192      64A0C6FF 
 192      BBE69251 
 192      8EE3
 193 01f0 2B18B4A4 		.ascii	"+\030\264\244\257\241\\i\013\023I\223u\\\322~y\316a"
 193      AFA15C69 
 193      0B134993 
 193      755CD27E 
 193      79CE61
 194 0203 AA0CCA6D 		.ascii	"\252\014\312m\"W\261\230+\021\347\202[R\234\274\240"
 194      2257B198 
 194      2B11E782 
 194      5B529CBC 
 194      A0
 195 0214 1E25AE3E 		.ascii	"\036%\256>\272V1\270\323\204\322\331\033<\030\013\004"
 195      BA5631B8 
 195      D384D2D9 
 195      1B3C180B 
 195      04
 196 0225 3CF7E264 		.ascii	"<\367\342d\234W\314\333\265\266\351p\367,\231\202^\250"
 196      9C57CCDB 
 196      B5B6E970 
 196      F72C9982 
 196      5EA8
 197 0237 6072B307 		.ascii	"`r\263\00758\334#e\264w/\222x\377+\243\005\337\211I"
 197      3538DC23 
ARM GAS  /tmp/ccAG5ZTa.s 			page 15


 197      65B4772F 
 197      9278FF2B 
 197      A305DF89 
 198 024c 39DD5ECA 		.ascii	"9\335^\312\251OI\211\031\212\304\207<\213\006c\362~"
 198      A94F4989 
 198      198AC487 
 198      3C8B0663 
 198      F27E
 199 025e 574EDABF 		.ascii	"WN\332\277Dz\007\002H\305\336BU\362\265O\021c\375\023"
 199      447A0702 
 199      48C5DE42 
 199      55F2B54F 
 199      1163FD13 
 200 0272 00E6CDB1 		.ascii	"\000\346\315\2611D\353$\340\253\002J\026\023\261\366"
 200      3144EB24 
 200      E0AB024A 
 200      1613B1F6 
 201 0282 94068B83 		.ascii	"\224\006\213\203\373\366\037\330\264\275p[\341F\353"
 201      FBF61FD8 
 201      B4BD705B 
 201      E146EB
 202 0291 48D82A2D 		.ascii	"H\330*-*\263\312\202\305V\370\330\321\222\242P\330\012"
 202      2AB3CA82 
 202      C556F8D8 
 202      D192A250 
 202      D80A
 203 02a3 95841687 		.ascii	"\225\204\026\207\205\007\031\017\226\363\342r8,B\341"
 203      8507190F 
 203      96F3E272 
 203      382C42E1 
 204 02b3 F29F391A 		.ascii	"\362\2379\032g}"
 204      677D
 205              		.text
 206              		.section	.gnu.lto_msObjectInit.714c0c0d30aeb6ce,"",%progbits
 207 0000 789C9591 		.ascii	"x\234\225\221\317KTQ\024\307\357\367\3367\317\007c\030"
 207      CF4B5451 
 207      14C7EFF7 
 207      DE37CF07 
 207      6318
 208 0012 ADC4559B 		.ascii	"\255\304U\233A\"t\252\205\255\212(\242v-\372\003Bc\304"
 208      412274AA 
 208      85AD8A28 
 208      A2762DFA 
 208      034263C4 
 209 0026 0107C329 		.ascii	"\001\007\303)\210@\274#\206\004\201\322\017\033\250"
 209      8840BC23 
 209      860481D2 
 209      0F1BA8
 210 0035 C185449A 		.ascii	"\301\205D\232\345\317,\177T\276\262E.\322\204H+P\241"
 210      E5CF2C7F 
 210      54BEB245 
 210      2ED28448 
 210      2B50A1
 211 0048 916C613A 		.ascii	"\221la::d\257\022;\347\316\020a-\362\301\343\336s\357"
 211      3A64AF12 
 211      3BE7CE10 
 211      612DF2C1 
ARM GAS  /tmp/ccAG5ZTa.s 			page 16


 211      E3DE73EF 
 212 005c F97ECEB9 		.ascii	"\371~\316\271\337\243\304\337_\001\375\347\225\020G"
 212      DFA3C4DF 
 212      5F01FDE7 
 212      951047
 213 006b 69851290 		.ascii	"i\205\022\220M\343B\304\034\011\360F@\324J\324\342\263"
 213      4DE342C4 
 213      1C09F046 
 213      40D44AD4 
 213      E2B3
 214 007d 4C4934B9 		.ascii	"LI4\271\035q\177\341m\255\365\362\312`\376\305|O\012"
 214      1D717FE1 
 214      6DADF5F2 
 214      CA60FEC5 
 214      7C4F0A
 215 0090 B12A3318 		.ascii	"\261*3\030\334A!\245x/>5\344\252}\020\264\037\354L\277"
 215      DC4121A5 
 215      782F3E35 
 215      E4AA7D10 
 215      B41FEC4C 
 216 00a5 F22F484F 		.ascii	"\362/HOb'\207CW^\306m\016\245\305\341\344\374\334rN"
 216      62278743 
 216      575EC66D 
 216      0EA5C5E1 
 216      E4FCDC72 
 217 00ba A055EB3A 		.ascii	"\240U\353:w\254W\037\262<\251\320\006E<\264\243\000"
 217      77AC571F 
 217      B23CA9D0 
 217      06453CB4 
 217      A300
 218 00cc 775120E8 		.ascii	"wQ \350H\240\003\001\312\3768\322\375\335\257J\014w"
 218      48A00301 
 218      CAFE38D2 
 218      FDDDAF4A 
 218      0C77
 219 00de EAD2E585 		.ascii	"\352\322\345\205\254r6\243\264po\263\322\022\270o\224"
 219      AC7236A3 
 219      B4706FB3 
 219      D212B86F 
 219      94
 220 00ef AFC7621F 		.ascii	"\257\307b\037\362\324\001\243L/\215N\347\032\345\334"
 220      F2D401A3 
 220      4C2F8D4E 
 220      E71AE5DC 
 221 00ff F4E878AE 		.ascii	"\364\350x\256>\356I\037:7K}\002]F:\272\330w\035\352"
 221      3EEE491F 
 221      3A374B7D 
 221      025D463A 
 221      BAD8771D 
 222 0114 B091EA1B 		.ascii	"\260\221\352\033\253\011'St\"S\324\207\356\177({\020"
 222      AB092753 
 222      742253D4 
 222      87EE7F28 
 222      7B10
 223 0126 E0F454FD 		.ascii	"\340\364T\375\372\224\337\256'\253\266g,B/l\320\332"
 223      FA94DFAE 
 223      27ABB667 
ARM GAS  /tmp/ccAG5ZTa.s 			page 17


 223      2C422F6C 
 223      D0DA
 224 0138 B5C3D51B 		.ascii	"\265\303\325\033\033\255\235?\207-?yL\257\263\300\235"
 224      1BAD9D3F 
 224      872D3F79 
 224      4CAFB3C0 
 224      9D
 225 0149 DAE0A20E 		.ascii	"\332\340\242\016\014@$I\302\366\317K\311\253z\217\272"
 225      0C402449 
 225      C2F6CF4B 
 225      C9AB7A8F 
 225      BA
 226 015a AF0D6F13 		.ascii	"\257\015o\023\007\231B\364\331\344\304\244\303V\322"
 226      079942F4 
 226      D9E4C4A4 
 226      C356D2
 227 0169 DC28ECFF 		.ascii	"\334(\354\377\326\262\270-\201\2331\255]\333\223\366"
 227      D6B2B82D 
 227      819B31AD 
 227      5DDB93F6 
 228 0179 9A94E8A3 		.ascii	"\232\224\350\243\206\370\356V\372\352\273\274\242\335"
 228      86F8EE56 
 228      FAEABBBC 
 228      A2DD
 229 0187 9ECCC103 		.ascii	"\236\314\301\003$\260b\306\205~\024\321]s\343\233\001"
 229      24B062C6 
 229      857E14D1 
 229      5D73E39B 
 229      01
 230 0198 55F343C7 		.ascii	"U\363C\307\265C\367\353|\365'<\307\204\355\215\327\006"
 230      B543F7EB 
 230      7CF5273C 
 230      C784ED8D 
 230      D706
 231 01aa C0F026CE 		.ascii	"\300\360&\316r\360\0205x\224\205\267$\333\342~\003p"
 231      72F01035 
 231      789485B7 
 231      24DBE27E 
 231      0370
 232 01bc 7771054E 		.ascii	"wq\005N$\372 j\004u\334\234ZL\251l\307\377\325\242\205"
 232      24FA206A 
 232      0475DC9C 
 232      5A4CA96C 
 232      C7FFD5A2 
 233 01d1 21D322FB 		.ascii	"!\323\"\373\204a\024\255\321\024\231\323\363ek\034\037"
 233      846114AD 
 233      D11499D3 
 233      F3656B1C 
 233      1F
 234 01e2 1E1B8EF1 		.ascii	"\036\033\216\361\375\011s\354L?[\346<5\034\305\234\021"
 234      FD0973EC 
 234      4C3F5BE6 
 234      3C351CC5 
 234      9C11
 235 01f4 E638CC59 		.ascii	"\3468\314Y\356^\332*\3075\034\2139\317\214\365\277M"
 235      EE5EDA2A 
 235      C7351C8B 
ARM GAS  /tmp/ccAG5ZTa.s 			page 18


 235      39CF8CF5 
 235      BF4D
 236 0206 F6D1D173 		.ascii	"\366\321\321s\022\314 \346\216\034c*\017(I\036\320\334"
 236      12CC20E6 
 236      8E1C632A 
 236      0F28491E 
 236      D0DC
 237 0218 E901C123 		.ascii	"\351\001\301#\025\341\262\360\211\223\247\366\356/."
 237      15E1B2F0 
 237      8993A7F6 
 237      EE2F2E
 238 0227 29DE13AC 		.ascii	")\336\023\254\212\006+J+\203\225\341\262`\364lu\250"
 238      8A062B4A 
 238      2B8395E1 
 238      B260F46C 
 238      75A8
 239 0239 34120D46 		.ascii	"4\022\015FB\221\354\266\370\264P\221\350\031\273\354"
 239      4291ECB6 
 239      F8B45091 
 239      E819BBEC 
 240 0249 5C7979A8 		.ascii	"\\yy\250\332\212\206/\204T\250*\372\013\215&Q$"
 240      DA8A862F 
 240      8454A82A 
 240      FA0B8D26 
 240      5124
 241              		.text
 242              		.section	.gnu.lto_.symbol_nodes.714c0c0d30aeb6ce,"",%progbits
 243 0000 789C55CA 		.ascii	"x\234U\312\275\011\200@\024\003\340\\\236\212\205;8"
 243      BD098040 
 243      1403E05C 
 243      9E8A853B 
 243      38
 244 0011 6A0E04B1 		.ascii	"j\016\004\261\264\361_\344J\247q\012K\207PP\213K\023"
 244      B4F15FE4 
 244      4AA7710A 
 244      4B875050 
 244      8B4B13
 245 0024 F8120350 		.ascii	"\370\022\003P\341\013\007\012h\017@\302\2727\0058R."
 245      E10B070A 
 245      680F40C2 
 245      BA370538 
 245      522E
 246 0036 969E622C 		.ascii	"\226\236b,\035e\261\314T\362\313\026r\244\023\021\236"
 246      1D65B1CC 
 246      54F2CB16 
 246      72A41311 
 246      9E
 247 0047 975BA8F4 		.ascii	"\227[\250\364\035\340}\016c\206\263\276J\263\267q\003"
 247      1DE07D0E 
 247      6386B3BE 
 247      4AB3B771 
 247      03
 248 0058 D69F2552 		.ascii	"\326\237%R"
 249              		.text
 250              		.section	.gnu.lto_.refs.714c0c0d30aeb6ce,"",%progbits
 251 0000 789C6366 		.ascii	"x\234cf``\020`\200\000F\026&VF\026V&f&&&\006&F\006\000"
 251      60601060 
ARM GAS  /tmp/ccAG5ZTa.s 			page 19


 251      80004616 
 251      26564616 
 251      56266626 
 252 001b 03590038 		.ascii	"\003Y\0008"
 253              		.text
 254              		.section	.gnu.lto_.decls.714c0c0d30aeb6ce,"",%progbits
 255 0000 789C9D57 		.ascii	"x\234\235WkPT\331\021\276}\317<`\030\006\253L0e%%\205"
 255      6B5054D9 
 255      11BE7DCF 
 255      3C601806 
 255      AB4C3065 
 256 0017 292A9B72 		.ascii	")*\233r\031\335\3352\311\237\304\224U\273\346\207q\223"
 256      19DDDD32 
 256      C99FC494 
 256      55BBE687 
 256      7193
 257 0029 4DF2273F 		.ascii	"M\362'?\246\020\006\231-\006(f\210q\253\254\\FW\021"
 257      A6100699 
 257      2D062866 
 257      8871ABAC 
 257      5C465711 
 258 003d 5101C127 		.ascii	"Q\001\301'\272\303\303\027*\276\300\005\301\010\"\012"
 258      BAC3C317 
 258      2ABEC005 
 258      C108220A 
 259 004d 3BB88010 		.ascii	";\270\200\020\225\207<\304\025\337 \340\012*L\372\234"
 259      95873CC4 
 259      15DF20E0 
 259      0A2A4CFA 
 259      9C
 260 005e 73EF3C60 		.ascii	"s\357<`4\217){\346\236>\335_\367\371\272o\037$\202 "
 260      348F297B 
 260      E69E3EDD 
 260      5FF7F9BA 
 260      6F1F2482 
 261 0073 CC1105C1 		.ascii	"\314\021\005\301\215\237\351PAX\210\317\032\324}*x?"
 261      8D9FE950 
 261      415888CF 
 261      1AD47D2A 
 261      783F
 262 0085 745D87D2 		.ascii	"t]\207\322\200\322\206\322Iu \010\341(\370O\3701\010"
 262      80D286D2 
 262      49752008 
 262      E128F84F 
 262      F83108
 263 0098 7E1F6AAB 		.ascii	"~\037j\253C1\240\350Q\312QV\241T\243\270QV\240\270P"
 263      4331A0E8 
 263      51CA5156 
 263      A154A3B8 
 263      5156A0B8 
 264 00ad A6509A50 		.ascii	"\246P\232P\010\312$\312+\224\011\201c\326\011\263?\015"
 264      08CA24CA 
 264      2B940981 
 264      63D609B3 
 264      3F0D
 265 00bf FF072EC5 		.ascii	"\377\007.\305|\343\203\333\020\000\227\236)\304\007"
 265      7CE383DB 
ARM GAS  /tmp/ccAG5ZTa.s 			page 20


 265      1000979E 
 265      29C407
 266 00ce B749C675 		.ascii	"\267I\306u\371\340~,\343\376\004A\346\300llQ\306\011"
 266      F9E07E2C 
 266      E3FE0441 
 266      E6C06C6C 
 266      51C609
 267 00e1 8759F08C 		.ascii	"\207Y\360\214\257@\370\355\001\362\366\305\367\345D"
 267      AF40F8ED 
 267      01F2F6C5 
 267      F7E544
 268 00f0 947102E1 		.ascii	"\224q\002\341\323Z\004\013\274fJ\014\267\214\331$\343"
 268      D35A040B 
 268      BC664A0C 
 268      B78CD924 
 268      E3
 269 0101 8EA00CA3 		.ascii	"\216\240\014\243\250Q\276\2271\025\374727\232\267\324"
 269      A851BE97 
 269      3115FC37 
 269      32379AB7 
 269      D4
 270 0112 F3B90855 		.ascii	"\363\271\010Ue\343\327C\036\210`\320E\320\345\205\334"
 270      65E3D743 
 270      1E8860D0 
 270      45D0E585 
 270      DC
 271 0123 C63D1A5C 		.ascii	"\306=\032\\\352u*\272,\277\332w=\224\210@\237\213\367"
 271      EA752ABA 
 271      2CBFDA77 
 271      3D948840 
 271      9F8BF7
 272 0136 0C74E816 		.ascii	"\014t\350\026\225J\222\224!\325\326\202\027\242z\310"
 272      954A9294 
 272      21D5D682 
 272      17A27AC8 
 273 0146 D1A92561 		.ascii	"\321\251%a\314h\342\321\320\023 \363\330s\331\235\372"
 273      CC68E2D1 
 273      D01320F3 
 273      D873D99D 
 273      FA
 274 0157 B508A5D1 		.ascii	"\265\010\245\321\241\2134A\373\020\376\201\352\246\366"
 274      A18B3441 
 274      FB10FE81 
 274      EAA6F6
 275 0166 965635D3 		.ascii	"\226V5\323S\225\026-\305\311+\225\2474\240\213\312\240"
 275      5395162D 
 275      C5C92B95 
 275      A734A08B 
 275      CAA0
 276 0178 96D91BA4 		.ascii	"\226\331\033\244\340F\203\000G`>\034\205\371\002\234"
 276      E0468300 
 276      47603E1C 
 276      85F9029C 
 277 0188 86283486 		.ascii	"\206(4\206RX$\300IT\226\241\262\004\015G\232\246\007"
 277      525824C0 
 277      495496A1 
 277      B2040D47 
ARM GAS  /tmp/ccAG5ZTa.s 			page 21


 277      9AA607
 278 019b 40925470 		.ascii	"@\222Tp\012tp\002\010\263\300\203jtJjbgE\341\005\003"
 278      0A747002 
 278      08B3C083 
 278      6A744A6A 
 278      626745E1 
 279 01b1 44E99879 		.ascii	"D\351\230y\331`\313\017\251\371Y4?\3565Gon\0378\372"
 279      D960CB0F 
 279      A9F95934 
 279      3FEE3547 
 279      6F6E1F38 
 280 01c6 9900D111 		.ascii	"\231\000\321\021\271\350\306`&(\310\031\207\356&l\220"
 280      B9E8C660 
 280      2628C819 
 280      87EE266C 
 280      90
 281 01d7 96413922 		.ascii	"\226A9\"\037\363\"\237}7\362\271\200\310\260\273\355"
 281      1FF3229F 
 281      7D37F2B9 
 281      80C8B0BB 
 281      ED
 282 01e8 F6D72A72 		.ascii	"\366\327*r\011\030\207\231\335\307\232\265\344\032_"
 282      09188799 
 282      DDC79AB5 
 282      E41A5F
 283 01f7 A41FAECE 		.ascii	"\244\037\256\316\322\"s\341:\306\373v\327\276:\302\226"
 283      D22273E1 
 283      3AC6FB76 
 283      D7BE3AC2 
 283      96
 284 0208 6EBA2DE6 		.ascii	"n\272-\346\016\216\037\002\316\242C\032\311\225\310"
 284      0E8E1F02 
 284      CEA2431A 
 284      C995C8
 285 0217 8F045834 		.ascii	"\217\004X4\037\336\303P\0270T\270\034\352k\014U\351"
 285      1FDEC350 
 285      173054B8 
 285      1CEA6B0C 
 285      55E9
 286 0229 A1F0553F 		.ascii	"\241\360U?\243\260\0123?\357\315<\334Ka\377\255C\177"
 286      A3B00A33 
 286      3FEFCD3C 
 286      DC4B61FF 
 286      AD437F
 287 023c 080C5AF3 		.ascii	"\010\014Z\3636\320\262\015.Ft5\202VxA\253\300\203\012"
 287      36D0B20D 
 287      2E467435 
 287      82567841 
 287      ABC0830A 
 288 0250 0747F76D 		.ascii	"\007G\367m\017Ra\3573\243\277\262f\333t\376\333\373"
 288      0F5261EF 
 288      33A3BFB2 
 288      66DB74FE 
 288      DBFB
 289 0262 C074ABF4 		.ascii	"\300t\253\364p\021\230\316\231w\342\2468/_\346o\216"
 289      701198CE 
 289      9977E2A6 
ARM GAS  /tmp/ccAG5ZTa.s 			page 22


 289      382F5FE6 
 289      6F8E
 290 0274 8A51AC30 		.ascii	"\212Q\2540(\300%\230\207\337\377D[\216\272\265\257U"
 290      28C02598 
 290      87DFFF44 
 290      5B8EBAB5 
 290      AF55
 291 0286 4FDA385B 		.ascii	"O\3328[w\313\246j \342\240T{z\244\354\332\335\224\234"
 291      77CBA66A 
 291      20E2A054 
 291      7B7AA4EC 
 291      DADD949C 
 292 029a 0D5289D4 		.ascii	"\015R\211\324\357v/`^P\353\311K\240\317,/\250\203\010"
 292      EF762F60 
 292      5E50EBC9 
 292      4BA0CF2C 
 292      2FA88308 
 293 02ae 74BCDC52 		.ascii	"t\274\334R\271\313\223\007O\255\342\322\336\201\240"
 293      B9CB9307 
 293      4FADE2D2 
 293      DE81A0
 294 02bd B7A751CF 		.ascii	"\267\247Q\317\322\270\254\244\221\325Us \204l\342\257"
 294      D2B8ACA4 
 294      91D55573 
 294      20846CE2 
 294      AF
 295 02ce 4DFEBDCE 		.ascii	"M\376\275\316\326 \226\206\263\240X\323(\325\272\335"
 295      D6209686 
 295      B3A058D3 
 295      28D5BADD 
 296 02de BFA10E70 		.ascii	"\277\241\016p\305'\203+J\006\015,\203\232\303g\324d"
 296      C527832B 
 296      4A060D2C 
 296      839AC367 
 296      D464
 297 02f0 ABE857F4 		.ascii	"\253\350W\364\025\274\350}\373'K\202\331\222\276=a\264"
 297      15BCE87D 
 297      FB274B82 
 297      D992BE3D 
 297      61B4
 298 0302 422DC7CF 		.ascii	"B-\307\317\015\350\225\022\315\352\262o\260J+\344*]"
 298      0DE89512 
 298      CDEAB26F 
 298      B04A2BE4 
 298      2A5D
 299 0314 4365A352 		.ascii	"Ce\243R\245\322-\217\3279\260i\233\360(W\275UZ\341-"
 299      A5D22D8F 
 299      D739B069 
 299      9BF02857 
 299      BD555AE1 
 300 0329 52774F56 		.ascii	"RwOV\036\3503\275\260\254X\336c\273@/[>\231,\034\326"
 300      1EE833BD 
 300      B0AC58DE 
 300      63BB402F 
 300      5B3E992C 
 301 033f 33CA9A3C 		.ascii	"3\312\232<\345td\214N\362\022\243\0354\363zv\356\034"
 301      E574648C 
ARM GAS  /tmp/ccAG5ZTa.s 			page 23


 301      4EF212A3 
 301      1D34F37A 
 301      76EE1C
 302 0352 9ED02ADC 		.ascii	"\236\320*\334^\347\272{%\355.\275/\271M~QZ\030\271\337"
 302      5EE7BA7B 
 302      25ED2EBD 
 302      2FB94D7E 
 302      515A18B9 
 303 0367 2AE4164F 		.ascii	"*\344\026O\215\357&\244\201\223\3231\222\271\337 \327"
 303      8DEF26A4 
 303      8193D331 
 303      92B9DF20 
 303      D7
 304 0378 78736FD8 		.ascii	"xso\330^\311\351\220\246q\3160/h\365a\270Ua\270\215"
 304      5EC9E990 
 304      A671CE30 
 304      2F68F561 
 304      B85561B8 
 305 038d 31BCA3BD 		.ascii	"1\274\243\275\261J\255\223\233:\343?45\332\017V\024"
 305      B14AAD93 
 305      9B3AE33F 
 305      3435DA0F 
 305      5614
 306 039f 1F33F851 		.ascii	"\0373\370Qq\303/\311\366wRQ\266\355a:?5\332A\007?vM"
 306      71C32FC9 
 306      F6775251 
 306      B6ED613A 
 306      3F35DA41 
 307 03b7 73E10E0F 		.ascii	"s\341\016\017\025\377\342\272\235u]\016\303\333\251"
 307      15FFE2BA 
 307      9D755D0E 
 307      C3DBA9
 308 03c6 B8C5A8B8 		.ascii	"\270\305\250\270\251PQR\324xMM\2329\025]u\257Oiy\237"
 308      A9505152 
 308      D4784D4D 
 308      9A39155D 
 308      75AF4F69 
 309 03dc F59E9596 		.ascii	"\365\236\225\226m\224\336\270\335\204z\300m\037\032"
 309      6D94DEB8 
 309      DD847AC0 
 309      6D1F1A
 310 03eb 6E2B3474 		.ascii	"n+4t2\032\256\264u\037\327\260\351\357\344\315\352\252"
 310      321AAEB4 
 310      751FD7B0 
 310      E9EFE4CD 
 310      EAAA
 311 03fd BCA363E3 		.ascii	"\274\243c\343\377\007t\331\323r1OM:\344F\256)\310\015"
 311      FF0774D9 
 311      D372314F 
 311      4D3AE446 
 311      AE29C80D 
 312 0411 66B6125B 		.ascii	"f\266\022[\273\356N\214\351\231\355\034\272<\2631\267"
 312      BBEE4E8C 
 312      E999ED1C 
 312      BA3CB331 
 312      B7
 313 0422 3B940C70 		.ascii	";\224\014p\333\252\372\251\257\202\375\350\242\211x"
ARM GAS  /tmp/ccAG5ZTa.s 			page 24


 313      DBAAFAA9 
 313      AF82FDE8 
 313      A28978
 314 0431 0FD2EFA1 		.ascii	"\017\322\357\241\253\343\306\260D\3103\356VV\177 W\357"
 314      ABE3C6B0 
 314      44C833EE 
 314      56567F20 
 314      57EF
 315 0443 E7D6E2E7 		.ascii	"\347\326\342\347v\327\343\226UR\3608\204\214s7\307\300"
 315      76D7E396 
 315      5552F038 
 315      848C7337 
 315      C7C0
 316 0455 74BBDACF 		.ascii	"t\273\332\317\355\222\237\333=\217\333\276\272\234\323"
 316      ED929FDB 
 316      3D8FDBBE 
 316      BA9CD3
 317 0464 616492BB 		.ascii	"ad\222\273\225\344\357:\241f\007\010\242\313\333\015"
 317      95E4EF3A 
 317      A1660708 
 317      A2CBDB0D 
 318 0474 DD5F85F9 		.ascii	"\335_\205\371\241\324\373\241\014yPr\312\2076\353\310"
 318      A1D4FBA1 
 318      0C795072 
 318      CA8736EB 
 318      C8
 319 0485 1443D1EC 		.ascii	"\024C\321\354\351\353/6@dd\344\334\310(':\217l\271\336"
 319      E9EB2F36 
 319      406464E4 
 319      DCC82827 
 319      3A8F6CB9 
 320 049a 07D88897 		.ascii	"\007\330\210\227\201\306\205\357\220\374'0\327\373>"
 320      81C685EF 
 320      90FC2730 
 320      D7FB3E
 321 04a9 DE67603F 		.ascii	"\336g`?\307/\201\232Kh*j(8<\010lz\004f\330\"\01308\323"
 321      C72F819A 
 321      4B682A6A 
 321      28383C08 
 321      6C7A0466 
 322 04c3 F6675ED3 		.ascii	"\366g^\323\034\326>\222\264\314.\300\035\334\357\245"
 322      1CD63E92 
 322      B4CC2EC0 
 322      1DDCEFA5 
 323 04d3 FB7DB203 		.ascii	"\373}\262\0036\002<\303\036\177\012\221\360\030\345"
 323      36023CC3 
 323      1E7F0A91 
 323      F018E5
 324 04e2 21CA2388 		.ascii	"!\312#\210dM\341\023\003\013\004\003\001c\260\314\351"
 324      644DE113 
 324      030B0403 
 324      0163B0CC 
 324      E9
 325 04f3 00E99F5A 		.ascii	"\000\351\237Z\034D\367\005\245\271<sclg\313#\355\\9"
 325      1C44F705 
 325      A5B93C73 
 325      636C67CB 
ARM GAS  /tmp/ccAG5ZTa.s 			page 25


 325      23ED5C39 
 326 0507 0DE7DBD2 		.ascii	"\015\347\333\322\020\002\346\200\356\317\307\322%\235"
 326      1002E680 
 326      EECFC7D2 
 326      259D
 327 0515 5F21867D 		.ascii	"_!\206}\262\020`\304S\210\343\205\333\372B\311\031\302"
 327      B21060C4 
 327      5388E385 
 327      DBFA42C9 
 327      19C2
 328 0527 CA3978E9 		.ascii	"\3129x\351\364\253\020R\301\027\255M\351\335a\244\206"
 328      F4AB1052 
 328      C117AD4D 
 328      E9DD61A4 
 328      86
 329 0538 2FEA9F9E 		.ascii	"/\352\237\236\313\007R\307\027'\206\316u\341\374`\013"
 329      CB0752C7 
 329      172786CE 
 329      75E1FC60 
 329      0B
 330 0549 EDD860DB 		.ascii	"\355\330`\333A=`\351\"#\243\"\351\361\373\367\324\267"
 330      413D60E9 
 330      2223A322 
 330      E9F1FBF7 
 330      D4B7
 331 055b E8A5C6C5 		.ascii	"\350\245\306\3054\010<\307d_\006&\300\227\343.\334\356"
 331      34083CC7 
 331      645F0626 
 331      C097E32E 
 331      DCEE
 332 056d 6699BD94 		.ascii	"f\231\275\224\011~\215\004\177\217\207\232@\231Dy\205"
 332      097E8D04 
 332      7F8F879A 
 332      40994479 
 332      85
 333 057e F2C687E4 		.ascii	"\362\306\207\344\376\275\203q\265\033\011\033\214\243"
 333      FEBD8371 
 333      B51B091B 
 333      8CA3
 334 058c 0183CC2A 		.ascii	"\001\203\314*:\035\004c3M\003\367\0225\035\017l\312"
 334      3A1D0463 
 334      334D03F7 
 334      12351D0F 
 334      6CCA
 335 059e 6159F5B6 		.ascii	"aY\365\266\027k$\24063\352\347\233\037Ez1\023\251\327"
 335      176B24A0 
 335      3633EAE7 
 335      9B1F457A 
 335      3113A9D7 
 336 05b2 1B142F9F 		.ascii	"\033\024/\237\322\206\214\313\006\230\033\025\210\020"
 336      D2868CCB 
 336      06981B15 
 336      8810
 337 05c0 98461EFE 		.ascii	"\230F\036\376\033NhB\316}\004`\012\215{\274w\021\315"
 337      1B4E6842 
 337      CE7D0460 
 337      0A8D7BBC 
ARM GAS  /tmp/ccAG5ZTa.s 			page 26


 337      7711CD
 338 05d3 4EE98A5B 		.ascii	"N\351\212[\343_\272T~]1\345\327\025\356wN\340\373E'"
 338      E35FBA54 
 338      7E5D31E5 
 338      D715EE77 
 338      4EE0FB45 
 339 05e8 6E6A3D3A 		.ascii	"nj=:Id\312\263\347\267\224{o\250t\256l\314\2733B\230"
 339      4964CAB3 
 339      E7B7947B 
 339      6FA874AE 
 339      6CCCBB33 
 340 05fe 1211C1C1 		.ascii	"\022\021\301\301\225M\225Y/\324\276s\371\323p\237\320"
 340      954D9559 
 340      2FD4BE73 
 340      F9D3709F 
 340      D0
 341 060f 1B453A96 		.ascii	"\033E:\2267\210\362X\036mhv\031H3o\267\223\233G\037"
 341      3788F258 
 341      1E6D6876 
 341      1948336F 
 341      B7939B47 
 342 0624 D0BF429C 		.ascii	"\320\277B\234xC\015\215-\366\271\241\320\013\276\024"
 342      78430D8D 
 342      2DF6B9A1 
 342      D00BBE14 
 343 0634 BDA3199F 		.ascii	"\275\243\031\237\371h\336$\322\321|\261\244~$\230tr"
 343      F968DE24 
 343      D2D17CB1 
 343      A47E2498 
 343      7472
 344 0646 940BCF7A 		.ascii	"\224\013\317z^\032\310\000_<-\252z\252_\360\220\034"
 344      5E1AC800 
 344      5F3C2DAA 
 344      7AAA5FF0 
 344      901C
 345 0658 908258BC 		.ascii	"\220\202X\274\327\205\207\212y\306[\304\005L\223wd\307"
 345      D785878A 
 345      79C65BC4 
 345      054C9377 
 345      64C7
 346 066a D950D440 		.ascii	"\331P\324@\006\342g\322\274\350+\361\342\230CG\225\233"
 346      06E267D2 
 346      BCE82BF1 
 346      E2984347 
 346      959B
 347 067c 31106CE5 		.ascii	"1\020l\345\007\013\304\325\311\242\266R\256\373X\017"
 347      070BC4D5 
 347      C9A2B652 
 347      AEFB580F 
 348 068c DBB8DDCB 		.ascii	"\333\270\335\313k\007N\252\225\313j;\327\271\372\246"
 348      6B074EAA 
 348      95CB6A3B 
 348      D7B9FAA6 
 349 069c 627C39C1 		.ascii	"b|9\301\035\231\023\310B\013\310f\264\354Ph\351qn\257"
 349      1D9913C8 
 349      420BC866 
 349      B4EC5068 
ARM GAS  /tmp/ccAG5ZTa.s 			page 27


 349      E9716EAF 
 350 06b0 16C9637E 		.ascii	"\026\311c~\206\354\322\236\012\015\031\345\213\253\216"
 350      86ECD29E 
 350      0A0D19E5 
 350      8BAB8E
 351 06bf F21E1D79 		.ascii	"\362\036\035y\305\027\005\033\373o\2614w2>\350\0251"
 351      C517051B 
 351      FB6FB134 
 351      77323EE8 
 351      1531
 352 06d1 5C95194C 		.ascii	"\\\225\031L5\2714\361<\036\374\365\216\202\357\364\310"
 352      35B934F1 
 352      3C1EFCF5 
 352      8E82EFF4 
 352      C8
 353 06e2 6B7FF688 		.ascii	"k\177\366\210{x\253~\257T\310x]\"I]\"\215\0149\012\265"
 353      7B78AB7E 
 353      AF54C878 
 353      5D22495D 
 353      228D0C39 
 354 06f8 904F93C9 		.ascii	"\220O\223\311Q\330\335\305\330\035\256\233\234\206\365"
 354      51D8DDC5 
 354      D81DAE9B 
 354      9C86F5
 355 0707 AFF1BF32 		.ascii	"\257\361\2772X\226\307+\324l\340\341\235\310\002\356"
 355      5896C72B 
 355      D46CE0E1 
 355      9DC802EE 
 356 0717 4E6FCC0F 		.ascii	"No\314\017a\233\265\237\263i\333&o\034:\234\233\255"
 356      619BB59F 
 356      B369DB26 
 356      6F1C3A9C 
 356      9BAD
 357 0729 E11B5FB0 		.ascii	"\341\033_\260\351^'o\364\036\235<\251\343\033\031\204"
 357      E95E276F 
 357      F41E9D3C 
 357      A9E31B19 
 357      84
 358 073a 0DF30679 		.ascii	"\015\363\006y\347VoUs\350\322r)\303\031\301\306\030"
 358      E7566F55 
 358      73E8D272 
 358      29C319C1 
 358      C618
 359 074c 9D79BBC5 		.ascii	"\235y\273\305\365l\356\355\301_:\373\366\342/\316?\330"
 359      F56CEEED 
 359      C15F3AFB 
 359      F6E22FCE 
 359      3FD8
 360 075e 27AEA72E 		.ascii	"'\256\247.\003\247\036D-,\224Z\235\265\3378\350E\316"
 360      03A71E44 
 360      2D2C945A 
 360      9DB5DF38 
 360      E845CE
 361 0771 FA85393F 		.ascii	"\372\2059?\347\257\206g\234\012T\203\337\373\305\245"
 361      E7AF8667 
 361      9C0A5483 
 361      DFFBC5A5 
ARM GAS  /tmp/ccAG5ZTa.s 			page 28


 362 0781 0214880B 		.ascii	"\002\024\210\013\321\371h\371\304\260\377\037*\224\014"
 362      D1F968F9 
 362      C4B0FF1F 
 362      2A940C
 363 0790 6FAF1E10 		.ascii	"o\257\036\020\331k\302~\325V\333\032\223]\363\311\357"
 363      D96BC27E 
 363      D556DB1A 
 363      935DF3C9 
 363      EF
 364 07a1 FF1CB15C 		.ascii	"\377\034\261\\\320Z\222\354\037~`\262\007\233L\362\323"
 364      D05A92EC 
 364      1F7E60B2 
 364      079B4CF2 
 364      D3
 365 07b2 47C6345B 		.ascii	"G\3064[\2521&\325\372~Rr\222\371}s\314j\213\321\222"
 365      AA3126D5 
 365      FA7E5272 
 365      92F97D73 
 365      CC6A8BD1 
 366 07c7 149B9816 		.ascii	"\024\233\230\026g6Zcb"
 366      67365A63 
 366      62
 367 07d0 132C4966 		.ascii	"\023,If\243)\316\034\037\223\226h7\331\327\245\230m"
 367      A329CE1C 
 367      1F939668 
 367      37D9D7A5 
 367      986D
 368 07e2 D109C27B 		.ascii	"\321\011\302{\357p\262\255\263\031M6{\034\342\243\345"
 368      EF70B2AD 
 368      B3194D36 
 368      7B1CE2A3 
 368      E5
 369 07f3 AF972758 		.ascii	"\257\227'XV[V}fZ\362\213\350\245\321\213\215\3116cl"
 369      565B567D 
 369      665AF28B 
 369      E8A5D18B 
 369      8DC93663 
 370 0808 B2D59A9C 		.ascii	"\262\325\232\234dLIN\265\333\214\277\375\343\312\345"
 370      644C494E 
 370      B5DB8CBF 
 370      FDE3CAE5 
 371 0818 2BFF4E75 		.ascii	"+\377Nu)\226Ds\252\315\370\311\362\345\306\330\004%"
 371      29964473 
 371      AACDF8C9 
 371      F2E5C6D8 
 371      0425
 372 082a 90360D61 		.ascii	"\2206\015a~\311\362\225\237T\246\2244\273q6jBL\2421"
 372      7EC9F295 
 372      9F54A694 
 372      34BB7136 
 372      6A424CA2 
 373 083f D1B2DA68 		.ascii	"\321\262\332h\263\247\232c\2546\243\325l\225\037\243"
 373      B3A79A63 
 373      AC36A3D5 
 373      6C951FA3 
 374 084f 63059569 		.ascii	"c\005\225i\215\331\256\261Y\2760\233\354\037\260\334"
 374      8DD9AEB1 
ARM GAS  /tmp/ccAG5ZTa.s 			page 29


 374      59BE309B 
 374      EC1FB0DC 
 375 085f A9E99AD8 		.ascii	"\251\351\232\330\330\031g\370(\372W\321\037zOb\217\303"
 375      D81967F8 
 375      28FA57D1 
 375      1F7A4F62 
 375      8FC3
 376 0871 8363161A 		.ascii	"\203c\026\032\023\002\305\331\264\246\265\251\026\273"
 376      1302C5D9 
 376      B4A6B5A9 
 376      16BB
 377 087f D9A65F69 		.ascii	"\331\246_i\266&\247\256\373\214\301\323\005\177\372"
 377      B626A7AE 
 377      FB8CC1D3 
 377      057FFA
 378 088e CBCA3FA9 		.ascii	"\313\312?\251\231\201\212Z\023L\223`\324\377-\325\004"
 378      99818A5A 
 378      134C9360 
 378      D4FF2DD5 
 378      04
 379 089f 81FCCD6A 		.ascii	"\201\374\315j\327\254N\213\2177\247\252h\302\304\234"
 379      D7AC4E8B 
 379      8F37A7AA 
 379      68C2C49C 
 380 08af 6CD324C7 		.ascii	"l\323$\307\307\333\314v\275\325\266j\365\347\346X\373"
 380      C7DBCC76 
 380      BDD5B66A 
 380      F5E7E658 
 380      FB
 381 08c0 EF922C76 		.ascii	"\357\222,v-f\235\224\226\230\250\215O\212\260\245\230"
 381      2D669D94 
 381      9698A88D 
 381      4F8AB0A5 
 381      98
 382 08d1 63618906 		.ascii	"ca\211\006qbS\326\341\206=!5y\255*\321\034\023\377\323"
 382      716253D6 
 382      E1863D21 
 382      3579AD2A 
 382      D11C13FF 
 383 08e6 7715CA9E 		.ascii	"w\025\312\236jIZ\203!\377\015\376\000\036)"
 383      6A495A83 
 383      21FF0DFE 
 383      001E29
 384              		.text
 385              		.section	.gnu.lto_.symtab.714c0c0d30aeb6ce,"",%progbits
 386 0000 6D734F62 		.ascii	"msObjectInit\000\000\000\000\000\000\000\000\000\000"
 386      6A656374 
 386      496E6974 
 386      00000000 
 386      00000000 
 387 0016 00000601 		.ascii	"\000\000\006\001\000\000"
 387      0000
 388              		.text
 389              		.section	.gnu.lto_.opts,"",%progbits
 390 0000 272D666E 		.ascii	"'-fno-trapv' '-mcpu=cortex-m4' '-mfloat-abi=hard' '"
 390      6F2D7472 
 390      61707627 
ARM GAS  /tmp/ccAG5ZTa.s 			page 30


 390      20272D6D 
 390      6370753D 
 391 0033 2D6D6670 		.ascii	"-mfpu=fpv4-sp-d16' '-mno-thumb-interwork' '-mthumb'"
 391      753D6670 
 391      76342D73 
 391      702D6431 
 391      36272027 
 392 0066 20272D67 		.ascii	" '-ggdb' '-O2' '-fomit-frame-pointer' '-falign-func"
 392      67646227 
 392      20272D4F 
 392      32272027 
 392      2D666F6D 
 393 0099 74696F6E 		.ascii	"tions=16' '-ffunction-sections' '-fdata-sections' '"
 393      733D3136 
 393      2720272D 
 393      6666756E 
 393      6374696F 
 394 00cc 2D666E6F 		.ascii	"-fno-common' '-flto' '-fsingle-precision-constant'\000"
 394      2D636F6D 
 394      6D6F6E27 
 394      20272D66 
 394      6C746F27 
 395              		.text
 396              		.comm	__gnu_lto_v1,1,1
 397              		.comm	__gnu_lto_slim,1,1
 398              		.ident	"GCC: (GNU Tools for ARM Embedded Processors) 4.9.3 20150529 (release) [ARM/embedded-4_9-br
ARM GAS  /tmp/ccAG5ZTa.s 			page 31


DEFINED SYMBOLS
                            *ABS*:0000000000000000 memstreams.c
                            *COM*:0000000000000001 __gnu_lto_v1
                            *COM*:0000000000000001 __gnu_lto_slim

NO UNDEFINED SYMBOLS
