ARM GAS  /tmp/ccH6dbUa.s 			page 1


   1              		.syntax unified
   2              		.cpu cortex-m4
   3              		.eabi_attribute 27, 1
   4              		.eabi_attribute 28, 1
   5              		.fpu fpv4-sp-d16
   6              		.eabi_attribute 20, 1
   7              		.eabi_attribute 21, 1
   8              		.eabi_attribute 23, 3
   9              		.eabi_attribute 24, 1
  10              		.eabi_attribute 25, 1
  11              		.eabi_attribute 26, 1
  12              		.eabi_attribute 30, 2
  13              		.eabi_attribute 34, 1
  14              		.eabi_attribute 18, 4
  15              		.thumb
  16              		.file	"nullstreams.c"
  17              		.text
  18              	.Ltext0:
  19              		.section	.gnu.lto_.profile.70660504bb865ed0,"",%progbits
  20 0000 789C6366 		.ascii	"x\234cf```a\200\000F\006n6\000\000\220\000\032"
  20      60606061 
  20      80004606 
  20      6E360000 
  20      90001A
  21              		.text
  22              		.section	.gnu.lto_.jmpfuncs.70660504bb865ed0,"",%progbits
  23 0000 789C6366 		.ascii	"x\234cf\300\016T\2414+\0033###\013\003C=#\210\001\022"
  23      C00E54A1 
  23      342B0333 
  23      2323230B 
  23      03433D23 
  24 0017 626202D3 		.ascii	"bb\002\323\314 \222\005(V\317\000\000\031\346\001O"
  24      CC209205 
  24      2856CF00 
  24      0019E601 
  24      4F
  25              		.text
  26              		.section	.gnu.lto_.inline.70660504bb865ed0,"",%progbits
  27 0000 789C6366 		.ascii	"x\234cf\300\016b\2414+\003\0033\023#\003\023\220\311"
  27      C00E62A1 
  27      342B0303 
  27      33132303 
  27      1390C9
  28 0013 B6401E44 		.ascii	"\266@\036D10b\2100a\2100c\210\2600\2600\003E\030_\260"
  28      31306288 
  28      30618830 
  28      6388B030 
  28      B0300345 
  29 002a 33B077A8 		.ascii	"3\260w\250\203\205\030\000\352\223\005^"
  29      83851800 
  29      EA93055E 
  30              		.text
  31              		.section	.gnu.lto_.pureconst.70660504bb865ed0,"",%progbits
  32 0000 789C6366 		.ascii	"x\234cf``\340f\200\000V\006\006F\006&\006f\006\026)"
  32      6060E066 
  32      80005606 
  32      06460626 
ARM GAS  /tmp/ccH6dbUa.s 			page 2


  32      06660616 
  33 0015 0001A600 		.ascii	"\000\001\246\0008"
  33      38
  34              		.text
  35              		.section	.gnu.lto_writes.70660504bb865ed0,"",%progbits
  36 0000 789C6366 		.ascii	"x\234cf\300\004R@\034\300\310\300`\005\244\031\231\031"
  36      C0045240 
  36      1CC0C8C0 
  36      6005A419 
  36      9919
  37 0012 1899269C 		.ascii	"\030\231&\234c`h\344`bd\0041\030\030\031\352\231\030"
  37      636068E4 
  37      60626404 
  37      31181819 
  37      EA9918
  38 0025 EB195F32 		.ascii	"\353\031_2}db\334\271\356\313Y\356\027L?\231\030\024"
  38      7D6462DC 
  38      B9EECB59 
  38      EE174C3F 
  38      991814
  39 0038 1880DC5D 		.ascii	"\030\200\334]\223N\314`\003q\031Y@\334\353\327f\\\347"
  39      934ECC60 
  39      03711959 
  39      40DCEBD7 
  39      665CE7
  40 004b 545FDAD0 		.ascii	"T_\332\320\320\364\341\320\353\343<\255\036?\231\230"
  40      D0F4E1D0 
  40      EBE33CAD 
  40      1E3F9998 
  41 005b 183E3331 		.ascii	"\030>310.g\224b\\\301\010\262\207q%\243:P\345\244\033"
  41      302E6794 
  41      625CC108 
  41      B2877125 
  41      A33A50E5 
  42 0071 B3D9998D 		.ascii	"\263\331\231\215\031A\232\336\177\272\260\231Iu1P\323"
  42      19419ADE 
  42      7FBAB099 
  42      49753150 
  42      D3
  43 0082 813D9B1A 		.ascii	"\201=\233\032\034X~213\256bdF\326\006\024b`\\\315\250"
  43      1C587E32 
  43      3133AE62 
  43      6446D606 
  43      1462605C 
  44 0098 0A54BD6E 		.ascii	"\012T\275nO\313\0076f3\260\316\207-\0357x :\357Ct\262"
  44      4FCB0736 
  44      6633B0CE 
  44      872D1D37 
  44      78203AEF 
  45 00af 30AE41D7 		.ascii	"0\256A\327\311\302\300\270\026\254\363\312\215\307m"
  45      C9C2C0B8 
  45      16ACF3CA 
  45      8DC76D
  46 00be 2CCC9660 		.ascii	",\314\226`\235[\367\256;\306\017\321\371\013\242\023"
  46      9D5BF7AE 
  46      3BC60FD1 
  46      F90BA213 
ARM GAS  /tmp/ccH6dbUa.s 			page 3


  47 00ce 6832BA4E 		.ascii	"h2\272N g=\243*H\371\307\226\277\327\271\331Z\032\032"
  47      20673DA3 
  47      2A48F9C7 
  47      96BFD7B9 
  47      D95A1A1A 
  48 00e2 1A0440DE 		.ascii	"\032\004@\336\001\372b\003#\0330\300\030\326\013\035"
  48      01FA6203 
  48      231B30C0 
  48      18D60B1D 
  49 00f2 68F8FFFF 		.ascii	"h\370\377\377\361\2765\272\314\214\214`\325\014O\200"
  49      F1BE35BA 
  49      CC8C8C60 
  49      D50C4F80 
  50 0102 F2A0607B 		.ascii	"\362\240`{\012\324\017\244\231\35716\036\270\314\013"
  50      0AD40FA4 
  50      99EF3136 
  50      1EB8CC0B 
  51 0112 D2F09D09 		.ascii	"\322\360\235\011\244\345\011\220\004\212\003U\0318g"
  51      A4E50990 
  51      048A0355 
  51      193867
  52 0121 642665FA 		.ascii	"d&e\372\007\307\033\232\353\231\351\031\350\347\027"
  52      07C71B9A 
  52      EB99E919 
  52      E8E717
  53 0130 EB6724E6 		.ascii	"\353g$\346\350\347d&\351\027\227\024\245&\346\026\353"
  53      E8E76426 
  53      E9179714 
  53      A526E616 
  53      EB
  54 0141 E795E6E4 		.ascii	"\347\225\346\344@\331z\311\014L\231\005LI\005\214y\000"
  54      40D97AC9 
  54      0C4C9905 
  54      4C49058C 
  54      7900
  55 0153 F8C687FF 		.ascii	"\370\306\207\377"
  56              		.text
  57              		.section	.gnu.lto_reads.70660504bb865ed0,"",%progbits
  58 0000 789C6366 		.ascii	"x\234cf\300\004R@\034\305\310\300`\005\244\031\231\031"
  58      C0045240 
  58      1CC5C8C0 
  58      6005A419 
  58      9919
  59 0012 1899269C 		.ascii	"\030\231&\234c`h\344`bd\0041\030\030\031\352\231\030"
  59      636068E4 
  59      60626404 
  59      31181819 
  59      EA9918
  60 0025 EB195F32 		.ascii	"\353\031_2}db\334\271\356\313Y\356\027L?\231\030\024"
  60      7D6462DC 
  60      B9EECB59 
  60      EE174C3F 
  60      991814
  61 0038 1880DC5D 		.ascii	"\030\200\334]\223N\314`\003q\031Y@\334\353\327f\\\347"
  61      934ECC60 
  61      03711959 
  61      40DCEBD7 
ARM GAS  /tmp/ccH6dbUa.s 			page 4


  61      665CE7
  62 004b 545FDAD0 		.ascii	"T_\332\320\320\364\341\320\333\343<\255\036?\231\230"
  62      D0F4E1D0 
  62      DBE33CAD 
  62      1E3F9998 
  63 005b 183E3331 		.ascii	"\030>310.g\224b\\\301\010\262\207q%\243:P\345\244\033"
  63      302E6794 
  63      625CC108 
  63      B2877125 
  63      A33A50E5 
  64 0071 B3D9998D 		.ascii	"\263\331\231\215\031A\232\336\177\272\260\231Iu1P\323"
  64      19419ADE 
  64      7FBAB099 
  64      49753150 
  64      D3
  65 0082 81DD9B1A 		.ascii	"\201\335\233\032\034X~213\256bdF\326\006\024b`\\\315"
  65      1C587E32 
  65      3133AE62 
  65      6446D606 
  65      1462605C 
  66 0097 A80A54BD 		.ascii	"\250\012T\275nO\313\0076f3\260\316\207-\0357x :o@t\262"
  66      6E4FCB07 
  66      366633B0 
  66      CE872D1D 
  66      3778203A 
  67 00af 30AE41D7 		.ascii	"0\256A\327\311\302\300\270\026\254\363\312\215\307m"
  67      C9C2C0B8 
  67      16ACF3CA 
  67      8DC76D
  68 00be 2CCC9660 		.ascii	",\314\226`\235[\367\256;\306\017\321\371\032\242\023"
  68      9D5BF7AE 
  68      3BC60FD1 
  68      F91AA213 
  69 00ce 6832BA4E 		.ascii	"h2\272N g=\243*H\371\307\226\277\327\271\331Z\032\032"
  69      20673DA3 
  69      2A48F9C7 
  69      96BFD7B9 
  69      D95A1A1A 
  70 00e2 1A0440DE 		.ascii	"\032\004@\336\001\372b\003#\0330\300\030\326\013\035"
  70      01FA6203 
  70      231B30C0 
  70      18D60B1D 
  71 00f2 68F8FF7F 		.ascii	"h\370\377\177\361\366=\372@\321'@\014\012\260\247@\235"
  71      F1F63DFA 
  71      40D12740 
  71      0C0AB0A7 
  71      409D
  72 0104 409AF91E 		.ascii	"@\232\371\036c\343\201\257\274 \245@#\356?9\177\221"
  72      63E381AF 
  72      BC20A540 
  72      23EE3F39 
  72      7F91
  73 0116 03145240 		.ascii	"\003\024R@E\214\033\301A\361\204\211\021\244\016(`\340"
  73      458C1BC1 
  73      41F18489 
  73      11A40E28 
  73      60E0
ARM GAS  /tmp/ccH6dbUa.s 			page 5


  74 0128 9C919994 		.ascii	"\234\221\231\224\351\037\034oh\256g\246g\240\237_\254"
  74      E91F1C6F 
  74      68AE67A6 
  74      67A09F5F 
  74      AC
  75 0139 9F9198A3 		.ascii	"\237\221\230\243\237\223\231\244_\\R\224\232\230[\254"
  75      9F9399A4 
  75      5F5C5294 
  75      9A985BAC 
  76 0149 9F579A93 		.ascii	"\237W\232\223\003e\353%30e\0260%\0250\346\001\0002+"
  76      0365EB25 
  76      33306516 
  76      30251530 
  76      E6010032 
  77 015e 8D21     		.ascii	"\215!"
  78              		.text
  79              		.section	.gnu.lto_put.70660504bb865ed0,"",%progbits
  80 0000 789C654F 		.ascii	"x\234eO\277K\202Q\024\275\347\275\017\023\214\210F\247"
  80      BF4B8251 
  80      14BDE7BD 
  80      0F138C88 
  80      46A7
  81 0012 169120FC 		.ascii	"\026\221 \374\214@W\241\245\255\241? 4\002?\370\372"
  81      8C4057A1 
  81      A5ADA13F 
  81      2034023F 
  81      F8FA
  82 0024 41D6EC33 		.ascii	"A\326\3543lh\023)\010\202\226\010\373\251T\213E\203"
  82      6C681329 
  82      08829608 
  82      FBA9548B 
  82      4583
  83 0036 5335545A 		.ascii	"S5TZKAQC\006\326RV\3137\204\335\247\015A\017.\367\236"
  83      4B415143 
  83      06D65256 
  83      CB3784DD 
  83      A70D410F 
  84 004d CB39F79D 		.ascii	"\3139\367\235#\351\377\363ru\203(\314\035\222 2\227"
  84      23E9FFF3 
  84      72758328 
  84      CC1D9220 
  84      3297
  85 005f 4429B700 		.ascii	"D)\267\000\364@\240\244@\022/\242.p\230\377\272\360"
  85      F440A0A4 
  85      40122FA2 
  85      2E7098FF 
  85      BAF0
  86 0071 D48423A8 		.ascii	"\324\204#\250\233\030\036e\317\226]\032\302\320\360"
  86      9B181E65 
  86      CF965D1A 
  86      C2D0F0
  87 0080 2ED378ED 		.ascii	".\323x\355\360\257+\245\336\257\313\247\355\363\203"
  87      F0AF2BA5 
  87      DEAFCBA7 
  87      EDF383
  88 008f 8E10F429 		.ascii	"\216\020\364)\0109x\261\001\375\0176\341gf\366v\245"
  88      083978B1 
ARM GAS  /tmp/ccH6dbUa.s 			page 6


  88      01FD0F36 
  88      E16766F6 
  88      76A5
  89 00a1 4DF6438B 		.ascii	"M\366C\213\336>*\007\302\267\246\324\\\251\270\257\""
  89      DE3E2A07 
  89      C2B7A6D4 
  89      5CA9B8AF 
  89      22
  90 00b2 862324B6 		.ascii	"\206#$\266 \377\312xE\330\206\217\331\253\265\373\""
  90      20FFCA78 
  90      45D8868F 
  90      D9ABB5FB 
  90      22
  91 00c3 64A8A9AC 		.ascii	"d\250\251\254T\026\026\321R\236\347U\004\2160\260\323"
  91      541616D1 
  91      529EE755 
  91      048E30B0 
  91      D3
  92 00d4 52F67AD1 		.ascii	"R\366z\321\243u\006a\027>M\256\247\277o<\2564{\353\324"
  92      A3750661 
  92      173E4DAE 
  92      A7BF6F3C 
  92      AE347BEB 
  93 00e9 96D8491E 		.ascii	"\226\330I\036.\016M\205\256\222j4\236r\307{\006\257"
  93      2E0E4D85 
  93      AE926A34 
  93      9E72C77B 
  93      06AF
  94 00fb AB5C3AF5 		.ascii	"\253\\:\3653;\347.\037\220*-\235@\223\371\310c\265|"
  94      333BE72E 
  94      1F902A2D 
  94      9D4093F9 
  94      C863B57C 
  95 010f E5D67999 		.ascii	"\345\326y\231\205B3PU@\023y\021\034\210[1khx\244/\034"
  95      85423350 
  95      55401379 
  95      111C885B 
  95      316B6878 
  96 0126 080582E6 		.ascii	"\010\005\202\346d\302\214Gm\323\266bfbfz,:\2360'fm\373"
  96      64C28C47 
  96      6DD3B662 
  96      6662667A 
  96      2C3A9E30 
  97 013e 770E8C92 		.ascii	"w\016\214\222\260\246\020\373\001\377\276x\260"
  97      B0A610FB 
  97      01FFBE78 
  97      B0
  98              		.text
  99              		.section	.gnu.lto_get.70660504bb865ed0,"",%progbits
 100 0000 789C6366 		.ascii	"x\234cf\300\004R@\374\022\210M\201\230\221\231\201\221"
 100      C0045240 
 100      FC12884D 
 100      81989199 
 100      8191
 101 0012 69C23906 		.ascii	"i\3029\006\206F\016&FF\020\203\201\221\241\236\211\261"
 101      86460E26 
 101      46461083 
ARM GAS  /tmp/ccH6dbUa.s 			page 7


 101      8191A19E 
 101      89B1
 102 0024 9EF125D3 		.ascii	"\236\361%\323G&\306\235\353\276\234\345~\301\364\223"
 102      4726C69D 
 102      EBBE9CE5 
 102      7EC1F493 
 103 0034 89418101 		.ascii	"\211A\201\001\310\3355\351\304\0146\020\227\221\005"
 103      C8DD35E9 
 103      C40C3610 
 103      979105
 104 0043 C4BD3DE1 		.ascii	"\304\275=\341\377+>\365\245\015\015\015\037.m\254\230"
 104      FF2B3EF5 
 104      A50D0D0D 
 104      1F2E6DAC 
 104      98
 105 0054 39650150 		.ascii	"9e\001P\206\211\3413\023\003\343rF)\306\025\214 \213"
 105      8689E133 
 105      1303E372 
 105      4629C615 
 105      8C208B
 106 0067 185732AA 		.ascii	"\030W2\252\003\225N\2721\233\235\331\230\021\244\353"
 106      03954EBA 
 106      319B9DD9 
 106      9811A4EB 
 107 0077 FDA70B9B 		.ascii	"\375\247\013\233\231T\027744\035\330\261\251\301\201"
 107      99541737 
 107      34341DD8 
 107      B1A9C181 
 108 0087 E5271333 		.ascii	"\345'\0233\343*Ffdm@!\006\306\325\214\252 \345\037["
 108      E32A4666 
 108      646D4021 
 108      06C6D58C 
 108      AA20E51F 
 109 009c FE5EE766 		.ascii	"\376^\347fk\001Z\"\0002\032h\342\032F6F \275^\350@\303"
 109      6B015A22 
 109      00321A68 
 109      E21A4636 
 109      4620BD5E 
 110 00b3 FFFF8BE7 		.ascii	"\377\377\213\347\255\331\314\002\024~\002\304 \347?"
 110      ADD9CC02 
 110      147E02C4 
 110      20E73F
 111 00c2 05BA0048 		.ascii	"\005\272\000H3\337cl<\260\371\030#H1\320\220%\027\357"
 111      33DF636C 
 111      3CB0F918 
 111      234831D0 
 111      902517EF 
 112 00d6 5F640639 		.ascii	"_d\0069\234\211\205\201q-\330aO\230\030A\012\201\332"
 112      9C898581 
 112      712DD861 
 112      4F981841 
 112      0A81DA
 113 00e9 0C9C3332 		.ascii	"\014\23432\2232\375\203\343\015\315\365\314\364\014"
 113      9332FD83 
 113      E30DCDF5 
 113      CCF40C
 114 00f8 F4F38BF5 		.ascii	"\364\363\213\3653\022s\364s2\223\364\213K\212R\023s"
ARM GAS  /tmp/ccH6dbUa.s 			page 8


 114      331273F4 
 114      733293F4 
 114      8B4B8A52 
 114      1373
 115 010a 8BF5F34A 		.ascii	"\213\365\363Jsr\240l\275d\006\246\314\002\000\320\035"
 115      7372A06C 
 115      BD6406A6 
 115      CC0200D0 
 115      1D
 116 011b 66DB     		.ascii	"f\333"
 117              		.text
 118              		.section	.gnu.lto_nullObjectInit.70660504bb865ed0,"",%progbits
 119 0000 789C658F 		.ascii	"x\234e\217\275K\\A\024\305\357\271\363|,,AI%[H\232\305"
 119      BD4B5C41 
 119      14C5EFB9 
 119      F37C2C2C 
 119      4149255B 
 120 0017 42DCA704 		.ascii	"B\334\247\004\214\245\020\260\265\360\017\010*\202\013"
 120      8CA510B0 
 120      B5F00F08 
 120      2A820B
 121 0026 1B153796 		.ascii	"\033\0257\226\213\263b\260\0227&\350\212\212\205\310"
 121      8BB362B0 
 121      123726E8 
 121      8A8A85C8 
 122 0036 FA6DA288 		.ascii	"\372m\242\210\037\325+\265\320 \010\242\201\244\331"
 122      1FD52BB5 
 122      D02008A2 
 122      81A4D9
 123 0045 4052087E 		.ascii	"@R\010~\353C\304\334\273Z\010\031\030\346\336\271g~"
 123      EB43C4DC 
 123      BB5A0819 
 123      18E6DEB9 
 123      677E
 124 0057 E78CA1FF 		.ascii	"\347\214\241\377WDv?\210j\344\204!pf\217(\035b@\013"
 124      5744763F 
 124      886AE484 
 124      2170668F 
 124      281D6240 
 125 006c 02F5307A 		.ascii	"\002\3650z\360\227\317\030\031\177>\033.\237\266\326"
 125      F097CF18 
 125      197F3E1B 
 125      2E9FB6D6 
 126 007c 9E9EAF95 		.ascii	"\236\236\257\225~,\015\230\350\202\0371\310\241\\$\333"
 126      7E2C0D98 
 126      E8821F31 
 126      C8A15C24 
 126      DB
 127 008d 3F4606D8 		.ascii	"?F\006\330\274\006I\275\271t\271\033\376\303\001\343"
 127      BC0649BD 
 127      B974B91B 
 127      FEC301E3 
 128 009d 95B65B43 		.ascii	"\225\266[C\333YW[v\264\275M\217~r\242S\326\366\372;"
 128      DB59575B 
 128      76B4BD4D 
 128      8F7E72A2 
 128      53D6F6FA 
ARM GAS  /tmp/ccH6dbUa.s 			page 9


 129 00b2 2BB6CE09 		.ascii	"+\266\316\011\330`\006Fx\230E\004s\210\220\\\021\346"
 129      D8600646 
 129      78984504 
 129      7388905C 
 129      11E6
 130 00c4 1155F959 		.ascii	"\021U\371Y\337\375a\330\355\023\357\222GO,\300\225\330"
 130      DFFD61D8 
 130      ED13EF92 
 130      474F2CC0 
 130      95D8
 131 00d6 B4FCD2B7 		.ascii	"\264\374\322\267\017\017S\271\205u\307\221\320*\247"
 131      0F0F53B9 
 131      8575C791 
 131      D02AA7
 132 00e5 BC0834FD 		.ascii	"\274\0104\375of=\3151z\257\373\367\306j\365\215\260"
 132      6F663DCD 
 132      317AAFFB 
 132      F7C66AF5 
 132      8DB0
 133 00f7 7EE5BFEF 		.ascii	"~\345\277\357\2074\211!E\257\335N\236\274\230\300X\332"
 133      87348921 
 133      45AFDD4E 
 133      9EBC98C0 
 133      58DA
 134 0109 5ADF0DD8 		.ascii	"Z\337\015\330\271a\306\242\330\353l\374\362\363QqeE"
 134      B961C6A2 
 134      D8EB6CFC 
 134      F2F35171 
 134      6545
 135 011b C04558C2 		.ascii	"\300EX\302\004\316\013\277\3052*e6<x\260aRw6kC2\277"
 135      04CE0BBF 
 135      C5322A65 
 135      363C78B0 
 135      61527736 
 136 0133 D7D17378 		.ascii	"\327\321sxQ\241\235\035\374\262\001\205gT\345\342+R"
 136      51A19D1D 
 136      FCB20185 
 136      6754E5E2 
 136      2B52
 137 0145 F8F6049F 		.ascii	"\370\366\004\237\314\317d\303\005\200_\246\016+\"\024"
 137      CCCF64C3 
 137      05805FA6 
 137      0E2B2214 
 138 0155 FA2A52F4 		.ascii	"\372*R\364\023i\377\252^\363\252a\236\241\377\020\207"
 138      1369FFAA 
 138      5EF3AA61 
 138      9EA1FF10 
 138      87
 139 0166 AAB76DF1 		.ascii	"\252\267m\361\346xC\343\273\3527\261\232X\225\327\221"
 139      E67843E3 
 139      BBEA37B1 
 139      9A5895D7 
 139      91
 140 0177 F4DA9A12 		.ascii	"\364\332\232\022^\"\336\354%?t\2656\275Oz\355\335\211"
 140      5E22DEEC 
 140      253F74B5 
 140      36BD4F7A 
ARM GAS  /tmp/ccH6dbUa.s 			page 10


 140      EDDD89
 141 018a C4531D6B 		.ascii	"\304S\035k!\323\236\354\374\007k=\237\015"
 141      21D39EEC 
 141      FC076B3D 
 141      9F0D
 142              		.text
 143              		.section	.gnu.lto_.symbol_nodes.70660504bb865ed0,"",%progbits
 144 0000 789C6366 		.ascii	"x\234cf``Hf\200\002\246\251L\365\014\014\023\31610\324"
 144      60604866 
 144      8002A6A9 
 144      4CF50C0C 
 144      13CE3130 
 145 0015 D733CC59 		.ascii	"\3273\314Y\321\301\303\3004\215\251\236\021Ud:S=\023"
 145      D1C1C3C0 
 145      348DA99E 
 145      1155643A 
 145      533D13
 146 0028 AAC80CA6 		.ascii	"\252\310\014\246zfT\221YL\365,0\221y\0138\030Xg21,\000"
 146      7A665491 
 146      594CF52C 
 146      3091790B 
 146      38185867 
 147 0040 A90200AF 		.ascii	"\251\002\000\257\204\034*"
 147      841C2A
 148              		.text
 149              		.section	.gnu.lto_.refs.70660504bb865ed0,"",%progbits
 150 0000 789C6366 		.ascii	"x\234cf``\020`\200\000F\026&VF\026V&\006&F&&&f\006\000"
 150      60601060 
 150      80004616 
 150      26564616 
 150      56260626 
 151 001b 03470038 		.ascii	"\003G\0008"
 152              		.text
 153              		.section	.gnu.lto_.decls.70660504bb865ed0,"",%progbits
 154 0000 789C9556 		.ascii	"x\234\225VkL\024W\024\236\263\263\017X\326\305\204\024"
 154      6B4C1457 
 154      149EB3B3 
 154      0F58D6C5 
 154      8414
 155 0012 1BD31F44 		.ascii	"\033\323\037D\023R\033e\251\032\333\376im\370\241M\343"
 155      13521B65 
 155      A91ADBFE 
 155      696DF8A1 
 155      4DE3
 156 0024 A3B5ED9F 		.ascii	"\243\265\355\237\376\330\302\272\2255\260\020v\250\265"
 156      FED8C2BA 
 156      9535B010 
 156      76A8B5
 157 0033 89ED888F 		.ascii	"\211\355\210\217\022#>\360\211\242,\005Q\336\250\200"
 157      12233EF0 
 157      89A22C05 
 157      51DEA880 
 158 0043 E0134504 		.ascii	"\340\023E\004]\021\024\020V\264\002+>\020\004Q\021\212"
 158      5D111410 
 158      56B4022B 
 158      3E100451 
 158      118A
ARM GAS  /tmp/ccH6dbUa.s 			page 11


 159 0055 B83DF7CE 		.ascii	"\270=\367\316\314>p\241\351$\227\275\367\314\371\316"
 159      CC3E70A1 
 159      E92497BD 
 159      F7CCF9CE 
 160 0065 F9CE3DDF 		.ascii	"\371\316=\337\275\003\3130\314O\3000N|\372\324\014S"
 160      BD03CB30 
 160      CC4FC030 
 160      4E7CFAD4 
 160      0C53
 161 0077 817325DA 		.ascii	"\201s%\332\2263\356G\201\343<\216\032\034-8\3548^\343"
 161      9633EE47 
 161      81E33C8E 
 161      1A1C2D38 
 161      EC385EE3 
 162 008b 4057668C 		.ascii	"@Wf\214\361~\316\213\376Z\034\032\034\2058\226\341\250"
 162      F17ECE8B 
 162      FE5A1C1A 
 162      1C853896 
 162      E1A8
 163 009d 10DF83E8 		.ascii	"\020\337\203\3503\376\251\231\000w\301\003W\343\003"
 163      33FEA999 
 163      0077C103 
 163      57E303
 164 00ac D7320ED7 		.ascii	"\3272\016\327(\342\312<p->p\244\006\271\017\234\204"
 164      28E2CA3C 
 164      702D3E70 
 164      A406B90F 
 164      9C84
 165 00be B1FBC090 		.ascii	"\261\373\300\220\232U\214\2607\022\356\005\216A\034"
 165      9A558CB0 
 165      3712EE05 
 165      8E411C
 166 00cd BD389E8A 		.ascii	"\2758\236\212\330~\361w\242=z.\203\312\242\227\365\001"
 166      D87EF177 
 166      A23D7A2E 
 166      83CAA297 
 166      F501
 167 00df 8F65A055 		.ascii	"\217e\240U\207\220\345\351\324\272\375J\\j\324r\262"
 167      8790E5E9 
 167      D4BAFD4A 
 167      5C6AD472 
 167      B2
 168 00f0 3C9B735C 		.ascii	"<\233s\\\301\312\200L\263\366w6\253g\347\361<\237\314"
 168      C1CA804C 
 168      B3F67736 
 168      AB67E7F1 
 168      3C9FCC
 169 0103 57D5813B 		.ascii	"W\325\201;\302\372\2343[U\010Y\254\246\313\373\007G"
 169      C2FA9C33 
 169      5B550859 
 169      ACA6CBFB 
 169      0747
 170 0115 B2FDE992 		.ascii	"\262\375\351\222t2\020M\262\206\374\223\235\032P\207"
 170      7432104D 
 170      B286FC93 
 170      9D1A5087 
 171 0125 26F37C12 		.ascii	"&\363|\022\277c\003\357_\247e\340(L\207c0\235\201\""
ARM GAS  /tmp/ccH6dbUa.s 			page 12


 171      BF6303EF 
 171      5FA765E0 
 171      284C8763 
 171      309D8122 
 172 0139 084567C8 		.ascii	"\010Eg\310\203\331\014\344\243\261\000\215\331\230f"
 172      83D90CE4 
 172      A3B1008D 
 172      D99866
 173 0148 E058DB8D 		.ascii	"\340X\333\215i</\207BPC.\260\324\003\353 y\306\245\016"
 173      693C2F87 
 173      4250432E 
 173      B0D403EB 
 173      2079C6A5 
 174 015d 16526FB3 		.ascii	"\026Ro\263\035\270\310\322\245\223R\336w\263\355\224"
 174      1DB8C8D2 
 174      A59352DE 
 174      77B3ED94 
 175 016d 9C8DA0F3 		.ascii	"\234\215\240\363-\355\271\327U\354\327d.Ku\274<\002"
 175      2DEDB9D7 
 175      55ECD764 
 175      2E4B75BC 
 175      3C02
 176 017f 129F8154 		.ascii	"\022\237\201T\236}\237\201\331\323a\026\222)E2\301\""
 176      9E7D9F81 
 176      D9D36116 
 176      92294532 
 176      C122
 177 0191 99622453 		.ascii	"\231b$S\"\221)\314\332\376\001!s\022\311\234p\223\011"
 177      229129CC 
 177      DAFE0121 
 177      7312C99C 
 177      709309
 178 01a4 76919175 		.ascii	"v\221\221u\264\036\371\306w\320\362\211\202\036\330"
 178      B41EF9C6 
 178      77D0F289 
 178      821ED8
 179 01b3 647B8F04 		.ascii	"d{\217\004-\303\240\307\335A1\207\253\304\355Mu\225"
 179      2DC3A0C7 
 179      DD413187 
 179      ABC4ED4D 
 179      7595
 180 01c5 0AB51834 		.ascii	"\012\265\0304\371?\202\242\277\243,+W\253\331\342\336"
 180      F93F82A2 
 180      BFA32C2B 
 180      57ABD9E2 
 180      DE
 181 01d6 693885C1 		.ascii	"i8\205\301\245\315f\240\0024b\344\336\221\314~\215\\"
 181      A5CD66A0 
 181      023462E4 
 181      DE91CC7E 
 181      8D5C
 182 01e8 8636B2C1 		.ascii	"\2066\262\301?\322~\027\245<Y\257\2426\364\203J\020"
 182      3FD27E17 
 182      A53C59AF 
 182      A236F483 
 182      4A10
 183 01fa 44703D73 		.ascii	"Dp=s\273`\\\246\201\323\202m\327\305;I\332i{\260\010"
ARM GAS  /tmp/ccH6dbUa.s 			page 13


 183      BB605CA6 
 183      81D3826D 
 183      D7C53B49 
 183      DA697BB0 
 184 020f 9266AAD0 		.ascii	"\222f\252\320$w\226\2630\015\377\236\001\271\220\252"
 184      247796B3 
 184      300DFF9E 
 184      01B990AA 
 185 021f 60C7A921 		.ascii	"`\307\251!\025[\012\264\023\345CW\026\207\034\346\033"
 185      155B0AB4 
 185      13E54357 
 185      16871CE6 
 185      1B
 186 0230 4B064637 		.ascii	"K\006F7\265\006\246\361\326$\376\255\023\033F@p\316"
 186      B506A6F1 
 186      D624FEAD 
 186      131B4640 
 186      70CE
 187 0242 B50B0C99 		.ascii	"\265\013\014\231\013\247\340<\204 \256\375\356\326\335"
 187      0BA7E03C 
 187      8420AEFD 
 187      EED6DD
 188 0251 E0555999 		.ascii	"\340UY\231W\316\013\223V\226\224<8\342Gm\350\007UB\025"
 188      57CE0B93 
 188      5696943C 
 188      38E2476D 
 188      E8075542 
 189 0266 F65DFDC3 		.ascii	"\366]\375\303\256\312.\012\266\007\331M6\315\304\225"
 189      AECA2E0A 
 189      B607D94D 
 189      36CDC495 
 190 0276 55D3CA2E 		.ascii	"U\323\312.I\225=\311i=\027\300\366\012\225\325V\227"
 190      49953DC9 
 190      693D17C0 
 190      F60A95D5 
 190      5697
 191 0288 DC065A9A 		.ascii	"\334\006Z\232\265\367\004\277p#\377\306\351d\011\002"
 191      B5F704BF 
 191      7023FFC6 
 191      E9640902 
 192 0298 2E7B9475 		.ascii	".{\224uY*\253\206\226Uz\345~\375\024vP\210p\346Q\222"
 192      592AAB86 
 192      96557AE5 
 192      7EFD1476 
 192      508870E6 
 193 02ae 5DC50E0B 		.ascii	"]\305\016\013\213\341\236G\275\300\362\302\361+\272"
 193      8BE19E47 
 193      BDC0F2C2 
 193      F12BBA
 194 02bd 57BD06A5 		.ascii	"W\275\006\245\255T\023b\303\344h\301\037h\276\332\324"
 194      AD541362 
 194      C3E468C1 
 194      1F68BEDA 
 194      D4
 195 02ce D0A8A076 		.ascii	"\320\250\240vbR\021\035\216\\\256(V\012B\344\337=m\327"
 195      6252111D 
 195      8E5CAE28 
ARM GAS  /tmp/ccH6dbUa.s 			page 14


 195      560A42E4 
 195      DF3D6DD7 
 196 02e2 51364A51 		.ascii	"Q6JQ6W\321x\315%pG\006\025\270\015\313\255skQ\351\026"
 196      3657D178 
 196      CD257047 
 196      0615B80D 
 196      CBAD736B 
 197 02f9 B8BD2CF3 		.ascii	"\270\275,\363\264\026B\325\202t\273\033\250to\240{\255"
 197      B41642D5 
 197      8274BB1B 
 197      A8746FA0 
 197      7BAD
 198 030b DBDD2649 		.ascii	"\333\335&I\327w\366z\037\3311\362_\267\034[\300\025"
 198      D777F67A 
 198      1FD931F2 
 198      5FB71C5B 
 198      C015
 199 031d 39B72B7A 		.ascii	"9\267+z\003\277\020\0321\362\025w\344\033\223Gn\360"
 199      03BF101A 
 199      31F21577 
 199      E41B9347 
 199      6EF0
 200 032f 19190E0F 		.ascii	"\031\031\016\017\036\330&\264\275\314%\205\315\3457"
 200      1ED826B4 
 200      BDCC2585 
 200      CDE537
 201 033e 1E82D4F5 		.ascii	"\036\202\324\365\233B\327\255\273\013n\313<\273\336"
 201      9B42D7AD 
 201      BB0B6ECB 
 201      3CBBDE
 202 034d E8D5F526 		.ascii	"\350\325\365&\332\365[R\327\017\\\334Y\022\310^\025"
 202      DAF55B52 
 202      D70F5CDC 
 202      5912C85E 
 202      15
 203 035e 3AD37FED 		.ascii	":\323\177\355\361v\231(\350#\031\236\202F\0244{t\276"
 203      F1769928 
 203      E823199E 
 203      82461434 
 203      7B74BE
 204 0371 59EA7C0B 		.ascii	"Y\352|\013\355\374\245\206\212\275.\036\002\265\262"
 204      EDFCA586 
 204      8ABD2E1E 
 204      02B5B2
 205 0380 0B699D7E 		.ascii	"\013i\235~\023\323h\2454nK4v\226>\372S\315\326\0134"
 205      13D368A5 
 205      346E4B34 
 205      76963EFA 
 205      53CDD60B 
 206 0395 8AF3ED0F 		.ascii	"\212\363\355\0175\202\370R\262\224u|\225\323\371\005"
 206      3582F852 
 206      B294757C 
 206      95D3F905 
 207 03a5 01409B07 		.ascii	"\001@\233\007\2036\211\201\23528\233\222\236\246do\012"
 207      83368981 
 207      9D32389B 
 207      929EA664 
ARM GAS  /tmp/ccH6dbUa.s 			page 15


 207      6F0A
 208 03b7 01F69C4D 		.ascii	"\001\366\234MO\365\247_\002\236\256m]\303/4\364S0\225"
 208      4FF5A75F 
 208      029EAE6D 
 208      5DC32F34 
 208      F4533095 
 209 03cb 2CBB6FBD 		.ascii	",\273o\275\332\246b\357\012\276\225\325c\031\376^g\221"
 209      DAA662EF 
 209      0ABE95D5 
 209      6319FE5E 
 209      6791
 210 03dd 1C5E37D1 		.ascii	"\034^7\321\277]g\261\371V?\317\262=\242\210\253\017"
 210      BF5D67B1 
 210      F9563FCF 
 210      B23DA288 
 210      AB0F
 211 03ef A56ABC60 		.ascii	"\245j\274`\325^\260\016\027lkv\372\323\000v@\200%u\276"
 211      D55EB00E 
 211      176C6B76 
 211      FAD30076 
 211      40802575 
 212 0404 6D5278C1 		.ascii	"mRx\301\232\274`].X\366\236\275\005\012\312\331\217"
 212      9ABC605D 
 212      2E58F69E 
 212      BD050ACA 
 212      D98F
 213 0416 2CDB6ADA 		.ascii	",\333j\3323\002\275\200\255^\300\007\022PY\354\250\330"
 213      3302BD80 
 213      AD5EC007 
 213      125059EC 
 213      A8D8
 214 0428 EF0F4133 		.ascii	"\357\017A3\360\011\335I\267\237\347\027r\014\264\243"
 214      F009DD49 
 214      B79FE717 
 214      720CB4A3 
 215 0438 EF5DA2AF 		.ascii	"\357]\242\257{\270\213\335\020Dv\022zPkO`\006<\306\361"
 215      7BB88BDD 
 215      10447612 
 215      7A506B4F 
 215      60063CC6 
 216 044d 10C72398 		.ascii	"\020\307#\230Aw\325\212\211\006\372l\355\200\032\270"
 216      4177D58A 
 216      8906FA6C 
 216      ED801AB8 
 217 045d 0484166D 		.ascii	"\004\204\026m?\201\271t\352\240\211?\232.\272\363\350"
 217      3F81B974 
 217      EAA0893F 
 217      9A2EBAF3 
 217      E8
 218 046e 2A531222 		.ascii	"*S\022\"\264O>\\\217\3028_\334$\350\034\357\373\241"
 218      B44F3E5C 
 218      8FC2385F 
 218      DC24E81C 
 218      EFFBA1
 219 0481 4F576C03 		.ascii	"OWl\003\334\367\351J\011\220\343\326\321\027\356G\336"
 219      DCF7E94A 
 219      0990E3D6 
ARM GAS  /tmp/ccH6dbUa.s 			page 16


 219      D117EE47 
 219      DE
 220 0492 3392465C 		.ascii	"3\222F\\_\236\214\236*^\036$n\206u\242\315`|\356\004"
 220      5F9E8C9E 
 220      2A5E1E24 
 220      6E8675A2 
 220      CD607CEE 
 221 04a7 C2D376F3 		.ascii	"\302\323v\363\005\336\275~\352\301\202\201^W\323\362"
 221      05DEBD7E 
 221      EAC18281 
 221      5E57D3F2 
 222 04b7 3353EE4F 		.ascii	"3S\356OasX\322k\266c,?S\206\215\020\273\260\201v\301"
 222      617358D2 
 222      6BB6632C 
 222      3F53868D 
 222      10BBB081 
 223 04cd 8D7A26B6 		.ascii	"\215z&\266`\000[\320\357\261\355\035\311\216\006\015"
 223      60005BD0 
 223      EFB1ED1D 
 223      C98E060D 
 224 04dd 5F174EC2 		.ascii	"_\027N\302B\037\322{6I\311o\347\372\221\367\357\224"
 224      421FD27B 
 224      3649C96F 
 224      E7FA91F7 
 224      EF94
 225 04ef 2CCBEB29 		.ascii	",\313\353)\277\255\206\320 \352\265\305\340\007\203"
 225      BFAD86D0 
 225      20EAB5C5 
 225      E00783
 226 04fe 18E58EFB 		.ascii	"\030\345\216\373\016\" \372\370\"\007\317\221\223/~"
 226      0E2220FA 
 226      F82207CF 
 226      91932F7E 
 227 050e 44C1A307 		.ascii	"D\301\243\007\177\360\332\213A\257\275x\341>.\375\367"
 227      7FF0DA8B 
 227      41AFBD78 
 227      E13E2EFD 
 227      F7
 228 051f 6A85FB0A 		.ascii	"j\205\373\012m\322\247\313i\177\022\340y),\017\366\300"
 228      6DD2A7CB 
 228      697F12E0 
 228      79292C0F 
 228      F6C0
 229 0531 BEA277C2 		.ascii	"\276\242w\302K\351Nh>T\223,g\363X\341H\037*\034\232"
 229      4BE94E68 
 229      3E54932C 
 229      67F358E1 
 229      481F2A1C 
 230 0546 82778215 		.ascii	"\202w\202\025\257\246\356\247\341\036W\023\242`\310"
 230      AFA6EEA7 
 230      E11E5713 
 230      A260C8
 231 0555 E3621892 		.ascii	"\343b\030\222.\206\327\364bx\276\331j\323\256\033\305"
 231      2E86D7F4 
 231      6278BED9 
 231      6AD3AE1B 
 231      C5
ARM GAS  /tmp/ccH6dbUa.s 			page 17


 232 0566 7FF53AD2 		.ascii	"\177\365:\322\253\203\251\216\360#L\023\224tu\227\007"
 232      AB83A98E 
 232      F0234C13 
 232      94747597 
 232      07
 233 0577 D25755AB 		.ascii	"\322WU\253\251\026k\304\027\373\332+z@x\261\226j\277"
 233      A9166BC4 
 233      17FBDA2B 
 233      7A4078B1 
 233      966ABF
 234 058a 457C51BF 		.ascii	"E|Q\277qd\263Bx\361;U\272]|\361\266\253vX\265\240\224"
 234      7164B342 
 234      78F13B55 
 234      BA5D7CF1 
 234      B6AB7658 
 235 05a1 4FB68650 		.ascii	"O\266\206Pq\020%\015\303:\252\246\021\374%\212\372\007"
 235      7110250D 
 235      C33AAAA6 
 235      11FC258A 
 235      FA07
 236 05b3 7F515530 		.ascii	"\177QU0\012\353\250\252\034%\257\375gf\362\215\326*"
 236      0AEBA8AA 
 236      1C25AFFD 
 236      6766F28D 
 236      D62A
 237 05c5 5B12F9C4 		.ascii	"[\022\371\304\322z(\272O(\307\245R\206X\360\357\033"
 237      D27A28BA 
 237      4F28C7A5 
 237      528658F0 
 237      EF1B
 238 05d7 58C0C018 		.ascii	"X\300\300\030\314d\224\026\323oF=\247\\\264\364\373"
 238      CC649416 
 238      D36F463D 
 238      A75CB4F4 
 238      FB
 239 05e8 900866AE 		.ascii	"\220\010f\256.\321\222\240\2131E\351V\031\014\272\310"
 239      2ED192A0 
 239      8B3145E9 
 239      56190CBA 
 239      C8
 240 05f9 84D839E6 		.ascii	"\204\3309\3468\263q\21612\312\244\233\037\366Y\330<"
 240      38B3718E 
 240      3132CAA4 
 240      9B1FF659 
 240      D83C
 241 060b 9DC96C88 		.ascii	"\235\311l\210I\\i\324Y\270\225+\215?\207E3\252D\223"
 241      495C69D4 
 241      59B8952B 
 241      8D3F8745 
 241      33AA4493 
 242 061f 99FB54CF 		.ascii	"\231\373T\317\371\353\365\342l>\015\342\015\226`\261"
 242      F9EBF5E2 
 242      6C3E0DE2 
 242      0D9660B1 
 243 062f 91866893 		.ascii	"\221\206h\223\331\250\323#821\206\323sk\343\215\026"
 243      D9A8D323 
 243      38323186 
ARM GAS  /tmp/ccH6dbUa.s 			page 18


 243      D3736BE3 
 243      8D16
 244 0641 0C336B12 		.ascii	"\0143k\022\220e\255E\247\307\204\030\036=\225k\022L"
 244      9065AD45 
 244      A7C78418 
 244      1E3D956B 
 244      124C
 245 0653 9CD1121E 		.ascii	"\234\321\022\036\021m\2122-[\241\377\370\223\260\005"
 245      116D8A32 
 245      2D5BA1FF 
 245      F893B005 
 246 0663 61E1BA38 		.ascii	"a\341\2728\213.:2\206r\267p\011\306\310X\213\316\234"
 246      8B2E3A32 
 246      8672B770 
 246      09C6C858 
 246      8BCE9C
 247 0676 181323CE 		.ascii	"\030\023#\316\303\014\214\002'+-\212X\313*=\247\302"
 247      C30C8C02 
 247      272B2D8A 
 247      58CB2A3D 
 247      A7C2
 248 0688 50F3E652 		.ascii	"P\363\346R\322\342\354\363w\303\031\342bc\343\314\272"
 248      D2E2ECF3 
 248      77C319E2 
 248      6263E3CC 
 248      BA
 249 0699 F8B804CE 		.ascii	"\370\270\004\316\242\373\362\333%\021K~%\266xS\2141"
 249      A2FBF2DB 
 249      25114B7E 
 249      25B67853 
 249      8C31
 250 06ab C1A25B14 		.ascii	"\301\242[\024\021\2413DK\364\331\370D\216]e\344\324"
 250      11A13344 
 250      4BF4D9F8 
 250      448E5D65 
 250      E4D4
 251 06bd 4B31E70A 		.ascii	"K1\347\012\232s\212{\372\303\222\357\024\224\265\234"
 251      9A738A7B 
 251      FAC392EF 
 251      1494B59C 
 252 06cd 70F89FCC 		.ascii	"p\370\237\3141\370/\261\234\226\230\226E\2556\032\270"
 252      31F82FB1 
 252      9C969896 
 252      45AD361A 
 252      B8
 253 06de AFCC26EE 		.ascii	"\257\314&\356_r\256\373\355"
 253      5F72AEFB 
 253      ED
 254              		.text
 255              		.section	.gnu.lto_.symtab.70660504bb865ed0,"",%progbits
 256 0000 6E756C6C 		.ascii	"nullObjectInit\000\000\000\000\000\000\000\000\000\000"
 256      4F626A65 
 256      6374496E 
 256      69740000 
 256      00000000 
 257 0018 0000F700 		.ascii	"\000\000\367\000\000\000"
 257      0000
ARM GAS  /tmp/ccH6dbUa.s 			page 19


 258              		.text
 259              		.section	.gnu.lto_.opts,"",%progbits
 260 0000 272D666E 		.ascii	"'-fno-trapv' '-mcpu=cortex-m4' '-mfloat-abi=hard' '"
 260      6F2D7472 
 260      61707627 
 260      20272D6D 
 260      6370753D 
 261 0033 2D6D6670 		.ascii	"-mfpu=fpv4-sp-d16' '-mno-thumb-interwork' '-mthumb'"
 261      753D6670 
 261      76342D73 
 261      702D6431 
 261      36272027 
 262 0066 20272D67 		.ascii	" '-ggdb' '-O2' '-fomit-frame-pointer' '-falign-func"
 262      67646227 
 262      20272D4F 
 262      32272027 
 262      2D666F6D 
 263 0099 74696F6E 		.ascii	"tions=16' '-ffunction-sections' '-fdata-sections' '"
 263      733D3136 
 263      2720272D 
 263      6666756E 
 263      6374696F 
 264 00cc 2D666E6F 		.ascii	"-fno-common' '-flto' '-fsingle-precision-constant'\000"
 264      2D636F6D 
 264      6D6F6E27 
 264      20272D66 
 264      6C746F27 
 265              		.text
 266              		.comm	__gnu_lto_v1,1,1
 267              		.comm	__gnu_lto_slim,1,1
 268              		.ident	"GCC: (GNU Tools for ARM Embedded Processors) 4.9.3 20150529 (release) [ARM/embedded-4_9-br
ARM GAS  /tmp/ccH6dbUa.s 			page 20


DEFINED SYMBOLS
                            *ABS*:0000000000000000 nullstreams.c
                            *COM*:0000000000000001 __gnu_lto_v1
                            *COM*:0000000000000001 __gnu_lto_slim

NO UNDEFINED SYMBOLS
