ARM GAS  /tmp/ccWaPp3W.s 			page 1


   1              		.syntax unified
   2              		.cpu cortex-m4
   3              		.eabi_attribute 27, 1
   4              		.eabi_attribute 28, 1
   5              		.fpu fpv4-sp-d16
   6              		.eabi_attribute 20, 1
   7              		.eabi_attribute 21, 1
   8              		.eabi_attribute 23, 3
   9              		.eabi_attribute 24, 1
  10              		.eabi_attribute 25, 1
  11              		.eabi_attribute 26, 1
  12              		.eabi_attribute 30, 2
  13              		.eabi_attribute 34, 1
  14              		.eabi_attribute 18, 4
  15              		.thumb
  16              		.file	"nvic.c"
  17              		.text
  18              	.Ltext0:
  19              		.section	.gnu.lto_.profile.74a7ceb109fe7bc4,"",%progbits
  20 0000 789C6366 		.ascii	"x\234cf```a\200\000F\006u)\000\000\334\000J"
  20      60606061 
  20      80004606 
  20      75290000 
  20      DC004A
  21              		.text
  22              		.section	.gnu.lto_.jmpfuncs.74a7ceb109fe7bc4,"",%progbits
  23 0000 789C6366 		.ascii	"x\234cf\300\016\314\2414\013\003\023##s}=#\020\3243"
  23      C00ECCA1 
  23      340B0313 
  23      2323737D 
  23      3D2310D4 
  24 0015 41D94C1F 		.ascii	"A\331L\037\231\030\247\365_\331\301\\\373\273aF\003"
  24      9918A7F5 
  24      5FD9C15C 
  24      FBBB6146 
  24      03
  25 0026 C74F2686 		.ascii	"\307O&\206\277L@\265\214\313\031k\031X@\012\031\000"
  25      BF4C40B5 
  25      8CCB196B 
  25      1958400A 
  25      1900
  26 0038 5F210D37 		.ascii	"_!\0157"
  27              		.text
  28              		.section	.gnu.lto_.inline.74a7ceb109fe7bc4,"",%progbits
  29 0000 789C6D4E 		.ascii	"x\234mN\273\015\203@\014}\317X\307q\024\244N\003\023"
  29      BB0D8340 
  29      0C7DCF58 
  29      C77114A4 
  29      4E0313
  30 0013 64ABB04D 		.ascii	"d\253\260M\244\214@G\301\010,\221\021R\246L\312t\274"
  30      A48C4047 
  30      C1082C91 
  30      1152A64C 
  30      CA74BC
  31 0026 CB21AA58 		.ascii	"\313!\252X\262l\353\375\\\341\177-\373t 54R\273\332"
  31      B26CEBFD 
  31      5CE17F2D 
ARM GAS  /tmp/ccWaPp3W.s 			page 2


  31      FB742035 
  31      3452BBDA 
  32 003a C3FB8230 		.ascii	"\303\373\2020\365\006{t\016]Q@\024\024kq\304\250|\352"
  32      F5067B74 
  32      0E5D5140 
  32      14146B71 
  32      C4A87CEA 
  33 004e 0B43A0FF 		.ascii	"\013C\240\377\034\014M\242c\374\030\237\353\355\236"
  33      1C0C4DA2 
  33      63FC189F 
  33      EBED9E
  34 005d 5EF635B6 		.ascii	"^\3665\266\340\3143p-C\312\234\341\262-j\331\234r\310"
  34      E0CC3370 
  34      2D43CA9C 
  34      E1B22D6A 
  34      D99C72C8 
  35 0071 90BFB056 		.ascii	"\220\277\260V6T\327aO9xG\0126\270\016\0262"
  35      3654D761 
  35      4F397847 
  35      0A36B80E 
  35      1632
  36              		.text
  37              		.section	.gnu.lto_.pureconst.74a7ceb109fe7bc4,"",%progbits
  38 0000 789C6366 		.ascii	"x\234cf``\340d\200\000\026\006)F)&)\026)\000\002\307"
  38      6060E064 
  38      80001606 
  38      29462926 
  38      29162900 
  39 0016 0080     		.ascii	"\000\200"
  40              		.text
  41              		.section	.gnu.lto_nvicEnableVector.74a7ceb109fe7bc4,"",%progbits
  42 0000 789C9552 		.ascii	"x\234\225R\317KTQ\030\275\347\2767\363\306\031\265h"
  42      CF4B5451 
  42      18BDE7BE 
  42      37F3C619 
  42      B568
  43 0012 134C446D 		.ascii	"\023LDm\006W\372\022\302\240M\205\320N\222\372\003\242"
  43      0657FA12 
  43      C2A04D85 
  43      D04E92FA 
  43      03A2
  44 0024 66E3403A 		.ascii	"f\343@:\242\021\355\274\243\203.\012\0247J2\2334\372"
  44      A211EDBC 
  44      A3832E0A 
  44      14374A32 
  44      9B34FA
  45 0037 618E6959 		.ascii	"a\216iYi\012\017\301rQ\332\320D2\014#\321\004\366c\221"
  45      690A0FC1 
  45      7251DAD0 
  45      44320C23 
  45      D104F663 
  46 004c 268C0395 		.ascii	"&\214\003\225}\337}\023-tQ\003s\357\375~\234\357\234"
  46      7DDF7D13 
  46      2D745103 
  46      73EFFD7E 
  46      9CEF9C
  47 005f 73EF33C4 		.ascii	"s\3573\304\316_\220\376'\014!\216\323\016C@\366-\011"
ARM GAS  /tmp/ccWaPp3W.s 			page 3


  47      CE5F90FE 
  47      270C218E 
  47      D30E4340 
  47      F62D09
  48 0072 11F34980 		.ascii	"\021\363I\200\017\002\242C\242\003\237\344\272D\237"
  48      0F02A243 
  48      A2039FE4 
  48      BA449F
  49 0081 333A18A8 		.ascii	"3:\030\250\272\245\224\372\326\277\034ktP\224B|\227"
  49      BAA594FA 
  49      D6BF1C6B 
  49      74509442 
  49      7C97
  50 0093 EE1CDC46 		.ascii	"\356\034\334F\025\365\244W>t\233\306Q\010:O'7_\005\326"
  50      15F5A457 
  50      3E749BC6 
  50      51083A4F 
  50      27375F05 
  51 00a8 6451E230 		.ascii	"dQ\3420\2073\375\213\203^\016\245\311\341\324\\\362"
  51      8733FD8B 
  51      835E0EA5 
  51      C9E1D45C 
  51      F2
  52 00b9 F99ED0B0 		.ascii	"\371\236\320\260R\235\316\342\244:i\026\245\201;0h\036"
  52      529DCEE2 
  52      A43A6916 
  52      A5813B30 
  52      681E
  53 00cb EE22887B 		.ascii	"\356\"\210{\010\012J\011\214\"D\335\257ol\246M\243N"
  53      080A4A09 
  53      8C2244DD 
  53      AF6F6CA6 
  53      4DA34E
  54 00de CF4D255F 		.ascii	"\317M%_\246K\310\354\037\344\375]\220c\010q\373z\374"
  54      A64BC8EC 
  54      1FE4FD5D 
  54      90630871 
  54      FB7AFC
  55 00f1 E7BB8037 		.ascii	"\347\273\2007N\262\367\272j\221\204\027\264\217\357"
  55      4EB2F7BA 
  55      6A918417 
  55      B48FEF
  56 0100 73D4F6F6 		.ascii	"s\324\366\366\360\324\354\204Y\001p\273$\240i\360\342"
  56      F0D4EC84 
  56      590170BB 
  56      24A069F0 
  56      E2
  57 0111 01135B74 		.ascii	"\001\023[t\364\370h\361\226\361\342\247\305\022\"OC"
  57      F4F868F1 
  57      96F1E2A7 
  57      C512224F 
  57      43
  58 0122 F8723E4A 		.ascii	"\370r>J\311\273\221A\347J\317\257\202\301s\013R\026"
  58      C9BB9141 
  58      E74ACFAF 
  58      82C1730B 
  58      5216
ARM GAS  /tmp/ccWaPp3W.s 			page 4


  59 0134 2444065D 		.ascii	"$D\006]Y\257\033\033\224\"\025#\251\325\224\301\356"
  59      59AF1B1B 
  59      94221523 
  59      A9D594C1 
  59      EE
  60 0145 7DA6C038 		.ascii	"}\246\3008I\314`\276\037\334B\305\215/*ar\261L\315w"
  60      49CC60BE 
  60      1FDC42C5 
  60      8D2F2A61 
  60      72B14CCD 
  61 015a A94A56BD 		.ascii	"\251JV\275\232_N\371tJpx\363\355\326\347\312\004\206"
  61      9A5F4EF9 
  61      744A7078 
  61      F3EDD6E7 
  61      CA0486
  62 016d 624A3956 		.ascii	"bJ9VQ\372\361\200\234N\320\030.\026G\256\007\252GU\234"
  62      51FAF180 
  62      9C4ED018 
  62      2E1647AE 
  62      07AA4755 
  63 0182 1E248049 		.ascii	"\036$\200I$\260\241\037\205*\327\006R[>{L\305c\316\001"
  63      24B0A11F 
  63      852AD706 
  63      525B3E7B 
  63      4CC563CE 
  64 0197 A2C64354 		.ascii	"\242\306CT\027\244G\277\327#\330$\216\225\346\272\227"
  64      17A447BF 
  64      D723D824 
  64      8E95E6BA 
  64      97
  65 01a8 061B5DB1 		.ascii	"\006\033]\261\026U\011\366\365\315\320L9\223{=\002S"
  65      165509F6 
  65      F5CDD04C 
  65      39937B3D 
  65      0253
  66 01ba 5A6C67AE 		.ascii	"Zlg\256\347\207t\233|<\202p[%\207e\224\"\320lo\357\202"
  66      E787749B 
  66      7C3C8270 
  66      5B258765 
  66      9422D06C 
  67 01d1 A5418704 		.ascii	"\245A\207\004\036kPW\266;_\272\026?u\274H\254Mj\233"
  67      1E6B5057 
  67      B63B5FBA 
  67      163F75BC 
  67      48AC4D6A 
  68 01e6 16049E20 		.ascii	"\026\004\236 HP}\015\357\367\227\356\341_]\226\343\251"
  68      48507D0D 
  68      EFF797EE 
  68      E15F5D96 
  68      E3A9
  69 01f8 76891D2E 		.ascii	"v\211\035.\017\026e\005\246\331\245\245]\316\260K\277"
  69      0F166505 
  69      A6D9A5A5 
  69      5DCEB04B 
  69      BF
  70 0209 66995858 		.ascii	"f\231XX\367\3747\3173\315#w\347\231\375\3133\347\362"
  70      F7FC37CF 
ARM GAS  /tmp/ccWaPp3W.s 			page 5


  70      33CD2377 
  70      E799FDCB 
  70      33E7F2
  71 021c E4107306 		.ascii	"\344\020s\006N3\013g\363$\220>\020B\327\3267E.F\316"
  71      4E330B67 
  71      F324903E 
  71      1042D7D6 
  71      37452E46 
  72 0231 9C3B5F7B 		.ascii	"\234;_{\254\246\256\346\210\035m\267\233.\\\262[\243"
  72      ACA6AEE6 
  72      881D6DB7 
  72      9B2E5CB2 
  72      5BA3
  73 0243 6D97DBED 		.ascii	"m\227\333\355p\264\2719\332b\237:\333P\337p\325n\271"
  73      70B4B939 
  73      DA629F3A 
  73      DB50DF70 
  73      D56EB9
  74 0256 1209D784 		.ascii	"\022\011\327\204\005Z\314\326\266H\3647=H0x"
  74      055ACCD6 
  74      B648F437 
  74      3D483078 
  75              		.text
  76              		.section	.gnu.lto_nvicDisableVector.74a7ceb109fe7bc4,"",%progbits
  77 0000 789C8D91 		.ascii	"x\234\215\221\313k\023Q\024\306\357wf2I\235P\305\215"
  77      CB6B1351 
  77      14C6EF77 
  77      6632499D 
  77      50C58D
  78 0013 2522BA29 		.ascii	"%\"\272)]5c\301\307V)\270+\212\376\001\242\3314`\023"
  78      5D3563C1 
  78      C75629B8 
  78      2B8AFE01 
  78      A2D93460 
  79 0028 B122EE7A 		.ascii	"\261\"\356z\323\304\270Ph\351\306J\311\246\365\2356"
  79      D3C4B850 
  79      68E9C64A 
  79      C9A6F59D 
  79      36
  80 0039 ADA9F151 		.ascii	"\255\251\361Q\024\206\202\257\205J\261E)\022\021\243"
  80      148682AF 
  80      854AB145 
  80      291211A3 
  81 0049 D4C7A2A9 		.ascii	"\324\307\242\251B3\240\324sf\\\010\33580\367\3169\367"
  81      4233A0D4 
  81      73665C08 
  81      DD3830F7 
  81      CE39F7
  82 005c F79DEF9C 		.ascii	"\367\235\357\234\271\206Z\377\304\370M\222R\273y\207"
  82      B9865AFF 
  82      C4F84D92 
  82      52BB7987 
  83 006c A140832F 		.ascii	"\241@\203/\225\312D\010\220\017\005\325G\350\303\027"
  83      95CA4408 
  83      900F05D5 
  83      47E8C317 
  84 007c AA1306DD 		.ascii	"\252\023\006\335\342\260\335vUk\275<:\335r\256\305c"
ARM GAS  /tmp/ccWaPp3W.s 			page 6


  84      E2B0DD76 
  84      556BBD3C 
  84      3ADD72AE 
  84      C563
  85 008e D90F0ACA 		.ascii	"\331\017\012\312\340:\332\030\231\177\3731o\032\273"
  85      E03ADA18 
  85      997FFB31 
  85      6F1ABB
  86 009d A0F8FB41 		.ascii	"\240\370\373A\351\347\013{\211<\302\016\011g\206\236"
  86      E9E70B7B 
  86      893CC20E 
  86      0967869E 
  87 00ad 0D5B1292 		.ascii	"\015[\022\222)a\345Q\351\311\306\3261\255\373\335\347"
  87      2961E551 
  87      E9C9C6D6 
  87      31ADFBDD 
  87      E7
  88 00be 65BDCFF4 		.ascii	"e\275\317\364\310\300\015\030\\\0177\021\303-\304\024"
  88      C8C00D18 
  88      5C0F3711 
  88      C32DC414 
  89 00ce A7148A68 		.ascii	"\247\024\212h\025\274\236\373\375\306\266r\354\275)"
  89      15BC9EFB 
  89      FDC6B672 
  89      ECBD29
  90 00dd F0C4382C 		.ascii	"\360\3048,\360>\271\331\325kkc\327\306+f\023 8\261\320"
  90      F03EB9D9 
  90      D56B6B63 
  90      D7C62B66 
  90      132038B1 
  91 00f2 34780999 		.ascii	"4x\011\231\262\204x\261\224\252\261H&\372D$\273\261"
  91      B28478B1 
  91      94AAB148 
  91      26FA4424 
  91      BBB1
  92 0104 886C35FF 		.ascii	"\210l5\377\371\362!\251\263J\264\312\026\204\357\257"
  92      F9F221A9 
  92      B34AB4CA 
  92      1684EFAF 
  93 0114 4766A2D2 		.ascii	"Gf\242\322#\2530\301-,\242\277z\376\027\005\220\301"
  93      23AB30C1 
  93      2D2CA2BF 
  93      7AFE1705 
  93      90C1
  94 0126 1067B20D 		.ascii	"\020g\262\015+\210MN\261\350\341\300\300\343\260/\332"
  94      2B884D4E 
  94      B1E8E1C0 
  94      C0E3B02F 
  94      DA
  95 0137 AE50F245 		.ascii	"\256P\362E\331w\371\232\021@!&\236\026\226\312\246\020"
  95      D977F99A 
  95      11402126 
  95      9E1696CA 
  95      A610
  96 0149 DC312611 		.ascii	"\3341&\021c)C\263C\037\266\010\303\300\3127]\360\201"
  96      632943B3 
  96      431FB608 
ARM GAS  /tmp/ccWaPp3W.s 			page 7


  96      C3C0CA37 
  96      5DF081
  97 015c B09ECDEA 		.ascii	"\260\236\315\352f\031\370}\355\325\\\304O)\011G\027"
  97      6619F87D 
  97      EDD55CC4 
  97      4F290947 
  97      17
  98 016d 1A5F9B0B 		.ascii	"\032_\233\013\030\311h\355\206=\212`\212\177\322m6\223"
  98      18C968ED 
  98      863D8A60 
  98      8A7FD26D 
  98      3693
  99 017f 43EFCA45 		.ascii	"C\357\312E\273\275\250s\360\250\011e\024\260\342\337"
  99      BBBDA873 
  99      F0A80965 
  99      14B0E2DF 
 100 018f 0A9F5CB8 		.ascii	"\012\237\\\2704\327\2108\023:\227q\267y\264\001\323"
 100      34D78838 
 100      133A9771 
 100      B779B401 
 100      D3
 101 01a0 68E761FD 		.ascii	"h\347a\375\013\273\003\207\273\223>\226\247\346\353"
 101      0BBB0387 
 101      BB933E96 
 101      A7E6EB
 102 01af C6DF4EFE 		.ascii	"\306\337N\376\327\307F\305\367\301:\237\255\036EqW|"
 102      D7C746C5 
 102      F7C13A9F 
 102      AD1E4571 
 102      577C
 103 01c1 E0FBDC83 		.ascii	"\340\373\334\203\363\3578QN\335\347zUd\334\205\003\342"
 103      F3EF3851 
 103      4EDDE77A 
 103      5564DC85 
 103      03E2
 104 01d3 2A548D61 		.ascii	"*T\215a\276\025\356\254\243\263;y<y\360\310\321\216"
 104      BE15EEAC 
 104      A3B33B79 
 104      3C79F0C8 
 104      D18E
 105 01e5 BDF13DF1 		.ascii	"\275\361=\361\235N\272\327\351>v\3029\231>u\272\327"
 105      9D4EBAD7 
 105      E93E76C2 
 105      39993E75 
 105      BAD7
 106 01f7 49A47B7A 		.ascii	"I\244{z\322)g\377\341\256\316\256\263N\352L2\021O(\244"
 106      D22967FF 
 106      E1AECEAE 
 106      B34EEA4C 
 106      32114F28 
 107 020c FE004482 		.ascii	"\376\000D\202\350}"
 107      E87D
 108              		.text
 109              		.section	.gnu.lto_nvicSetSystemHandlerPriority.74a7ceb109fe7bc4,"",%progbits
 110 0000 789C6D52 		.ascii	"x\234mRMHTQ\024\276\337\275o\336\374YF+1\2206\342J_"
 110      4D485451 
 110      14BEDFBD 
ARM GAS  /tmp/ccWaPp3W.s 			page 8


 110      6FDEFC59 
 110      462B3190 
 111 0018 52D4A685 		.ascii	"R\324\246\205\341\242\225\004\265k\023f\201\003\352"
 111      E1A29504 
 111      B56B1366 
 111      8103EA
 112 0027 8846B419 		.ascii	"\210F\264\031\274\243\023\265\310q\220\210\241\262("
 112      BCA313B5 
 112      C8719088 
 112      A1B228
 113 0036 8B34756C 		.ascii	"\2134ul\354G\2356S\213\020)kH3\206!\0134\2126\351\010"
 113      EC479D36 
 113      538B1029 
 113      6B483386 
 113      210B348A 
 114 004d F1489BCE 		.ascii	"\361H\233\316y\223\213\250\307{\357\336s\316w\276\363"
 114      79938BA8 
 114      C77BEFDE 
 114      73CE77BE 
 114      F3
 115 005e 9D73AF12 		.ascii	"\235s\257\022\377>{\351\273%\205\250\243\025.\001\031"
 115      FF3E7BE9 
 115      BB2585A8 
 115      A3152E01 
 115      19
 116 006f 9B1322EC 		.ascii	"\233\023\"\354\221R\245*\204\366\031\357,\241K\024\214"
 116      9152A52A 
 116      84F619EF 
 116      2CA14B14 
 116      8C
 117 0080 A2DB0078 		.ascii	"\242\333\000x# \272\2442\320\205\257rU\"\226\036\211"
 117      2320BAA4 
 117      32D085AF 
 117      72552296 
 117      1E89
 118 0092 FBABEE6A 		.ascii	"\373\253\356j\255\277\337\236,;_f\023_^\026\371q\017"
 118      ADBFDF9E 
 118      2C3B5F66 
 118      135F5E16 
 118      F9710F
 119 00a5 5504B939 		.ascii	"U\004\2719\2648Z\252\366A\320~:\261\376\312\377E\332"
 119      B4385AAA 
 119      F641D07E 
 119      3AB1FECA 
 119      FF45DA
 120 00b8 12BBD94C 		.ascii	"\022\273\331L\365\317\304M6\245\301fr#\262\201\312A"
 120      F5CFC44D 
 120      36A5C166 
 120      7223B281 
 120      CA41
 121 00ca ADBBD3B9 		.ascii	"\255\273\323\271\011]g\330Ra\010\212\3700\214r\334G"
 121      095D67D8 
 121      5261088A 
 121      F8308C72 
 121      DC47
 122 00dc B92097C0 		.ascii	"\271 \227\300\010*\011\375\346\352\372\274\241\016:"
 122      082A09FD 
ARM GAS  /tmp/ccWaPp3W.s 			page 9


 122      E6EAFABC 
 122      A10E3A
 123 00eb BC99C4CB 		.ascii	"\274\231\304\313\371\322b\346\257\255\314\321\377d\216"
 123      F9D262E6 
 123      AFADCCD1 
 123      FF648E
 124 00fa A192E1AB 		.ascii	"\241\222\341\253\221\315E\277\031!\325;6\267\004#\001"
 124      91CD45BF 
 124      1921D53B 
 124      36B70423 
 124      01
 125 010b 13B49063 		.ascii	"\023\264\220c|gZ\027\012\203/\236\015\270\341\225\340"
 125      7C675A17 
 125      0A832F9E 
 125      0DB8E195 
 125      E0
 126 011c 7A2E70AE 		.ascii	"z.p\256I,\206\233\177B,S\022\017dEJ^\325\002\"s=\371"
 126      492C869B 
 126      7F422C53 
 126      120F6445 
 126      4A5ED502 
 127 0134 5EC53C3F 		.ascii	"^\305<?$\317\346\343\323\336\230\217\273S~\201q\222"
 127      24CFE6E3 
 127      D3DE988F 
 127      BB537E81 
 127      7192
 128 0146 C0CF0AC9 		.ascii	"\300\317\012\311HU\250\034\014\006\262\230\033o\243"
 128      4855A81C 
 128      0C06B298 
 128      1B6FA3
 129 0155 0919FAA9 		.ascii	"\011\031\372\251/j\217-]y\311\"\036 \304\241+}\363S"
 129      2F6A8F2D 
 129      5D79C922 
 129      1E20C4A1 
 129      2B7DF353 
 130 0169 8A42710E 		.ascii	"\212Bq\016\231,\225\275K\313\2573\036\3465\035s\270"
 130      992C95BD 
 130      4BCBAF33 
 130      1EE6351D 
 130      73B8
 131 017b EFF21406 		.ascii	"\357\362\024\006p-\034c\224\033I\2040\301\325x\366\313"
 131      702D1C63 
 131      941B4984 
 131      30C1D578 
 131      F6CB
 132 018d 43713F11 		.ascii	"Cq?\021\320\271\230xH(\247(\036!dK\217\243\306p\304"
 132      D0B99878 
 132      4828A728 
 132      1E21644B 
 132      8FA3C670 
 133 01a2 67D1FDFE 		.ascii	"g\321\375\376\302\347\353\307\213\342\351u\211,zrf\321"
 133      C2E7EBC7 
 133      8BE2E975 
 133      892C7A72 
 133      66D1
 134 01b4 76938BC8 		.ascii	"v\223\213\310\356d\2262\212\353z\015\201\307T!\213\347"
 134      EE649632 
ARM GAS  /tmp/ccWaPp3W.s 			page 10


 134      8AEB7A0D 
 134      81C75421 
 134      8BE7
 135 01c6 FD0E2305 		.ascii	"\375\016#\005\277\255E\227\234f}:\333\243\267\377\245"
 135      BFAD4597 
 135      9C667D3A 
 135      DBA3B7FF 
 135      A5
 136 01d7 D3E76849 		.ascii	"\323\347hI\316\026fKX\247\326i\323\226~<\241\223\231"
 136      CE16664B 
 136      58A7D669 
 136      D3967E3C 
 136      A19399
 137 01ea FC23349A 		.ascii	"\374#4\232\237\371\344\255\036\321\021\330\262\004\334"
 137      9FF9E4AD 
 137      1ED111D8 
 137      B204DC
 138 01f9 CF9A738B 		.ascii	"\317\232s\213(\224\230\033\274\264\315\032\323\221p"
 138      2894981B 
 138      BCB4CD1A 
 138      D39170
 139 0208 7A17D5C6 		.ascii	"z\027\325\3064\252i\276\316\005K\301\"u\342\003\302"
 139      34AA69BE 
 139      CE054BC1 
 139      2275E203 
 139      C2
 140 0219 E981C34E 		.ascii	"\351\201\303Nk\202\017\006\334\023!j\353\233\003'\003"
 140      6B820F06 
 140      DC13216A 
 140      EB9B0327 
 140      03
 141 022a 478E9DA8 		.ascii	"G\216\235\250=P\263\277f\217\025\354\264\232\033[\254"
 141      3D50B3BF 
 141      668F15EC 
 141      B49A1B5B 
 141      AC
 142 023b F660C799 		.ascii	"\366`\307\231N\253)\330\332\032l\263\016\035m\250o8"
 142      4EAB29D8 
 142      DA1A6CB3 
 142      0E1D6DA8 
 142      6F38
 143 024d 67B59D0D 		.ascii	"g\265\235\0154\3254\011wsc\333\251\226\323\035F{G \370"
 143      34D53409 
 143      777363DB 
 143      A996D31D 
 143      467B4720 
 144 0262 1BF92F02 		.ascii	"\033\371/\002\017"
 144      0F
 145              		.text
 146              		.section	.gnu.lto_nvicClearPending.74a7ceb109fe7bc4,"",%progbits
 147 0000 789C6551 		.ascii	"x\234eQ\317KTQ\024>\337\271o\336\214Lh\264\222\201\250"
 147      CF4B5451 
 147      143EDFB9 
 147      6FDE8C4C 
 147      68B49281 
 148 0015 45E2CA79 		.ascii	"E\342\312y\011\375\330\026.ZIQ\177@\324l\034\310\231"
 148      09FDD816 
ARM GAS  /tmp/ccWaPp3W.s 			page 11


 148      2E5A4951 
 148      7F40D46C 
 148      1CC899
 149 0028 488976DE 		.ascii	"H\211v\336q&[$(n\022d6\225\364cr,\243E\226\360\020\012"
 149      71265B24 
 149      286E1264 
 149      3695F463 
 149      722CA345 
 150 0040 37155386 		.ascii	"7\025S\206!1-\034\241_\2134\303y\213\262s\336k\327\203"
 150      21312D1C 
 150      A15F8B34 
 150      C3798BB2 
 150      73DE6BD7 
 151 0055 77EE3DDF 		.ascii	"w\356=\337\375\276\357\234s\257\241\377\277\224\374"
 151      FDBEEF9C 
 151      73AFA1FF 
 151      BF94FC
 152 0064 BF407458 		.ascii	"\277@tXV\030\002\217\277&*$\030\320\015\201\206\030"
 152      5618028F 
 152      BF262A24 
 152      18D00D81 
 152      8618
 153 0076 43F8C21B 		.ascii	"C\370\302\033\214q\2772\231\354\234\266\326\376x\373"
 153      8C71BF32 
 153      99EC9CB6 
 153      D6FE78FB 
 154 0086 ACFD6A7B 		.ascii	"\254\375j{\300D?9\262\301\035t\012e\371\303\332\210"
 154      C0443F39 
 154      B2C11D74 
 154      0A65F9C3 
 154      DA88
 155 0098 630E8164 		.ascii	"c\016\201d\377\264\272\365*\371\231\003\306~M\347'\226"
 155      FFB4BAF5 
 155      2AF99903 
 155      C67E4DE7 
 155      2796
 156 00aa 265D4DD9 		.ascii	"&]M\331\321\364\311B\365e[\307-k\207\375\2459{\314\011"
 156      D1F4C942 
 156      F5655BC7 
 156      2D6B87FD 
 156      A5397BCC 
 157 00bf D8E02E8C 		.ascii	"\330\340.\214\370\341\036R\270\217\024\011D\250\240"
 157      F8E11E52 
 157      B88F1409 
 157      44A8A0
 158 00ce 43E91BA5 		.ascii	"C\351\033\245\337+I\267$\265wG5\361\000\256\264M\263"
 158      DF2B49B7 
 158      24B57747 
 158      35F100AE 
 158      B44DB3
 159 00e1 7B7CBBB3 		.ascii	"{|\273\263\2636=\272\340\264\000Jg\021:FB\314\321\020"
 159      B3363DBA 
 159      E0B4004A 
 159      67113A46 
 159      42CCD110 
 160 00f5 D3E02A46 		.ascii	"\323\340*F\324\020\245\216\265\316\254\253YE\261>\362"
 160      D410A58E 
ARM GAS  /tmp/ccWaPp3W.s 			page 12


 160      B5CEACAB 
 160      5945B13E 
 160      F2
 161 0106 A77C4ACD 		.ascii	"\247|J\315\266\231\267\245\016\343\373\273\251\371]"
 161      B699B7A5 
 161      0EE3FBBB 
 161      A9F95D
 162 0115 DAA84831 		.ascii	"\332\250H1#}\254b\270~m\331D$#$A\212M7\312\035\201D"
 162      237DAC62 
 162      B87E6DD9 
 162      44242324 
 162      418A4D37 
 163 012d F47C6CEC 		.ascii	"\364|l\354E<\024\355#TCQ\361\343?J\014\007RB\214|\266"
 163      453C14ED 
 163      23544351 
 163      F1E33F4A 
 163      0C075242 
 164 0144 38021517 		.ascii	"8\002\025\027dq\002\232\213\303\3467[v\324\301\265\213"
 164      6471029A 
 164      8BC3E637 
 164      5B76D4C1 
 164      B58B
 165 0156 45DBAA43 		.ascii	"E\333\252C\177j\274\251%B\2104\275\371\276\371\265\265"
 165      7F6ABCA9 
 165      25428834 
 165      BDF9BEF9 
 165      B5B5
 166 0168 8CA982B5 		.ascii	"\214\251\202\265~<\3408f\345\242\036J-=\014n\217&\273"
 166      7E3CE038 
 166      66E5A21E 
 166      4A2D3D0C 
 166      6E8F26BB 
 167 017c 2AB68480 		.ascii	"*\266\204\200\023x\20426\303\227\221\223\3537j\315\204"
 167      13788432 
 167      36C39791 
 167      93EB376A 
 167      CD84
 168 018e 37634B05 		.ascii	"7cK\005\177o\300-\230C\227\314\032>\332cx\322\011\325"
 168      7F6FC02D 
 168      984397CC 
 168      1A3EDA63 
 168      78D209D5 
 169 01a2 51F06B27 		.ascii	"Q\360k'\264\017E\0332\240\\\2160\272{\372\262\347\263"
 169      B40F451B 
 169      32A05C8E 
 169      30BA7BFA 
 169      B2E7B3
 170 01b5 27CF9CED 		.ascii	"'\317\234\355>\232>\222>\350\345\007\274\276s\027\274"
 170      3E9A3E92 
 170      3EE8E507 
 170      BCBE7317 
 170      BC
 171 01c6 8BF94B83 		.ascii	"\213\371K\203\003^&\337\337\237\317y\307O\367\366\364"
 171      035E26DF 
 171      DF9FCF79 
 171      C74FF7F6 
 171      F4
ARM GAS  /tmp/ccWaPp3W.s 			page 13


 172 01d7 5EF17297 		.ascii	"^\361r\227\263\231t\206\220\373\013dA\275U"
 172      B3997486 
 172      90FB0B64 
 172      41BD55
 173              		.text
 174              		.section	.gnu.lto_.symbol_nodes.74a7ceb109fe7bc4,"",%progbits
 175 0000 789C55C9 		.ascii	"x\234U\311\273\015\2000\000\003\321\213C$\006b%\346"
 175      BB0D8030 
 175      0003D18B 
 175      43240662 
 175      25E6
 176 0012 7046A0E1 		.ascii	"pF\240\341[\240\014\301\010\324\314\004\022\024\301"
 176      5BA00CC1 
 176      08D4CC04 
 176      1214C1
 177 0021 C515CF11 		.ascii	"\305\025\317\021\350\371\246Q\206\341\002\233\275\264"
 177      E8F9A651 
 177      86E1029B 
 177      BDB4
 178 002f 6892C30F 		.ascii	"h\222\303\017fY5\244M\0249jyR\037a\225\233\027\310\271"
 178      665935A4 
 178      4D14396A 
 178      79521F61 
 178      959B17C8 
 179 0044 252A711E 		.ascii	"%*q\036\0357\210\352\032\334"
 179      1D3788EA 
 179      1ADC
 180              		.text
 181              		.section	.gnu.lto_.refs.74a7ceb109fe7bc4,"",%progbits
 182 0000 789C6366 		.ascii	"x\234cf```c\200\000F&&f&\006\000\000\301\000\024"
 182      60606063 
 182      80004626 
 182      26662606 
 182      0000C100 
 183              		.text
 184              		.section	.gnu.lto_.decls.74a7ceb109fe7bc4,"",%progbits
 185 0000 789CBD57 		.ascii	"x\234\275WkPTG\026\236\276=\274\206\001\262\272\253"
 185      6B505447 
 185      169EBE3D 
 185      BC8601B2 
 185      BAAB
 186 0012 1695548C 		.ascii	"\026\225T\214\331e\223\255\3041\217\215\311\257\004"
 186      D96593AD 
 186      C4318F8D 
 186      C9AF04
 187 0021 D12CA4CA 		.ascii	"\321,\244\312\204\035\022\377\354\017Bp\262P\205\220"
 187      841D12FF 
 187      EC0F4270 
 187      B2508590 
 188 0031 827157FF 		.ascii	"\202qW\377]\034\324AQ\020AA\004G\005APy\210\250\210"
 188      5D1CD441 
 188      51104141 
 188      04470541 
 188      507988A8 
 189 0046 8020C853 		.ascii	"\200 \310SPQ@\004\307'\010(#\240\200\020fOw\337;\217"
 189      50514004 
 189      C7270828 
ARM GAS  /tmp/ccWaPp3W.s 			page 14


 189      23A08010 
 189      664F77DF 
 190 005c EBC0E6C7 		.ascii	"\353\300\346\307\326N\325\2713\347\236\257O\177\347"
 190      D64ED5B9 
 190      33E79EAF 
 190      4F7FE7
 191 006b 74F7E933 		.ascii	"t\367\3513X&\223U#\231\314\014\237\222%2\231\216\223"
 191      58269355 
 191      2399CC0C 
 191      9F922532 
 191      998E93
 192 007e C99CE05D 		.ascii	"\311\234\340] \010\374\224\235\001\271(c\037\362\276"
 192      2008FC94 
 192      9D01B928 
 192      631FF2BE 
 193 008e 16E40A48 		.ascii	"\026\344\012H#H3H;\010\014\227u\310\354?\004\347)\370"
 193      23483348 
 193      3B080C97 
 193      75C8EC3F 
 193      04E729F8 
 194 00a2 21DF4AC1 		.ascii	"!\337J\301\317\"\220w@\276\001\361\007\351\005\361\001"
 194      CF229077 
 194      40BE01F1 
 194      07E905F1 
 194      01
 195 00b3 077F0471 		.ascii	"\007\177\004q\003\351\007\375\036\010&8\320\227\200"
 195      03E907FD 
 195      1E082638 
 195      D09780
 196 00c2 2C426C8E 		.ascii	",Bl\216Z\331\353\037\302\305\303\301<\266s\210\376E"
 196      5AD9EB1F 
 196      C2C5C3C1 
 196      3CB67388 
 196      FE45
 197 00d4 DF649E5E 		.ascii	"\337d\236^!\276e\210\315\203\004_\322O\343\034\376I"
 197      21BE6588 
 197      CD83045F 
 197      D24FE31C 
 197      FE49
 198 00e6 1C7F462C 		.ascii	"\034\177F,?\245 W\205X6\301\273\177\203|!\370\374\031"
 198      3FA52057 
 198      855836C1 
 198      BB7F837C 
 198      21F8FC19 
 199 00fa B1791AE7 		.ascii	"\261y\032\347\311\025\311\243b\236\030\244\374\211\217"
 199      C915C9A3 
 199      629E18A4 
 199      FC898F
 200 0109 2582FF66 		.ascii	"%\202\377f\007\234\237s\250\241 \363G\314!\370)\177"
 200      079C9F73 
 200      A8A120F3 
 200      47CC21F8 
 200      297F
 201 011b 70B0A8CC 		.ascii	"p\260\250\314\013\371x{+\262y\236\327\363_\241\002\244"
 201      0BF9787B 
 201      2BB2799E 
 201      D7F35FA1 
ARM GAS  /tmp/ccWaPp3W.s 			page 15


 201      02A4
 202 012d 40B908DB 		.ascii	"@\271\010\333\214H\203\367\223_\022\003\374t\245\337"
 202      8C4883F7 
 202      935F1203 
 202      FC74A5DF 
 203 013d 7A9EDFC2 		.ascii	"z\236\337\302\233\222y\274D\206>\360F\357{\313P\036"
 203      9B9279BC 
 203      44863EF0 
 203      46EF7BCB 
 203      501E
 204 014f F2A12619 		.ascii	"\362\241&\031\312G\336\3508\362&3\335\337\373<\336I"
 204      CA47DEE8 
 204      38F22633 
 204      DDDFFB3C 
 204      DE49
 205 0161 21A0F5FF 		.ascii	"!\240\365\377\015\275\255s['\036\340\220\247b\200\220"
 205      0DBDAD73 
 205      5B271EE0 
 205      90A76280 
 205      90
 206 0172 4319873A 		.ascii	"C\031\207:\237y\200\256T\274E\324\363\247\306[\335\251"
 206      9F7980AE 
 206      54BC45D4 
 206      F3A7C65B 
 206      DDA9
 207 0184 792951CB 		.ascii	"y)Q\313\223\033\322\234\251UN\324\222\212\201\027^T"
 207      931BD29C 
 207      A9554ED4 
 207      928A8117 
 207      5E54
 208 0196 7D93A8BA 		.ascii	"}\223\250\272\356\330-^df\236O\322\361n\015\236`@\205"
 208      EED82D5E 
 208      64669E4F 
 208      D2F16E0D 
 208      9E604085 
 209 01aa 305711CC 		.ascii	"0W\021\314%C%t\356\367\274Q1\233\272u\240j\227\363\202"
 209      25432574 
 209      EEF7BC51 
 209      319BBA75 
 209      A06A97F3 
 210 01bf 240AE7F9 		.ascii	"$\012\347\371\245\210\246\341$\300OQ\370i\264@\034D"
 210      A588A6E1 
 210      24C04F51 
 210      F869B440 
 210      1C44
 211 01d1 D027F2C7 		.ascii	"\320'\362\307\016x\331\242O\314\207\256\034\213MsR\356"
 211      0E78D9A2 
 211      4FCC87AE 
 211      1C8B4D73 
 211      52EE
 212 01e3 204910A8 		.ascii	" I\020\250\224\242\0056\\\316 \262\246\364\033\320U"
 212      94A20536 
 212      5CCE20B2 
 212      A6F41BD0 
 212      55
 213 01f4 9593F50A 		.ascii	"\225\223\365\012\354B\023p4\355^\207\342\203|\2722\325"
 213      EC421370 
ARM GAS  /tmp/ccWaPp3W.s 			page 16


 213      34ED5E87 
 213      E2837CBA 
 213      32D5
 214 0206 D59C7505 		.ascii	"\325\234u\005\023\364\306F\005^LA\261\307.$\270@\340"
 214      13F4C646 
 214      055E4C41 
 214      B1C72E24 
 214      B840E0
 215 0219 EF28A8E9 		.ascii	"\357(\250\351n\306T\266\033U\311\251\365\202W\\\303"
 215      6EC654B6 
 215      1B55C9A9 
 215      F582575C 
 215      C3
 216 022a 63FEA827 		.ascii	"c\376\250'\362\241KljJ\256\177\223\347\345\250\002("
 216      F2A14B6C 
 216      6A4AAE7F 
 216      93E7E5A8 
 216      0228
 217 023c 9F43189D 		.ascii	"\237C\030\235E\037\220\311\311h\362\321[i\312,\034\321"
 217      451F90C9 
 217      C968F2D1 
 217      5B69CA2C 
 217      1CD1
 218 024e 0558AE77 		.ascii	"\005X\256w\024\024\213\316\303\313r\2325\256n\2462\316"
 218      14148BCE 
 218      C3CB729A 
 218      35AE6EA6 
 218      32CE
 219 0260 09297C1C 		.ascii	"\011)|\034\017\252t0\210R(\324%/\"\024.\002\2052+\205"
 219      0FAA7430 
 219      885228D4 
 219      252F2214 
 219      2E028532 
 220 0276 0A247020 		.ascii	"\012$p \006\210D\177\262\250\302M\3161\035\375\203\256"
 220      0688447F 
 220      B2A8C24D 
 220      CE311DFD 
 220      83AE
 221 0288 F281F613 		.ascii	"\362\201\366\023\031J\313\273*D_\236L|qY\2718UX\353"
 221      194ACBBB 
 221      2A445F9E 
 221      4C7C7159 
 221      B9385558 
 222 029d 37E42870 		.ascii	"7\344(p\221Mz/\241\305\360\254\006(\315OIGA\226\002"
 222      914D7A2F 
 222      A1C5F0AC 
 222      0628CD4F 
 222      49474196 
 223 02b2 C7229ABB 		.ascii	"\307\"\232\273\242\216\356|\2744\2137\024\231\362s\262"
 223      A28EEE7C 
 223      BC348B37 
 223      1499F273 
 223      B2
 224 02c3 703A6FD8 		.ascii	"p:o\330\302\317\232\315\210\216B5\026n2\362\233q\253"
 224      C2CF9ACD 
 224      888E4235 
 224      166E32F2 
ARM GAS  /tmp/ccWaPp3W.s 			page 17


 224      9B71AB
 225 02d6 454BE7E0 		.ascii	"EK\347\340\326sz\366\231\327\2344\352(\215\313\"\215"
 225      D6737AF6 
 225      99D79C34 
 225      EA288DCB 
 225      228D
 226 02e8 9684ED75 		.ascii	"\226\204\355uJ|\231\321\270\330|\351\245\023\245a8p"
 226      4A7C99D1 
 226      B8D87CE9 
 226      A513A561 
 226      3870
 227 02fa D4B981AF 		.ascii	"\324\271\201\2576\233\277$\003P\275\015\203z\221\301"
 227      369BBF24 
 227      0350BD0D 
 227      837A91C1 
 228 030a 15CA20E5 		.ascii	"\025\312 \345\334y\235\007\276%\304\3614M\347\302\034"
 228      DC799D07 
 228      BE25C4F1 
 228      344DE7C2 
 228      1C
 229 031b 945B1C90 		.ascii	"\224[\034\220\020\032l\0344\210\016\032\251\203\356"
 229      101A6C1C 
 229      34880E1A 
 229      A983EE
 230 032a 047E528E 		.ascii	"\004~R\216\307\230\203\251\352\211!\301A\257\035\203"
 230      C79883A9 
 230      EA8921C1 
 230      41AF1D83 
 231 033a 261B074D 		.ascii	"&\033\007M\242\203f\352 mG\232^i\267\257\3111\260F\334"
 231      A28366EA 
 231      206D479A 
 231      5E69B7AF 
 231      C931B046 
 232 034f C2F63520 		.ascii	"\302\3665 \315\277\246\217!\232-x'd\313\224P0\3506g"
 232      CDBFA68F 
 232      219A2D78 
 232      2764CB94 
 232      5030E836 
 233 0364 B6AED26C 		.ascii	"\266\256\322l\265\212\331*\334{o\324\025\307\321\232"
 233      B58AD92A 
 233      DC7B6FD4 
 233      15C7D19A 
 234 0374 8572CF3C 		.ascii	"\205r\317<*B\300\325\310\233\262\032\313W\355\321%e"
 234      2A42C0D5 
 234      C89BB21A 
 234      CB57EDD1 
 234      2565
 235 0386 F346B3F9 		.ascii	"\363F\263\371m:\012\265\331\020n\023\011\267S\302\217"
 235      6D3A0AB5 
 235      D9106E13 
 235      09B753C2 
 235      8F
 236 0397 92534D18 		.ascii	"\222SM\030\2272/\345\235qCN\370\"Svw\275H\365z\273\231"
 236      97322FE5 
 236      9D71434E 
 236      F8225376 
 236      77BD48F5 
ARM GAS  /tmp/ccWaPp3W.s 			page 18


 237 03ae CB84FA06 		.ascii	"\313\204\372\006\207\223\256fE\\\035\367\356a\276\335"
 237      8793AE66 
 237      455C1DF7 
 237      EE61BEDD 
 238 03be 60CADF3A 		.ascii	"`\312\337:\262$6\311\260%\211'Y\241\247\367\032\314"
 238      B22436C9 
 238      B0258927 
 238      59A1A7F7 
 238      1ACC
 239 03d0 0269B439 		.ascii	"\002i\2649\364\327\311\\\350\006\002\032\035\350]\233"
 239      F4D7C95C 
 239      E806021A 
 239      1DE85D9B 
 240 03e0 73B9889D 		.ascii	"s\271\210\235\313\335\315\007.a\252\232\351\224\373"
 240      CBDDCD07 
 240      2E61AA9A 
 240      E994FB
 241 03ef AF759D95 		.ascii	"\257u\235\225\343'l\376\035=\307[\\\360s\252p\311\017"
 241      E3276CFE 
 241      1D3DC75B 
 241      5CF073AA 
 241      70C90F
 242 0402 C6739078 		.ascii	"\306s\220x\252\354\213\354m8R\213\204#u\023\246\276"
 242      AAEC8BEC 
 242      6D38528B 
 242      84237513 
 242      A6BE
 243 0414 251EA9A6 		.ascii	"%\036\251\246WFD\216T7\254@\227\365H-R\210%\2033v\346"
 243      5746448E 
 243      5437AC40 
 243      97F5482D 
 243      52882583 
 244 042b FCDDB1D3 		.ascii	"\374\335\261\323;s9-\3245\377\2018\355\001\247\235V"
 244      3B73392D 
 244      D435FF81 
 244      38ED01A7 
 244      9D56
 245 043d A7DDC8E2 		.ascii	"\247\335\310\342\025\335J\210\335\217I\231\325\375\006"
 245      15DD4A88 
 245      DD8F4999 
 245      D5FD06
 246 044c A7A8979E 		.ascii	"\247\250\227\236\353\376\235\374\270\234\326q\203\221"
 246      EBFE9DFC 
 246      B89CD671 
 246      8391
 247 045a 46DFD664 		.ascii	"F\337\326d\326{\322\322\035Gk\367\366\246\316ng<\315"
 247      D67BD2D2 
 247      1D476BF7 
 247      F6A6CE6E 
 247      673CCD
 248 046d 52F3B426 		.ascii	"R\363\264&{\023\233\3407\025\030\030q\241\345x!G\375"
 248      7B139BE0 
 248      37151818 
 248      71A1E578 
 248      2147FD
 249 0480 F39CEDBD 		.ascii	"\363\234\355\275\241d\367\306\304Q\343\020\242\252\013"
 249      A164F7C6 
ARM GAS  /tmp/ccWaPp3W.s 			page 19


 249      C451E310 
 249      A2AA0B
 250 048f 518DB349 		.ascii	"Q\215\263I\374<\027\305#\361\242x\310\234\237.\231h"
 250      FC3C17C5 
 250      23F1A278 
 250      C89C9F2E 
 250      9968
 251 04a1 F3B4967E 		.ascii	"\363\264\226~-=\377\367\001\376\200\302\037\323\322"
 251      2D3DFFF7 
 251      01FE80C2 
 251      1FD3D2
 252 04b0 FF482CFD 		.ascii	"\377H,\375\011\203\3433N\266\350{\363\241\373\362\313"
 252      0983E333 
 252      4EB6E87B 
 252      F3A1FBF2 
 252      CB
 253 04c1 2FBBE3AD 		.ascii	"/\273\343\255\230\306]\377\244r\267\222E\341L\217xU"
 253      98C65DFF 
 253      A472B792 
 253      45E14C8F 
 253      7855
 254 04d3 41BC1BA5 		.ascii	"A\274\033\245\375#Q\357\264\337,`9[L\324\331\007\372"
 254      FD2351EF 
 254      B4DF2C60 
 254      395B4CD4 
 254      D907FA
 255 04e6 31A7B9A3 		.ascii	"1\247\271\243\030\026\243\030bQT\026\015\247;K\243x"
 255      1816A318 
 255      62515416 
 255      0DA73B4B 
 255      A378
 256 04f8 02F0410A 		.ascii	"\002\360A\012\177Jy\015\213\274\262\273\022\017b\274"
 256      7F4A790D 
 256      8BBCB2BB 
 256      120F62BC 
 257 0508 83F1DA7E 		.ascii	"\203\361\332~\320|\304\003\2470%\265\342`2#\305S\275"
 257      D07CC403 
 257      A73025B5 
 257      E2603223 
 257      C553BD
 258 051b 352BF32C 		.ascii	"5+\363,\306\351\314x\371ZO\001\273\240\015T\327\327"
 258      C6E9CC78 
 258      F95A4F01 
 258      BBA00D54 
 258      D7D7
 259 052d 4DB6CBF1 		.ascii	"M\266\313\361\021f\024\027I),\322\343\223\365G=q\256"
 259      11661417 
 259      49292CD2 
 259      E393F547 
 259      3D71AE
 260 0540 107BEBB5 		.ascii	"\020{\353\265\207l\211\014\324\370\362\311\245c.\270"
 260      876C890C 
 260      D4F8F2C9 
 260      A5632EB8 
 261 0550 9819A7F6 		.ascii	"\230\031\247\366\306\2472\267<\246\305\245,\255\321"
 261      C6A732B7 
 261      3CA6C5A5 
ARM GAS  /tmp/ccWaPp3W.s 			page 20


 261      2CADD1
 262 055f 03973163 		.ascii	"\003\2271cKzv\266\222\215\244\306\236\226\244i%\256"
 262      4B7A76B6 
 262      928DA4C6 
 262      9E96A469 
 262      25AE
 263 0571 66C644D3 		.ascii	"f\306D\323\265]\002[Z\202\236\346\314\014\262\215\310"
 263      B55D025B 
 263      5A829EE6 
 263      CC0CB28D 
 263      C8
 264 0582 7B524E93 		.ascii	"{RN\223e\271,\247l_\362\257\366\011)_I\357\236\352}"
 264      65B92CA7 
 264      6C5FF2AF 
 264      F609295F 
 264      49EF9EEA 
 265 0597 ED6E73E7 		.ascii	"\355ns\347\230\347\204\034\233Y\216;\256f\245\274\266"
 265      98E7841C 
 265      9B598E3B 
 265      AE66A5BC 
 265      B6
 266 05a8 537E05F8 		.ascii	"S~\005\370,\205\307r\013\304A\004=={|\304\003\3271\242"
 266      2C85C772 
 266      0BC44104 
 266      3D3D7B7C 
 266      C403D731 
 267 05bd 39D5133B 		.ascii	"9\325\023;Yr\014\224h^Ur\256@\324\213\2469\335X\312"
 267      59720C94 
 267      685E5572 
 267      AE40D48B 
 267      A639DD58 
 268 05d2 889A283E 		.ascii	"\210\232(>\256S\337\346B\365\021V!\237\335(r\235\233"
 268      AE53DFE6 
 268      42F51156 
 268      219FDD28 
 268      729D9B
 269 05e5 E97691E9 		.ascii	"\351v\221\3516\2162\235\354;{\321\256\235!\007>\216"
 269      368E329D 
 269      EC3B7BD1 
 269      AE9D2107 
 269      3E8E
 270 05f7 F3465B39 		.ascii	"\363F[9\002\327S\246\333E\246\263\225S\315J[t\357|\350"
 270      02D753A6 
 270      DB45A6B3 
 270      9553CD4A 
 270      5B74EF7C 
 271 060c 431DCF33 		.ascii	"C\035\3173\224\270\315~O+\205=m2\234\273\347\306\342"
 271      94B8CD7E 
 271      4F2B853D 
 271      6D329CBB 
 271      E7C6E2
 272 061f 3A4C01E6 		.ascii	":L\001\346\234\341\275\256\024\220\364{\242\037\331"
 272      9CE1BDAE 
 272      1490F47B 
 272      A21FD9
 273 062e 52DECF3A 		.ascii	"R\336\317:@\235\023\321\013\246o\014\315\263\315\023"
 273      409D13D1 
ARM GAS  /tmp/ccWaPp3W.s 			page 21


 273      0BA66F0C 
 273      CDB3CD13 
 274 063e C5C076B3 		.ascii	"\305\300v\263\300v\335>-\227\256@\0020\335E\231&Q\246"
 274      C076DD3E 
 274      2D97AE40 
 274      0230DD45 
 274      992651A6 
 275 0652 8922D35B 		.ascii	"\211\"\323[u\267\357x\340\353\214i^\351M#\333\201&Z"
 275      75B7EF78 
 275      E0EB8C69 
 275      5EE94D23 
 275      DB81265A 
 276 0666 254C9333 		.ascii	"%L\2233\327\335\360\035f\324\235\350\233R\2600H\275"
 276      D7DDF01D 
 276      66D49DE8 
 276      9B52B030 
 276      48BD
 277 0678 F29ACADB 		.ascii	"\362\232\312\333\3716Z&~\026\222\207\217\201\024\320"
 277      F9365A26 
 277      7E169287 
 277      8F8114D0 
 278 0688 C6C4C1A0 		.ascii	"\306\304\301\240d\236\317^B\346B{8\214\262\270\205\026"
 278      649ECF5E 
 278      42E6427B 
 278      388CB2B8 
 278      8516
 279 069a 062899D2 		.ascii	"\006(\231\322\370\013<d\006>.\326\260K\325\260\002\365"
 279      F80B3C64 
 279      063E2ED6 
 279      B04BD5B0 
 279      02F5
 280 06ac C3ED3280 		.ascii	"\303\3552\200\030R\254\024\020\222\015Pg8^\350\014H"
 280      1852AC14 
 280      10920D50 
 280      67385EE8 
 280      0C48
 281 06be 524BF60A 		.ascii	"RK\366\012>-51E\3423C\3649!\3659\211l\220<o\330M\220"
 281      3E2D3531 
 281      45E23343 
 281      F43921F5 
 281      39896C90 
 282 06d7 70F2D133 		.ascii	"p\362\3213\001)\326\003\241XY\221\007D\344\013)\362"
 282      0129D603 
 282      A1585991 
 282      0744E40B 
 282      29F2
 283 06e9 A5047950 		.ascii	"\245\004yPDNI\221\257$\3104\021\371\\\212\034E\366\021"
 283      444E4991 
 283      AF24C834 
 283      11F95C8A 
 283      1C45F611 
 284 06fd 658A114D 		.ascii	"e\212\021MK#\232\261\"\367\010\213\376\225V\206\372"
 284      4B239AB1 
 284      22F7088B 
 284      FE955686 
 284      FA
 285 070e C07E979A 		.ascii	"\300~\227\232\010\032n\013t\224\363A\373\270e(\035\344"
ARM GAS  /tmp/ccWaPp3W.s 			page 22


 285      081A6E0B 
 285      7494F341 
 285      FBB86528 
 285      1DE4
 286 0720 08C84110 		.ascii	"\010\310A\020\003\310\001\2204\220\014\220L\220C \207"
 286      03C80190 
 286      34900C90 
 286      4C904320 
 286      87
 287 0731 415241F6 		.ascii	"ARA\366s\313\350\245G\331f\021\016p\202\321\026!\377"
 287      73CBE8A5 
 287      47D96611 
 287      0E7082D1 
 287      1621FF
 288 0744 E2B9463A 		.ascii	"\342\271F:I\376\323E\266cR\266\343\222\270\016\251\322"
 288      49FED345 
 288      B66352B6 
 288      E392B80E 
 288      A9D2
 289 0756 56A078F0 		.ascii	"V\240x\360\271C\360)\236)\264S\3423Q\3649\"\365i\262"
 289      B943F029 
 289      9E29B453 
 289      E23351F4 
 289      3922F569 
 290 076b FA2437B8 		.ascii	"\372$7\270qg\2413\217\010D&\366D\226~`\370\305\314\264"
 290      7167A133 
 290      8F084426 
 290      F644967E 
 290      60F8C5CC 
 291 0780 275AE8E3 		.ascii	"'Z\350\343(S(\007\022\364\277H\026%\221\237\210\\Q6"
 291      28532807 
 291      12F4BF48 
 291      1625919F 
 291      885C5136 
 292 0794 78335A7B 		.ascii	"x3Z{\010BI\354!\216\355\31138\333\365\221\3316;Z\206"
 292      084249EC 
 292      218EEDC9 
 292      3338DBF5 
 292      91D9363B 
 293 07aa 8E71ECFF 		.ascii	"\216q\354\377\021|\223\012o,\256\345\354\320\244\353"
 293      117C930A 
 293      6F2CAEE5 
 293      ECD0A4EB 
 294 07ba B3A27305 		.ascii	"\263\242s\005t.EW\364\305\017\262\012ct%s5\231\367\306"
 294      742E4557 
 294      F4C50FB2 
 294      0A637425 
 294      733599F7 
 295 07cf 3A       		.ascii	":"
 296 07d0 D1A39B40 		.ascii	"\321\243\233@\217rI\377\256m^8M\316\2720]c\276B\354"
 296      8F7249FF 
 296      AE6D5E38 
 296      4DCEBA30 
 296      5D63BE42 
 297 07e5 35F4BFA9 		.ascii	"5\364\277\251\327\270\330v\252\306\013\037f\343\233"
 297      D7B8D876 
 297      AAC60B1F 
ARM GAS  /tmp/ccWaPp3W.s 			page 23


 297      66E39B
 298 07f4 C7AB8BDC 		.ascii	"\307\253\213\334p.S^\214\324\364\272\342\023L\311N\335"
 298      702E535E 
 298      8CD4F4BA 
 298      E2134CC9 
 298      4EDD
 299 0806 77824D4B 		.ascii	"w\202MKY\224\266\350*\235q1\263\225\306\237iu\306g\005"
 299      5994B6E8 
 299      2A9D7131 
 299      B395C69F 
 299      6975C667 
 300 081b 17F727C7 		.ascii	"\027\367'\307X\205|\2032\332\227\002m\377\005f\023;"
 300      58857C83 
 300      32DA9702 
 300      6DFF0566 
 300      133B
 301 082d 004FD601 		.ascii	"\000O\326\001Ll5\305\263*\244$j\177R^!\033\351N\333"
 301      4C6C35C5 
 301      B32AA424 
 301      6A7F525E 
 301      211BE94E 
 302 0842 DBE759FB 		.ascii	"\333\347Y\373<\346\256\224g\305JY\306*ef{g\206\207\364"
 302      3CE6AE94 
 302      67C54A59 
 302      C62A6566 
 302      7B678687 
 303 0857 0A28850D 		.ascii	"\012(\205\015x\206\356\275s\264T\236\025Ke\345t\337"
 303      7886EEBD 
 303      73B4549E 
 303      154B65E5 
 303      74DF
 304 0869 7577E915 		.ascii	"uw\351\0250'\272j|\324\354\216\253X\020\351\023-\365"
 304      3027BA6A 
 304      7CD4EC8E 
 304      AB5810E9 
 304      132DF5
 305 087c EC6FFA12 		.ascii	"\354o\372\022\242\266\327\327\366\270\343Zf\323\363"
 305      A2B6D7D7 
 305      F6B8E35A 
 305      66D3F3
 306 088b BA930ADC 		.ascii	"\272\223\012\334\310\224\274\373W\223Y\351\177\217\026"
 306      C894BCFB 
 306      579359E9 
 306      7F8F16
 307 089a E0874319 		.ascii	"\340\207C\031\036\370*\263\015\036\311\353R\342\033"
 307      1EF82AB3 
 307      0D1EC9EB 
 307      52E21B
 308 08a9 4CB93B71 		.ascii	"L\271;q\267\206]~+\210ziKf\231;\356b\266\376\341\344"
 308      B7865D7E 
 308      2B887A69 
 308      4B66993B 
 308      EE62B6FE 
 309 08bf 1139EE63 		.ascii	"\0219\356cJl\365\311\033\014\3709\275\231F\217ls\305"
 309      4A6CF5C9 
 309      1B0CF839 
 309      BD99468F 
ARM GAS  /tmp/ccWaPp3W.s 			page 24


 309      6C73C5
 310 08d2 0F98ADE4 		.ascii	"\017\230\255\344hN\031\313\355W4\357;\213\315.sg\357"
 310      684E19CB 
 310      ED5734EF 
 310      3B8BCD2E 
 310      7367EF
 311 08e5 8A98BDF7 		.ascii	"\212\230\275\367i\362b3s\214XH\207A\274g\352!\035\205"
 311      69F26233 
 311      738C5848 
 311      8741BC67 
 311      EA211D85 
 312 08f9 341D0D34 		.ascii	"4\035\0154\035W\304t4\356\315\354w\266E\027p\363\240"
 312      1D57C474 
 312      34EECDEC 
 312      77B64517 
 312      70F3A0
 313 090c CFD774CE 		.ascii	"\317\327t\316\272\343\001{\226J\306rF\307\237v\303\303"
 313      BAE3017B 
 313      964AC672 
 313      46C79F76 
 313      C3C3
 314 091e CC76BE38 		.ascii	"\314v\2768i\212\365\004\376D\255\321\363\207\225\330"
 314      698AF504 
 314      FE44ADD1 
 314      F38795D8 
 315 092e 24B76BD3 		.ascii	"$\267k\323<\2056m\367\251\3541\266\010\264I\312;|\247"
 315      3C85366D 
 315      F7A9EC31 
 315      B608B449 
 315      CA3B7CA7 
 316 0942 05CF1DED 		.ascii	"\005\317\035\35551\332va\257\014\265\347{I\257\3256"
 316      3531DA76 
 316      61AF0CB5 
 316      E77B49AF 
 316      D536
 317 0954 08A08406 		.ascii	"\010\240\204\006p\235\006pM\014`\307Tq\025\266E\223"
 317      709D0670 
 317      4D0C60C7 
 317      547115B6 
 317      4593
 318 0966 70E7448F 		.ascii	"p\347D\217\224\344A\2730.\254^\3450\317\332\240@\333"
 318      94E441BB 
 318      302EAC5E 
 318      E530CFDA 
 318      A040DB
 319 0979 7ED253E8 		.ascii	"~\322S\350'S\233\317\365\262\003@{\205\374\207\305\003"
 319      27539BCF 
 319      F5B20340 
 319      7B85FC87 
 319      C503
 320 098b F3343D5D 		.ascii	"\3634=]b\024E\354\344\226\037)]/\015\342\026\320\352"
 320      621445EC 
 320      E4961F29 
 320      5D2F0DE2 
 320      16D0EA
 321 099e A4B4BA29 		.ascii	"\244\264\272)\255.\221\326\313\351\202\376\327\202\230"
 321      AD2E91D6 
ARM GAS  /tmp/ccWaPp3W.s 			page 25


 321      CBE982FE 
 321      D78298
 322 09ad 133D7CAB 		.ascii	"\023=|\253v\247\022O\261 \016\355.\231b\355\352/D\335"
 322      76A7124F 
 322      B1200EED 
 322      2E9962ED 
 322      EA2F44DD 
 323 09c1 B63FAE55 		.ascii	"\266?\256U\216g\205\243_uz\224\235Y=\321\027\237\272"
 323      8E6785A3 
 323      5F757A94 
 323      9D593DD1 
 323      179FBA
 324 09d4 FBB8D4D5 		.ascii	"\373\270\324\325\332I,\263\355)|\310\315o\274\323\326"
 324      DA492CB3 
 324      ED297CC8 
 324      CD6FBCD3 
 324      D6
 325 09e5 A4E485BB 		.ascii	"\244\344\205\273\3774\334\023\243\266w?\313h!\262\364"
 325      FF34DC13 
 325      A3B6773F 
 325      CB6821B2 
 325      F4
 326 09f6 093D963E 		.ascii	"\011=\226>\241\3301\326\332RL[\240\275Rh\237\004\332"
 326      A1D831D6 
 326      DA524C5B 
 326      A0BD5268 
 326      9F04DA
 327 0a09 6D819E92 		.ascii	"m\201\236\222B\013m\241)\261\206\247\344\246j\204;\255"
 327      420B6DA1 
 327      29B186A7 
 327      E4A66A84 
 327      3BAD
 328 0a1b 49408AFB 		.ascii	"I@\212\373\0345K\234\016[\234\326I\235^\266\013+Eg\030"
 328      1C354B9C 
 328      0E5B9CD6 
 328      499D5EB6 
 328      0B2B4567 
 329 0a30 A158B204 		.ascii	"\241X\262\004W\245\330V\373\024\304\032z\311\255z\036"
 329      57A5D856 
 329      FB14C41A 
 329      7AC9AD7A 
 329      1E
 330 0a41 18940B50 		.ascii	"\030\224\013P\261L\241\013v\\u\2066\213\327\023R\257"
 330      B14CA10B 
 330      765C7586 
 330      368BD713 
 330      52AF
 331 0a53 EFD9239F 		.ascii	"\357\331#\237Y\220-\216\347\267\2065d\011\253\326qX"
 331      59902D8E 
 331      E7B78635 
 331      6409ABD6 
 331      7158
 332 0a65 56689705 		.ascii	"Vh\227\005z\322\341\3746\353z\327\002\275(\205V\332"
 332      7AD2E1FC 
 332      36EB7AD7 
 332      02BD2885 
 332      56DA
ARM GAS  /tmp/ccWaPp3W.s 			page 26


 333 0a77 7A854EE5 		.ascii	"z\205N\345\025Y\001\330\237\264\253#Hq\327\242;\366"
 333      155901D8 
 333      9FB4AB23 
 333      4871D7A2 
 333      3BF6
 334 0a89 698D354C 		.ascii	"i\2155L\021\350m\200\366p\022\350 \262\247z\3332\177"
 334      11E86D80 
 334      F67012E8 
 334      20B2A77A 
 334      DB327F
 335 0a9c 91E31D60 		.ascii	"\221\343\035`\303u\300\202\255r\314\325\006;h\301\326"
 335      C375C082 
 335      AD72CCD5 
 335      063B68C1 
 335      D6
 336 0aad 48B197A4 		.ascii	"H\261\227\244\330'\026l\265c\354k}`\036\204s\234\232"
 336      D827166C 
 336      B563EC6B 
 336      7D601E84 
 336      739C9A
 337 0ac0 4685D6E6 		.ascii	"F\205\326\346\005\2646\375\320\256\014\202\334\007y"
 337      05B436FD 
 337      D0AE0C82 
 337      DC0779
 338 0acf 066204B9 		.ascii	"\006b\004\271\013\362\030d\034d\010d\004\3449\210\011"
 338      0BF21864 
 338      1C640864 
 338      04E43988 
 338      09
 339 0ae0 E409C843 		.ascii	"\344\011\310C\220\007 \003 \217@\306@\236\202\014\203"
 339      90072003 
 339      208F40C6 
 339      409E820C 
 339      83
 340 0af1 DCB3F489 		.ascii	"\334\263\364\211\220\322I\222\322\033\220\322\016\201"
 340      90D24992 
 340      D21B90D2 
 340      0E81
 341 0aff A358F8D0 		.ascii	"\243X\370\320M\311\352\367Y\302\251\220\206\303\332"
 341      4DC9EAF7 
 341      59C2A990 
 341      86C3DA
 342 0b0e 6F163A6D 		.ascii	"o\026:m\250ZiW7\352\250\253\213\353\31648#\237\205\024"
 342      A85A6957 
 342      37EAA8AB 
 342      8BEBCE34 
 342      38239F85 
 343 0b23 3713E58A 		.ascii	"7\023\345\212&\300S>g\351\273F\305\276\313Qb\320K\310"
 343      26C0533E 
 343      67E9BB46 
 343      C5BECB51 
 343      62D04BC8 
 344 0b37 C7FF2337 		.ascii	"\307\377#7P\372\342Sn\226\272\333\265q\023vM\337\244"
 344      50FAE253 
 344      6E96BADB 
 344      B5711376 
 344      4DDFA4
ARM GAS  /tmp/ccWaPp3W.s 			page 27


 345 0b4a D0C6916F 		.ascii	"\320\306\221oyhXH\264\353\306\360H\355'\037\007k\235"
 345      79685848 
 345      B4EBC6F0 
 345      48ED271F 
 345      076B9D
 346 0b5d FFF6ED0F 		.ascii	"\377\366\355\017K\375d\212\340`\361\315\247\252\215"
 346      4BFD648A 
 346      E060F1CD 
 346      A7AA8D
 347 0b6c 31D1AA90 		.ascii	"1\321\252\220\350\015\037FFEj>\324\204\374\024\256\012"
 347      E80D1F46 
 347      46456A3E 
 347      D484FC14 
 347      AE0A
 348 0b7e 8F0C8DD8 		.ascii	"\217\014\215\330\270^\243\332\020\022\032\026\036\251"
 348      B85EA3DA 
 348      10121A16 
 348      1EA9
 349 0b8c 5105AFD7 		.ascii	"Q\005\257\327\374\034\2621B\033\254\335\374\213&fy\230"
 349      FC1CB231 
 349      421BACDD 
 349      FC8B2666 
 349      7998
 350 0b9e ECFD7906 		.ascii	"\354\375y\006\305l\216Q\005\307h\327\203\177@\276\021"
 350      C56C8E51 
 350      05C768D7 
 350      837F40BE 
 350      11
 351 0baf F9AFF0D0 		.ascii	"\371\257\360\3205\221!?Eh\326iB\265Q\321\037\371\205"
 351      3591213F 
 351      4568D669 
 351      42B551D1 
 351      1FF985
 352 0bc2 85FF14FE 		.ascii	"\205\377\024\376]P\360G+\227\177\266|\205**F\025\026"
 352      5D50F047 
 352      2B977FB6 
 352      7C852A2A 
 352      461516
 353 0bd5 12A1FA25 		.ascii	"\022\241\372%*Z\033\243\012\215\332\260!*R\345\253^"
 353      2A5A1BA3 
 353      0A8DDAB0 
 353      212A52E5 
 353      AB5E
 354 0be7 EBB77693 		.ascii	"\353\267v\223\212\014]\036*\373\035\371^\035\036c\365"
 354      8A0C5D1E 
 354      2AFB1DF9 
 354      5E1D1E63 
 354      F5
 355 0bf8 F1267913 		.ascii	"\361&y\023\244\321\006m\216\321j6\370\207D\256\217\320"
 355      A4D1066D 
 355      8ED16A36 
 355      F88744AE 
 355      8FD0
 356 0c0a 44074687 		.ascii	"D\007F\207GE\207k7\323\031\375\"4!\321\201\232H`\361"
 356      4745876B 
 356      37D319FD 
 356      223421D1 
ARM GAS  /tmp/ccWaPp3W.s 			page 28


 356      819A4860 
 357 0c1f 4FB7D030 		.ascii	"O\267\3200\000\372\207Dh\377\364\372\334\321Z\013\361"
 357      00FA8744 
 357      68FFF4FA 
 357      DCD15A0B 
 357      F1
 358 0c30 D030A00E 		.ascii	"\3200\240\016\224]\203\203\177\336\030\031\032\034\354"
 358      945D8383 
 358      7FDE1819 
 358      1A1CEC
 359 0c3f 21FE58BE 		.ascii	"!\376X\276r\345\347_\2745\337\2442\027\222\317\317\203"
 359      72E5E75F 
 359      BC35DFA4 
 359      321792CF 
 359      CF83
 360 0c51 B56E2CB3 		.ascii	"\265n,\263\344\327\267\353\002\374\202\277\207\214\311"
 360      E4D7B7EB 
 360      02FC82BF 
 360      878CC9
 361 0c60 0382D6A8 		.ascii	"\003\202\326\250\335\324k\340\271n\315\352\025\362\000"
 361      DDD46BE0 
 361      B96ECDEA 
 361      15F200
 362 0c6f BF356A57 		.ascii	"\2775jW5\323>\002c\240\325\3701\030m\324O\344\001\276"
 362      35D33E02 
 362      63A0D5F8 
 362      31186DD4 
 362      4FE401BE 
 363 0c83 ABACEAA7 		.ascii	"\253\254\352\247\\@\240E\371\253<\350\373\000\365g\257"
 363      5C40A045 
 363      F9AB3CE8 
 363      FB00F567 
 363      AF
 364 0c94 87242451 		.ascii	"\207$$Q\263I\253\362[\033\024\020d\0150*Z\023\034\272"
 364      B349ABF2 
 364      5B1B1410 
 364      640D302A 
 364      5A131CBA 
 365 0ca8 E1531263 		.ascii	"\341S\022c\220\337*\312\315\311/\360\207\200\3250k\220"
 365      90DF2ACA 
 365      CDC92FF0 
 365      8780D530 
 365      6B90
 366 0cba 5ABEEEFB 		.ascii	"Z\276\356\373\357\324N\276\001j?5\016\002\361#\337\376"
 366      EFD44EBE 
 366      016A3F35 
 366      0E02F123 
 366      DFFE
 367 0ccc 814E41FE 		.ascii	"\201NA\376\304\350\3675<\374\311c5<\234\326\256\375"
 367      C4E8F735 
 367      3CFCC963 
 367      353C9CD6 
 367      AEFD
 368 0cde DA572D5F 		.ascii	"\332W-_E\036\276\240\343\300\257\325x5\210\357j\265"
 368      451EBEA0 
 368      E3C0AFD5 
 368      783588EF 
ARM GAS  /tmp/ccWaPp3W.s 			page 29


 368      6AB5
 369 0cf0 1C6C6A08 		.ascii	"\034lj\010\313W\015\316}\375\324\377\001\230x\011\234"
 369      CB570DCE 
 369      7DFDD4FF 
 369      01987809 
 369      9C
 370              		.text
 371              		.section	.gnu.lto_.symtab.74a7ceb109fe7bc4,"",%progbits
 372 0000 6E766963 		.ascii	"nvicEnableVector\000\000\000\000\000\000\000\000\000"
 372      456E6162 
 372      6C655665 
 372      63746F72 
 372      00000000 
 373 0019 000000C3 		.ascii	"\000\000\000\303\000\000\000nvicDisableVector\000\000"
 373      0000006E 
 373      76696344 
 373      69736162 
 373      6C655665 
 374 0033 00000000 		.ascii	"\000\000\000\000\000\000\000\000\000\000\307\000\000"
 374      00000000 
 374      0000C700 
 374      00
 375 0040 006E7669 		.ascii	"\000nvicSetSystemHandlerPriority\000\000\000\000\000"
 375      63536574 
 375      53797374 
 375      656D4861 
 375      6E646C65 
 376 0062 00000000 		.ascii	"\000\000\000\000\000\000\000\311\000\000\000nvicCle"
 376      000000C9 
 376      0000006E 
 376      76696343 
 376      6C65
 377 0074 61725065 		.ascii	"arPending\000\000\000\000\000\000\000\000\000\000\000"
 377      6E64696E 
 377      67000000 
 377      00000000 
 377      00000000 
 378 0088 00CB0000 		.ascii	"\000\313\000\000\000chSysHalt\000\000\002\000\000\000"
 378      00636853 
 378      79734861 
 378      6C740000 
 378      02000000 
 379 009c 00000000 		.ascii	"\000\000\000\000\000\000\320\000\000\000"
 379      0000D000 
 379      0000
 380              		.text
 381              		.section	.gnu.lto_.opts,"",%progbits
 382 0000 272D666E 		.ascii	"'-fno-trapv' '-mcpu=cortex-m4' '-mfloat-abi=hard' '"
 382      6F2D7472 
 382      61707627 
 382      20272D6D 
 382      6370753D 
 383 0033 2D6D6670 		.ascii	"-mfpu=fpv4-sp-d16' '-mno-thumb-interwork' '-mthumb'"
 383      753D6670 
 383      76342D73 
 383      702D6431 
 383      36272027 
ARM GAS  /tmp/ccWaPp3W.s 			page 30


 384 0066 20272D67 		.ascii	" '-ggdb' '-O2' '-fomit-frame-pointer' '-falign-func"
 384      67646227 
 384      20272D4F 
 384      32272027 
 384      2D666F6D 
 385 0099 74696F6E 		.ascii	"tions=16' '-ffunction-sections' '-fdata-sections' '"
 385      733D3136 
 385      2720272D 
 385      6666756E 
 385      6374696F 
 386 00cc 2D666E6F 		.ascii	"-fno-common' '-flto' '-fsingle-precision-constant'\000"
 386      2D636F6D 
 386      6D6F6E27 
 386      20272D66 
 386      6C746F27 
 387              		.text
 388              		.comm	__gnu_lto_v1,1,1
 389              		.comm	__gnu_lto_slim,1,1
 390              		.ident	"GCC: (GNU Tools for ARM Embedded Processors) 4.9.3 20150529 (release) [ARM/embedded-4_9-br
ARM GAS  /tmp/ccWaPp3W.s 			page 31


DEFINED SYMBOLS
                            *ABS*:0000000000000000 nvic.c
                            *COM*:0000000000000001 __gnu_lto_v1
                            *COM*:0000000000000001 __gnu_lto_slim

NO UNDEFINED SYMBOLS
