ARM GAS  /tmp/ccTNcuLC.s 			page 1


   1              		.syntax unified
   2              		.cpu cortex-m4
   3              		.eabi_attribute 27, 1
   4              		.eabi_attribute 28, 1
   5              		.fpu fpv4-sp-d16
   6              		.eabi_attribute 20, 1
   7              		.eabi_attribute 21, 1
   8              		.eabi_attribute 23, 3
   9              		.eabi_attribute 24, 1
  10              		.eabi_attribute 25, 1
  11              		.eabi_attribute 26, 1
  12              		.eabi_attribute 30, 2
  13              		.eabi_attribute 34, 1
  14              		.eabi_attribute 18, 4
  15              		.thumb
  16              		.file	"rx_requests.c"
  17              		.text
  18              	.Ltext0:
  19              		.section	.gnu.lto_.profile.7ffef904dd72f38d,"",%progbits
  20 0000 789C6366 		.ascii	"x\234cf```a\200\000F\20645\000\001f\000\225"
  20      60606061 
  20      80004686 
  20      34350001 
  20      660095
  21              		.text
  22              		.section	.gnu.lto_.jmpfuncs.7ffef904dd72f38d,"",%progbits
  23 0000 789C6366 		.ascii	"x\234cf\300\016R\2404#\003\023##3\033\0333s9\230\317"
  23      C00E52A0 
  23      34230313 
  23      2323331B 
  23      1B337339 
  24 0016 5CCE0824 		.ascii	"\\\316\010$(\345\260\241\330\005\000nW\006R"
  24      28E5B0A1 
  24      D805006E 
  24      570652
  25              		.text
  26              		.section	.gnu.lto_.inline.7ffef904dd72f38d,"",%progbits
  27 0000 789C6366 		.ascii	"x\234cf\300\016\222\2414#\003\217\3063 \311\304\363"
  27      C00E92A1 
  27      3423038F 
  27      C63320C9 
  27      C4F3
  28 0012 2096816D 		.ascii	" \226\201m\201<\023H\220\205\227\201\201y\202\037\010"
  28      813C1348 
  28      90859781 
  28      8179821F 
  28      08
  29 0023 92C96417 		.ascii	"\222\311d\027```\203Z\001\000\003\333\023\306"
  29      60606083 
  29      5A010003 
  29      DB13C6
  30              		.text
  31              		.section	.gnu.lto_.pureconst.7ffef904dd72f38d,"",%progbits
  32 0000 789C6366 		.ascii	"x\234cf```f\200\000F\006\011\000\000x\000 "
  32      60606066 
  32      80004606 
  32      09000078 
ARM GAS  /tmp/ccTNcuLC.s 			page 2


  32      0020
  33              		.text
  34              		.section	.gnu.lto_get_data_IMU.7ffef904dd72f38d,"",%progbits
  35 0000 789C8553 		.ascii	"x\234\205S_HSQ\030?\337\271\333\335\256\267\251\005"
  35      5F485351 
  35      183FDFB9 
  35      DBDDAEB7 
  35      A905
  36 0012 11AD8702 		.ascii	"\021\255\207\002\221\010\372\363\020\370\026\371\324"
  36      9108FAF3 
  36      10F816F9 
  36      D4
  37 001f 6BD14B7F 		.ascii	"k\321K\177 j\330\210 \212\324\310\210\341uE\355\251"
  37      206AD888 
  37      208AD4C8 
  37      88E17545 
  37      EDA9
  38 0031 965159D0 		.ascii	"\226QY\320\0373\261\264\254\234k\255U^5\313\324\025"
  38      1F33B1B4 
  38      AC9C6BAD 
  38      555E35CB 
  38      D415
  39 0043 19A1A5C5 		.ascii	"\031\241\245\305\220\211\026\364\3076\230\267\250\365"
  39      908916F4 
  39      C73698B7 
  39      A8F5
  40 0051 9D737763 		.ascii	"\235swc\253\215\015\316\271\3379\277?\373\276s\276#"
  40      AB8D0DCE 
  40      B9DF39BF 
  40      3FFBBE73 
  40      BE23
  41 0063 90FF7F76 		.ascii	"\220\377\177v\034\213DB6\341\027\004\002\324\373\202"
  41      1C8B4442 
  41      36E11704 
  41      02D4FB82 
  42 0073 903A2B05 		.ascii	"\220:+\005`\001\001RK\241\026>\322\031\012^\265\255"
  42      60010152 
  42      4BA1163E 
  42      D2190A5E 
  42      B5AD
  43 0085 415EDAAC 		.ascii	"A^\332\254(\312\267\216\347u\033T\320(!1\252\373@\013"
  43      28CAB78E 
  43      E7751B54 
  43      D0282131 
  43      AAFB400B 
  44 0099 2C454E6F 		.ascii	",ENo\350\370\260(\314\005\202q\260=\036\226\247\251"
  44      E8F8B028 
  44      CC058271 
  44      B03D1E96 
  44      A7A9
  45 00ab 4661095B 		.ascii	"Fa\011[>\250\357o\020\331\222\232\330\362\362\313c\215"
  45      3EA8EF6F 
  45      10D9929A 
  45      D8F2F2CB 
  45      638D
  46 00bd 85A54D8A 		.ascii	"\205\245M\212\342V\007:\224r\223F\005\270\016\002\372"
  46      E256073A 
ARM GAS  /tmp/ccTNcuLC.s 			page 3


  46      94729346 
  46      05B80E02 
  46      FA
  47 00ce C10DB043 		.ascii	"\301\015\260C+\330\011n\021h\203Rd?R\277'\012\205\205"
  47      2BD8096E 
  47      11688352 
  47      643F52BF 
  47      270A8585 
  48 00e2 DC3772F6 		.ascii	"\3347r\366Rd\216\256\324t\245\011n\376\2534\021\270"
  48      52648EAE 
  48      D474A509 
  48      6EFEAB34 
  48      11B8
  49 00f4 05A58CEE 		.ascii	"\005\245\214\356\015}j*\020\026s\351\340\304ll\016O"
  49      0D7D6A2A 
  49      101673E9 
  49      E0C46C6C 
  49      0E4F
  50 0106 A9982D2F 		.ascii	"\251\230-/\214L\306\005\236\022e\313kC_\206m%\215\212"
  50      8C4CC605 
  50      9E1265CB 
  50      6B435F86 
  50      6D258D8A 
  51 011a AA44C29D 		.ascii	"\252D\302\235;T\367\025\345w2\211U\232\241]\267\277"
  51      3B54F715 
  51      E5773289 
  51      559AA15D 
  51      B7BF
  52 012c 8DF677C0 		.ascii	"\215\366w\300\236::Th3W#\026a\031\367\216~\015\307$"
  52      9E3A3A54 
  52      68335723 
  52      166119F7 
  52      8E7E0DC7 
  53 0141 AE566FDD 		.ascii	"\256Vo\335Q\312\323\324\0359\324\227\337\017\373ea5"
  53      51CAD3D4 
  53      1D39D497 
  53      DF0FFB65 
  53      6135
  54 0153 57877BE2 		.ascii	"W\207{\342\243\262\256\356\317Tw\346PG\033g\373\012"
  54      A3B2AEEE 
  54      CF5477E6 
  54      50471B67 
  54      FB0A
  55 0165 84355C7D 		.ascii	"\2045\\}\261\241\313#\350\352\261L\365\275\034\352\346"
  55      B1A1CB23 
  55      E8EAB14C 
  55      F5BD1CEA 
  55      E6
  56 0176 C7535E93 		.ascii	"\307S^\223\260\216\253\343?}S)\365\347L\365\375\034"
  56      B08EABE3 
  56      3F7D5329 
  56      F5E74CF5 
  56      FD1C
  57 0188 EA9BEF62 		.ascii	"\352\233\357bqIX\317\325\311{o\246S\352d\246\372A\016"
  57      714958CF 
  57      D5C97B6F 
  57      A653EA64 
ARM GAS  /tmp/ccTNcuLC.s 			page 4


  57      A6FA410E 
  58 019c F5CCD15F 		.ascii	"\365\314\321_#\262x\024\033\251\030\356B\011\370p\370"
  58      23B27814 
  58      1BA918EE 
  58      4209F870 
  58      F8
  59 01ad 71047004 		.ascii	"q\004p\004q\204\240D\357+x\010\"\020\"\346b\335\236"
  59      7184A044 
  59      EF2B7808 
  59      221022E6 
  59      62DD9E
  60 01c0 A72AC964 		.ascii	"\247*\311d\254\331sd\355\374\005\002\336\272h\002\326"
  60      ACD97364 
  60      EDFC0502 
  60      DEBA6802 
  60      D6
  61 01d1 30666097 		.ascii	"0f`\227oa\033\022\233d6\331\330T\304&B\242\350\316\372"
  61      6F611B12 
  61      9B6436D9 
  61      D854C426 
  61      42A2E8CE 
  62 01e6 7B122F1E 		.ascii	"{\022/\036\277\3028\234WFO\003\373?\226\340\245\327"
  62      BFC2389C 
  62      57464F03 
  62      FB3F96E0 
  62      A5D7
  63 01f8 27DAA9EB 		.ascii	"'\332\251\353\247\342Q\254\032\265\304(\346\000\217"
  63      A7E251AC 
  63      1AB5C428 
  63      E6008F
  64 0207 C0C5A073 		.ascii	"\300\305\240s\307\342c\324uX\243V\236\024\023\300cp"
  64      C7E263D4 
  64      7558A356 
  64      9E1413C0 
  64      6370
  65 0219 21D2DAD2 		.ascii	"!\322\332\322\344\026u\304g ]\034\211N\336\0370\351"
  65      E41675C4 
  65      67205D1C 
  65      894EDE1F 
  65      30E9
  66 022b 88DF4054 		.ascii	"\210\337@T\216\234<{&`\326\221\200\201ts\244\357\373"
  66      8E9C3C7B 
  66      2660D691 
  66      80817473 
  66      A4EFFB
  67 023e 8F168B8E 		.ascii	"\217\026\213\216\004\015\244\207#\003\023\336m:\020"
  67      040DA487 
  67      230313DE 
  67      6D3A10
  68 024d 32805E70 		.ascii	"2\200^piT\"\357\300]\177j9\333J\340c\302\364\3108\236"
  68      695422EF 
  68      C05D7F6A 
  68      39DB4AE0 
  68      63C2F4C8 
  69 0263 5FB69A0A 		.ascii	"_\266\232\012bX8\201'XS\202\232\220\235\240f\215\312"
  69      62583881 
  69      27585382 
ARM GAS  /tmp/ccTNcuLC.s 			page 5


  69      9A909DA0 
  69      668DCA
  70 0276 DCE155CA 		.ascii	"\334\341U\312\301\302\312\310\347\320g8X\322\034N\255"
  70      C1C2CAC8 
  70      E7D06738 
  70      58D21C4E 
  70      AD
  71 0287 D01D2456 		.ascii	"\320\035$Vn>\207\247\206\203\224\356\260Rw\220\331\261"
  71      6E3E87A7 
  71      868394EE 
  71      B0527790 
  71      D9B1
  72 0299 E4737866 		.ascii	"\344sxf8\310\351U\244\034l\354\370\3629\364\033\016"
  72      38C8E955 
  72      A41C6CEC 
  72      F8F239F4 
  72      1B0E
  73 02ab B6F41C56 		.ascii	"\266\364\034V\351\016E\274\037\3638<7\034\212\376:\364"
  73      E90E45BC 
  73      1FF3383C 
  73      371C8AFE 
  73      3AF4
  74 02bd 8C9A79FF 		.ascii	"\214\232y\377\342=\240H\351~\233\020\313:\025\017{\031"
  74      E23DA048 
  74      E97E9B10 
  74      CB3A150F 
  74      7B19
  75 02cf 0406A02C 		.ascii	"\004\006\240,\215\342\313F\031\314\240\370\263Q\206"
  75      8DE2CB46 
  75      19CCA0F8 
  75      B35186
  76 02de 3228816C 		.ascii	"2(\201l\224p\006%\230\215\362\"\203\022\312Fy\211\224"
  76      94700625 
  76      988DF222 
  76      8312CA46 
  76      798994
  77 02f1 0F50A776 		.ascii	"\017P\247vq\016{\306Q|\024\370r\260\366\302\312\232"
  77      710E7BC6 
  77      517C14F8 
  77      72B0F6C2 
  77      CA9A
  78 0303 ED95CEFD 		.ascii	"\355\225\316\375\007\234U\325U++\210\245\272f\373NG"
  78      079C55D5 
  78      552B2B88 
  78      A5BA66FB 
  78      4E47
  79 0315 B5C3BC7B 		.ascii	"\265\303\274{\357Ng\215\264\331QQ\341\334\263\321qP"
  79      EF4E678D 
  79      B4D95151 
  79      E1DCB3D1 
  79      7150
  80 0327 DAF237DA 		.ascii	"\332\3627\332jD\326\315\273\016U\356c\301\026#\330\232"
  80      6A44D6CD 
  80      BB0E55EE 
  80      63C11623 
  80      D89A
  81 0339 0AFE0062 		.ascii	"\012\376\000b\3620\273"
ARM GAS  /tmp/ccTNcuLC.s 			page 6


  81      F230BB
  82              		.text
  83              		.section	.gnu.lto_.symbol_nodes.7ffef904dd72f38d,"",%progbits
  84 0000 789C4DC7 		.ascii	"x\234M\307\261\015\2000\014\000\301\267\335\260E\326"
  84      B10D8030 
  84      0C00C1B7 
  84      DDB045D6 
  85 0010 630BA782 		.ascii	"c\013\247\202\226\011\020\205\347\311\014 Qf\006\004"
  85      96091085 
  85      E7C90C20 
  85      51660604 
  86 0020 02177CF3 		.ascii	"\002\027|\363:\003F2\025\207\245\201;\3536 \346\362"
  86      3A034632 
  86      1587A581 
  86      3BEB3620 
  86      E6F2
  87 0032 995A1FAA 		.ascii	"\231Z\037\252\353\217\206\022\373%\206p\346\343H\347"
  87      EB8F8612 
  87      FB258670 
  87      E6E348E7 
  88 0042 63EAE575 		.ascii	"c\352\345u>\346^\270\001\234Q\034\355"
  88      3EE65EB8 
  88      019C511C 
  88      ED
  89              		.text
  90              		.section	.gnu.lto_.refs.7ffef904dd72f38d,"",%progbits
  91 0000 789C6366 		.ascii	"x\234cf```d\200\002\000\000=\000\005"
  91      60606064 
  91      80020000 
  91      3D0005
  92              		.text
  93              		.section	.gnu.lto_.decls.7ffef904dd72f38d,"",%progbits
  94 0000 789C7D54 		.ascii	"x\234}T]P\033U\024\336\223\015\011lC\354\340H\035\236"
  94      5D501B55 
  94      14DE930D 
  94      096C43EC 
  94      E0481D9E 
  95 0014 789199CE 		.ascii	"x\221\231\316@S\377\030\337|\360A}\300\301\007\236|"
  95      4053FF18 
  95      DF7CF041 
  95      7DC0C107 
  95      9E7C
  96 0026 C8A4B058 		.ascii	"\310\244\260XfJ@\222\214\366\311-\264\003RPD\255\374"
  96      664A4092 
  96      8CF6C92D 
  96      B4035250 
  96      44ADFC
  97 0039 CC3052AC 		.ascii	"\3140R\254\362gHQ\204\222\322&@\0135\224\277\200\004"
  97      F2674851 
  97      8492D226 
  97      400B3594 
  97      BF8004
  98 004c 123A20AD 		.ascii	"\022: \255UG\246a\232\251\251eX\317\2757\331%\005\274"
  98      5547A661 
  98      9AA9A965 
  98      58CFBD37 
  98      D92505BC 
ARM GAS  /tmp/ccTNcuLC.s 			page 7


  99 0060 3367F7DE 		.ascii	"3g\367\336o\317\375\316\375\276{\357\362\034\307\325"
  99      6FCFFDCE 
  99      FDBE7BEF 
  99      F21CC7D5 
 100 0070 61C8D8CE 		.ascii	"a\310\330\316\3538.\214}\015F>\2476\036\303\2051\217"
 100      EB382E8C 
 100      7D0D463E 
 100      A7361EC3 
 100      85318F
 101 0083 11E2F636 		.ascii	"\021\342\3666\362\315\020\233c\214\365\2730\2721\306"
 101      F2CD109B 
 101      638CF5BB 
 101      30BA31C6 
 102 0093 30D23056 		.ascii	"0\3220V1\374\030+\030w0f\237\342\016\305\370\237n[\032"
 102      31FC182B 
 102      18773066 
 102      9FE20EC5 
 102      F89F6E5B 
 103 00a8 B8E28CDC 		.ascii	"\270\342\214\334>\364\207\006\214B&\031\0167N6\351p"
 103      3EF48706 
 103      8C422619 
 103      0E374E36 
 103      E970
 104 00ba 6810B464 		.ascii	"h\020\264d\330\362\317\305\315dC\255$UJ\015UR\312\244"
 104      D8F2CFC5 
 104      CD6443AD 
 104      24554A0D 
 104      5552CAA4 
 105 00ce 11D205F8 		.ascii	"\021\322\005\370\0362\240\02328\016\272\300\020\243"
 105      1E32A013 
 105      32380EBA 
 105      C010A3
 106 00dd D99BF8D6 		.ascii	"\331\233\370\326\356\304n%q\253\2739\014Z\015\303\340"
 106      EEC46E25 
 106      71ABBB39 
 106      0C5A0DC3 
 106      E0
 107 00ee 3D5AE58B 		.ascii	"=Z\345\213\352\255\035\201bH\010=@Ag\357\335M\375\221"
 107      EAAD1D81 
 107      6248083D 
 107      404167EF 
 107      DD4DFD91 
 108 0102 AF246CC8 		.ascii	"\257$l\310xX\013\371\351\273\010\177\200#\370\354\305"
 108      78580BF9 
 108      E9BB087F 
 108      8023F8EC 
 108      C5
 109 0113 54CABAE1 		.ascii	"T\312\272\341=\363H\307k\200\364;\232\326\027\204\354"
 109      3DF348C7 
 109      6B80F43B 
 109      9AD61784 
 109      EC
 110 0124 6E9C5723 		.ascii	"n\234W#y\242\240J]o8w\316\220\331&}\343\012;/,\033\244"
 110      79A2A04A 
 110      5D6F3877 
 110      CE90D926 
 110      7DE30A3B 
ARM GAS  /tmp/ccTNcuLC.s 			page 8


 111 013c 49C923CB 		.ascii	"I\311#\313\257S.p\002\017}\220M2I\237N\001\027d\342"
 111      AF532E70 
 111      020F7D90 
 111      4D32499F 
 111      4E011764 
 112 0151 B4AFE702 		.ascii	"\264\257\347\002\203Z\376\005\312]\033\354\232\322\363"
 112      835AFE05 
 112      CA5D1BEC 
 112      9AD2F3
 113 0160 39B47FE6 		.ascii	"9\264\177\346;w\235\036\255J\027(\373\247\276\026/O"
 113      3B779D1E 
 113      AD4A1728 
 113      FBA7BE16 
 113      2F4F
 114 0172 8732F9AC 		.ascii	"\2072\371\254i\334\210\\\002\020\262j\210'\341F\211"
 114      69DC885C 
 114      0210B26A 
 114      8827E146 
 114      89
 115 0183 7F9E83EC 		.ascii	"\177\236\203\354\0148\232\301\301\317\220E|$\365\340"
 115      0C389AC1 
 115      C1CF9045 
 115      7C24F5E0 
 116 0193 4794F413 		.ascii	"G\224\364\023J\372\026\327\033~\360\357\032H\222\026"
 116      4AFA16D7 
 116      1B7EF0EF 
 116      1A489216 
 117 01a3 0640807E 		.ascii	"\006@\200~eE\264\002\323\240Y[\272\364\356\376\244C"
 117      6545B402 
 117      D3A0595B 
 117      BAF4EEFE 
 117      A443
 118 01b5 079186AA 		.ascii	"\007\221\206\252|\317\021\322A$\275\254\222b\015\305"
 118      7CCF11D2 
 118      4124BDAC 
 118      92620DC5 
 119 01c5 9960A8EE 		.ascii	"\231`\250\356KH\330=\222\254\272}E\331>\337o\321\207"
 119      4B48D83D 
 119      92ACBA7D 
 119      45D93EDF 
 119      6FD187
 120 01d8 067A5C0E 		.ascii	"\006z\\\016\323m_\272\027\341\351q\321\220\341\364V"
 120      D36D5FBA 
 120      17E1E971 
 120      D190E1F4 
 120      56
 121 01e9 A73B99BF 		.ascii	"\247;\231\277\000\324\237\215\366\221Z\003\337\306\006"
 121      00D49F8D 
 121      F6915A03 
 121      DFC606
 122 01f8 91870B0B 		.ascii	"\221\207\013\013\002&\246\011\222\264#\323\006\037#"
 122      0226A609 
 122      92B423D3 
 122      061F23
 123 0207 EE1D3CDB 		.ascii	"\356\035<\333\303S\\f\266\265n\337\\\3213\205\330\252"
 123      C3535C66 
 123      B6B56EDF 
ARM GAS  /tmp/ccTNcuLC.s 			page 9


 123      5CD13385 
 123      D8AA
 124 0219 A4A44E23 		.ascii	"\244\244N#\007\303\270\0227\256\004\274(2-&\362\032"
 124      07C3B812 
 124      37AE04BC 
 124      28322D26 
 124      F21A
 125 022b 82D715E7 		.ascii	"\202\327\025\347\372\327\251s\036\\\367\210*2Mu\256"
 125      FAD7A973 
 125      1E5CF788 
 125      2A324D75 
 125      AE
 126 023c BD5F1ED2 		.ascii	"\275_\036\322A\226\300<\351\230\246\236\214a\372U5\335"
 126      4196C03C 
 126      E998A69E 
 126      8C61FA55 
 126      35DD
 127 024e 13F764FF 		.ascii	"\023\367d\377\352\243\373TG\015\356\373\225\313z\276"
 127      EAA3FB54 
 127      470DEEFB 
 127      95CB7ABE 
 128 025e 93098DFE 		.ascii	"\223\011\215\376u\377o\340]l\340\\\035\373\020\305\351"
 128      75FF6FE0 
 128      5D6CE05C 
 128      1DFB10C5 
 128      E9
 129 026f 04C21655 		.ascii	"\004\302\026UD\337\362\317\314&Q\234@z\262\272\307\343"
 129      44DFF2CF 
 129      CC26519C 
 129      407AB2BA 
 129      C7E3
 130 0281 437DBAB8 		.ascii	"C}\272\270l\266\007\234\262\001p\013\013\353b\205o\""
 130      6CB6079C 
 130      B201700B 
 130      0BEB6285 
 130      6F22
 131 0293 38A1C8DE 		.ascii	"8\241\310\336a\262'Q\307\015U\207N\225\275<\320>lTd"
 131      61B22751 
 131      C70D5587 
 131      4E95BD3C 
 131      D03E6C54 
 132 02a8 6FCC50D9 		.ascii	"o\314P\331>L\037W\323'\023d\357\251\376\313>\325Q\305"
 132      3E4C1F57 
 132      D3271364 
 132      EFA9FECB 
 132      3ED551C5 
 133 02bc E2DDBE68 		.ascii	"\342\335\276hR\302\241\361%\034\232)\345\3204?\251\016"
 133      52C2A1F1 
 133      251C9A29 
 133      E5D0343F 
 133      A90E
 134 02ce A6D2FB3D 		.ascii	"\246\322\373=\245\334\371\221\321\0019\231bd\017n\263"
 134      A5DCF991 
 134      D1013999 
 134      62640F6E 
 134      B3
 135 02df 3BDFE0AE 		.ascii	";\337\340\256w\263D<q0\315\300']\203\323\251\007\376"
ARM GAS  /tmp/ccTNcuLC.s 			page 10


 135      77B3443C 
 135      7130CDC0 
 135      275D83D3 
 135      A907FE
 136 02f2 0866E98F 		.ascii	"\010f\351\217`&\376#hz\324\3679\317\0173\373\033\306"
 136      6026FE23 
 136      687AD4F7 
 136      39CF0F33 
 136      FB1BC6
 137 0305 A3BD4978 		.ascii	"\243\275Ix\341\327\244p\333\304g|\263\324^I\016\037"
 137      E1D7A470 
 137      DBC4677C 
 137      B3D45E49 
 137      0E1F
 138 0317 D05930B7 		.ascii	"\320Y0\267\353\312\317\305\257\374<\275\362]\275\035"
 138      EBCACFC5 
 138      AFFC3CBD 
 138      F25DBD1D 
 139 0327 8712948D 		.ascii	"\207\022\224\215%(\363+\312\202k5\277'\321\005\373\025"
 139      2528F32B 
 139      CA826B35 
 139      BF27D105 
 139      FB15
 140 0339 65EB3DF2 		.ascii	"e\353=\362c\275\202-0\0217\3527'\004\005\\d`K\275\353"
 140      63BD822D 
 140      301137EA 
 140      37270405 
 140      5C64604B 
 141 034f A251017F 		.ascii	"\242Q\001\177e\340y\251\265\225W\300%\006\016}\362\347"
 141      65E079A9 
 141      B59557C0 
 141      25060E7D 
 141      F2E7
 142 0361 BCCA1960 		.ascii	"\274\312\031`\340\266|\371*\034h\314\0125f9n\214\274"
 142      E0B67CF9 
 142      2A1C68CC 
 142      0A356639 
 142      6E8CBC
 143 0374 E8A97B86 		.ascii	"\350\251{\206\017\304\214y\020\270'0c\246\2537\014m"
 143      0FC48C79 
 143      10B82730 
 143      63A6AB37 
 143      0C6D
 144 0386 FDD2E859 		.ascii	"\375\322\350Yi\033\235\0012\015\202\273\234\011\306"
 144      691B9D01 
 144      320D82BB 
 144      9C09C6
 145 0395 9D095167 		.ascii	"\235\011Qg\274\201\336H\2425d\202Zu\225YC\336\230\355"
 145      BC81DE48 
 145      A2356482 
 145      5A759559 
 145      43DE98ED 
 146 03a9 EFB93E97 		.ascii	"\357\271>\227xDf\023\262\357\304\262\311\333\360\276"
 146      78446613 
 146      B2EFC4B2 
 146      C9DBF0BE 
 147 03b9 68371759 		.ascii	"h7\027Y\354\026\363\333y\005\2727\337)\310|\2033V|d"
ARM GAS  /tmp/ccTNcuLC.s 			page 11


 147      EC16F3DB 
 147      7905BA37 
 147      DF29C87C 
 147      8333567C 
 148 03ce AE103F70 		.ascii	"\256\020?p\2106\273\355X!\247w\224X\355\257\231\355"
 148      8836BBED 
 148      5821A777 
 148      9458EDAF 
 148      99ED
 149 03e0 296673AC 		.ascii	")fs\254\367\212\311a\2530Y*Js\254eV1G\264\234(1\225"
 149      F78AC961 
 149      AB30592A 
 149      4A73AC65 
 149      563147B4 
 150 03f8 580B4F39 		.ascii	"X\013O9\212DS\251\245\360d\211U4\231\213\304b\213\343"
 150      8A4453A9 
 150      A5F06489 
 150      5534998B 
 150      C4628BE3 
 151 040c 94DD6C3F 		.ascii	"\224\335l?].\332\216\235\344\216\376\317$\333i\233\311"
 151      5D2EDA8E 
 151      9DE48EFE 
 151      CF24DB69 
 151      9BC9
 152 041e 6CB31721 		.ascii	"l\263\027!=f\352\361\365b.-\030\353\021\344\345\227"
 152      3D66EAF1 
 152      F5622E2D 
 152      18EB11E4 
 152      E597
 153 0430 E208E93D 		.ascii	"\342\010\351={\302Q\\,V\230-\345\345\242\265\210\345"
 153      7BC2515C 
 153      2C56982D 
 153      E5E5A2B5 
 153      88E5
 154 0442 A5300C19 		.ascii	"\2450\014\031R\363\362\013PX^\231\275\244\314\232+\224"
 154      52F3F20B 
 154      50585E99 
 154      BDA4CC9A 
 154      2B94
 155 0454 963B728F 		.ascii	"\226;r\217\277z\034?\374\007^\352]\001"
 155      BF7A1C3F 
 155      FC075EEA 
 155      5D01
 156              		.text
 157              		.section	.gnu.lto_.symtab.7ffef904dd72f38d,"",%progbits
 158 0000 6765745F 		.ascii	"get_data_IMU\000\000\000\000\000\000\000\000\000\000"
 158      64617461 
 158      5F494D55 
 158      00000000 
 158      00000000 
 159 0016 0000B000 		.ascii	"\000\000\260\000\000\000buffer_append_int16\000\000"
 159      00006275 
 159      66666572 
 159      5F617070 
 159      656E645F 
 160 0031 02000000 		.ascii	"\002\000\000\000\000\000\000\000\000\000\322\000\000"
 160      00000000 
ARM GAS  /tmp/ccTNcuLC.s 			page 12


 160      0000D200 
 160      00
 161 003e 004D5055 		.ascii	"\000MPUgetMotion6\000\000\002\000\000\000\000\000\000"
 161      6765744D 
 161      6F74696F 
 161      6E360000 
 161      02000000 
 162 0055 000000DC 		.ascii	"\000\000\000\334\000\000\000"
 162      000000
 163              		.text
 164              		.section	.gnu.lto_.opts,"",%progbits
 165 0000 272D666E 		.ascii	"'-fno-trapv' '-mcpu=cortex-m4' '-mfloat-abi=hard' '"
 165      6F2D7472 
 165      61707627 
 165      20272D6D 
 165      6370753D 
 166 0033 2D6D6670 		.ascii	"-mfpu=fpv4-sp-d16' '-mno-thumb-interwork' '-mthumb'"
 166      753D6670 
 166      76342D73 
 166      702D6431 
 166      36272027 
 167 0066 20272D67 		.ascii	" '-ggdb' '-O2' '-fomit-frame-pointer' '-falign-func"
 167      67646227 
 167      20272D4F 
 167      32272027 
 167      2D666F6D 
 168 0099 74696F6E 		.ascii	"tions=16' '-ffunction-sections' '-fdata-sections' '"
 168      733D3136 
 168      2720272D 
 168      6666756E 
 168      6374696F 
 169 00cc 2D666E6F 		.ascii	"-fno-common' '-flto' '-fsingle-precision-constant'\000"
 169      2D636F6D 
 169      6D6F6E27 
 169      20272D66 
 169      6C746F27 
 170              		.text
 171              		.comm	__gnu_lto_v1,1,1
 172              		.comm	__gnu_lto_slim,1,1
 173              		.ident	"GCC: (GNU Tools for ARM Embedded Processors) 4.9.3 20150529 (release) [ARM/embedded-4_9-br
ARM GAS  /tmp/ccTNcuLC.s 			page 13


DEFINED SYMBOLS
                            *ABS*:0000000000000000 rx_requests.c
                            *COM*:0000000000000001 __gnu_lto_v1
                            *COM*:0000000000000001 __gnu_lto_slim

NO UNDEFINED SYMBOLS
